[0.000000] (-) TimerEvent: {}
[0.000000] (aerobot_interfaces) JobQueued: {'identifier': 'aerobot_interfaces', 'dependencies': OrderedDict()}
[0.000000] (aerobot_interfaces) JobStarted: {'identifier': 'aerobot_interfaces'}
[0.078000] (-) TimerEvent: {}
[0.125000] (aerobot_interfaces) JobProgress: {'identifier': 'aerobot_interfaces', 'progress': 'cmake'}
[0.141000] (aerobot_interfaces) JobProgress: {'identifier': 'aerobot_interfaces', 'progress': 'build'}
[0.141000] (aerobot_interfaces) Command: {'cmd': ['C:\\Program Files\\MATLAB\\R2023b\\bin\\win64\\cmake\\bin\\cmake.EXE', '--build', 'C:\\Users\\dsai9\\OneDrive\\Documents\\BNO055\\custom\\matlab_msg_gen\\win64\\build\\aerobot_interfaces', '--', '-j12', '-l12'], 'cwd': 'C:\\Users\\dsai9\\OneDrive\\Documents\\BNO055\\custom\\matlab_msg_gen\\win64\\build\\aerobot_interfaces', 'env': OrderedDict([('ACTUAL_CMD_PARAM', 'build  --merge-install  --cmake-args -DCMAKE_BUILD_TYPE=Release -DBUILD_TESTING=OFF  -DALIAS_ROS2_TF2=1  -DCMAKE_CXX_FLAGS_RELEASE="/MD /Od /Ob2 /DNDEBUG"   -G Ninja'), ('ACTUAL_ENV_CMD_PARAM', '"C:\\Program Files\\MATLAB\\R2023b\\bin\\win64\\cmake\\bin" build  --merge-install  --cmake-args -DCMAKE_BUILD_TYPE=Release -DBUILD_TESTING=OFF  -DALIAS_ROS2_TF2=1  -DCMAKE_CXX_FLAGS_RELEASE="/MD /Od /Ob2 /DNDEBUG"   -G Ninja'), ('ALLUSERSPROFILE', 'C:\\ProgramData'), ('AMENT_PREFIX_PATH', 'C:/Users/dsai9/OneDrive/Documents/BNO055/custom/matlab_msg_gen/win64/install;C:\\Program Files\\MATLAB\\R2023b\\sys\\ros2\\win64\\ros2;C:\\Program Files\\MATLAB\\R2023b\\sys\\ros2\\win64\\ros2'), ('APPDATA', 'C:\\Users\\dsai9\\AppData\\Roaming'), ('CMAKE_PATH', 'C:\\Program Files\\MATLAB\\R2023b\\bin\\win64\\cmake\\bin'), ('CMAKE_PREFIX_PATH', 'C:/Users/dsai9/OneDrive/Documents/BNO055/custom/matlab_msg_gen/win64/install;C:\\Program Files\\MATLAB\\R2023b\\sys\\ros2\\win64\\ros2;C:\\Program Files\\MATLAB\\R2023b\\sys\\ros2\\win64\\ros2'), ('COLCON', '1'), ('COLCON_PREFIX_PATH', 'C:/Users/dsai9/OneDrive/Documents/BNO055/custom/matlab_msg_gen/win64/install;C:\\Program Files\\MATLAB\\R2023b\\sys\\ros2\\win64\\ros2;C:\\Program Files\\MATLAB\\R2023b\\sys\\ros2\\win64\\ros2'), ('CommandPromptType', 'Cross'), ('CommonProgramFiles', 'C:\\Program Files\\Common Files'), ('CommonProgramFiles(x86)', 'C:\\Program Files (x86)\\Common Files'), ('CommonProgramW6432', 'C:\\Program Files\\Common Files'), ('COMPUTERNAME', 'LEGION'), ('ComSpec', 'C:\\WINDOWS\\system32\\cmd.exe'), ('CUSTOM_AMENT_PREFIX_PATH', 'C:/Users/dsai9/OneDrive/Documents/BNO055/custom/matlab_msg_gen/win64/install;C:\\Program Files\\MATLAB\\R2023b\\sys\\ros2\\win64\\ros2'), ('DevEnvDir', 'C:\\Program Files\\Microsoft Visual Studio\\2022\\Community\\Common7\\IDE\\'), ('DISPLAY', '127.0.0.1:0.0'), ('DriverData', 'C:\\Windows\\System32\\Drivers\\DriverData'), ('ExtensionSdkDir', 'C:\\Program Files (x86)\\Microsoft SDKs\\Windows Kits\\10\\ExtensionSDKs'), ('EXTERNAL_INCLUDE', 'C:\\Program Files\\Microsoft Visual Studio\\2022\\Community\\VC\\Tools\\MSVC\\14.40.33807\\include;C:\\Program Files\\Microsoft Visual Studio\\2022\\Community\\VC\\Tools\\MSVC\\14.40.33807\\ATLMFC\\include;C:\\Program Files\\Microsoft Visual Studio\\2022\\Community\\VC\\Auxiliary\\VS\\include;C:\\Program Files (x86)\\Windows Kits\\10\\include\\10.0.22621.0\\ucrt;C:\\Program Files (x86)\\Windows Kits\\10\\\\include\\10.0.22621.0\\\\um;C:\\Program Files (x86)\\Windows Kits\\10\\\\include\\10.0.22621.0\\\\shared;C:\\Program Files (x86)\\Windows Kits\\10\\\\include\\10.0.22621.0\\\\winrt;C:\\Program Files (x86)\\Windows Kits\\10\\\\include\\10.0.22621.0\\\\cppwinrt;C:\\Program Files (x86)\\Windows Kits\\NETFXSDK\\4.8\\include\\um'), ('Framework40Version', 'v4.0'), ('FrameworkDir', 'C:\\Windows\\Microsoft.NET\\Framework\\'), ('FrameworkDir32', 'C:\\Windows\\Microsoft.NET\\Framework\\'), ('FrameworkDir64', 'C:\\Windows\\Microsoft.NET\\Framework64\\'), ('FrameworkVersion', 'v4.0.30319'), ('FrameworkVersion32', 'v4.0.30319'), ('FrameworkVersion64', 'v4.0.30319'), ('GIT_LFS_PATH', 'C:\\Program Files\\Git LFS'), ('HOMEDRIVE', 'C:'), ('HOMEPATH', '\\Users\\dsai9'), ('ICU_TIMEZONE_FILES_DIR', 'C:\\Program Files\\MATLAB\\R2023b/bin/icutzdata'), ('INCLUDE', 'C:\\Program Files\\Microsoft Visual Studio\\2022\\Community\\VC\\Tools\\MSVC\\14.40.33807\\include;C:\\Program Files\\Microsoft Visual Studio\\2022\\Community\\VC\\Tools\\MSVC\\14.40.33807\\ATLMFC\\include;C:\\Program Files\\Microsoft Visual Studio\\2022\\Community\\VC\\Auxiliary\\VS\\include;C:\\Program Files (x86)\\Windows Kits\\10\\include\\10.0.22621.0\\ucrt;C:\\Program Files (x86)\\Windows Kits\\10\\\\include\\10.0.22621.0\\\\um;C:\\Program Files (x86)\\Windows Kits\\10\\\\include\\10.0.22621.0\\\\shared;C:\\Program Files (x86)\\Windows Kits\\10\\\\include\\10.0.22621.0\\\\winrt;C:\\Program Files (x86)\\Windows Kits\\10\\\\include\\10.0.22621.0\\\\cppwinrt;C:\\Program Files (x86)\\Windows Kits\\NETFXSDK\\4.8\\include\\um'), ('KMP_HANDLE_SIGNALS', '0'), ('LIB', 'C:\\Program Files\\Microsoft Visual Studio\\2022\\Community\\VC\\Tools\\MSVC\\14.40.33807\\ATLMFC\\lib\\x64;C:\\Program Files\\Microsoft Visual Studio\\2022\\Community\\VC\\Tools\\MSVC\\14.40.33807\\lib\\x64;C:\\Program Files (x86)\\Windows Kits\\NETFXSDK\\4.8\\lib\\um\\x64;C:\\Program Files (x86)\\Windows Kits\\10\\lib\\10.0.22621.0\\ucrt\\x64;C:\\Program Files (x86)\\Windows Kits\\10\\\\lib\\10.0.22621.0\\\\um\\x64'), ('LIBPATH', 'C:\\Program Files\\Microsoft Visual Studio\\2022\\Community\\VC\\Tools\\MSVC\\14.40.33807\\ATLMFC\\lib\\x64;C:\\Program Files\\Microsoft Visual Studio\\2022\\Community\\VC\\Tools\\MSVC\\14.40.33807\\lib\\x64;C:\\Program Files\\Microsoft Visual Studio\\2022\\Community\\VC\\Tools\\MSVC\\14.40.33807\\lib\\x86\\store\\references;C:\\Program Files (x86)\\Windows Kits\\10\\UnionMetadata\\10.0.22621.0;C:\\Program Files (x86)\\Windows Kits\\10\\References\\10.0.22621.0;C:\\Windows\\Microsoft.NET\\Framework\\v4.0.30319'), ('LOCALAPPDATA', 'C:\\Users\\dsai9\\AppData\\Local'), ('LOGONSERVER', '\\\\LEGION'), ('MATLAB_ARCH', 'win64'), ('MW_MINGW64_LOC', 'C:\\ProgramData\\MATLAB\\SupportPackages\\R2023b\\3P.instrset\\mingw_w64.instrset'), ('NETFXSDKDir', 'C:\\Program Files (x86)\\Windows Kits\\NETFXSDK\\4.8\\'), ('NUMBER_OF_PROCESSORS', '12'), ('OneDrive', 'C:\\Users\\dsai9\\OneDrive'), ('OS', 'Windows_NT'), ('Path', 'C:\\Program Files\\MATLAB\\R2023b\\bin\\win64\\cmake\\bin;;C:\\Program Files\\MATLAB\\R2023b\\sys\\ros2\\win64\\ros2\\Scripts;C:\\Program Files\\MATLAB\\R2023b\\sys\\ros2\\win64\\ros2\\bin;C:\\Program Files\\Microsoft Visual Studio\\2022\\Community\\VC\\Tools\\MSVC\\14.40.33807\\bin\\HostX86\\x64;C:\\Program Files\\Microsoft Visual Studio\\2022\\Community\\VC\\Tools\\MSVC\\14.40.33807\\bin\\HostX86\\x86;C:\\Program Files\\Microsoft Visual Studio\\2022\\Community\\Common7\\IDE\\VC\\VCPackages;C:\\Program Files\\Microsoft Visual Studio\\2022\\Community\\Common7\\IDE\\CommonExtensions\\Microsoft\\TestWindow;C:\\Program Files\\Microsoft Visual Studio\\2022\\Community\\Common7\\IDE\\CommonExtensions\\Microsoft\\TeamFoundation\\Team Explorer;C:\\Program Files\\Microsoft Visual Studio\\2022\\Community\\MSBuild\\Current\\bin\\Roslyn;C:\\Program Files (x86)\\Microsoft SDKs\\Windows\\v10.0A\\bin\\NETFX 4.8 Tools\\;C:\\Program Files\\Microsoft Visual Studio\\2022\\Community\\Team Tools\\DiagnosticsHub\\Collector;C:\\Program Files (x86)\\Windows Kits\\10\\bin\\10.0.22621.0\\\\x86;C:\\Program Files (x86)\\Windows Kits\\10\\bin\\\\x86;C:\\Program Files\\Microsoft Visual Studio\\2022\\Community\\\\MSBuild\\Current\\Bin\\amd64;C:\\Windows\\Microsoft.NET\\Framework\\v4.0.30319;C:\\Program Files\\Microsoft Visual Studio\\2022\\Community\\Common7\\IDE\\;C:\\Program Files\\Microsoft Visual Studio\\2022\\Community\\Common7\\Tools\\;C:\\Users\\dsai9\\AppData\\Roaming\\MathWorks\\MATLAB\\R2023b\\ros2\\win64\\venv\\Scripts;C:\\Program Files\\MATLAB\\R2023b\\bin\\win64;C:\\Program Files\\MATLAB\\R2023b\\toolbox\\shared\\coder\\ninja\\win64;C:\\Windows\\system32;C:\\Windows;C:\\Windows\\System32\\Wbem;C:\\Windows\\System32\\WindowsPowerShell\\v1.0\\;C:\\Windows\\System32\\OpenSSH\\;C:\\Program Files (x86)\\NVIDIA Corporation\\PhysX\\Common;C:\\WINDOWS\\system32;C:\\WINDOWS;C:\\WINDOWS\\System32\\Wbem;C:\\WINDOWS\\System32\\WindowsPowerShell\\v1.0\\;C:\\WINDOWS\\System32\\OpenSSH\\;C:\\MinGW\\bin;C:\\Program Files\\Git\\cmd;C:\\Program Files\\Wolfram Research\\WolframScript\\;C:\\Program Files\\Microsoft SQL Server\\Client SDK\\ODBC\\110\\Tools\\Binn\\;C:\\Program Files (x86)\\Microsoft SQL Server\\120\\Tools\\Binn\\;C:\\Program Files\\Microsoft SQL Server\\120\\Tools\\Binn\\;C:\\Program Files\\Microsoft SQL Server\\120\\DTS\\Binn\\;C:\\Program Files (x86)\\Windows Kits\\8.1\\Windows Performance Toolkit\\;C:\\Program Files\\Git LFS;C:\\Program Files\\MATLAB\\R2023b\\bin;C:\\Program Files (x86)\\Windows Kits\\10\\Windows Performance Toolkit\\;C:\\Users\\dsai9\\miniconda3;C:\\Users\\dsai9\\miniconda3\\Library\\mingw-w64\\bin;C:\\Users\\dsai9\\miniconda3\\Library\\usr\\bin;C:\\Users\\dsai9\\miniconda3\\Library\\bin;C:\\Users\\dsai9\\miniconda3\\Scripts;C:\\Users\\dsai9\\AppData\\Local\\Programs\\Python\\Launcher\\;C:\\Users\\dsai9\\AppData\\Local\\Microsoft\\WindowsApps;C:\\Users\\dsai9\\AppData\\Local\\Programs\\Microsoft VS Code\\bin;C:\\Program Files\\Microsoft Visual Studio\\2022\\Community\\Common7\\IDE\\CommonExtensions\\Microsoft\\CMake\\CMake\\bin;C:\\Program Files\\Microsoft Visual Studio\\2022\\Community\\Common7\\IDE\\CommonExtensions\\Microsoft\\CMake\\Ninja;C:\\Program Files\\Microsoft Visual Studio\\2022\\Community\\Common7\\IDE\\VC\\Linux\\bin\\ConnectionManagerExe;C:\\Program Files\\Microsoft Visual Studio\\2022\\Community\\VC\\vcpkg'), ('PATHEXT', '.COM;.EXE;.BAT;.CMD;.VBS;.VBE;.JS;.JSE;.WSF;.WSH;.MSC'), ('PKG_CONFIG_PATH', '"C:\\Program Files\\MATLAB\\R2023b\\sys\\ros2\\win64\\ros2\\lib\\pkgconfig"'), ('Platform', 'x64'), ('PROCESSOR_ARCHITECTURE', 'AMD64'), ('PROCESSOR_IDENTIFIER', 'Intel64 Family 6 Model 165 Stepping 2, GenuineIntel'), ('PROCESSOR_LEVEL', '6'), ('PROCESSOR_REVISION', 'a502'), ('ProgramData', 'C:\\ProgramData'), ('ProgramFiles', 'C:\\Program Files'), ('ProgramFiles(x86)', 'C:\\Program Files (x86)'), ('ProgramW6432', 'C:\\Program Files'), ('PROMPT', '(venv) $P$G'), ('PSModulePath', 'C:\\Program Files\\WindowsPowerShell\\Modules;C:\\WINDOWS\\system32\\WindowsPowerShell\\v1.0\\Modules;C:\\Program Files (x86)\\Microsoft SQL Server\\120\\Tools\\PowerShell\\Modules\\'), ('PUBLIC', 'C:\\Users\\Public'), ('PYTHONPATH', ';C:\\Program Files\\MATLAB\\R2023b\\sys\\ros2\\win64\\ros2\\lib\\site-packages;C:\\Users\\dsai9\\AppData\\Roaming\\MathWorks\\MATLAB\\R2023b\\ros2\\win64\\venv\\lib\\site-packages'), ('PYTHON_VENV_PATH', 'C:\\Users\\dsai9\\AppData\\Roaming\\MathWorks\\MATLAB\\R2023b\\ros2\\win64\\venv'), ('QT_QPA_PLATFORM', 'windows:fontengine=freetype'), ('ROS_DISTRO', 'humble'), ('SW_SIM_HYDRA', 'C:\\Program Files\\Common Files\\SolidWorks Shared\\Simulation Worker Agent\\'), ('SW_SIM_MPIT', 'INTELMPI'), ('SW_SIM_TEMP', 'C:\\ProgramData\\SOLIDWORKS\\SW_net_sim_temp\\'), ('SystemDrive', 'C:'), ('SystemRoot', 'C:\\WINDOWS'), ('TEMP', 'C:\\Users\\dsai9\\AppData\\Local\\Temp'), ('TMP', 'C:\\Users\\dsai9\\AppData\\Local\\Temp'), ('UCRTVersion', '10.0.22621.0'), ('UniversalCRTSdkDir', 'C:\\Program Files (x86)\\Windows Kits\\10\\'), ('USERDOMAIN', 'LEGION'), ('USERDOMAIN_ROAMINGPROFILE', 'LEGION'), ('USERNAME', 'dsai9'), ('USERPROFILE', 'C:\\Users\\dsai9'), ('VBOX_MSI_INSTALL_PATH', 'C:\\Program Files\\Oracle\\VirtualBox\\'), ('VCIDEInstallDir', 'C:\\Program Files\\Microsoft Visual Studio\\2022\\Community\\Common7\\IDE\\VC\\'), ('VCINSTALLDIR', 'C:\\Program Files\\Microsoft Visual Studio\\2022\\Community\\VC\\'), ('VCPKG_ROOT', 'C:\\Program Files\\Microsoft Visual Studio\\2022\\Community\\VC\\vcpkg'), ('VCToolsInstallDir', 'C:\\Program Files\\Microsoft Visual Studio\\2022\\Community\\VC\\Tools\\MSVC\\14.40.33807\\'), ('VCToolsRedistDir', 'C:\\Program Files\\Microsoft Visual Studio\\2022\\Community\\VC\\Redist\\MSVC\\14.40.33807\\'), ('VCToolsVersion', '14.40.33807'), ('VCVARS_CMD', '"C:\\Program Files\\Microsoft Visual Studio\\2022\\Community\\VC\\Auxiliary\\Build\\VCVARSALL.BAT"'), ('VIRTUAL_ENV', 'C:\\Users\\dsai9\\AppData\\Roaming\\MathWorks\\MATLAB\\R2023b\\ros2\\win64\\venv'), ('VisualStudioVersion', '17.0'), ('VS170COMNTOOLS', 'C:\\Program Files\\Microsoft Visual Studio\\2022\\Community\\Common7\\Tools\\'), ('VSCMD_ARG_app_plat', 'Desktop'), ('VSCMD_ARG_HOST_ARCH', 'x86'), ('VSCMD_ARG_TGT_ARCH', 'x64'), ('VSCMD_VER', '17.10.1'), ('VSINSTALLDIR', 'C:\\Program Files\\Microsoft Visual Studio\\2022\\Community\\'), ('windir', 'C:\\WINDOWS'), ('WindowsLibPath', 'C:\\Program Files (x86)\\Windows Kits\\10\\UnionMetadata\\10.0.22621.0;C:\\Program Files (x86)\\Windows Kits\\10\\References\\10.0.22621.0'), ('WindowsSdkBinPath', 'C:\\Program Files (x86)\\Windows Kits\\10\\bin\\'), ('WindowsSdkDir', 'C:\\Program Files (x86)\\Windows Kits\\10\\'), ('WindowsSDKLibVersion', '10.0.22621.0\\'), ('WindowsSdkVerBinPath', 'C:\\Program Files (x86)\\Windows Kits\\10\\bin\\10.0.22621.0\\'), ('WindowsSDKVersion', '10.0.22621.0\\'), ('WindowsSDK_ExecutablePath_x64', 'C:\\Program Files (x86)\\Microsoft SDKs\\Windows\\v10.0A\\bin\\NETFX 4.8 Tools\\x64\\'), ('WindowsSDK_ExecutablePath_x86', 'C:\\Program Files (x86)\\Microsoft SDKs\\Windows\\v10.0A\\bin\\NETFX 4.8 Tools\\'), ('_all', '"C:\\Program Files\\Microsoft Visual Studio\\2022\\Community\\VC\\Auxiliary\\Build\\VCVARSALL.BAT" "C:\\Program Files\\MATLAB\\R2023b\\sys\\ros2\\win64\\ros2" "C:\\Users\\dsai9\\AppData\\Roaming\\MathWorks\\MATLAB\\R2023b\\ros2\\win64\\venv" "C:\\Program Files\\MATLAB\\R2023b\\bin\\win64\\cmake\\bin" build  --merge-install  --cmake-args -DCMAKE_BUILD_TYPE=Release -DBUILD_TESTING=OFF  -DALIAS_ROS2_TF2=1  -DCMAKE_CXX_FLAGS_RELEASE="/MD /Od /Ob2 /DNDEBUG"   -G Ninja'), ('_OLD_VIRTUAL_PATH', 'C:\\Program Files\\MATLAB\\R2023b\\bin\\win64;C:\\Program Files\\MATLAB\\R2023b\\toolbox\\shared\\coder\\ninja\\win64;C:\\Windows\\system32;C:\\Windows;C:\\Windows\\System32\\Wbem;C:\\Windows\\System32\\WindowsPowerShell\\v1.0\\;C:\\Windows\\System32\\OpenSSH\\;C:\\Program Files (x86)\\NVIDIA Corporation\\PhysX\\Common;C:\\WINDOWS\\system32;C:\\WINDOWS;C:\\WINDOWS\\System32\\Wbem;C:\\WINDOWS\\System32\\WindowsPowerShell\\v1.0\\;C:\\WINDOWS\\System32\\OpenSSH\\;C:\\MinGW\\bin;C:\\Program Files\\Git\\cmd;C:\\Program Files\\Wolfram Research\\WolframScript\\;C:\\Program Files\\Microsoft SQL Server\\Client SDK\\ODBC\\110\\Tools\\Binn\\;C:\\Program Files (x86)\\Microsoft SQL Server\\120\\Tools\\Binn\\;C:\\Program Files\\Microsoft SQL Server\\120\\Tools\\Binn\\;C:\\Program Files\\Microsoft SQL Server\\120\\DTS\\Binn\\;C:\\Program Files (x86)\\Windows Kits\\8.1\\Windows Performance Toolkit\\;C:\\Program Files\\Git LFS;C:\\Program Files\\MATLAB\\R2023b\\bin;C:\\Program Files (x86)\\Windows Kits\\10\\Windows Performance Toolkit\\;C:\\Users\\dsai9\\miniconda3;C:\\Users\\dsai9\\miniconda3\\Library\\mingw-w64\\bin;C:\\Users\\dsai9\\miniconda3\\Library\\usr\\bin;C:\\Users\\dsai9\\miniconda3\\Library\\bin;C:\\Users\\dsai9\\miniconda3\\Scripts;C:\\Users\\dsai9\\AppData\\Local\\Programs\\Python\\Launcher\\;C:\\Users\\dsai9\\AppData\\Local\\Microsoft\\WindowsApps;C:\\Users\\dsai9\\AppData\\Local\\Programs\\Microsoft VS Code\\bin'), ('_OLD_VIRTUAL_PROMPT', '$P$G'), ('__COMPAT_LAYER', 'RunAsAdmin'), ('__DOTNET_ADD_32BIT', '1'), ('__DOTNET_ADD_64BIT', '1'), ('__DOTNET_PREFERRED_BITNESS', '32'), ('__KMP_REGISTERED_LIB_17916', '00007FF8EFE04D04-cafe01ef-libiomp5md.dll'), ('__VSCMD_PREINIT_PATH', 'C:\\Users\\dsai9\\AppData\\Roaming\\MathWorks\\MATLAB\\R2023b\\ros2\\win64\\venv\\Scripts;C:\\Program Files\\MATLAB\\R2023b\\bin\\win64;C:\\Program Files\\MATLAB\\R2023b\\toolbox\\shared\\coder\\ninja\\win64;C:\\Windows\\system32;C:\\Windows;C:\\Windows\\System32\\Wbem;C:\\Windows\\System32\\WindowsPowerShell\\v1.0\\;C:\\Windows\\System32\\OpenSSH\\;C:\\Program Files (x86)\\NVIDIA Corporation\\PhysX\\Common;C:\\WINDOWS\\system32;C:\\WINDOWS;C:\\WINDOWS\\System32\\Wbem;C:\\WINDOWS\\System32\\WindowsPowerShell\\v1.0\\;C:\\WINDOWS\\System32\\OpenSSH\\;C:\\MinGW\\bin;C:\\Program Files\\Git\\cmd;C:\\Program Files\\Wolfram Research\\WolframScript\\;C:\\Program Files\\Microsoft SQL Server\\Client SDK\\ODBC\\110\\Tools\\Binn\\;C:\\Program Files (x86)\\Microsoft SQL Server\\120\\Tools\\Binn\\;C:\\Program Files\\Microsoft SQL Server\\120\\Tools\\Binn\\;C:\\Program Files\\Microsoft SQL Server\\120\\DTS\\Binn\\;C:\\Program Files (x86)\\Windows Kits\\8.1\\Windows Performance Toolkit\\;C:\\Program Files\\Git LFS;C:\\Program Files\\MATLAB\\R2023b\\bin;C:\\Program Files (x86)\\Windows Kits\\10\\Windows Performance Toolkit\\;C:\\Users\\dsai9\\miniconda3;C:\\Users\\dsai9\\miniconda3\\Library\\mingw-w64\\bin;C:\\Users\\dsai9\\miniconda3\\Library\\usr\\bin;C:\\Users\\dsai9\\miniconda3\\Library\\bin;C:\\Users\\dsai9\\miniconda3\\Scripts;C:\\Users\\dsai9\\AppData\\Local\\Programs\\Python\\Launcher\\;C:\\Users\\dsai9\\AppData\\Local\\Microsoft\\WindowsApps;C:\\Users\\dsai9\\AppData\\Local\\Programs\\Microsoft VS Code\\bin')]), 'shell': False}
[0.188000] (-) TimerEvent: {}
[0.297000] (-) TimerEvent: {}
[0.328000] (aerobot_interfaces) StdoutLine: {'line': b'[0/1] Re-running CMake...\r\n'}
[0.406000] (-) TimerEvent: {}
[0.516000] (-) TimerEvent: {}
[0.531000] (aerobot_interfaces) StdoutLine: {'line': b'-- Found ament_cmake: 1.3.3 (C:/Program Files/MATLAB/R2023b/sys/ros2/win64/ros2/share/ament_cmake/cmake)\n'}
[0.625000] (-) TimerEvent: {}
[0.734000] (-) TimerEvent: {}
[0.844000] (-) TimerEvent: {}
[0.953000] (-) TimerEvent: {}
[1.063000] (-) TimerEvent: {}
[1.172000] (-) TimerEvent: {}
[1.281000] (-) TimerEvent: {}
[1.391000] (-) TimerEvent: {}
[1.500000] (-) TimerEvent: {}
[1.609000] (-) TimerEvent: {}
[1.719000] (-) TimerEvent: {}
[1.828000] (-) TimerEvent: {}
[1.938000] (-) TimerEvent: {}
[2.047000] (-) TimerEvent: {}
[2.156000] (-) TimerEvent: {}
[2.266000] (-) TimerEvent: {}
[2.375000] (-) TimerEvent: {}
[2.484000] (aerobot_interfaces) StdoutLine: {'line': b'-- Found ament_cmake_ros: 0.10.0 (C:/Program Files/MATLAB/R2023b/sys/ros2/win64/ros2/share/ament_cmake_ros/cmake)\n'}
[2.484000] (-) TimerEvent: {}
[2.594000] (-) TimerEvent: {}
[2.609000] (aerobot_interfaces) StdoutLine: {'line': b'-- Found rosidl_typesupport_c: 2.0.0 (C:/Program Files/MATLAB/R2023b/sys/ros2/win64/ros2/share/rosidl_typesupport_c/cmake)\n'}
[2.625000] (aerobot_interfaces) StdoutLine: {'line': b'-- Using all available rosidl_typesupport_c: rosidl_typesupport_fastrtps_c;rosidl_typesupport_introspection_c\n'}
[2.688000] (aerobot_interfaces) StdoutLine: {'line': b'-- Found rosidl_adapter: 3.1.4 (C:/Program Files/MATLAB/R2023b/sys/ros2/win64/ros2/share/rosidl_adapter/cmake)\n'}
[2.703000] (-) TimerEvent: {}
[2.813000] (-) TimerEvent: {}
[2.922000] (-) TimerEvent: {}
[3.031000] (-) TimerEvent: {}
[3.125000] (aerobot_interfaces) StdoutLine: {'line': b'-- Found rosidl_typesupport_cpp: 2.0.0 (C:/Program Files/MATLAB/R2023b/sys/ros2/win64/ros2/share/rosidl_typesupport_cpp/cmake)\n'}
[3.125000] (aerobot_interfaces) StdoutLine: {'line': b'-- Using all available rosidl_typesupport_cpp: rosidl_typesupport_fastrtps_cpp;rosidl_typesupport_introspection_cpp\n'}
[3.141000] (-) TimerEvent: {}
[3.250000] (-) TimerEvent: {}
[3.359000] (-) TimerEvent: {}
[3.406000] (aerobot_interfaces) StdoutLine: {'line': b'-- Found rosidl_default_generators: 1.2.0 (C:/Program Files/MATLAB/R2023b/sys/ros2/win64/ros2/share/rosidl_default_generators/cmake)\n'}
[3.438000] (aerobot_interfaces) StdoutLine: {'line': b'-- Found class_loader: 2.2.0 (C:/Program Files/MATLAB/R2023b/sys/ros2/win64/ros2/share/class_loader/cmake)\n'}
[3.469000] (-) TimerEvent: {}
[3.500000] (aerobot_interfaces) StdoutLine: {'line': b'-- Found rclcpp: 16.0.3 (C:/Program Files/MATLAB/R2023b/sys/ros2/win64/ros2/share/rclcpp/cmake)\n'}
[3.578000] (-) TimerEvent: {}
[3.688000] (-) TimerEvent: {}
[3.797000] (-) TimerEvent: {}
[3.906000] (-) TimerEvent: {}
[4.016000] (-) TimerEvent: {}
[4.125000] (-) TimerEvent: {}
[4.234000] (-) TimerEvent: {}
[4.344000] (-) TimerEvent: {}
[4.359000] (aerobot_interfaces) StdoutLine: {'line': b'-- Found rmw_implementation_cmake: 6.1.1 (C:/Program Files/MATLAB/R2023b/sys/ros2/win64/ros2/share/rmw_implementation_cmake/cmake)\n'}
[4.406000] (aerobot_interfaces) StdoutLine: {'line': b'-- Found rmw_fastrtps_cpp: 6.2.2 (C:/Program Files/MATLAB/R2023b/sys/ros2/win64/ros2/share/rmw_fastrtps_cpp/cmake)\n'}
[4.453000] (-) TimerEvent: {}
[4.563000] (-) TimerEvent: {}
[4.672000] (-) TimerEvent: {}
[4.781000] (-) TimerEvent: {}
[4.891000] (-) TimerEvent: {}
[5.000000] (-) TimerEvent: {}
[5.047000] (aerobot_interfaces) StdoutLine: {'line': b"-- Using RMW implementation 'rmw_fastrtps_cpp' as default\n"}
[5.109000] (-) TimerEvent: {}
[5.219000] (-) TimerEvent: {}
[5.328000] (-) TimerEvent: {}
[5.438000] (-) TimerEvent: {}
[5.547000] (-) TimerEvent: {}
[5.656000] (-) TimerEvent: {}
[5.766000] (-) TimerEvent: {}
[5.875000] (-) TimerEvent: {}
[5.984000] (-) TimerEvent: {}
[6.094000] (-) TimerEvent: {}
[6.203000] (-) TimerEvent: {}
[6.313000] (-) TimerEvent: {}
[6.438000] (-) TimerEvent: {}
[6.547000] (-) TimerEvent: {}
[6.656000] (-) TimerEvent: {}
[6.766000] (-) TimerEvent: {}
[6.875000] (-) TimerEvent: {}
[6.984000] (-) TimerEvent: {}
[7.094000] (-) TimerEvent: {}
[7.203000] (-) TimerEvent: {}
[7.313000] (-) TimerEvent: {}
[7.422000] (-) TimerEvent: {}
[7.469000] (aerobot_interfaces) StdoutLine: {'line': b'-- Using all available rosidl_typesupport_c: rosidl_typesupport_fastrtps_c;rosidl_typesupport_introspection_c\n'}
[7.531000] (-) TimerEvent: {}
[7.641000] (-) TimerEvent: {}
[7.750000] (-) TimerEvent: {}
[7.859000] (-) TimerEvent: {}
[7.969000] (-) TimerEvent: {}
[7.984000] (aerobot_interfaces) StdoutLine: {'line': b'-- Using all available rosidl_typesupport_cpp: rosidl_typesupport_fastrtps_cpp;rosidl_typesupport_introspection_cpp\n'}
[8.078000] (-) TimerEvent: {}
[8.188000] (-) TimerEvent: {}
[8.250000] (aerobot_interfaces) StdoutLine: {'line': b'-- Configuring done\n'}
[8.297000] (-) TimerEvent: {}
[8.406000] (-) TimerEvent: {}
[8.516000] (-) TimerEvent: {}
[8.625000] (-) TimerEvent: {}
[8.734000] (-) TimerEvent: {}
[8.734000] (aerobot_interfaces) StdoutLine: {'line': b'-- Generating done\n'}
[8.781000] (aerobot_interfaces) StdoutLine: {'line': b'-- Build files have been written to: C:/Users/dsai9/OneDrive/Documents/BNO055/custom/matlab_msg_gen/win64/build/aerobot_interfaces\n'}
[8.844000] (-) TimerEvent: {}
[8.953000] (-) TimerEvent: {}
[9.063000] (-) TimerEvent: {}
[9.172000] (-) TimerEvent: {}
[9.281000] (-) TimerEvent: {}
[9.391000] (-) TimerEvent: {}
[9.500000] (-) TimerEvent: {}
[9.609000] (-) TimerEvent: {}
[9.719000] (-) TimerEvent: {}
[9.766000] (aerobot_interfaces) StdoutLine: {'line': b'[1/40] Generating C++ code for ROS interfaces\r\n'}
[9.797000] (aerobot_interfaces) StdoutLine: {'line': b'[2/40] Generating C code for ROS interfaces\r\n'}
[9.828000] (-) TimerEvent: {}
[9.938000] (-) TimerEvent: {}
[10.047000] (-) TimerEvent: {}
[10.156000] (-) TimerEvent: {}
[10.266000] (-) TimerEvent: {}
[10.375000] (-) TimerEvent: {}
[10.453000] (aerobot_interfaces) StdoutLine: {'line': b'[3/40] Building C object CMakeFiles\\aerobot_interfaces__rosidl_generator_c.dir\\rosidl_generator_c\\aerobot_interfaces\\msg\\detail\\esc_msg__functions.c.obj\r\n'}
[10.469000] (aerobot_interfaces) StdoutLine: {'line': b'[4/40] Building C object CMakeFiles\\aerobot_interfaces__rosidl_generator_c.dir\\rosidl_generator_c\\aerobot_interfaces\\srv\\detail\\esc_srv__functions.c.obj\r\n'}
[10.469000] (aerobot_interfaces) StdoutLine: {'line': b'[5/40] Building C object CMakeFiles\\aerobot_interfaces__rosidl_generator_c.dir\\rosidl_generator_c\\aerobot_interfaces\\srv\\detail\\calibrate__functions.c.obj\r\n'}
[10.484000] (-) TimerEvent: {}
[10.547000] (aerobot_interfaces) StdoutLine: {'line': b'[6/40] Generating C++ type support dispatch for ROS interfaces\r\n'}
[10.594000] (-) TimerEvent: {}
[10.703000] (-) TimerEvent: {}
[10.750000] (aerobot_interfaces) StdoutLine: {'line': b'[7/40] Generating C++ introspection for ROS interfaces\r\n'}
[10.781000] (aerobot_interfaces) StdoutLine: {'line': b'[8/40] Generating C++ type support for eProsima Fast-RTPS\r\n'}
[10.813000] (-) TimerEvent: {}
[10.922000] (-) TimerEvent: {}
[11.031000] (-) TimerEvent: {}
[11.141000] (-) TimerEvent: {}
[11.266000] (-) TimerEvent: {}
[11.375000] (-) TimerEvent: {}
[11.422000] (aerobot_interfaces) StdoutLine: {'line': b'[9/40] Linking C shared library aerobot_interfaces__rosidl_generator_c.dll\r\n'}
[11.438000] (aerobot_interfaces) StdoutLine: {'line': b'[10/40] Building CXX object CMakeFiles\\aerobot_interfaces__rosidl_typesupport_cpp.dir\\rosidl_typesupport_cpp\\aerobot_interfaces\\srv\\esc_srv__type_support.cpp.obj\r\n'}
[11.453000] (aerobot_interfaces) StdoutLine: {'line': b'[11/40] Building CXX object CMakeFiles\\aerobot_interfaces__rosidl_typesupport_cpp.dir\\rosidl_typesupport_cpp\\aerobot_interfaces\\msg\\esc_msg__type_support.cpp.obj\r\n'}
[11.469000] (aerobot_interfaces) StdoutLine: {'line': b'[12/40] Building CXX object CMakeFiles\\aerobot_interfaces__rosidl_typesupport_cpp.dir\\rosidl_typesupport_cpp\\aerobot_interfaces\\srv\\calibrate__type_support.cpp.obj\r\n'}
[11.484000] (-) TimerEvent: {}
[11.594000] (-) TimerEvent: {}
[11.641000] (aerobot_interfaces) StdoutLine: {'line': b'[13/40] Building CXX object CMakeFiles\\aerobot_interfaces__rosidl_typesupport_introspection_cpp.dir\\067b130b49f0a068dc86090e8b96bffa\\srv\\detail\\calibrate__type_support.cpp.obj\r\n'}
[11.656000] (aerobot_interfaces) StdoutLine: {'line': b'[14/40] Building CXX object CMakeFiles\\aerobot_interfaces__rosidl_typesupport_introspection_cpp.dir\\067b130b49f0a068dc86090e8b96bffa\\msg\\detail\\esc_msg__type_support.cpp.obj\r\n'}
[11.656000] (aerobot_interfaces) StdoutLine: {'line': b'[15/40] Building CXX object CMakeFiles\\aerobot_interfaces__rosidl_typesupport_introspection_cpp.dir\\067b130b49f0a068dc86090e8b96bffa\\srv\\detail\\esc_srv__type_support.cpp.obj\r\n'}
[11.719000] (-) TimerEvent: {}
[11.828000] (-) TimerEvent: {}
[11.938000] (-) TimerEvent: {}
[12.016000] (aerobot_interfaces) StdoutLine: {'line': b'[16/40] Building CXX object CMakeFiles\\aerobot_interfaces__rosidl_typesupport_fastrtps_cpp.dir\\e64c7bb9fb84a848e76df4b1f18969b3\\msg\\detail\\dds_fastrtps\\esc_msg__type_support.cpp.obj\r\n'}
[12.016000] (aerobot_interfaces) StdoutLine: {'line': b"cl : Command line warning D9025 : overriding '/W3' with '/W4'\n"}
[12.047000] (-) TimerEvent: {}
[12.156000] (-) TimerEvent: {}
[12.188000] (aerobot_interfaces) StdoutLine: {'line': b'[17/40] Linking CXX shared library aerobot_interfaces__rosidl_typesupport_cpp.dll\r\n'}
[12.188000] (aerobot_interfaces) StdoutLine: {'line': b'[18/40] Building CXX object CMakeFiles\\aerobot_interfaces__rosidl_typesupport_fastrtps_cpp.dir\\e496d4d71603ceffe99b3418b065c426\\detail\\dds_fastrtps\\calibrate__type_support.cpp.obj\r\n'}
[12.188000] (aerobot_interfaces) StdoutLine: {'line': b"cl : Command line warning D9025 : overriding '/W3' with '/W4'\n"}
[12.219000] (aerobot_interfaces) StdoutLine: {'line': b'[19/40] Linking CXX shared library aerobot_interfaces__rosidl_typesupport_introspection_cpp.dll\r\n'}
[12.266000] (-) TimerEvent: {}
[12.375000] (-) TimerEvent: {}
[12.484000] (-) TimerEvent: {}
[12.594000] (-) TimerEvent: {}
[12.609000] (aerobot_interfaces) StdoutLine: {'line': b'[20/40] Building CXX object CMakeFiles\\aerobot_interfaces__rosidl_typesupport_fastrtps_cpp.dir\\e64c7bb9fb84a848e76df4b1f18969b3\\srv\\detail\\dds_fastrtps\\esc_srv__type_support.cpp.obj\r\n'}
[12.609000] (aerobot_interfaces) StdoutLine: {'line': b"cl : Command line warning D9025 : overriding '/W3' with '/W4'\n"}
[12.703000] (-) TimerEvent: {}
[12.813000] (-) TimerEvent: {}
[12.875000] (aerobot_interfaces) StdoutLine: {'line': b'[21/40] Generating C type support dispatch for ROS interfaces\r\n'}
[12.906000] (aerobot_interfaces) StdoutLine: {'line': b'[22/40] Generating C introspection for ROS interfaces\r\n'}
[12.922000] (-) TimerEvent: {}
[12.984000] (aerobot_interfaces) StdoutLine: {'line': b'[23/40] Generating C type support for eProsima Fast-RTPS\r\n'}
[13.000000] (aerobot_interfaces) StdoutLine: {'line': b'[24/40] Linking CXX shared library aerobot_interfaces__rosidl_typesupport_fastrtps_cpp.dll\r\n'}
[13.031000] (-) TimerEvent: {}
[13.094000] (aerobot_interfaces) StdoutLine: {'line': b'[25/40] Building CXX object CMakeFiles\\aerobot_interfaces__rosidl_typesupport_c.dir\\rosidl_typesupport_c\\aerobot_interfaces\\srv\\calibrate__type_support.cpp.obj\r\n'}
[13.109000] (aerobot_interfaces) StdoutLine: {'line': b'[26/40] Building CXX object CMakeFiles\\aerobot_interfaces__rosidl_typesupport_c.dir\\rosidl_typesupport_c\\aerobot_interfaces\\msg\\esc_msg__type_support.cpp.obj\r\n'}
[13.109000] (aerobot_interfaces) StdoutLine: {'line': b'[27/40] Building C object CMakeFiles\\aerobot_interfaces__rosidl_typesupport_introspection_c.dir\\eef8357749c14c2fc9e9e30e2931c84e\\msg\\detail\\esc_msg__type_support.c.obj\r\n'}
[13.109000] (aerobot_interfaces) StdoutLine: {'line': b'[28/40] Building CXX object CMakeFiles\\aerobot_interfaces__rosidl_typesupport_c.dir\\rosidl_typesupport_c\\aerobot_interfaces\\srv\\esc_srv__type_support.cpp.obj\r\n'}
[13.125000] (aerobot_interfaces) StdoutLine: {'line': b'[29/40] Building C object CMakeFiles\\aerobot_interfaces__rosidl_typesupport_introspection_c.dir\\eef8357749c14c2fc9e9e30e2931c84e\\srv\\detail\\calibrate__type_support.c.obj\r\n'}
[13.125000] (aerobot_interfaces) StdoutLine: {'line': b'[30/40] Building C object CMakeFiles\\aerobot_interfaces__rosidl_typesupport_introspection_c.dir\\eef8357749c14c2fc9e9e30e2931c84e\\srv\\detail\\esc_srv__type_support.c.obj\r\n'}
[13.141000] (-) TimerEvent: {}
[13.250000] (-) TimerEvent: {}
[13.359000] (-) TimerEvent: {}
[13.469000] (-) TimerEvent: {}
[13.516000] (aerobot_interfaces) StdoutLine: {'line': b'[31/40] Linking CXX shared library aerobot_interfaces__rosidl_typesupport_c.dll\r\n'}
[13.531000] (aerobot_interfaces) StdoutLine: {'line': b'[32/40] Linking C shared library aerobot_interfaces__rosidl_typesupport_introspection_c.dll\r\n'}
[13.578000] (-) TimerEvent: {}
[13.688000] (-) TimerEvent: {}
[13.813000] (-) TimerEvent: {}
[13.922000] (-) TimerEvent: {}
[14.000000] (aerobot_interfaces) StdoutLine: {'line': b'[33/40] Building CXX object CMakeFiles\\aerobot_interfaces__rosidl_typesupport_fastrtps_c.dir\\277c4956b542f48767dcb3729b2b4fe3\\msg\\detail\\esc_msg__type_support_c.cpp.obj\r\n'}
[14.000000] (aerobot_interfaces) StdoutLine: {'line': b"cl : Command line warning D9025 : overriding '/W3' with '/W4'\n"}
[14.031000] (aerobot_interfaces) StdoutLine: {'line': b'[34/40] Building CXX object CMakeFiles\\aerobot_interfaces__rosidl_typesupport_fastrtps_c.dir\\277c4956b542f48767dcb3729b2b4fe3\\srv\\detail\\esc_srv__type_support_c.cpp.obj\r\n'}
[14.031000] (-) TimerEvent: {}
[14.031000] (aerobot_interfaces) StdoutLine: {'line': b"cl : Command line warning D9025 : overriding '/W3' with '/W4'\n"}
[14.063000] (aerobot_interfaces) StdoutLine: {'line': b'[35/40] Building CXX object CMakeFiles\\aerobot_interfaces__rosidl_typesupport_fastrtps_c.dir\\277c4956b542f48767dcb3729b2b4fe3\\srv\\detail\\calibrate__type_support_c.cpp.obj\r\n'}
[14.063000] (aerobot_interfaces) StdoutLine: {'line': b"cl : Command line warning D9025 : overriding '/W3' with '/W4'\n"}
[14.156000] (-) TimerEvent: {}
[14.266000] (-) TimerEvent: {}
[14.375000] (aerobot_interfaces) StdoutLine: {'line': b'[36/40] Linking CXX shared library aerobot_interfaces__rosidl_typesupport_fastrtps_c.dll\r\n'}
[14.375000] (-) TimerEvent: {}
[14.484000] (-) TimerEvent: {}
[14.594000] (-) TimerEvent: {}
[14.703000] (-) TimerEvent: {}
[14.813000] (-) TimerEvent: {}
[14.922000] (-) TimerEvent: {}
[15.031000] (-) TimerEvent: {}
[15.141000] (-) TimerEvent: {}
[15.250000] (-) TimerEvent: {}
[15.359000] (-) TimerEvent: {}
[15.469000] (-) TimerEvent: {}
[15.578000] (-) TimerEvent: {}
[15.688000] (-) TimerEvent: {}
[15.797000] (-) TimerEvent: {}
[15.906000] (-) TimerEvent: {}
[16.016000] (-) TimerEvent: {}
[16.125000] (-) TimerEvent: {}
[16.234000] (-) TimerEvent: {}
[16.344000] (-) TimerEvent: {}
[16.469000] (-) TimerEvent: {}
[16.578000] (-) TimerEvent: {}
[16.688000] (-) TimerEvent: {}
[16.797000] (-) TimerEvent: {}
[16.906000] (-) TimerEvent: {}
[17.016000] (-) TimerEvent: {}
[17.125000] (-) TimerEvent: {}
[17.234000] (-) TimerEvent: {}
[17.344000] (-) TimerEvent: {}
[17.453000] (-) TimerEvent: {}
[17.563000] (-) TimerEvent: {}
[17.672000] (-) TimerEvent: {}
[17.781000] (-) TimerEvent: {}
[17.891000] (-) TimerEvent: {}
[18.000000] (-) TimerEvent: {}
[18.109000] (-) TimerEvent: {}
[18.219000] (-) TimerEvent: {}
[18.328000] (-) TimerEvent: {}
[18.438000] (-) TimerEvent: {}
[18.547000] (-) TimerEvent: {}
[18.656000] (-) TimerEvent: {}
[18.766000] (-) TimerEvent: {}
[18.875000] (-) TimerEvent: {}
[18.984000] (-) TimerEvent: {}
[19.094000] (-) TimerEvent: {}
[19.203000] (-) TimerEvent: {}
[19.313000] (-) TimerEvent: {}
[19.422000] (-) TimerEvent: {}
[19.531000] (-) TimerEvent: {}
[19.641000] (-) TimerEvent: {}
[19.750000] (-) TimerEvent: {}
[19.859000] (-) TimerEvent: {}
[19.969000] (-) TimerEvent: {}
[20.078000] (-) TimerEvent: {}
[20.188000] (-) TimerEvent: {}
[20.297000] (-) TimerEvent: {}
[20.406000] (-) TimerEvent: {}
[20.516000] (-) TimerEvent: {}
[20.625000] (-) TimerEvent: {}
[20.734000] (-) TimerEvent: {}
[20.844000] (-) TimerEvent: {}
[20.953000] (-) TimerEvent: {}
[21.063000] (-) TimerEvent: {}
[21.172000] (-) TimerEvent: {}
[21.281000] (-) TimerEvent: {}
[21.391000] (-) TimerEvent: {}
[21.500000] (-) TimerEvent: {}
[21.609000] (-) TimerEvent: {}
[21.719000] (-) TimerEvent: {}
[21.828000] (-) TimerEvent: {}
[21.938000] (-) TimerEvent: {}
[22.047000] (-) TimerEvent: {}
[22.156000] (-) TimerEvent: {}
[22.266000] (-) TimerEvent: {}
[22.281000] (aerobot_interfaces) StdoutLine: {'line': b'[37/40] Building CXX object CMakeFiles\\aerobot_interfaces_matlab.dir\\src\\aerobot_interfaces_EscMsg_message.cpp.obj\r\n'}
[22.281000] (aerobot_interfaces) StdoutLine: {'line': b"C:\\Users\\dsai9\\OneDrive\\Documents\\BNO055\\custom\\matlab_msg_gen\\win64\\src\\aerobot_interfaces\\src\\aerobot_interfaces_EscMsg_message.cpp(28): warning C4275: non dll-interface class 'MATLABROS2MsgInterfaceBase' used as base for dll-interface class 'MATLABROS2MsgInterface<aerobot_interfaces::msg::EscMsg>'\n"}
[22.281000] (aerobot_interfaces) StdoutLine: {'line': b"C:\\Program Files\\MATLAB\\R2023b\\toolbox\\ros\\include\\ros2\\MATLABROS2MsgInterface.hpp(50): note: see declaration of 'MATLABROS2MsgInterfaceBase'\n"}
[22.281000] (aerobot_interfaces) StdoutLine: {'line': b"C:\\Program Files\\MATLAB\\R2023b\\toolbox\\ros\\include\\ros2\\MATLABROS2MsgInterface.hpp(104): note: see declaration of 'MATLABROS2MsgInterface<aerobot_interfaces::msg::EscMsg>'\n"}
[22.281000] (aerobot_interfaces) StdoutLine: {'line': b"C:\\Users\\dsai9\\OneDrive\\Documents\\BNO055\\custom\\matlab_msg_gen\\win64\\src\\aerobot_interfaces\\src\\aerobot_interfaces_EscMsg_message.cpp(59): warning C4275: non dll-interface class 'ROS2MsgElementInterfaceFactory' used as base for dll-interface class 'ros2_aerobot_interfaces_EscMsg_message'\n"}
[22.281000] (aerobot_interfaces) StdoutLine: {'line': b"C:\\Program Files\\MATLAB\\R2023b\\toolbox\\ros\\include\\ros2\\MATLABROS2MsgInterface.hpp(55): note: see declaration of 'ROS2MsgElementInterfaceFactory'\n"}
[22.281000] (aerobot_interfaces) StdoutLine: {'line': b"C:\\Users\\dsai9\\OneDrive\\Documents\\BNO055\\custom\\matlab_msg_gen\\win64\\src\\aerobot_interfaces\\src\\aerobot_interfaces_EscMsg_message.cpp(59): note: see declaration of 'ros2_aerobot_interfaces_EscMsg_message'\n"}
[22.375000] (-) TimerEvent: {}
[22.484000] (-) TimerEvent: {}
[22.594000] (-) TimerEvent: {}
[22.703000] (-) TimerEvent: {}
[22.828000] (-) TimerEvent: {}
[22.938000] (-) TimerEvent: {}
[23.047000] (-) TimerEvent: {}
[23.156000] (-) TimerEvent: {}
[23.266000] (-) TimerEvent: {}
[23.375000] (-) TimerEvent: {}
[23.484000] (-) TimerEvent: {}
[23.594000] (-) TimerEvent: {}
[23.703000] (-) TimerEvent: {}
[23.813000] (-) TimerEvent: {}
[23.938000] (-) TimerEvent: {}
[24.047000] (-) TimerEvent: {}
[24.156000] (-) TimerEvent: {}
[24.281000] (-) TimerEvent: {}
[24.391000] (-) TimerEvent: {}
[24.500000] (-) TimerEvent: {}
[24.609000] (-) TimerEvent: {}
[24.734000] (-) TimerEvent: {}
[24.844000] (-) TimerEvent: {}
[24.953000] (-) TimerEvent: {}
[25.078000] (-) TimerEvent: {}
[25.188000] (-) TimerEvent: {}
[25.297000] (-) TimerEvent: {}
[25.391000] (aerobot_interfaces) StdoutLine: {'line': b'[38/40] Building CXX object CMakeFiles\\aerobot_interfaces_matlab.dir\\src\\aerobot_interfaces_Calibrate_service.cpp.obj\r\n'}
[25.391000] (aerobot_interfaces) StdoutLine: {'line': b"C:\\Users\\dsai9\\OneDrive\\Documents\\BNO055\\custom\\matlab_msg_gen\\win64\\src\\aerobot_interfaces\\src\\aerobot_interfaces_Calibrate_service.cpp(38): warning C4275: non dll-interface class 'MATLABROS2MsgInterfaceBase' used as base for dll-interface class 'MATLABROS2MsgInterface<aerobot_interfaces::srv::Calibrate::Request>'\n"}
[25.391000] (aerobot_interfaces) StdoutLine: {'line': b"C:\\Program Files\\MATLAB\\R2023b\\toolbox\\ros\\include\\ros2\\MATLABROS2MsgInterface.hpp(50): note: see declaration of 'MATLABROS2MsgInterfaceBase'\n"}
[25.391000] (aerobot_interfaces) StdoutLine: {'line': b"C:\\Program Files\\MATLAB\\R2023b\\toolbox\\ros\\include\\ros2\\MATLABROS2MsgInterface.hpp(104): note: see declaration of 'MATLABROS2MsgInterface<aerobot_interfaces::srv::Calibrate::Request>'\n"}
[25.391000] (aerobot_interfaces) StdoutLine: {'line': b"C:\\Users\\dsai9\\OneDrive\\Documents\\BNO055\\custom\\matlab_msg_gen\\win64\\src\\aerobot_interfaces\\src\\aerobot_interfaces_Calibrate_service.cpp(68): warning C4275: non dll-interface class 'MATLABROS2MsgInterfaceBase' used as base for dll-interface class 'MATLABROS2MsgInterface<aerobot_interfaces::srv::Calibrate::Response>'\n"}
[25.391000] (aerobot_interfaces) StdoutLine: {'line': b"C:\\Program Files\\MATLAB\\R2023b\\toolbox\\ros\\include\\ros2\\MATLABROS2MsgInterface.hpp(50): note: see declaration of 'MATLABROS2MsgInterfaceBase'\n"}
[25.391000] (aerobot_interfaces) StdoutLine: {'line': b"C:\\Program Files\\MATLAB\\R2023b\\toolbox\\ros\\include\\ros2\\MATLABROS2MsgInterface.hpp(104): note: see declaration of 'MATLABROS2MsgInterface<aerobot_interfaces::srv::Calibrate::Response>'\n"}
[25.391000] (aerobot_interfaces) StdoutLine: {'line': b"C:\\Users\\dsai9\\OneDrive\\Documents\\BNO055\\custom\\matlab_msg_gen\\win64\\src\\aerobot_interfaces\\src\\aerobot_interfaces_Calibrate_service.cpp(122): warning C4275: non dll-interface class 'ROS2MsgElementInterfaceFactory' used as base for dll-interface class 'ros2_aerobot_interfaces_Calibrate_service'\n"}
[25.391000] (aerobot_interfaces) StdoutLine: {'line': b"C:\\Program Files\\MATLAB\\R2023b\\toolbox\\ros\\include\\ros2\\MATLABROS2MsgInterface.hpp(55): note: see declaration of 'ROS2MsgElementInterfaceFactory'\n"}
[25.391000] (aerobot_interfaces) StdoutLine: {'line': b"C:\\Users\\dsai9\\OneDrive\\Documents\\BNO055\\custom\\matlab_msg_gen\\win64\\src\\aerobot_interfaces\\src\\aerobot_interfaces_Calibrate_service.cpp(122): note: see declaration of 'ros2_aerobot_interfaces_Calibrate_service'\n"}
[25.406000] (-) TimerEvent: {}
[25.469000] (aerobot_interfaces) StdoutLine: {'line': b'[39/40] Building CXX object CMakeFiles\\aerobot_interfaces_matlab.dir\\src\\aerobot_interfaces_EscSrv_service.cpp.obj\r\n'}
[25.469000] (aerobot_interfaces) StdoutLine: {'line': b"C:\\Users\\dsai9\\OneDrive\\Documents\\BNO055\\custom\\matlab_msg_gen\\win64\\src\\aerobot_interfaces\\src\\aerobot_interfaces_EscSrv_service.cpp(38): warning C4275: non dll-interface class 'MATLABROS2MsgInterfaceBase' used as base for dll-interface class 'MATLABROS2MsgInterface<aerobot_interfaces::srv::EscSrv::Request>'\n"}
[25.469000] (aerobot_interfaces) StdoutLine: {'line': b"C:\\Program Files\\MATLAB\\R2023b\\toolbox\\ros\\include\\ros2\\MATLABROS2MsgInterface.hpp(50): note: see declaration of 'MATLABROS2MsgInterfaceBase'\n"}
[25.469000] (aerobot_interfaces) StdoutLine: {'line': b"C:\\Program Files\\MATLAB\\R2023b\\toolbox\\ros\\include\\ros2\\MATLABROS2MsgInterface.hpp(104): note: see declaration of 'MATLABROS2MsgInterface<aerobot_interfaces::srv::EscSrv::Request>'\n"}
[25.469000] (aerobot_interfaces) StdoutLine: {'line': b"C:\\Users\\dsai9\\OneDrive\\Documents\\BNO055\\custom\\matlab_msg_gen\\win64\\src\\aerobot_interfaces\\src\\aerobot_interfaces_EscSrv_service.cpp(80): warning C4275: non dll-interface class 'MATLABROS2MsgInterfaceBase' used as base for dll-interface class 'MATLABROS2MsgInterface<aerobot_interfaces::srv::EscSrv::Response>'\n"}
[25.469000] (aerobot_interfaces) StdoutLine: {'line': b"C:\\Program Files\\MATLAB\\R2023b\\toolbox\\ros\\include\\ros2\\MATLABROS2MsgInterface.hpp(50): note: see declaration of 'MATLABROS2MsgInterfaceBase'\n"}
[25.469000] (aerobot_interfaces) StdoutLine: {'line': b"C:\\Program Files\\MATLAB\\R2023b\\toolbox\\ros\\include\\ros2\\MATLABROS2MsgInterface.hpp(104): note: see declaration of 'MATLABROS2MsgInterface<aerobot_interfaces::srv::EscSrv::Response>'\n"}
[25.469000] (aerobot_interfaces) StdoutLine: {'line': b"C:\\Users\\dsai9\\OneDrive\\Documents\\BNO055\\custom\\matlab_msg_gen\\win64\\src\\aerobot_interfaces\\src\\aerobot_interfaces_EscSrv_service.cpp(110): warning C4275: non dll-interface class 'ROS2MsgElementInterfaceFactory' used as base for dll-interface class 'ros2_aerobot_interfaces_EscSrv_service'\n"}
[25.469000] (aerobot_interfaces) StdoutLine: {'line': b"C:\\Program Files\\MATLAB\\R2023b\\toolbox\\ros\\include\\ros2\\MATLABROS2MsgInterface.hpp(55): note: see declaration of 'ROS2MsgElementInterfaceFactory'\n"}
[25.469000] (aerobot_interfaces) StdoutLine: {'line': b"C:\\Users\\dsai9\\OneDrive\\Documents\\BNO055\\custom\\matlab_msg_gen\\win64\\src\\aerobot_interfaces\\src\\aerobot_interfaces_EscSrv_service.cpp(110): note: see declaration of 'ros2_aerobot_interfaces_EscSrv_service'\n"}
[25.516000] (-) TimerEvent: {}
[25.625000] (-) TimerEvent: {}
[25.750000] (-) TimerEvent: {}
[25.859000] (-) TimerEvent: {}
[25.969000] (-) TimerEvent: {}
[25.984000] (aerobot_interfaces) StdoutLine: {'line': b'[40/40] Linking CXX shared library aerobot_interfaces_matlab.dll\r\n'}
[25.984000] (aerobot_interfaces) CommandEnded: {'returncode': 0}
[26.078000] (aerobot_interfaces) JobProgress: {'identifier': 'aerobot_interfaces', 'progress': 'install'}
[26.078000] (-) TimerEvent: {}
[26.109000] (aerobot_interfaces) Command: {'cmd': ['C:\\Program Files\\MATLAB\\R2023b\\bin\\win64\\cmake\\bin\\cmake.EXE', '--install', 'C:\\Users\\dsai9\\OneDrive\\Documents\\BNO055\\custom\\matlab_msg_gen\\win64\\build\\aerobot_interfaces'], 'cwd': 'C:\\Users\\dsai9\\OneDrive\\Documents\\BNO055\\custom\\matlab_msg_gen\\win64\\build\\aerobot_interfaces', 'env': OrderedDict([('ACTUAL_CMD_PARAM', 'build  --merge-install  --cmake-args -DCMAKE_BUILD_TYPE=Release -DBUILD_TESTING=OFF  -DALIAS_ROS2_TF2=1  -DCMAKE_CXX_FLAGS_RELEASE="/MD /Od /Ob2 /DNDEBUG"   -G Ninja'), ('ACTUAL_ENV_CMD_PARAM', '"C:\\Program Files\\MATLAB\\R2023b\\bin\\win64\\cmake\\bin" build  --merge-install  --cmake-args -DCMAKE_BUILD_TYPE=Release -DBUILD_TESTING=OFF  -DALIAS_ROS2_TF2=1  -DCMAKE_CXX_FLAGS_RELEASE="/MD /Od /Ob2 /DNDEBUG"   -G Ninja'), ('ALLUSERSPROFILE', 'C:\\ProgramData'), ('AMENT_PREFIX_PATH', 'C:/Users/dsai9/OneDrive/Documents/BNO055/custom/matlab_msg_gen/win64/install;C:\\Program Files\\MATLAB\\R2023b\\sys\\ros2\\win64\\ros2;C:\\Program Files\\MATLAB\\R2023b\\sys\\ros2\\win64\\ros2'), ('APPDATA', 'C:\\Users\\dsai9\\AppData\\Roaming'), ('CMAKE_PATH', 'C:\\Program Files\\MATLAB\\R2023b\\bin\\win64\\cmake\\bin'), ('CMAKE_PREFIX_PATH', 'C:/Users/dsai9/OneDrive/Documents/BNO055/custom/matlab_msg_gen/win64/install;C:\\Program Files\\MATLAB\\R2023b\\sys\\ros2\\win64\\ros2;C:\\Program Files\\MATLAB\\R2023b\\sys\\ros2\\win64\\ros2'), ('COLCON', '1'), ('COLCON_PREFIX_PATH', 'C:/Users/dsai9/OneDrive/Documents/BNO055/custom/matlab_msg_gen/win64/install;C:\\Program Files\\MATLAB\\R2023b\\sys\\ros2\\win64\\ros2;C:\\Program Files\\MATLAB\\R2023b\\sys\\ros2\\win64\\ros2'), ('CommandPromptType', 'Cross'), ('CommonProgramFiles', 'C:\\Program Files\\Common Files'), ('CommonProgramFiles(x86)', 'C:\\Program Files (x86)\\Common Files'), ('CommonProgramW6432', 'C:\\Program Files\\Common Files'), ('COMPUTERNAME', 'LEGION'), ('ComSpec', 'C:\\WINDOWS\\system32\\cmd.exe'), ('CUSTOM_AMENT_PREFIX_PATH', 'C:/Users/dsai9/OneDrive/Documents/BNO055/custom/matlab_msg_gen/win64/install;C:\\Program Files\\MATLAB\\R2023b\\sys\\ros2\\win64\\ros2'), ('DevEnvDir', 'C:\\Program Files\\Microsoft Visual Studio\\2022\\Community\\Common7\\IDE\\'), ('DISPLAY', '127.0.0.1:0.0'), ('DriverData', 'C:\\Windows\\System32\\Drivers\\DriverData'), ('ExtensionSdkDir', 'C:\\Program Files (x86)\\Microsoft SDKs\\Windows Kits\\10\\ExtensionSDKs'), ('EXTERNAL_INCLUDE', 'C:\\Program Files\\Microsoft Visual Studio\\2022\\Community\\VC\\Tools\\MSVC\\14.40.33807\\include;C:\\Program Files\\Microsoft Visual Studio\\2022\\Community\\VC\\Tools\\MSVC\\14.40.33807\\ATLMFC\\include;C:\\Program Files\\Microsoft Visual Studio\\2022\\Community\\VC\\Auxiliary\\VS\\include;C:\\Program Files (x86)\\Windows Kits\\10\\include\\10.0.22621.0\\ucrt;C:\\Program Files (x86)\\Windows Kits\\10\\\\include\\10.0.22621.0\\\\um;C:\\Program Files (x86)\\Windows Kits\\10\\\\include\\10.0.22621.0\\\\shared;C:\\Program Files (x86)\\Windows Kits\\10\\\\include\\10.0.22621.0\\\\winrt;C:\\Program Files (x86)\\Windows Kits\\10\\\\include\\10.0.22621.0\\\\cppwinrt;C:\\Program Files (x86)\\Windows Kits\\NETFXSDK\\4.8\\include\\um'), ('Framework40Version', 'v4.0'), ('FrameworkDir', 'C:\\Windows\\Microsoft.NET\\Framework\\'), ('FrameworkDir32', 'C:\\Windows\\Microsoft.NET\\Framework\\'), ('FrameworkDir64', 'C:\\Windows\\Microsoft.NET\\Framework64\\'), ('FrameworkVersion', 'v4.0.30319'), ('FrameworkVersion32', 'v4.0.30319'), ('FrameworkVersion64', 'v4.0.30319'), ('GIT_LFS_PATH', 'C:\\Program Files\\Git LFS'), ('HOMEDRIVE', 'C:'), ('HOMEPATH', '\\Users\\dsai9'), ('ICU_TIMEZONE_FILES_DIR', 'C:\\Program Files\\MATLAB\\R2023b/bin/icutzdata'), ('INCLUDE', 'C:\\Program Files\\Microsoft Visual Studio\\2022\\Community\\VC\\Tools\\MSVC\\14.40.33807\\include;C:\\Program Files\\Microsoft Visual Studio\\2022\\Community\\VC\\Tools\\MSVC\\14.40.33807\\ATLMFC\\include;C:\\Program Files\\Microsoft Visual Studio\\2022\\Community\\VC\\Auxiliary\\VS\\include;C:\\Program Files (x86)\\Windows Kits\\10\\include\\10.0.22621.0\\ucrt;C:\\Program Files (x86)\\Windows Kits\\10\\\\include\\10.0.22621.0\\\\um;C:\\Program Files (x86)\\Windows Kits\\10\\\\include\\10.0.22621.0\\\\shared;C:\\Program Files (x86)\\Windows Kits\\10\\\\include\\10.0.22621.0\\\\winrt;C:\\Program Files (x86)\\Windows Kits\\10\\\\include\\10.0.22621.0\\\\cppwinrt;C:\\Program Files (x86)\\Windows Kits\\NETFXSDK\\4.8\\include\\um'), ('KMP_HANDLE_SIGNALS', '0'), ('LIB', 'C:\\Program Files\\Microsoft Visual Studio\\2022\\Community\\VC\\Tools\\MSVC\\14.40.33807\\ATLMFC\\lib\\x64;C:\\Program Files\\Microsoft Visual Studio\\2022\\Community\\VC\\Tools\\MSVC\\14.40.33807\\lib\\x64;C:\\Program Files (x86)\\Windows Kits\\NETFXSDK\\4.8\\lib\\um\\x64;C:\\Program Files (x86)\\Windows Kits\\10\\lib\\10.0.22621.0\\ucrt\\x64;C:\\Program Files (x86)\\Windows Kits\\10\\\\lib\\10.0.22621.0\\\\um\\x64'), ('LIBPATH', 'C:\\Program Files\\Microsoft Visual Studio\\2022\\Community\\VC\\Tools\\MSVC\\14.40.33807\\ATLMFC\\lib\\x64;C:\\Program Files\\Microsoft Visual Studio\\2022\\Community\\VC\\Tools\\MSVC\\14.40.33807\\lib\\x64;C:\\Program Files\\Microsoft Visual Studio\\2022\\Community\\VC\\Tools\\MSVC\\14.40.33807\\lib\\x86\\store\\references;C:\\Program Files (x86)\\Windows Kits\\10\\UnionMetadata\\10.0.22621.0;C:\\Program Files (x86)\\Windows Kits\\10\\References\\10.0.22621.0;C:\\Windows\\Microsoft.NET\\Framework\\v4.0.30319'), ('LOCALAPPDATA', 'C:\\Users\\dsai9\\AppData\\Local'), ('LOGONSERVER', '\\\\LEGION'), ('MATLAB_ARCH', 'win64'), ('MW_MINGW64_LOC', 'C:\\ProgramData\\MATLAB\\SupportPackages\\R2023b\\3P.instrset\\mingw_w64.instrset'), ('NETFXSDKDir', 'C:\\Program Files (x86)\\Windows Kits\\NETFXSDK\\4.8\\'), ('NUMBER_OF_PROCESSORS', '12'), ('OneDrive', 'C:\\Users\\dsai9\\OneDrive'), ('OS', 'Windows_NT'), ('Path', 'C:\\Program Files\\MATLAB\\R2023b\\bin\\win64\\cmake\\bin;;C:\\Program Files\\MATLAB\\R2023b\\sys\\ros2\\win64\\ros2\\Scripts;C:\\Program Files\\MATLAB\\R2023b\\sys\\ros2\\win64\\ros2\\bin;C:\\Program Files\\Microsoft Visual Studio\\2022\\Community\\VC\\Tools\\MSVC\\14.40.33807\\bin\\HostX86\\x64;C:\\Program Files\\Microsoft Visual Studio\\2022\\Community\\VC\\Tools\\MSVC\\14.40.33807\\bin\\HostX86\\x86;C:\\Program Files\\Microsoft Visual Studio\\2022\\Community\\Common7\\IDE\\VC\\VCPackages;C:\\Program Files\\Microsoft Visual Studio\\2022\\Community\\Common7\\IDE\\CommonExtensions\\Microsoft\\TestWindow;C:\\Program Files\\Microsoft Visual Studio\\2022\\Community\\Common7\\IDE\\CommonExtensions\\Microsoft\\TeamFoundation\\Team Explorer;C:\\Program Files\\Microsoft Visual Studio\\2022\\Community\\MSBuild\\Current\\bin\\Roslyn;C:\\Program Files (x86)\\Microsoft SDKs\\Windows\\v10.0A\\bin\\NETFX 4.8 Tools\\;C:\\Program Files\\Microsoft Visual Studio\\2022\\Community\\Team Tools\\DiagnosticsHub\\Collector;C:\\Program Files (x86)\\Windows Kits\\10\\bin\\10.0.22621.0\\\\x86;C:\\Program Files (x86)\\Windows Kits\\10\\bin\\\\x86;C:\\Program Files\\Microsoft Visual Studio\\2022\\Community\\\\MSBuild\\Current\\Bin\\amd64;C:\\Windows\\Microsoft.NET\\Framework\\v4.0.30319;C:\\Program Files\\Microsoft Visual Studio\\2022\\Community\\Common7\\IDE\\;C:\\Program Files\\Microsoft Visual Studio\\2022\\Community\\Common7\\Tools\\;C:\\Users\\dsai9\\AppData\\Roaming\\MathWorks\\MATLAB\\R2023b\\ros2\\win64\\venv\\Scripts;C:\\Program Files\\MATLAB\\R2023b\\bin\\win64;C:\\Program Files\\MATLAB\\R2023b\\toolbox\\shared\\coder\\ninja\\win64;C:\\Windows\\system32;C:\\Windows;C:\\Windows\\System32\\Wbem;C:\\Windows\\System32\\WindowsPowerShell\\v1.0\\;C:\\Windows\\System32\\OpenSSH\\;C:\\Program Files (x86)\\NVIDIA Corporation\\PhysX\\Common;C:\\WINDOWS\\system32;C:\\WINDOWS;C:\\WINDOWS\\System32\\Wbem;C:\\WINDOWS\\System32\\WindowsPowerShell\\v1.0\\;C:\\WINDOWS\\System32\\OpenSSH\\;C:\\MinGW\\bin;C:\\Program Files\\Git\\cmd;C:\\Program Files\\Wolfram Research\\WolframScript\\;C:\\Program Files\\Microsoft SQL Server\\Client SDK\\ODBC\\110\\Tools\\Binn\\;C:\\Program Files (x86)\\Microsoft SQL Server\\120\\Tools\\Binn\\;C:\\Program Files\\Microsoft SQL Server\\120\\Tools\\Binn\\;C:\\Program Files\\Microsoft SQL Server\\120\\DTS\\Binn\\;C:\\Program Files (x86)\\Windows Kits\\8.1\\Windows Performance Toolkit\\;C:\\Program Files\\Git LFS;C:\\Program Files\\MATLAB\\R2023b\\bin;C:\\Program Files (x86)\\Windows Kits\\10\\Windows Performance Toolkit\\;C:\\Users\\dsai9\\miniconda3;C:\\Users\\dsai9\\miniconda3\\Library\\mingw-w64\\bin;C:\\Users\\dsai9\\miniconda3\\Library\\usr\\bin;C:\\Users\\dsai9\\miniconda3\\Library\\bin;C:\\Users\\dsai9\\miniconda3\\Scripts;C:\\Users\\dsai9\\AppData\\Local\\Programs\\Python\\Launcher\\;C:\\Users\\dsai9\\AppData\\Local\\Microsoft\\WindowsApps;C:\\Users\\dsai9\\AppData\\Local\\Programs\\Microsoft VS Code\\bin;C:\\Program Files\\Microsoft Visual Studio\\2022\\Community\\Common7\\IDE\\CommonExtensions\\Microsoft\\CMake\\CMake\\bin;C:\\Program Files\\Microsoft Visual Studio\\2022\\Community\\Common7\\IDE\\CommonExtensions\\Microsoft\\CMake\\Ninja;C:\\Program Files\\Microsoft Visual Studio\\2022\\Community\\Common7\\IDE\\VC\\Linux\\bin\\ConnectionManagerExe;C:\\Program Files\\Microsoft Visual Studio\\2022\\Community\\VC\\vcpkg'), ('PATHEXT', '.COM;.EXE;.BAT;.CMD;.VBS;.VBE;.JS;.JSE;.WSF;.WSH;.MSC'), ('PKG_CONFIG_PATH', '"C:\\Program Files\\MATLAB\\R2023b\\sys\\ros2\\win64\\ros2\\lib\\pkgconfig"'), ('Platform', 'x64'), ('PROCESSOR_ARCHITECTURE', 'AMD64'), ('PROCESSOR_IDENTIFIER', 'Intel64 Family 6 Model 165 Stepping 2, GenuineIntel'), ('PROCESSOR_LEVEL', '6'), ('PROCESSOR_REVISION', 'a502'), ('ProgramData', 'C:\\ProgramData'), ('ProgramFiles', 'C:\\Program Files'), ('ProgramFiles(x86)', 'C:\\Program Files (x86)'), ('ProgramW6432', 'C:\\Program Files'), ('PROMPT', '(venv) $P$G'), ('PSModulePath', 'C:\\Program Files\\WindowsPowerShell\\Modules;C:\\WINDOWS\\system32\\WindowsPowerShell\\v1.0\\Modules;C:\\Program Files (x86)\\Microsoft SQL Server\\120\\Tools\\PowerShell\\Modules\\'), ('PUBLIC', 'C:\\Users\\Public'), ('PYTHONPATH', ';C:\\Program Files\\MATLAB\\R2023b\\sys\\ros2\\win64\\ros2\\lib\\site-packages;C:\\Users\\dsai9\\AppData\\Roaming\\MathWorks\\MATLAB\\R2023b\\ros2\\win64\\venv\\lib\\site-packages'), ('PYTHON_VENV_PATH', 'C:\\Users\\dsai9\\AppData\\Roaming\\MathWorks\\MATLAB\\R2023b\\ros2\\win64\\venv'), ('QT_QPA_PLATFORM', 'windows:fontengine=freetype'), ('ROS_DISTRO', 'humble'), ('SW_SIM_HYDRA', 'C:\\Program Files\\Common Files\\SolidWorks Shared\\Simulation Worker Agent\\'), ('SW_SIM_MPIT', 'INTELMPI'), ('SW_SIM_TEMP', 'C:\\ProgramData\\SOLIDWORKS\\SW_net_sim_temp\\'), ('SystemDrive', 'C:'), ('SystemRoot', 'C:\\WINDOWS'), ('TEMP', 'C:\\Users\\dsai9\\AppData\\Local\\Temp'), ('TMP', 'C:\\Users\\dsai9\\AppData\\Local\\Temp'), ('UCRTVersion', '10.0.22621.0'), ('UniversalCRTSdkDir', 'C:\\Program Files (x86)\\Windows Kits\\10\\'), ('USERDOMAIN', 'LEGION'), ('USERDOMAIN_ROAMINGPROFILE', 'LEGION'), ('USERNAME', 'dsai9'), ('USERPROFILE', 'C:\\Users\\dsai9'), ('VBOX_MSI_INSTALL_PATH', 'C:\\Program Files\\Oracle\\VirtualBox\\'), ('VCIDEInstallDir', 'C:\\Program Files\\Microsoft Visual Studio\\2022\\Community\\Common7\\IDE\\VC\\'), ('VCINSTALLDIR', 'C:\\Program Files\\Microsoft Visual Studio\\2022\\Community\\VC\\'), ('VCPKG_ROOT', 'C:\\Program Files\\Microsoft Visual Studio\\2022\\Community\\VC\\vcpkg'), ('VCToolsInstallDir', 'C:\\Program Files\\Microsoft Visual Studio\\2022\\Community\\VC\\Tools\\MSVC\\14.40.33807\\'), ('VCToolsRedistDir', 'C:\\Program Files\\Microsoft Visual Studio\\2022\\Community\\VC\\Redist\\MSVC\\14.40.33807\\'), ('VCToolsVersion', '14.40.33807'), ('VCVARS_CMD', '"C:\\Program Files\\Microsoft Visual Studio\\2022\\Community\\VC\\Auxiliary\\Build\\VCVARSALL.BAT"'), ('VIRTUAL_ENV', 'C:\\Users\\dsai9\\AppData\\Roaming\\MathWorks\\MATLAB\\R2023b\\ros2\\win64\\venv'), ('VisualStudioVersion', '17.0'), ('VS170COMNTOOLS', 'C:\\Program Files\\Microsoft Visual Studio\\2022\\Community\\Common7\\Tools\\'), ('VSCMD_ARG_app_plat', 'Desktop'), ('VSCMD_ARG_HOST_ARCH', 'x86'), ('VSCMD_ARG_TGT_ARCH', 'x64'), ('VSCMD_VER', '17.10.1'), ('VSINSTALLDIR', 'C:\\Program Files\\Microsoft Visual Studio\\2022\\Community\\'), ('windir', 'C:\\WINDOWS'), ('WindowsLibPath', 'C:\\Program Files (x86)\\Windows Kits\\10\\UnionMetadata\\10.0.22621.0;C:\\Program Files (x86)\\Windows Kits\\10\\References\\10.0.22621.0'), ('WindowsSdkBinPath', 'C:\\Program Files (x86)\\Windows Kits\\10\\bin\\'), ('WindowsSdkDir', 'C:\\Program Files (x86)\\Windows Kits\\10\\'), ('WindowsSDKLibVersion', '10.0.22621.0\\'), ('WindowsSdkVerBinPath', 'C:\\Program Files (x86)\\Windows Kits\\10\\bin\\10.0.22621.0\\'), ('WindowsSDKVersion', '10.0.22621.0\\'), ('WindowsSDK_ExecutablePath_x64', 'C:\\Program Files (x86)\\Microsoft SDKs\\Windows\\v10.0A\\bin\\NETFX 4.8 Tools\\x64\\'), ('WindowsSDK_ExecutablePath_x86', 'C:\\Program Files (x86)\\Microsoft SDKs\\Windows\\v10.0A\\bin\\NETFX 4.8 Tools\\'), ('_all', '"C:\\Program Files\\Microsoft Visual Studio\\2022\\Community\\VC\\Auxiliary\\Build\\VCVARSALL.BAT" "C:\\Program Files\\MATLAB\\R2023b\\sys\\ros2\\win64\\ros2" "C:\\Users\\dsai9\\AppData\\Roaming\\MathWorks\\MATLAB\\R2023b\\ros2\\win64\\venv" "C:\\Program Files\\MATLAB\\R2023b\\bin\\win64\\cmake\\bin" build  --merge-install  --cmake-args -DCMAKE_BUILD_TYPE=Release -DBUILD_TESTING=OFF  -DALIAS_ROS2_TF2=1  -DCMAKE_CXX_FLAGS_RELEASE="/MD /Od /Ob2 /DNDEBUG"   -G Ninja'), ('_OLD_VIRTUAL_PATH', 'C:\\Program Files\\MATLAB\\R2023b\\bin\\win64;C:\\Program Files\\MATLAB\\R2023b\\toolbox\\shared\\coder\\ninja\\win64;C:\\Windows\\system32;C:\\Windows;C:\\Windows\\System32\\Wbem;C:\\Windows\\System32\\WindowsPowerShell\\v1.0\\;C:\\Windows\\System32\\OpenSSH\\;C:\\Program Files (x86)\\NVIDIA Corporation\\PhysX\\Common;C:\\WINDOWS\\system32;C:\\WINDOWS;C:\\WINDOWS\\System32\\Wbem;C:\\WINDOWS\\System32\\WindowsPowerShell\\v1.0\\;C:\\WINDOWS\\System32\\OpenSSH\\;C:\\MinGW\\bin;C:\\Program Files\\Git\\cmd;C:\\Program Files\\Wolfram Research\\WolframScript\\;C:\\Program Files\\Microsoft SQL Server\\Client SDK\\ODBC\\110\\Tools\\Binn\\;C:\\Program Files (x86)\\Microsoft SQL Server\\120\\Tools\\Binn\\;C:\\Program Files\\Microsoft SQL Server\\120\\Tools\\Binn\\;C:\\Program Files\\Microsoft SQL Server\\120\\DTS\\Binn\\;C:\\Program Files (x86)\\Windows Kits\\8.1\\Windows Performance Toolkit\\;C:\\Program Files\\Git LFS;C:\\Program Files\\MATLAB\\R2023b\\bin;C:\\Program Files (x86)\\Windows Kits\\10\\Windows Performance Toolkit\\;C:\\Users\\dsai9\\miniconda3;C:\\Users\\dsai9\\miniconda3\\Library\\mingw-w64\\bin;C:\\Users\\dsai9\\miniconda3\\Library\\usr\\bin;C:\\Users\\dsai9\\miniconda3\\Library\\bin;C:\\Users\\dsai9\\miniconda3\\Scripts;C:\\Users\\dsai9\\AppData\\Local\\Programs\\Python\\Launcher\\;C:\\Users\\dsai9\\AppData\\Local\\Microsoft\\WindowsApps;C:\\Users\\dsai9\\AppData\\Local\\Programs\\Microsoft VS Code\\bin'), ('_OLD_VIRTUAL_PROMPT', '$P$G'), ('__COMPAT_LAYER', 'RunAsAdmin'), ('__DOTNET_ADD_32BIT', '1'), ('__DOTNET_ADD_64BIT', '1'), ('__DOTNET_PREFERRED_BITNESS', '32'), ('__KMP_REGISTERED_LIB_17916', '00007FF8EFE04D04-cafe01ef-libiomp5md.dll'), ('__VSCMD_PREINIT_PATH', 'C:\\Users\\dsai9\\AppData\\Roaming\\MathWorks\\MATLAB\\R2023b\\ros2\\win64\\venv\\Scripts;C:\\Program Files\\MATLAB\\R2023b\\bin\\win64;C:\\Program Files\\MATLAB\\R2023b\\toolbox\\shared\\coder\\ninja\\win64;C:\\Windows\\system32;C:\\Windows;C:\\Windows\\System32\\Wbem;C:\\Windows\\System32\\WindowsPowerShell\\v1.0\\;C:\\Windows\\System32\\OpenSSH\\;C:\\Program Files (x86)\\NVIDIA Corporation\\PhysX\\Common;C:\\WINDOWS\\system32;C:\\WINDOWS;C:\\WINDOWS\\System32\\Wbem;C:\\WINDOWS\\System32\\WindowsPowerShell\\v1.0\\;C:\\WINDOWS\\System32\\OpenSSH\\;C:\\MinGW\\bin;C:\\Program Files\\Git\\cmd;C:\\Program Files\\Wolfram Research\\WolframScript\\;C:\\Program Files\\Microsoft SQL Server\\Client SDK\\ODBC\\110\\Tools\\Binn\\;C:\\Program Files (x86)\\Microsoft SQL Server\\120\\Tools\\Binn\\;C:\\Program Files\\Microsoft SQL Server\\120\\Tools\\Binn\\;C:\\Program Files\\Microsoft SQL Server\\120\\DTS\\Binn\\;C:\\Program Files (x86)\\Windows Kits\\8.1\\Windows Performance Toolkit\\;C:\\Program Files\\Git LFS;C:\\Program Files\\MATLAB\\R2023b\\bin;C:\\Program Files (x86)\\Windows Kits\\10\\Windows Performance Toolkit\\;C:\\Users\\dsai9\\miniconda3;C:\\Users\\dsai9\\miniconda3\\Library\\mingw-w64\\bin;C:\\Users\\dsai9\\miniconda3\\Library\\usr\\bin;C:\\Users\\dsai9\\miniconda3\\Library\\bin;C:\\Users\\dsai9\\miniconda3\\Scripts;C:\\Users\\dsai9\\AppData\\Local\\Programs\\Python\\Launcher\\;C:\\Users\\dsai9\\AppData\\Local\\Microsoft\\WindowsApps;C:\\Users\\dsai9\\AppData\\Local\\Programs\\Microsoft VS Code\\bin')]), 'shell': False}
[26.156000] (aerobot_interfaces) StdoutLine: {'line': b'-- Install configuration: "Release"\n'}
[26.172000] (aerobot_interfaces) StdoutLine: {'line': b'-- Installing: C:/Users/dsai9/OneDrive/Documents/BNO055/custom/matlab_msg_gen/win64/install/share/ament_index/resource_index/rosidl_interfaces/aerobot_interfaces\n'}
[26.172000] (aerobot_interfaces) StdoutLine: {'line': b'-- Up-to-date: C:/Users/dsai9/OneDrive/Documents/BNO055/custom/matlab_msg_gen/win64/install/include/aerobot_interfaces/aerobot_interfaces\n'}
[26.172000] (aerobot_interfaces) StdoutLine: {'line': b'-- Up-to-date: C:/Users/dsai9/OneDrive/Documents/BNO055/custom/matlab_msg_gen/win64/install/include/aerobot_interfaces/aerobot_interfaces/msg\n'}
[26.172000] (aerobot_interfaces) StdoutLine: {'line': b'-- Up-to-date: C:/Users/dsai9/OneDrive/Documents/BNO055/custom/matlab_msg_gen/win64/install/include/aerobot_interfaces/aerobot_interfaces/msg/detail\n'}
[26.172000] (aerobot_interfaces) StdoutLine: {'line': b'-- Installing: C:/Users/dsai9/OneDrive/Documents/BNO055/custom/matlab_msg_gen/win64/install/include/aerobot_interfaces/aerobot_interfaces/msg/detail/esc_msg__functions.c\n'}
[26.188000] (aerobot_interfaces) StdoutLine: {'line': b'-- Installing: C:/Users/dsai9/OneDrive/Documents/BNO055/custom/matlab_msg_gen/win64/install/include/aerobot_interfaces/aerobot_interfaces/msg/detail/esc_msg__functions.h\n'}
[26.188000] (-) TimerEvent: {}
[26.203000] (aerobot_interfaces) StdoutLine: {'line': b'-- Installing: C:/Users/dsai9/OneDrive/Documents/BNO055/custom/matlab_msg_gen/win64/install/include/aerobot_interfaces/aerobot_interfaces/msg/detail/esc_msg__struct.h\n'}
[26.203000] (aerobot_interfaces) StdoutLine: {'line': b'-- Installing: C:/Users/dsai9/OneDrive/Documents/BNO055/custom/matlab_msg_gen/win64/install/include/aerobot_interfaces/aerobot_interfaces/msg/detail/esc_msg__type_support.h\n'}
[26.219000] (aerobot_interfaces) StdoutLine: {'line': b'-- Installing: C:/Users/dsai9/OneDrive/Documents/BNO055/custom/matlab_msg_gen/win64/install/include/aerobot_interfaces/aerobot_interfaces/msg/esc_msg.h\n'}
[26.219000] (aerobot_interfaces) StdoutLine: {'line': b'-- Up-to-date: C:/Users/dsai9/OneDrive/Documents/BNO055/custom/matlab_msg_gen/win64/install/include/aerobot_interfaces/aerobot_interfaces/msg/rosidl_generator_c__visibility_control.h\n'}
[26.219000] (aerobot_interfaces) StdoutLine: {'line': b'-- Up-to-date: C:/Users/dsai9/OneDrive/Documents/BNO055/custom/matlab_msg_gen/win64/install/include/aerobot_interfaces/aerobot_interfaces/srv\n'}
[26.219000] (aerobot_interfaces) StdoutLine: {'line': b'-- Installing: C:/Users/dsai9/OneDrive/Documents/BNO055/custom/matlab_msg_gen/win64/install/include/aerobot_interfaces/aerobot_interfaces/srv/calibrate.h\n'}
[26.219000] (aerobot_interfaces) StdoutLine: {'line': b'-- Up-to-date: C:/Users/dsai9/OneDrive/Documents/BNO055/custom/matlab_msg_gen/win64/install/include/aerobot_interfaces/aerobot_interfaces/srv/detail\n'}
[26.234000] (aerobot_interfaces) StdoutLine: {'line': b'-- Installing: C:/Users/dsai9/OneDrive/Documents/BNO055/custom/matlab_msg_gen/win64/install/include/aerobot_interfaces/aerobot_interfaces/srv/detail/calibrate__functions.c\n'}
[26.250000] (aerobot_interfaces) StdoutLine: {'line': b'-- Installing: C:/Users/dsai9/OneDrive/Documents/BNO055/custom/matlab_msg_gen/win64/install/include/aerobot_interfaces/aerobot_interfaces/srv/detail/calibrate__functions.h\n'}
[26.250000] (aerobot_interfaces) StdoutLine: {'line': b'-- Installing: C:/Users/dsai9/OneDrive/Documents/BNO055/custom/matlab_msg_gen/win64/install/include/aerobot_interfaces/aerobot_interfaces/srv/detail/calibrate__struct.h\n'}
[26.266000] (aerobot_interfaces) StdoutLine: {'line': b'-- Installing: C:/Users/dsai9/OneDrive/Documents/BNO055/custom/matlab_msg_gen/win64/install/include/aerobot_interfaces/aerobot_interfaces/srv/detail/calibrate__type_support.h\n'}
[26.281000] (aerobot_interfaces) StdoutLine: {'line': b'-- Installing: C:/Users/dsai9/OneDrive/Documents/BNO055/custom/matlab_msg_gen/win64/install/include/aerobot_interfaces/aerobot_interfaces/srv/detail/esc_srv__functions.c\n'}
[26.297000] (-) TimerEvent: {}
[26.297000] (aerobot_interfaces) StdoutLine: {'line': b'-- Installing: C:/Users/dsai9/OneDrive/Documents/BNO055/custom/matlab_msg_gen/win64/install/include/aerobot_interfaces/aerobot_interfaces/srv/detail/esc_srv__functions.h\n'}
[26.313000] (aerobot_interfaces) StdoutLine: {'line': b'-- Installing: C:/Users/dsai9/OneDrive/Documents/BNO055/custom/matlab_msg_gen/win64/install/include/aerobot_interfaces/aerobot_interfaces/srv/detail/esc_srv__struct.h\n'}
[26.328000] (aerobot_interfaces) StdoutLine: {'line': b'-- Installing: C:/Users/dsai9/OneDrive/Documents/BNO055/custom/matlab_msg_gen/win64/install/include/aerobot_interfaces/aerobot_interfaces/srv/detail/esc_srv__type_support.h\n'}
[26.328000] (aerobot_interfaces) StdoutLine: {'line': b'-- Installing: C:/Users/dsai9/OneDrive/Documents/BNO055/custom/matlab_msg_gen/win64/install/include/aerobot_interfaces/aerobot_interfaces/srv/esc_srv.h\n'}
[26.344000] (aerobot_interfaces) StdoutLine: {'line': b'-- Installing: C:/Users/dsai9/OneDrive/Documents/BNO055/custom/matlab_msg_gen/win64/install/lib/aerobot_interfaces__rosidl_generator_c.lib\n'}
[26.375000] (aerobot_interfaces) StdoutLine: {'line': b'-- Installing: C:/Users/dsai9/OneDrive/Documents/BNO055/custom/matlab_msg_gen/win64/install/bin/aerobot_interfaces__rosidl_generator_c.dll\n'}
[26.375000] (aerobot_interfaces) StdoutLine: {'line': b'-- Up-to-date: C:/Users/dsai9/OneDrive/Documents/BNO055/custom/matlab_msg_gen/win64/install/include/aerobot_interfaces/aerobot_interfaces\n'}
[26.375000] (aerobot_interfaces) StdoutLine: {'line': b'-- Up-to-date: C:/Users/dsai9/OneDrive/Documents/BNO055/custom/matlab_msg_gen/win64/install/include/aerobot_interfaces/aerobot_interfaces/msg\n'}
[26.375000] (aerobot_interfaces) StdoutLine: {'line': b'-- Up-to-date: C:/Users/dsai9/OneDrive/Documents/BNO055/custom/matlab_msg_gen/win64/install/include/aerobot_interfaces/aerobot_interfaces/msg/detail\n'}
[26.391000] (aerobot_interfaces) StdoutLine: {'line': b'-- Installing: C:/Users/dsai9/OneDrive/Documents/BNO055/custom/matlab_msg_gen/win64/install/include/aerobot_interfaces/aerobot_interfaces/msg/detail/esc_msg__rosidl_typesupport_fastrtps_c.h\n'}
[26.391000] (aerobot_interfaces) StdoutLine: {'line': b'-- Up-to-date: C:/Users/dsai9/OneDrive/Documents/BNO055/custom/matlab_msg_gen/win64/install/include/aerobot_interfaces/aerobot_interfaces/msg/rosidl_typesupport_fastrtps_c__visibility_control.h\n'}
[26.391000] (aerobot_interfaces) StdoutLine: {'line': b'-- Up-to-date: C:/Users/dsai9/OneDrive/Documents/BNO055/custom/matlab_msg_gen/win64/install/include/aerobot_interfaces/aerobot_interfaces/srv\n'}
[26.391000] (aerobot_interfaces) StdoutLine: {'line': b'-- Up-to-date: C:/Users/dsai9/OneDrive/Documents/BNO055/custom/matlab_msg_gen/win64/install/include/aerobot_interfaces/aerobot_interfaces/srv/detail\n'}
[26.391000] (aerobot_interfaces) StdoutLine: {'line': b'-- Installing: C:/Users/dsai9/OneDrive/Documents/BNO055/custom/matlab_msg_gen/win64/install/include/aerobot_interfaces/aerobot_interfaces/srv/detail/calibrate__rosidl_typesupport_fastrtps_c.h\n'}
[26.406000] (aerobot_interfaces) StdoutLine: {'line': b'-- Installing: C:/Users/dsai9/OneDrive/Documents/BNO055/custom/matlab_msg_gen/win64/install/include/aerobot_interfaces/aerobot_interfaces/srv/detail/esc_srv__rosidl_typesupport_fastrtps_c.h\n'}
[26.406000] (-) TimerEvent: {}
[26.422000] (aerobot_interfaces) StdoutLine: {'line': b'-- Installing: C:/Users/dsai9/OneDrive/Documents/BNO055/custom/matlab_msg_gen/win64/install/lib/aerobot_interfaces__rosidl_typesupport_fastrtps_c.lib\n'}
[26.438000] (aerobot_interfaces) StdoutLine: {'line': b'-- Installing: C:/Users/dsai9/OneDrive/Documents/BNO055/custom/matlab_msg_gen/win64/install/bin/aerobot_interfaces__rosidl_typesupport_fastrtps_c.dll\n'}
[26.453000] (aerobot_interfaces) StdoutLine: {'line': b'-- Up-to-date: C:/Users/dsai9/OneDrive/Documents/BNO055/custom/matlab_msg_gen/win64/install/include/aerobot_interfaces/aerobot_interfaces\n'}
[26.453000] (aerobot_interfaces) StdoutLine: {'line': b'-- Up-to-date: C:/Users/dsai9/OneDrive/Documents/BNO055/custom/matlab_msg_gen/win64/install/include/aerobot_interfaces/aerobot_interfaces/msg\n'}
[26.453000] (aerobot_interfaces) StdoutLine: {'line': b'-- Up-to-date: C:/Users/dsai9/OneDrive/Documents/BNO055/custom/matlab_msg_gen/win64/install/include/aerobot_interfaces/aerobot_interfaces/msg/detail\n'}
[26.453000] (aerobot_interfaces) StdoutLine: {'line': b'-- Installing: C:/Users/dsai9/OneDrive/Documents/BNO055/custom/matlab_msg_gen/win64/install/include/aerobot_interfaces/aerobot_interfaces/msg/detail/esc_msg__rosidl_typesupport_introspection_c.h\n'}
[26.469000] (aerobot_interfaces) StdoutLine: {'line': b'-- Installing: C:/Users/dsai9/OneDrive/Documents/BNO055/custom/matlab_msg_gen/win64/install/include/aerobot_interfaces/aerobot_interfaces/msg/detail/esc_msg__type_support.c\n'}
[26.469000] (aerobot_interfaces) StdoutLine: {'line': b'-- Up-to-date: C:/Users/dsai9/OneDrive/Documents/BNO055/custom/matlab_msg_gen/win64/install/include/aerobot_interfaces/aerobot_interfaces/msg/rosidl_typesupport_introspection_c__visibility_control.h\n'}
[26.469000] (aerobot_interfaces) StdoutLine: {'line': b'-- Up-to-date: C:/Users/dsai9/OneDrive/Documents/BNO055/custom/matlab_msg_gen/win64/install/include/aerobot_interfaces/aerobot_interfaces/srv\n'}
[26.469000] (aerobot_interfaces) StdoutLine: {'line': b'-- Up-to-date: C:/Users/dsai9/OneDrive/Documents/BNO055/custom/matlab_msg_gen/win64/install/include/aerobot_interfaces/aerobot_interfaces/srv/detail\n'}
[26.484000] (aerobot_interfaces) StdoutLine: {'line': b'-- Installing: C:/Users/dsai9/OneDrive/Documents/BNO055/custom/matlab_msg_gen/win64/install/include/aerobot_interfaces/aerobot_interfaces/srv/detail/calibrate__rosidl_typesupport_introspection_c.h\n'}
[26.484000] (aerobot_interfaces) StdoutLine: {'line': b'-- Installing: C:/Users/dsai9/OneDrive/Documents/BNO055/custom/matlab_msg_gen/win64/install/include/aerobot_interfaces/aerobot_interfaces/srv/detail/calibrate__type_support.c\n'}
[26.500000] (aerobot_interfaces) StdoutLine: {'line': b'-- Installing: C:/Users/dsai9/OneDrive/Documents/BNO055/custom/matlab_msg_gen/win64/install/include/aerobot_interfaces/aerobot_interfaces/srv/detail/esc_srv__rosidl_typesupport_introspection_c.h\n'}
[26.516000] (-) TimerEvent: {}
[26.516000] (aerobot_interfaces) StdoutLine: {'line': b'-- Installing: C:/Users/dsai9/OneDrive/Documents/BNO055/custom/matlab_msg_gen/win64/install/include/aerobot_interfaces/aerobot_interfaces/srv/detail/esc_srv__type_support.c\n'}
[26.531000] (aerobot_interfaces) StdoutLine: {'line': b'-- Installing: C:/Users/dsai9/OneDrive/Documents/BNO055/custom/matlab_msg_gen/win64/install/lib/aerobot_interfaces__rosidl_typesupport_introspection_c.lib\n'}
[26.563000] (aerobot_interfaces) StdoutLine: {'line': b'-- Installing: C:/Users/dsai9/OneDrive/Documents/BNO055/custom/matlab_msg_gen/win64/install/bin/aerobot_interfaces__rosidl_typesupport_introspection_c.dll\n'}
[26.563000] (aerobot_interfaces) StdoutLine: {'line': b'-- Installing: C:/Users/dsai9/OneDrive/Documents/BNO055/custom/matlab_msg_gen/win64/install/lib/aerobot_interfaces__rosidl_typesupport_c.lib\n'}
[26.594000] (aerobot_interfaces) StdoutLine: {'line': b'-- Installing: C:/Users/dsai9/OneDrive/Documents/BNO055/custom/matlab_msg_gen/win64/install/bin/aerobot_interfaces__rosidl_typesupport_c.dll\n'}
[26.594000] (aerobot_interfaces) StdoutLine: {'line': b'-- Up-to-date: C:/Users/dsai9/OneDrive/Documents/BNO055/custom/matlab_msg_gen/win64/install/include/aerobot_interfaces/aerobot_interfaces\n'}
[26.594000] (aerobot_interfaces) StdoutLine: {'line': b'-- Up-to-date: C:/Users/dsai9/OneDrive/Documents/BNO055/custom/matlab_msg_gen/win64/install/include/aerobot_interfaces/aerobot_interfaces/msg\n'}
[26.594000] (aerobot_interfaces) StdoutLine: {'line': b'-- Up-to-date: C:/Users/dsai9/OneDrive/Documents/BNO055/custom/matlab_msg_gen/win64/install/include/aerobot_interfaces/aerobot_interfaces/msg/detail\n'}
[26.609000] (aerobot_interfaces) StdoutLine: {'line': b'-- Installing: C:/Users/dsai9/OneDrive/Documents/BNO055/custom/matlab_msg_gen/win64/install/include/aerobot_interfaces/aerobot_interfaces/msg/detail/esc_msg__builder.hpp\n'}
[26.609000] (aerobot_interfaces) StdoutLine: {'line': b'-- Installing: C:/Users/dsai9/OneDrive/Documents/BNO055/custom/matlab_msg_gen/win64/install/include/aerobot_interfaces/aerobot_interfaces/msg/detail/esc_msg__struct.hpp\n'}
[26.625000] (aerobot_interfaces) StdoutLine: {'line': b'-- Installing: C:/Users/dsai9/OneDrive/Documents/BNO055/custom/matlab_msg_gen/win64/install/include/aerobot_interfaces/aerobot_interfaces/msg/detail/esc_msg__traits.hpp\n'}
[26.625000] (-) TimerEvent: {}
[26.625000] (aerobot_interfaces) StdoutLine: {'line': b'-- Installing: C:/Users/dsai9/OneDrive/Documents/BNO055/custom/matlab_msg_gen/win64/install/include/aerobot_interfaces/aerobot_interfaces/msg/esc_msg.hpp\n'}
[26.625000] (aerobot_interfaces) StdoutLine: {'line': b'-- Up-to-date: C:/Users/dsai9/OneDrive/Documents/BNO055/custom/matlab_msg_gen/win64/install/include/aerobot_interfaces/aerobot_interfaces/srv\n'}
[26.641000] (aerobot_interfaces) StdoutLine: {'line': b'-- Installing: C:/Users/dsai9/OneDrive/Documents/BNO055/custom/matlab_msg_gen/win64/install/include/aerobot_interfaces/aerobot_interfaces/srv/calibrate.hpp\n'}
[26.641000] (aerobot_interfaces) StdoutLine: {'line': b'-- Up-to-date: C:/Users/dsai9/OneDrive/Documents/BNO055/custom/matlab_msg_gen/win64/install/include/aerobot_interfaces/aerobot_interfaces/srv/detail\n'}
[26.641000] (aerobot_interfaces) StdoutLine: {'line': b'-- Installing: C:/Users/dsai9/OneDrive/Documents/BNO055/custom/matlab_msg_gen/win64/install/include/aerobot_interfaces/aerobot_interfaces/srv/detail/calibrate__builder.hpp\n'}
[26.656000] (aerobot_interfaces) StdoutLine: {'line': b'-- Installing: C:/Users/dsai9/OneDrive/Documents/BNO055/custom/matlab_msg_gen/win64/install/include/aerobot_interfaces/aerobot_interfaces/srv/detail/calibrate__struct.hpp\n'}
[26.656000] (aerobot_interfaces) StdoutLine: {'line': b'-- Installing: C:/Users/dsai9/OneDrive/Documents/BNO055/custom/matlab_msg_gen/win64/install/include/aerobot_interfaces/aerobot_interfaces/srv/detail/calibrate__traits.hpp\n'}
[26.672000] (aerobot_interfaces) StdoutLine: {'line': b'-- Installing: C:/Users/dsai9/OneDrive/Documents/BNO055/custom/matlab_msg_gen/win64/install/include/aerobot_interfaces/aerobot_interfaces/srv/detail/esc_srv__builder.hpp\n'}
[26.688000] (aerobot_interfaces) StdoutLine: {'line': b'-- Installing: C:/Users/dsai9/OneDrive/Documents/BNO055/custom/matlab_msg_gen/win64/install/include/aerobot_interfaces/aerobot_interfaces/srv/detail/esc_srv__struct.hpp\n'}
[26.703000] (aerobot_interfaces) StdoutLine: {'line': b'-- Installing: C:/Users/dsai9/OneDrive/Documents/BNO055/custom/matlab_msg_gen/win64/install/include/aerobot_interfaces/aerobot_interfaces/srv/detail/esc_srv__traits.hpp\n'}
[26.703000] (aerobot_interfaces) StdoutLine: {'line': b'-- Installing: C:/Users/dsai9/OneDrive/Documents/BNO055/custom/matlab_msg_gen/win64/install/include/aerobot_interfaces/aerobot_interfaces/srv/esc_srv.hpp\n'}
[26.703000] (aerobot_interfaces) StdoutLine: {'line': b'-- Up-to-date: C:/Users/dsai9/OneDrive/Documents/BNO055/custom/matlab_msg_gen/win64/install/include/aerobot_interfaces/aerobot_interfaces\n'}
[26.703000] (aerobot_interfaces) StdoutLine: {'line': b'-- Up-to-date: C:/Users/dsai9/OneDrive/Documents/BNO055/custom/matlab_msg_gen/win64/install/include/aerobot_interfaces/aerobot_interfaces/msg\n'}
[26.703000] (aerobot_interfaces) StdoutLine: {'line': b'-- Up-to-date: C:/Users/dsai9/OneDrive/Documents/BNO055/custom/matlab_msg_gen/win64/install/include/aerobot_interfaces/aerobot_interfaces/msg/detail\n'}
[26.703000] (aerobot_interfaces) StdoutLine: {'line': b'-- Up-to-date: C:/Users/dsai9/OneDrive/Documents/BNO055/custom/matlab_msg_gen/win64/install/include/aerobot_interfaces/aerobot_interfaces/msg/detail/dds_fastrtps\n'}
[26.719000] (aerobot_interfaces) StdoutLine: {'line': b'-- Installing: C:/Users/dsai9/OneDrive/Documents/BNO055/custom/matlab_msg_gen/win64/install/include/aerobot_interfaces/aerobot_interfaces/msg/detail/esc_msg__rosidl_typesupport_fastrtps_cpp.hpp\n'}
[26.719000] (aerobot_interfaces) StdoutLine: {'line': b'-- Up-to-date: C:/Users/dsai9/OneDrive/Documents/BNO055/custom/matlab_msg_gen/win64/install/include/aerobot_interfaces/aerobot_interfaces/msg/rosidl_typesupport_fastrtps_cpp__visibility_control.h\n'}
[26.719000] (aerobot_interfaces) StdoutLine: {'line': b'-- Up-to-date: C:/Users/dsai9/OneDrive/Documents/BNO055/custom/matlab_msg_gen/win64/install/include/aerobot_interfaces/aerobot_interfaces/srv\n'}
[26.719000] (aerobot_interfaces) StdoutLine: {'line': b'-- Up-to-date: C:/Users/dsai9/OneDrive/Documents/BNO055/custom/matlab_msg_gen/win64/install/include/aerobot_interfaces/aerobot_interfaces/srv/detail\n'}
[26.734000] (aerobot_interfaces) StdoutLine: {'line': b'-- Installing: C:/Users/dsai9/OneDrive/Documents/BNO055/custom/matlab_msg_gen/win64/install/include/aerobot_interfaces/aerobot_interfaces/srv/detail/calibrate__rosidl_typesupport_fastrtps_cpp.hpp\n'}
[26.734000] (-) TimerEvent: {}
[26.734000] (aerobot_interfaces) StdoutLine: {'line': b'-- Up-to-date: C:/Users/dsai9/OneDrive/Documents/BNO055/custom/matlab_msg_gen/win64/install/include/aerobot_interfaces/aerobot_interfaces/srv/detail/dds_fastrtps\n'}
[26.750000] (aerobot_interfaces) StdoutLine: {'line': b'-- Installing: C:/Users/dsai9/OneDrive/Documents/BNO055/custom/matlab_msg_gen/win64/install/include/aerobot_interfaces/aerobot_interfaces/srv/detail/esc_srv__rosidl_typesupport_fastrtps_cpp.hpp\n'}
[26.750000] (aerobot_interfaces) StdoutLine: {'line': b'-- Installing: C:/Users/dsai9/OneDrive/Documents/BNO055/custom/matlab_msg_gen/win64/install/lib/aerobot_interfaces__rosidl_typesupport_fastrtps_cpp.lib\n'}
[26.781000] (aerobot_interfaces) StdoutLine: {'line': b'-- Installing: C:/Users/dsai9/OneDrive/Documents/BNO055/custom/matlab_msg_gen/win64/install/bin/aerobot_interfaces__rosidl_typesupport_fastrtps_cpp.dll\n'}
[26.781000] (aerobot_interfaces) StdoutLine: {'line': b'-- Up-to-date: C:/Users/dsai9/OneDrive/Documents/BNO055/custom/matlab_msg_gen/win64/install/include/aerobot_interfaces/aerobot_interfaces\n'}
[26.781000] (aerobot_interfaces) StdoutLine: {'line': b'-- Up-to-date: C:/Users/dsai9/OneDrive/Documents/BNO055/custom/matlab_msg_gen/win64/install/include/aerobot_interfaces/aerobot_interfaces/msg\n'}
[26.781000] (aerobot_interfaces) StdoutLine: {'line': b'-- Up-to-date: C:/Users/dsai9/OneDrive/Documents/BNO055/custom/matlab_msg_gen/win64/install/include/aerobot_interfaces/aerobot_interfaces/msg/detail\n'}
[26.797000] (aerobot_interfaces) StdoutLine: {'line': b'-- Installing: C:/Users/dsai9/OneDrive/Documents/BNO055/custom/matlab_msg_gen/win64/install/include/aerobot_interfaces/aerobot_interfaces/msg/detail/esc_msg__rosidl_typesupport_introspection_cpp.hpp\n'}
[26.813000] (aerobot_interfaces) StdoutLine: {'line': b'-- Installing: C:/Users/dsai9/OneDrive/Documents/BNO055/custom/matlab_msg_gen/win64/install/include/aerobot_interfaces/aerobot_interfaces/msg/detail/esc_msg__type_support.cpp\n'}
[26.813000] (aerobot_interfaces) StdoutLine: {'line': b'-- Up-to-date: C:/Users/dsai9/OneDrive/Documents/BNO055/custom/matlab_msg_gen/win64/install/include/aerobot_interfaces/aerobot_interfaces/srv\n'}
[26.813000] (aerobot_interfaces) StdoutLine: {'line': b'-- Up-to-date: C:/Users/dsai9/OneDrive/Documents/BNO055/custom/matlab_msg_gen/win64/install/include/aerobot_interfaces/aerobot_interfaces/srv/detail\n'}
[26.813000] (aerobot_interfaces) StdoutLine: {'line': b'-- Installing: C:/Users/dsai9/OneDrive/Documents/BNO055/custom/matlab_msg_gen/win64/install/include/aerobot_interfaces/aerobot_interfaces/srv/detail/calibrate__rosidl_typesupport_introspection_cpp.hpp\n'}
[26.828000] (aerobot_interfaces) StdoutLine: {'line': b'-- Installing: C:/Users/dsai9/OneDrive/Documents/BNO055/custom/matlab_msg_gen/win64/install/include/aerobot_interfaces/aerobot_interfaces/srv/detail/calibrate__type_support.cpp\n'}
[26.844000] (aerobot_interfaces) StdoutLine: {'line': b'-- Installing: C:/Users/dsai9/OneDrive/Documents/BNO055/custom/matlab_msg_gen/win64/install/include/aerobot_interfaces/aerobot_interfaces/srv/detail/esc_srv__rosidl_typesupport_introspection_cpp.hpp\n'}
[26.844000] (-) TimerEvent: {}
[26.859000] (aerobot_interfaces) StdoutLine: {'line': b'-- Installing: C:/Users/dsai9/OneDrive/Documents/BNO055/custom/matlab_msg_gen/win64/install/include/aerobot_interfaces/aerobot_interfaces/srv/detail/esc_srv__type_support.cpp\n'}
[26.875000] (aerobot_interfaces) StdoutLine: {'line': b'-- Installing: C:/Users/dsai9/OneDrive/Documents/BNO055/custom/matlab_msg_gen/win64/install/lib/aerobot_interfaces__rosidl_typesupport_introspection_cpp.lib\n'}
[26.906000] (aerobot_interfaces) StdoutLine: {'line': b'-- Installing: C:/Users/dsai9/OneDrive/Documents/BNO055/custom/matlab_msg_gen/win64/install/bin/aerobot_interfaces__rosidl_typesupport_introspection_cpp.dll\n'}
[26.922000] (aerobot_interfaces) StdoutLine: {'line': b'-- Installing: C:/Users/dsai9/OneDrive/Documents/BNO055/custom/matlab_msg_gen/win64/install/lib/aerobot_interfaces__rosidl_typesupport_cpp.lib\n'}
[26.938000] (aerobot_interfaces) StdoutLine: {'line': b'-- Installing: C:/Users/dsai9/OneDrive/Documents/BNO055/custom/matlab_msg_gen/win64/install/bin/aerobot_interfaces__rosidl_typesupport_cpp.dll\n'}
[26.938000] (aerobot_interfaces) StdoutLine: {'line': b'-- Up-to-date: C:/Users/dsai9/OneDrive/Documents/BNO055/custom/matlab_msg_gen/win64/install/share/aerobot_interfaces/msg/EscMsg.idl\n'}
[26.938000] (aerobot_interfaces) StdoutLine: {'line': b'-- Installing: C:/Users/dsai9/OneDrive/Documents/BNO055/custom/matlab_msg_gen/win64/install/share/aerobot_interfaces/srv/Calibrate.idl\n'}
[26.953000] (aerobot_interfaces) StdoutLine: {'line': b'-- Up-to-date: C:/Users/dsai9/OneDrive/Documents/BNO055/custom/matlab_msg_gen/win64/install/share/aerobot_interfaces/srv/EscSrv.idl\n'}
[26.953000] (-) TimerEvent: {}
[26.953000] (aerobot_interfaces) StdoutLine: {'line': b'-- Up-to-date: C:/Users/dsai9/OneDrive/Documents/BNO055/custom/matlab_msg_gen/win64/install/share/aerobot_interfaces/msg/EscMsg.msg\n'}
[26.953000] (aerobot_interfaces) StdoutLine: {'line': b'-- Installing: C:/Users/dsai9/OneDrive/Documents/BNO055/custom/matlab_msg_gen/win64/install/share/aerobot_interfaces/srv/Calibrate.srv\n'}
[26.953000] (aerobot_interfaces) StdoutLine: {'line': b'-- Installing: C:/Users/dsai9/OneDrive/Documents/BNO055/custom/matlab_msg_gen/win64/install/share/aerobot_interfaces/srv/Calibrate_Request.msg\n'}
[26.953000] (aerobot_interfaces) StdoutLine: {'line': b'-- Installing: C:/Users/dsai9/OneDrive/Documents/BNO055/custom/matlab_msg_gen/win64/install/share/aerobot_interfaces/srv/Calibrate_Response.msg\n'}
[26.969000] (aerobot_interfaces) StdoutLine: {'line': b'-- Up-to-date: C:/Users/dsai9/OneDrive/Documents/BNO055/custom/matlab_msg_gen/win64/install/share/aerobot_interfaces/srv/EscSrv.srv\n'}
[26.969000] (aerobot_interfaces) StdoutLine: {'line': b'-- Up-to-date: C:/Users/dsai9/OneDrive/Documents/BNO055/custom/matlab_msg_gen/win64/install/share/aerobot_interfaces/srv/EscSrv_Request.msg\n'}
[26.969000] (aerobot_interfaces) StdoutLine: {'line': b'-- Up-to-date: C:/Users/dsai9/OneDrive/Documents/BNO055/custom/matlab_msg_gen/win64/install/share/aerobot_interfaces/srv/EscSrv_Response.msg\n'}
[26.969000] (aerobot_interfaces) StdoutLine: {'line': b'-- Up-to-date: C:/Users/dsai9/OneDrive/Documents/BNO055/custom/matlab_msg_gen/win64/install/include\n'}
[26.969000] (aerobot_interfaces) StdoutLine: {'line': b'-- Up-to-date: C:/Users/dsai9/OneDrive/Documents/BNO055/custom/matlab_msg_gen/win64/install/include/aerobot_interfaces\n'}
[26.984000] (aerobot_interfaces) StdoutLine: {'line': b'-- Up-to-date: C:/Users/dsai9/OneDrive/Documents/BNO055/custom/matlab_msg_gen/win64/install/include/aerobot_interfaces/visibility_control.h\n'}
[26.984000] (aerobot_interfaces) StdoutLine: {'line': b'-- Installing: C:/Users/dsai9/OneDrive/Documents/BNO055/custom/matlab_msg_gen/win64/install/lib/aerobot_interfaces_matlab.lib\n'}
[27.016000] (aerobot_interfaces) StdoutLine: {'line': b'-- Installing: C:/Users/dsai9/OneDrive/Documents/BNO055/custom/matlab_msg_gen/win64/install/bin/aerobot_interfaces_matlab.dll\n'}
[27.016000] (aerobot_interfaces) StdoutLine: {'line': b'-- Up-to-date: C:/Users/dsai9/OneDrive/Documents/BNO055/custom/matlab_msg_gen/win64/install/m/\n'}
[27.016000] (aerobot_interfaces) StdoutLine: {'line': b'-- Up-to-date: C:/Users/dsai9/OneDrive/Documents/BNO055/custom/matlab_msg_gen/win64/install/m//+ros\n'}
[27.016000] (aerobot_interfaces) StdoutLine: {'line': b'-- Up-to-date: C:/Users/dsai9/OneDrive/Documents/BNO055/custom/matlab_msg_gen/win64/install/m//+ros/+internal\n'}
[27.016000] (aerobot_interfaces) StdoutLine: {'line': b'-- Up-to-date: C:/Users/dsai9/OneDrive/Documents/BNO055/custom/matlab_msg_gen/win64/install/m//+ros/+internal/+ros2\n'}
[27.016000] (aerobot_interfaces) StdoutLine: {'line': b'-- Up-to-date: C:/Users/dsai9/OneDrive/Documents/BNO055/custom/matlab_msg_gen/win64/install/m//+ros/+internal/+ros2/+custommessages\n'}
[27.016000] (aerobot_interfaces) StdoutLine: {'line': b'-- Up-to-date: C:/Users/dsai9/OneDrive/Documents/BNO055/custom/matlab_msg_gen/win64/install/m//+ros/+internal/+ros2/+custommessages/+aerobot_interfaces\n'}
[27.031000] (aerobot_interfaces) StdoutLine: {'line': b'-- Up-to-date: C:/Users/dsai9/OneDrive/Documents/BNO055/custom/matlab_msg_gen/win64/install/m//+ros/+internal/+ros2/+custommessages/+aerobot_interfaces/aerobot_interfaces_msg_EscMsg_1To2_Converter.m\n'}
[27.031000] (aerobot_interfaces) StdoutLine: {'line': b'-- Up-to-date: C:/Users/dsai9/OneDrive/Documents/BNO055/custom/matlab_msg_gen/win64/install/m//+ros/+internal/+ros2/+custommessages/+aerobot_interfaces/aerobot_interfaces_msg_EscMsg_2To1_Converter.m\n'}
[27.031000] (aerobot_interfaces) StdoutLine: {'line': b'-- Installing: C:/Users/dsai9/OneDrive/Documents/BNO055/custom/matlab_msg_gen/win64/install/m//+ros/+internal/+ros2/+custommessages/+aerobot_interfaces/calibrateRequest.m\n'}
[27.031000] (aerobot_interfaces) StdoutLine: {'line': b'-- Installing: C:/Users/dsai9/OneDrive/Documents/BNO055/custom/matlab_msg_gen/win64/install/m//+ros/+internal/+ros2/+custommessages/+aerobot_interfaces/calibrateResponse.m\n'}
[27.047000] (aerobot_interfaces) StdoutLine: {'line': b'-- Up-to-date: C:/Users/dsai9/OneDrive/Documents/BNO055/custom/matlab_msg_gen/win64/install/m//+ros/+internal/+ros2/+custommessages/+aerobot_interfaces/escMsg.m\n'}
[27.047000] (aerobot_interfaces) StdoutLine: {'line': b'-- Up-to-date: C:/Users/dsai9/OneDrive/Documents/BNO055/custom/matlab_msg_gen/win64/install/m//+ros/+internal/+ros2/+custommessages/+aerobot_interfaces/escSrvRequest.m\n'}
[27.063000] (aerobot_interfaces) StdoutLine: {'line': b'-- Up-to-date: C:/Users/dsai9/OneDrive/Documents/BNO055/custom/matlab_msg_gen/win64/install/m//+ros/+internal/+ros2/+custommessages/+aerobot_interfaces/escSrvResponse.m\n'}
[27.063000] (-) TimerEvent: {}
[27.063000] (aerobot_interfaces) StdoutLine: {'line': b'-- Up-to-date: C:/Users/dsai9/OneDrive/Documents/BNO055/custom/matlab_msg_gen/win64/install/share/ament_index/resource_index/package_run_dependencies/aerobot_interfaces\n'}
[27.063000] (aerobot_interfaces) StdoutLine: {'line': b'-- Up-to-date: C:/Users/dsai9/OneDrive/Documents/BNO055/custom/matlab_msg_gen/win64/install/share/ament_index/resource_index/parent_prefix_path/aerobot_interfaces\n'}
[27.063000] (aerobot_interfaces) StdoutLine: {'line': b'-- Up-to-date: C:/Users/dsai9/OneDrive/Documents/BNO055/custom/matlab_msg_gen/win64/install/share/aerobot_interfaces/environment/ament_prefix_path.bat\n'}
[27.078000] (aerobot_interfaces) StdoutLine: {'line': b'-- Installing: C:/Users/dsai9/OneDrive/Documents/BNO055/custom/matlab_msg_gen/win64/install/share/aerobot_interfaces/environment/ament_prefix_path.dsv\n'}
[27.078000] (aerobot_interfaces) StdoutLine: {'line': b'-- Up-to-date: C:/Users/dsai9/OneDrive/Documents/BNO055/custom/matlab_msg_gen/win64/install/share/aerobot_interfaces/environment/path.bat\n'}
[27.078000] (aerobot_interfaces) StdoutLine: {'line': b'-- Installing: C:/Users/dsai9/OneDrive/Documents/BNO055/custom/matlab_msg_gen/win64/install/share/aerobot_interfaces/environment/path.dsv\n'}
[27.078000] (aerobot_interfaces) StdoutLine: {'line': b'-- Up-to-date: C:/Users/dsai9/OneDrive/Documents/BNO055/custom/matlab_msg_gen/win64/install/share/aerobot_interfaces/local_setup.bat\n'}
[27.094000] (aerobot_interfaces) StdoutLine: {'line': b'-- Installing: C:/Users/dsai9/OneDrive/Documents/BNO055/custom/matlab_msg_gen/win64/install/share/aerobot_interfaces/local_setup.dsv\n'}
[27.094000] (aerobot_interfaces) StdoutLine: {'line': b'-- Installing: C:/Users/dsai9/OneDrive/Documents/BNO055/custom/matlab_msg_gen/win64/install/share/aerobot_interfaces/package.dsv\n'}
[27.109000] (aerobot_interfaces) StdoutLine: {'line': b'-- Up-to-date: C:/Users/dsai9/OneDrive/Documents/BNO055/custom/matlab_msg_gen/win64/install/share/ament_index/resource_index/packages/aerobot_interfaces\n'}
[27.109000] (aerobot_interfaces) StdoutLine: {'line': b'-- Up-to-date: C:/Users/dsai9/OneDrive/Documents/BNO055/custom/matlab_msg_gen/win64/install/share/aerobot_interfaces/cmake/export_aerobot_interfaces__rosidl_generator_cExport.cmake\n'}
[27.109000] (aerobot_interfaces) StdoutLine: {'line': b'-- Up-to-date: C:/Users/dsai9/OneDrive/Documents/BNO055/custom/matlab_msg_gen/win64/install/share/aerobot_interfaces/cmake/export_aerobot_interfaces__rosidl_generator_cExport-release.cmake\n'}
[27.109000] (aerobot_interfaces) StdoutLine: {'line': b'-- Up-to-date: C:/Users/dsai9/OneDrive/Documents/BNO055/custom/matlab_msg_gen/win64/install/share/aerobot_interfaces/cmake/export_aerobot_interfaces__rosidl_typesupport_fastrtps_cExport.cmake\n'}
[27.109000] (aerobot_interfaces) StdoutLine: {'line': b'-- Up-to-date: C:/Users/dsai9/OneDrive/Documents/BNO055/custom/matlab_msg_gen/win64/install/share/aerobot_interfaces/cmake/export_aerobot_interfaces__rosidl_typesupport_fastrtps_cExport-release.cmake\n'}
[27.109000] (aerobot_interfaces) StdoutLine: {'line': b'-- Up-to-date: C:/Users/dsai9/OneDrive/Documents/BNO055/custom/matlab_msg_gen/win64/install/share/aerobot_interfaces/cmake/aerobot_interfaces__rosidl_typesupport_introspection_cExport.cmake\n'}
[27.109000] (aerobot_interfaces) StdoutLine: {'line': b'-- Up-to-date: C:/Users/dsai9/OneDrive/Documents/BNO055/custom/matlab_msg_gen/win64/install/share/aerobot_interfaces/cmake/aerobot_interfaces__rosidl_typesupport_introspection_cExport-release.cmake\n'}
[27.125000] (aerobot_interfaces) StdoutLine: {'line': b'-- Up-to-date: C:/Users/dsai9/OneDrive/Documents/BNO055/custom/matlab_msg_gen/win64/install/share/aerobot_interfaces/cmake/aerobot_interfaces__rosidl_typesupport_cExport.cmake\n'}
[27.125000] (aerobot_interfaces) StdoutLine: {'line': b'-- Up-to-date: C:/Users/dsai9/OneDrive/Documents/BNO055/custom/matlab_msg_gen/win64/install/share/aerobot_interfaces/cmake/aerobot_interfaces__rosidl_typesupport_cExport-release.cmake\n'}
[27.125000] (aerobot_interfaces) StdoutLine: {'line': b'-- Up-to-date: C:/Users/dsai9/OneDrive/Documents/BNO055/custom/matlab_msg_gen/win64/install/share/aerobot_interfaces/cmake/export_aerobot_interfaces__rosidl_generator_cppExport.cmake\n'}
[27.125000] (aerobot_interfaces) StdoutLine: {'line': b'-- Up-to-date: C:/Users/dsai9/OneDrive/Documents/BNO055/custom/matlab_msg_gen/win64/install/share/aerobot_interfaces/cmake/export_aerobot_interfaces__rosidl_typesupport_fastrtps_cppExport.cmake\n'}
[27.141000] (aerobot_interfaces) StdoutLine: {'line': b'-- Up-to-date: C:/Users/dsai9/OneDrive/Documents/BNO055/custom/matlab_msg_gen/win64/install/share/aerobot_interfaces/cmake/export_aerobot_interfaces__rosidl_typesupport_fastrtps_cppExport-release.cmake\n'}
[27.141000] (aerobot_interfaces) StdoutLine: {'line': b'-- Up-to-date: C:/Users/dsai9/OneDrive/Documents/BNO055/custom/matlab_msg_gen/win64/install/share/aerobot_interfaces/cmake/aerobot_interfaces__rosidl_typesupport_introspection_cppExport.cmake\n'}
[27.141000] (aerobot_interfaces) StdoutLine: {'line': b'-- Up-to-date: C:/Users/dsai9/OneDrive/Documents/BNO055/custom/matlab_msg_gen/win64/install/share/aerobot_interfaces/cmake/aerobot_interfaces__rosidl_typesupport_introspection_cppExport-release.cmake\n'}
[27.141000] (aerobot_interfaces) StdoutLine: {'line': b'-- Up-to-date: C:/Users/dsai9/OneDrive/Documents/BNO055/custom/matlab_msg_gen/win64/install/share/aerobot_interfaces/cmake/aerobot_interfaces__rosidl_typesupport_cppExport.cmake\n'}
[27.141000] (aerobot_interfaces) StdoutLine: {'line': b'-- Up-to-date: C:/Users/dsai9/OneDrive/Documents/BNO055/custom/matlab_msg_gen/win64/install/share/aerobot_interfaces/cmake/aerobot_interfaces__rosidl_typesupport_cppExport-release.cmake\n'}
[27.141000] (aerobot_interfaces) StdoutLine: {'line': b'-- Installing: C:/Users/dsai9/OneDrive/Documents/BNO055/custom/matlab_msg_gen/win64/install/share/aerobot_interfaces/cmake/rosidl_cmake-extras.cmake\n'}
[27.156000] (aerobot_interfaces) StdoutLine: {'line': b'-- Up-to-date: C:/Users/dsai9/OneDrive/Documents/BNO055/custom/matlab_msg_gen/win64/install/share/aerobot_interfaces/cmake/ament_cmake_export_include_directories-extras.cmake\n'}
[27.156000] (aerobot_interfaces) StdoutLine: {'line': b'-- Up-to-date: C:/Users/dsai9/OneDrive/Documents/BNO055/custom/matlab_msg_gen/win64/install/share/aerobot_interfaces/cmake/ament_cmake_export_libraries-extras.cmake\n'}
[27.156000] (aerobot_interfaces) StdoutLine: {'line': b'-- Up-to-date: C:/Users/dsai9/OneDrive/Documents/BNO055/custom/matlab_msg_gen/win64/install/share/aerobot_interfaces/cmake/ament_cmake_export_targets-extras.cmake\n'}
[27.156000] (aerobot_interfaces) StdoutLine: {'line': b'-- Up-to-date: C:/Users/dsai9/OneDrive/Documents/BNO055/custom/matlab_msg_gen/win64/install/share/aerobot_interfaces/cmake/rosidl_cmake_export_typesupport_targets-extras.cmake\n'}
[27.156000] (aerobot_interfaces) StdoutLine: {'line': b'-- Up-to-date: C:/Users/dsai9/OneDrive/Documents/BNO055/custom/matlab_msg_gen/win64/install/share/aerobot_interfaces/cmake/ament_cmake_export_dependencies-extras.cmake\n'}
[27.172000] (aerobot_interfaces) StdoutLine: {'line': b'-- Up-to-date: C:/Users/dsai9/OneDrive/Documents/BNO055/custom/matlab_msg_gen/win64/install/share/aerobot_interfaces/cmake/rosidl_cmake_export_typesupport_libraries-extras.cmake\n'}
[27.172000] (-) TimerEvent: {}
[27.172000] (aerobot_interfaces) StdoutLine: {'line': b'-- Up-to-date: C:/Users/dsai9/OneDrive/Documents/BNO055/custom/matlab_msg_gen/win64/install/share/aerobot_interfaces/cmake/aerobot_interfacesConfig.cmake\n'}
[27.172000] (aerobot_interfaces) StdoutLine: {'line': b'-- Up-to-date: C:/Users/dsai9/OneDrive/Documents/BNO055/custom/matlab_msg_gen/win64/install/share/aerobot_interfaces/cmake/aerobot_interfacesConfig-version.cmake\n'}
[27.172000] (aerobot_interfaces) StdoutLine: {'line': b'-- Installing: C:/Users/dsai9/OneDrive/Documents/BNO055/custom/matlab_msg_gen/win64/install/share/aerobot_interfaces/package.xml\n'}
[27.172000] (aerobot_interfaces) CommandEnded: {'returncode': 0}
[27.281000] (-) TimerEvent: {}
[27.391000] (-) TimerEvent: {}
[27.453000] (aerobot_interfaces) JobEnded: {'identifier': 'aerobot_interfaces', 'rc': 0}
[27.453000] (-) EventReactorShutdown: {}
