[0.000000] (-) TimerEvent: {}
[0.000000] (aerobot_interfaces) JobQueued: {'identifier': 'aerobot_interfaces', 'dependencies': OrderedDict()}
[0.000000] (aerobot_interfaces) JobStarted: {'identifier': 'aerobot_interfaces'}
[0.110000] (-) TimerEvent: {}
[0.110000] (aerobot_interfaces) JobProgress: {'identifier': 'aerobot_interfaces', 'progress': 'cmake'}
[0.125000] (aerobot_interfaces) JobProgress: {'identifier': 'aerobot_interfaces', 'progress': 'build'}
[0.125000] (aerobot_interfaces) Command: {'cmd': ['C:\\Program Files\\MATLAB\\R2023b\\bin\\win64\\cmake\\bin\\cmake.EXE', '--build', 'C:\\Users\\dsai9\\OneDrive\\Documents\\BNO055\\custom\\matlab_msg_gen\\win64\\build\\aerobot_interfaces', '--', '-j12', '-l12'], 'cwd': 'C:\\Users\\dsai9\\OneDrive\\Documents\\BNO055\\custom\\matlab_msg_gen\\win64\\build\\aerobot_interfaces', 'env': OrderedDict([('ACTUAL_CMD_PARAM', 'build  --merge-install  --cmake-args -DCMAKE_BUILD_TYPE=Release -DBUILD_TESTING=OFF  -DALIAS_ROS2_TF2=1  -DCMAKE_CXX_FLAGS_RELEASE="/MD /Od /Ob2 /DNDEBUG"   -G Ninja'), ('ACTUAL_ENV_CMD_PARAM', '"C:\\Program Files\\MATLAB\\R2023b\\bin\\win64\\cmake\\bin" build  --merge-install  --cmake-args -DCMAKE_BUILD_TYPE=Release -DBUILD_TESTING=OFF  -DALIAS_ROS2_TF2=1  -DCMAKE_CXX_FLAGS_RELEASE="/MD /Od /Ob2 /DNDEBUG"   -G Ninja'), ('ALLUSERSPROFILE', 'C:\\ProgramData'), ('AMENT_PREFIX_PATH', 'C:/Users/dsai9/OneDrive/Documents/BNO055/custom/matlab_msg_gen/win64/install;C:\\Program Files\\MATLAB\\R2023b\\sys\\ros2\\win64\\ros2;C:\\Program Files\\MATLAB\\R2023b\\sys\\ros2\\win64\\ros2'), ('APPDATA', 'C:\\Users\\dsai9\\AppData\\Roaming'), ('CMAKE_PATH', 'C:\\Program Files\\MATLAB\\R2023b\\bin\\win64\\cmake\\bin'), ('CMAKE_PREFIX_PATH', 'C:/Users/dsai9/OneDrive/Documents/BNO055/custom/matlab_msg_gen/win64/install;C:\\Program Files\\MATLAB\\R2023b\\sys\\ros2\\win64\\ros2;C:\\Program Files\\MATLAB\\R2023b\\sys\\ros2\\win64\\ros2'), ('COLCON', '1'), ('COLCON_PREFIX_PATH', 'C:/Users/dsai9/OneDrive/Documents/BNO055/custom/matlab_msg_gen/win64/install;C:\\Program Files\\MATLAB\\R2023b\\sys\\ros2\\win64\\ros2;C:\\Program Files\\MATLAB\\R2023b\\sys\\ros2\\win64\\ros2'), ('CommandPromptType', 'Cross'), ('CommonProgramFiles', 'C:\\Program Files\\Common Files'), ('CommonProgramFiles(x86)', 'C:\\Program Files (x86)\\Common Files'), ('CommonProgramW6432', 'C:\\Program Files\\Common Files'), ('COMPUTERNAME', 'LEGION'), ('ComSpec', 'C:\\WINDOWS\\system32\\cmd.exe'), ('CUSTOM_AMENT_PREFIX_PATH', 'C:/Users/dsai9/OneDrive/Documents/BNO055/custom/matlab_msg_gen/win64/install;C:\\Program Files\\MATLAB\\R2023b\\sys\\ros2\\win64\\ros2'), ('DevEnvDir', 'C:\\Program Files\\Microsoft Visual Studio\\2022\\Community\\Common7\\IDE\\'), ('DISPLAY', '127.0.0.1:0.0'), ('DriverData', 'C:\\Windows\\System32\\Drivers\\DriverData'), ('ExtensionSdkDir', 'C:\\Program Files (x86)\\Microsoft SDKs\\Windows Kits\\10\\ExtensionSDKs'), ('EXTERNAL_INCLUDE', 'C:\\Program Files\\Microsoft Visual Studio\\2022\\Community\\VC\\Tools\\MSVC\\14.40.33807\\include;C:\\Program Files\\Microsoft Visual Studio\\2022\\Community\\VC\\Tools\\MSVC\\14.40.33807\\ATLMFC\\include;C:\\Program Files\\Microsoft Visual Studio\\2022\\Community\\VC\\Auxiliary\\VS\\include;C:\\Program Files (x86)\\Windows Kits\\10\\include\\10.0.22621.0\\ucrt;C:\\Program Files (x86)\\Windows Kits\\10\\\\include\\10.0.22621.0\\\\um;C:\\Program Files (x86)\\Windows Kits\\10\\\\include\\10.0.22621.0\\\\shared;C:\\Program Files (x86)\\Windows Kits\\10\\\\include\\10.0.22621.0\\\\winrt;C:\\Program Files (x86)\\Windows Kits\\10\\\\include\\10.0.22621.0\\\\cppwinrt;C:\\Program Files (x86)\\Windows Kits\\NETFXSDK\\4.8\\include\\um'), ('Framework40Version', 'v4.0'), ('FrameworkDir', 'C:\\Windows\\Microsoft.NET\\Framework\\'), ('FrameworkDir32', 'C:\\Windows\\Microsoft.NET\\Framework\\'), ('FrameworkDir64', 'C:\\Windows\\Microsoft.NET\\Framework64\\'), ('FrameworkVersion', 'v4.0.30319'), ('FrameworkVersion32', 'v4.0.30319'), ('FrameworkVersion64', 'v4.0.30319'), ('GIT_LFS_PATH', 'C:\\Program Files\\Git LFS'), ('HOMEDRIVE', 'C:'), ('HOMEPATH', '\\Users\\dsai9'), ('ICU_TIMEZONE_FILES_DIR', 'C:\\Program Files\\MATLAB\\R2023b/bin/icutzdata'), ('INCLUDE', 'C:\\Program Files\\Microsoft Visual Studio\\2022\\Community\\VC\\Tools\\MSVC\\14.40.33807\\include;C:\\Program Files\\Microsoft Visual Studio\\2022\\Community\\VC\\Tools\\MSVC\\14.40.33807\\ATLMFC\\include;C:\\Program Files\\Microsoft Visual Studio\\2022\\Community\\VC\\Auxiliary\\VS\\include;C:\\Program Files (x86)\\Windows Kits\\10\\include\\10.0.22621.0\\ucrt;C:\\Program Files (x86)\\Windows Kits\\10\\\\include\\10.0.22621.0\\\\um;C:\\Program Files (x86)\\Windows Kits\\10\\\\include\\10.0.22621.0\\\\shared;C:\\Program Files (x86)\\Windows Kits\\10\\\\include\\10.0.22621.0\\\\winrt;C:\\Program Files (x86)\\Windows Kits\\10\\\\include\\10.0.22621.0\\\\cppwinrt;C:\\Program Files (x86)\\Windows Kits\\NETFXSDK\\4.8\\include\\um'), ('KMP_HANDLE_SIGNALS', '0'), ('LIB', 'C:\\Program Files\\Microsoft Visual Studio\\2022\\Community\\VC\\Tools\\MSVC\\14.40.33807\\ATLMFC\\lib\\x64;C:\\Program Files\\Microsoft Visual Studio\\2022\\Community\\VC\\Tools\\MSVC\\14.40.33807\\lib\\x64;C:\\Program Files (x86)\\Windows Kits\\NETFXSDK\\4.8\\lib\\um\\x64;C:\\Program Files (x86)\\Windows Kits\\10\\lib\\10.0.22621.0\\ucrt\\x64;C:\\Program Files (x86)\\Windows Kits\\10\\\\lib\\10.0.22621.0\\\\um\\x64'), ('LIBPATH', 'C:\\Program Files\\Microsoft Visual Studio\\2022\\Community\\VC\\Tools\\MSVC\\14.40.33807\\ATLMFC\\lib\\x64;C:\\Program Files\\Microsoft Visual Studio\\2022\\Community\\VC\\Tools\\MSVC\\14.40.33807\\lib\\x64;C:\\Program Files\\Microsoft Visual Studio\\2022\\Community\\VC\\Tools\\MSVC\\14.40.33807\\lib\\x86\\store\\references;C:\\Program Files (x86)\\Windows Kits\\10\\UnionMetadata\\10.0.22621.0;C:\\Program Files (x86)\\Windows Kits\\10\\References\\10.0.22621.0;C:\\Windows\\Microsoft.NET\\Framework\\v4.0.30319'), ('LOCALAPPDATA', 'C:\\Users\\dsai9\\AppData\\Local'), ('LOGONSERVER', '\\\\LEGION'), ('MATLAB_ARCH', 'win64'), ('MW_MINGW64_LOC', 'C:\\ProgramData\\MATLAB\\SupportPackages\\R2023b\\3P.instrset\\mingw_w64.instrset'), ('NETFXSDKDir', 'C:\\Program Files (x86)\\Windows Kits\\NETFXSDK\\4.8\\'), ('NUMBER_OF_PROCESSORS', '12'), ('OneDrive', 'C:\\Users\\dsai9\\OneDrive'), ('OS', 'Windows_NT'), ('Path', 'C:\\Program Files\\MATLAB\\R2023b\\bin\\win64\\cmake\\bin;;C:\\Program Files\\MATLAB\\R2023b\\sys\\ros2\\win64\\ros2\\Scripts;C:\\Program Files\\MATLAB\\R2023b\\sys\\ros2\\win64\\ros2\\bin;C:\\Program Files\\Microsoft Visual Studio\\2022\\Community\\VC\\Tools\\MSVC\\14.40.33807\\bin\\HostX86\\x64;C:\\Program Files\\Microsoft Visual Studio\\2022\\Community\\VC\\Tools\\MSVC\\14.40.33807\\bin\\HostX86\\x86;C:\\Program Files\\Microsoft Visual Studio\\2022\\Community\\Common7\\IDE\\VC\\VCPackages;C:\\Program Files\\Microsoft Visual Studio\\2022\\Community\\Common7\\IDE\\CommonExtensions\\Microsoft\\TestWindow;C:\\Program Files\\Microsoft Visual Studio\\2022\\Community\\Common7\\IDE\\CommonExtensions\\Microsoft\\TeamFoundation\\Team Explorer;C:\\Program Files\\Microsoft Visual Studio\\2022\\Community\\MSBuild\\Current\\bin\\Roslyn;C:\\Program Files (x86)\\Microsoft SDKs\\Windows\\v10.0A\\bin\\NETFX 4.8 Tools\\;C:\\Program Files\\Microsoft Visual Studio\\2022\\Community\\Team Tools\\DiagnosticsHub\\Collector;C:\\Program Files (x86)\\Windows Kits\\10\\bin\\10.0.22621.0\\\\x86;C:\\Program Files (x86)\\Windows Kits\\10\\bin\\\\x86;C:\\Program Files\\Microsoft Visual Studio\\2022\\Community\\\\MSBuild\\Current\\Bin\\amd64;C:\\Windows\\Microsoft.NET\\Framework\\v4.0.30319;C:\\Program Files\\Microsoft Visual Studio\\2022\\Community\\Common7\\IDE\\;C:\\Program Files\\Microsoft Visual Studio\\2022\\Community\\Common7\\Tools\\;C:\\Users\\dsai9\\AppData\\Roaming\\MathWorks\\MATLAB\\R2023b\\ros2\\win64\\venv\\Scripts;C:\\Program Files\\MATLAB\\R2023b\\bin\\win64;C:\\Program Files\\MATLAB\\R2023b\\toolbox\\shared\\coder\\ninja\\win64;C:\\Program Files\\MATLAB\\R2023b\\toolbox\\ros\\codertarget\\bin\\win64;C:\\Windows\\system32;C:\\Windows;C:\\Windows\\System32\\Wbem;C:\\Windows\\System32\\WindowsPowerShell\\v1.0\\;C:\\Windows\\System32\\OpenSSH\\;C:\\Program Files (x86)\\NVIDIA Corporation\\PhysX\\Common;C:\\WINDOWS\\system32;C:\\WINDOWS;C:\\WINDOWS\\System32\\Wbem;C:\\WINDOWS\\System32\\WindowsPowerShell\\v1.0\\;C:\\WINDOWS\\System32\\OpenSSH\\;C:\\MinGW\\bin;C:\\Program Files\\Git\\cmd;C:\\Program Files\\Wolfram Research\\WolframScript\\;C:\\Program Files\\Microsoft SQL Server\\Client SDK\\ODBC\\110\\Tools\\Binn\\;C:\\Program Files (x86)\\Microsoft SQL Server\\120\\Tools\\Binn\\;C:\\Program Files\\Microsoft SQL Server\\120\\Tools\\Binn\\;C:\\Program Files\\Microsoft SQL Server\\120\\DTS\\Binn\\;C:\\Program Files (x86)\\Windows Kits\\8.1\\Windows Performance Toolkit\\;C:\\Program Files\\Git LFS;C:\\Program Files\\MATLAB\\R2023b\\bin;C:\\Program Files (x86)\\Windows Kits\\10\\Windows Performance Toolkit\\;C:\\Users\\dsai9\\miniconda3;C:\\Users\\dsai9\\miniconda3\\Library\\mingw-w64\\bin;C:\\Users\\dsai9\\miniconda3\\Library\\usr\\bin;C:\\Users\\dsai9\\miniconda3\\Library\\bin;C:\\Users\\dsai9\\miniconda3\\Scripts;C:\\Users\\dsai9\\AppData\\Local\\Programs\\Python\\Launcher\\;C:\\Users\\dsai9\\AppData\\Local\\Microsoft\\WindowsApps;C:\\Users\\dsai9\\AppData\\Local\\Programs\\Microsoft VS Code\\bin;C:\\Program Files\\Microsoft Visual Studio\\2022\\Community\\Common7\\IDE\\CommonExtensions\\Microsoft\\CMake\\CMake\\bin;C:\\Program Files\\Microsoft Visual Studio\\2022\\Community\\Common7\\IDE\\CommonExtensions\\Microsoft\\CMake\\Ninja;C:\\Program Files\\Microsoft Visual Studio\\2022\\Community\\Common7\\IDE\\VC\\Linux\\bin\\ConnectionManagerExe;C:\\Program Files\\Microsoft Visual Studio\\2022\\Community\\VC\\vcpkg'), ('PATHEXT', '.COM;.EXE;.BAT;.CMD;.VBS;.VBE;.JS;.JSE;.WSF;.WSH;.MSC'), ('PKG_CONFIG_PATH', '"C:\\Program Files\\MATLAB\\R2023b\\sys\\ros2\\win64\\ros2\\lib\\pkgconfig"'), ('Platform', 'x64'), ('PROCESSOR_ARCHITECTURE', 'AMD64'), ('PROCESSOR_IDENTIFIER', 'Intel64 Family 6 Model 165 Stepping 2, GenuineIntel'), ('PROCESSOR_LEVEL', '6'), ('PROCESSOR_REVISION', 'a502'), ('ProgramData', 'C:\\ProgramData'), ('ProgramFiles', 'C:\\Program Files'), ('ProgramFiles(x86)', 'C:\\Program Files (x86)'), ('ProgramW6432', 'C:\\Program Files'), ('PROMPT', '(venv) $P$G'), ('PSModulePath', 'C:\\Program Files\\WindowsPowerShell\\Modules;C:\\WINDOWS\\system32\\WindowsPowerShell\\v1.0\\Modules;C:\\Program Files (x86)\\Microsoft SQL Server\\120\\Tools\\PowerShell\\Modules\\'), ('PUBLIC', 'C:\\Users\\Public'), ('PYTHONPATH', ';C:\\Program Files\\MATLAB\\R2023b\\sys\\ros2\\win64\\ros2\\lib\\site-packages;C:\\Users\\dsai9\\AppData\\Roaming\\MathWorks\\MATLAB\\R2023b\\ros2\\win64\\venv\\lib\\site-packages'), ('PYTHON_VENV_PATH', 'C:\\Users\\dsai9\\AppData\\Roaming\\MathWorks\\MATLAB\\R2023b\\ros2\\win64\\venv'), ('QT_QPA_PLATFORM', 'windows:fontengine=freetype'), ('ROS_DISTRO', 'humble'), ('SW_SIM_HYDRA', 'C:\\Program Files\\Common Files\\SolidWorks Shared\\Simulation Worker Agent\\'), ('SW_SIM_MPIT', 'INTELMPI'), ('SW_SIM_TEMP', 'C:\\ProgramData\\SOLIDWORKS\\SW_net_sim_temp\\'), ('SystemDrive', 'C:'), ('SystemRoot', 'C:\\WINDOWS'), ('TEMP', 'C:\\Users\\dsai9\\AppData\\Local\\Temp'), ('TMP', 'C:\\Users\\dsai9\\AppData\\Local\\Temp'), ('UCRTVersion', '10.0.22621.0'), ('UniversalCRTSdkDir', 'C:\\Program Files (x86)\\Windows Kits\\10\\'), ('USERDOMAIN', 'LEGION'), ('USERDOMAIN_ROAMINGPROFILE', 'LEGION'), ('USERNAME', 'dsai9'), ('USERPROFILE', 'C:\\Users\\dsai9'), ('VBOX_MSI_INSTALL_PATH', 'C:\\Program Files\\Oracle\\VirtualBox\\'), ('VCIDEInstallDir', 'C:\\Program Files\\Microsoft Visual Studio\\2022\\Community\\Common7\\IDE\\VC\\'), ('VCINSTALLDIR', 'C:\\Program Files\\Microsoft Visual Studio\\2022\\Community\\VC\\'), ('VCPKG_ROOT', 'C:\\Program Files\\Microsoft Visual Studio\\2022\\Community\\VC\\vcpkg'), ('VCToolsInstallDir', 'C:\\Program Files\\Microsoft Visual Studio\\2022\\Community\\VC\\Tools\\MSVC\\14.40.33807\\'), ('VCToolsRedistDir', 'C:\\Program Files\\Microsoft Visual Studio\\2022\\Community\\VC\\Redist\\MSVC\\14.40.33807\\'), ('VCToolsVersion', '14.40.33807'), ('VCVARS_CMD', '"C:\\Program Files\\Microsoft Visual Studio\\2022\\Community\\VC\\Auxiliary\\Build\\VCVARSALL.BAT"'), ('VIRTUAL_ENV', 'C:\\Users\\dsai9\\AppData\\Roaming\\MathWorks\\MATLAB\\R2023b\\ros2\\win64\\venv'), ('VisualStudioVersion', '17.0'), ('VS170COMNTOOLS', 'C:\\Program Files\\Microsoft Visual Studio\\2022\\Community\\Common7\\Tools\\'), ('VSCMD_ARG_app_plat', 'Desktop'), ('VSCMD_ARG_HOST_ARCH', 'x86'), ('VSCMD_ARG_TGT_ARCH', 'x64'), ('VSCMD_VER', '17.10.1'), ('VSINSTALLDIR', 'C:\\Program Files\\Microsoft Visual Studio\\2022\\Community\\'), ('windir', 'C:\\WINDOWS'), ('WindowsLibPath', 'C:\\Program Files (x86)\\Windows Kits\\10\\UnionMetadata\\10.0.22621.0;C:\\Program Files (x86)\\Windows Kits\\10\\References\\10.0.22621.0'), ('WindowsSdkBinPath', 'C:\\Program Files (x86)\\Windows Kits\\10\\bin\\'), ('WindowsSdkDir', 'C:\\Program Files (x86)\\Windows Kits\\10\\'), ('WindowsSDKLibVersion', '10.0.22621.0\\'), ('WindowsSdkVerBinPath', 'C:\\Program Files (x86)\\Windows Kits\\10\\bin\\10.0.22621.0\\'), ('WindowsSDKVersion', '10.0.22621.0\\'), ('WindowsSDK_ExecutablePath_x64', 'C:\\Program Files (x86)\\Microsoft SDKs\\Windows\\v10.0A\\bin\\NETFX 4.8 Tools\\x64\\'), ('WindowsSDK_ExecutablePath_x86', 'C:\\Program Files (x86)\\Microsoft SDKs\\Windows\\v10.0A\\bin\\NETFX 4.8 Tools\\'), ('_all', '"C:\\Program Files\\Microsoft Visual Studio\\2022\\Community\\VC\\Auxiliary\\Build\\VCVARSALL.BAT" "C:\\Program Files\\MATLAB\\R2023b\\sys\\ros2\\win64\\ros2" "C:\\Users\\dsai9\\AppData\\Roaming\\MathWorks\\MATLAB\\R2023b\\ros2\\win64\\venv" "C:\\Program Files\\MATLAB\\R2023b\\bin\\win64\\cmake\\bin" build  --merge-install  --cmake-args -DCMAKE_BUILD_TYPE=Release -DBUILD_TESTING=OFF  -DALIAS_ROS2_TF2=1  -DCMAKE_CXX_FLAGS_RELEASE="/MD /Od /Ob2 /DNDEBUG"   -G Ninja'), ('_OLD_VIRTUAL_PATH', 'C:\\Program Files\\MATLAB\\R2023b\\bin\\win64;C:\\Program Files\\MATLAB\\R2023b\\toolbox\\shared\\coder\\ninja\\win64;C:\\Program Files\\MATLAB\\R2023b\\toolbox\\ros\\codertarget\\bin\\win64;C:\\Windows\\system32;C:\\Windows;C:\\Windows\\System32\\Wbem;C:\\Windows\\System32\\WindowsPowerShell\\v1.0\\;C:\\Windows\\System32\\OpenSSH\\;C:\\Program Files (x86)\\NVIDIA Corporation\\PhysX\\Common;C:\\WINDOWS\\system32;C:\\WINDOWS;C:\\WINDOWS\\System32\\Wbem;C:\\WINDOWS\\System32\\WindowsPowerShell\\v1.0\\;C:\\WINDOWS\\System32\\OpenSSH\\;C:\\MinGW\\bin;C:\\Program Files\\Git\\cmd;C:\\Program Files\\Wolfram Research\\WolframScript\\;C:\\Program Files\\Microsoft SQL Server\\Client SDK\\ODBC\\110\\Tools\\Binn\\;C:\\Program Files (x86)\\Microsoft SQL Server\\120\\Tools\\Binn\\;C:\\Program Files\\Microsoft SQL Server\\120\\Tools\\Binn\\;C:\\Program Files\\Microsoft SQL Server\\120\\DTS\\Binn\\;C:\\Program Files (x86)\\Windows Kits\\8.1\\Windows Performance Toolkit\\;C:\\Program Files\\Git LFS;C:\\Program Files\\MATLAB\\R2023b\\bin;C:\\Program Files (x86)\\Windows Kits\\10\\Windows Performance Toolkit\\;C:\\Users\\dsai9\\miniconda3;C:\\Users\\dsai9\\miniconda3\\Library\\mingw-w64\\bin;C:\\Users\\dsai9\\miniconda3\\Library\\usr\\bin;C:\\Users\\dsai9\\miniconda3\\Library\\bin;C:\\Users\\dsai9\\miniconda3\\Scripts;C:\\Users\\dsai9\\AppData\\Local\\Programs\\Python\\Launcher\\;C:\\Users\\dsai9\\AppData\\Local\\Microsoft\\WindowsApps;C:\\Users\\dsai9\\AppData\\Local\\Programs\\Microsoft VS Code\\bin'), ('_OLD_VIRTUAL_PROMPT', '$P$G'), ('__COMPAT_LAYER', 'RunAsAdmin'), ('__DOTNET_ADD_32BIT', '1'), ('__DOTNET_ADD_64BIT', '1'), ('__DOTNET_PREFERRED_BITNESS', '32'), ('__KMP_REGISTERED_LIB_25248', '00007FF834FA4D04-cafe20d2-libiomp5md.dll'), ('__VSCMD_PREINIT_PATH', 'C:\\Users\\dsai9\\AppData\\Roaming\\MathWorks\\MATLAB\\R2023b\\ros2\\win64\\venv\\Scripts;C:\\Program Files\\MATLAB\\R2023b\\bin\\win64;C:\\Program Files\\MATLAB\\R2023b\\toolbox\\shared\\coder\\ninja\\win64;C:\\Program Files\\MATLAB\\R2023b\\toolbox\\ros\\codertarget\\bin\\win64;C:\\Windows\\system32;C:\\Windows;C:\\Windows\\System32\\Wbem;C:\\Windows\\System32\\WindowsPowerShell\\v1.0\\;C:\\Windows\\System32\\OpenSSH\\;C:\\Program Files (x86)\\NVIDIA Corporation\\PhysX\\Common;C:\\WINDOWS\\system32;C:\\WINDOWS;C:\\WINDOWS\\System32\\Wbem;C:\\WINDOWS\\System32\\WindowsPowerShell\\v1.0\\;C:\\WINDOWS\\System32\\OpenSSH\\;C:\\MinGW\\bin;C:\\Program Files\\Git\\cmd;C:\\Program Files\\Wolfram Research\\WolframScript\\;C:\\Program Files\\Microsoft SQL Server\\Client SDK\\ODBC\\110\\Tools\\Binn\\;C:\\Program Files (x86)\\Microsoft SQL Server\\120\\Tools\\Binn\\;C:\\Program Files\\Microsoft SQL Server\\120\\Tools\\Binn\\;C:\\Program Files\\Microsoft SQL Server\\120\\DTS\\Binn\\;C:\\Program Files (x86)\\Windows Kits\\8.1\\Windows Performance Toolkit\\;C:\\Program Files\\Git LFS;C:\\Program Files\\MATLAB\\R2023b\\bin;C:\\Program Files (x86)\\Windows Kits\\10\\Windows Performance Toolkit\\;C:\\Users\\dsai9\\miniconda3;C:\\Users\\dsai9\\miniconda3\\Library\\mingw-w64\\bin;C:\\Users\\dsai9\\miniconda3\\Library\\usr\\bin;C:\\Users\\dsai9\\miniconda3\\Library\\bin;C:\\Users\\dsai9\\miniconda3\\Scripts;C:\\Users\\dsai9\\AppData\\Local\\Programs\\Python\\Launcher\\;C:\\Users\\dsai9\\AppData\\Local\\Microsoft\\WindowsApps;C:\\Users\\dsai9\\AppData\\Local\\Programs\\Microsoft VS Code\\bin')]), 'shell': False}
[0.219000] (-) TimerEvent: {}
[0.235000] (aerobot_interfaces) StdoutLine: {'line': b'[0/1] Re-running CMake...\r\n'}
[0.313000] (aerobot_interfaces) StdoutLine: {'line': b'-- Found ament_cmake: 1.3.3 (C:/Program Files/MATLAB/R2023b/sys/ros2/win64/ros2/share/ament_cmake/cmake)\n'}
[0.328000] (-) TimerEvent: {}
[0.438000] (-) TimerEvent: {}
[0.547000] (-) TimerEvent: {}
[0.657000] (-) TimerEvent: {}
[0.766000] (-) TimerEvent: {}
[0.875000] (-) TimerEvent: {}
[0.985000] (-) TimerEvent: {}
[0.985000] (aerobot_interfaces) StdoutLine: {'line': b'-- Found ament_cmake_ros: 0.10.0 (C:/Program Files/MATLAB/R2023b/sys/ros2/win64/ros2/share/ament_cmake_ros/cmake)\n'}
[1.000000] (aerobot_interfaces) StdoutLine: {'line': b'-- Found rosidl_typesupport_c: 2.0.0 (C:/Program Files/MATLAB/R2023b/sys/ros2/win64/ros2/share/rosidl_typesupport_c/cmake)\n'}
[1.016000] (aerobot_interfaces) StdoutLine: {'line': b'-- Using all available rosidl_typesupport_c: rosidl_typesupport_fastrtps_c;rosidl_typesupport_introspection_c\n'}
[1.016000] (aerobot_interfaces) StdoutLine: {'line': b'-- Found rosidl_adapter: 3.1.4 (C:/Program Files/MATLAB/R2023b/sys/ros2/win64/ros2/share/rosidl_adapter/cmake)\n'}
[1.094000] (-) TimerEvent: {}
[1.125000] (aerobot_interfaces) StdoutLine: {'line': b'-- Found rosidl_typesupport_cpp: 2.0.0 (C:/Program Files/MATLAB/R2023b/sys/ros2/win64/ros2/share/rosidl_typesupport_cpp/cmake)\n'}
[1.125000] (aerobot_interfaces) StdoutLine: {'line': b'-- Using all available rosidl_typesupport_cpp: rosidl_typesupport_fastrtps_cpp;rosidl_typesupport_introspection_cpp\n'}
[1.188000] (aerobot_interfaces) StdoutLine: {'line': b'-- Found rosidl_default_generators: 1.2.0 (C:/Program Files/MATLAB/R2023b/sys/ros2/win64/ros2/share/rosidl_default_generators/cmake)\n'}
[1.203000] (aerobot_interfaces) StdoutLine: {'line': b'-- Found class_loader: 2.2.0 (C:/Program Files/MATLAB/R2023b/sys/ros2/win64/ros2/share/class_loader/cmake)\n'}
[1.203000] (-) TimerEvent: {}
[1.219000] (aerobot_interfaces) StdoutLine: {'line': b'-- Found rclcpp: 16.0.3 (C:/Program Files/MATLAB/R2023b/sys/ros2/win64/ros2/share/rclcpp/cmake)\n'}
[1.313000] (-) TimerEvent: {}
[1.422000] (aerobot_interfaces) StdoutLine: {'line': b'-- Found rmw_implementation_cmake: 6.1.1 (C:/Program Files/MATLAB/R2023b/sys/ros2/win64/ros2/share/rmw_implementation_cmake/cmake)\n'}
[1.422000] (-) TimerEvent: {}
[1.422000] (aerobot_interfaces) StdoutLine: {'line': b'-- Found rmw_fastrtps_cpp: 6.2.2 (C:/Program Files/MATLAB/R2023b/sys/ros2/win64/ros2/share/rmw_fastrtps_cpp/cmake)\n'}
[1.532000] (-) TimerEvent: {}
[1.641000] (-) TimerEvent: {}
[1.750000] (-) TimerEvent: {}
[1.860000] (-) TimerEvent: {}
[1.860000] (aerobot_interfaces) StdoutLine: {'line': b"-- Using RMW implementation 'rmw_fastrtps_cpp' as default\n"}
[1.969000] (-) TimerEvent: {}
[2.078000] (-) TimerEvent: {}
[2.188000] (-) TimerEvent: {}
[2.297000] (-) TimerEvent: {}
[2.407000] (-) TimerEvent: {}
[2.516000] (-) TimerEvent: {}
[2.625000] (-) TimerEvent: {}
[2.735000] (-) TimerEvent: {}
[2.844000] (-) TimerEvent: {}
[2.953000] (-) TimerEvent: {}
[3.063000] (-) TimerEvent: {}
[3.172000] (-) TimerEvent: {}
[3.188000] (aerobot_interfaces) StdoutLine: {'line': b'-- Using all available rosidl_typesupport_c: rosidl_typesupport_fastrtps_c;rosidl_typesupport_introspection_c\n'}
[3.282000] (-) TimerEvent: {}
[3.391000] (-) TimerEvent: {}
[3.500000] (-) TimerEvent: {}
[3.610000] (-) TimerEvent: {}
[3.672000] (aerobot_interfaces) StdoutLine: {'line': b'-- Using all available rosidl_typesupport_cpp: rosidl_typesupport_fastrtps_cpp;rosidl_typesupport_introspection_cpp\n'}
[3.719000] (-) TimerEvent: {}
[3.813000] (aerobot_interfaces) StdoutLine: {'line': b'-- Configuring done\n'}
[3.828000] (-) TimerEvent: {}
[3.938000] (-) TimerEvent: {}
[4.047000] (-) TimerEvent: {}
[4.063000] (aerobot_interfaces) StdoutLine: {'line': b'-- Generating done\n'}
[4.110000] (aerobot_interfaces) StdoutLine: {'line': b'-- Build files have been written to: C:/Users/dsai9/OneDrive/Documents/BNO055/custom/matlab_msg_gen/win64/build/aerobot_interfaces\n'}
[4.157000] (-) TimerEvent: {}
[4.266000] (-) TimerEvent: {}
[4.375000] (-) TimerEvent: {}
[4.485000] (-) TimerEvent: {}
[4.594000] (-) TimerEvent: {}
[4.672000] (aerobot_interfaces) StdoutLine: {'line': b'[1/32] Generating C++ code for ROS interfaces\r\n'}
[4.703000] (aerobot_interfaces) StdoutLine: {'line': b'[2/32] Generating C code for ROS interfaces\r\n'}
[4.703000] (-) TimerEvent: {}
[4.813000] (-) TimerEvent: {}
[4.922000] (-) TimerEvent: {}
[5.032000] (-) TimerEvent: {}
[5.141000] (-) TimerEvent: {}
[5.203000] (aerobot_interfaces) StdoutLine: {'line': b'[3/32] Building C object CMakeFiles\\aerobot_interfaces__rosidl_generator_c.dir\\rosidl_generator_c\\aerobot_interfaces\\srv\\detail\\esc_srv__functions.c.obj\r\n'}
[5.203000] (aerobot_interfaces) StdoutLine: {'line': b'[4/32] Building C object CMakeFiles\\aerobot_interfaces__rosidl_generator_c.dir\\rosidl_generator_c\\aerobot_interfaces\\msg\\detail\\esc_msg__functions.c.obj\r\n'}
[5.250000] (-) TimerEvent: {}
[5.328000] (aerobot_interfaces) StdoutLine: {'line': b'[5/32] Generating C++ type support dispatch for ROS interfaces\r\n'}
[5.360000] (-) TimerEvent: {}
[5.375000] (aerobot_interfaces) StdoutLine: {'line': b'[6/32] Generating C++ introspection for ROS interfaces\r\n'}
[5.453000] (aerobot_interfaces) StdoutLine: {'line': b'[7/32] Generating C++ type support for eProsima Fast-RTPS\r\n'}
[5.469000] (-) TimerEvent: {}
[5.578000] (-) TimerEvent: {}
[5.594000] (aerobot_interfaces) StdoutLine: {'line': b'[8/32] Linking C shared library aerobot_interfaces__rosidl_generator_c.dll\r\n'}
[5.688000] (-) TimerEvent: {}
[5.797000] (-) TimerEvent: {}
[5.922000] (-) TimerEvent: {}
[6.032000] (-) TimerEvent: {}
[6.125000] (aerobot_interfaces) StdoutLine: {'line': b'[9/32] Building CXX object CMakeFiles\\aerobot_interfaces__rosidl_typesupport_cpp.dir\\rosidl_typesupport_cpp\\aerobot_interfaces\\msg\\esc_msg__type_support.cpp.obj\r\n'}
[6.141000] (-) TimerEvent: {}
[6.141000] (aerobot_interfaces) StdoutLine: {'line': b'[10/32] Building CXX object CMakeFiles\\aerobot_interfaces__rosidl_typesupport_cpp.dir\\rosidl_typesupport_cpp\\aerobot_interfaces\\srv\\esc_srv__type_support.cpp.obj\r\n'}
[6.219000] (aerobot_interfaces) StdoutLine: {'line': b'[11/32] Building CXX object CMakeFiles\\aerobot_interfaces__rosidl_typesupport_introspection_cpp.dir\\067b130b49f0a068dc86090e8b96bffa\\srv\\detail\\esc_srv__type_support.cpp.obj\r\n'}
[6.219000] (aerobot_interfaces) StdoutLine: {'line': b'[12/32] Building CXX object CMakeFiles\\aerobot_interfaces__rosidl_typesupport_introspection_cpp.dir\\067b130b49f0a068dc86090e8b96bffa\\msg\\detail\\esc_msg__type_support.cpp.obj\r\n'}
[6.250000] (-) TimerEvent: {}
[6.360000] (-) TimerEvent: {}
[6.469000] (-) TimerEvent: {}
[6.578000] (aerobot_interfaces) StdoutLine: {'line': b'[13/32] Generating C type support dispatch for ROS interfaces\r\n'}
[6.578000] (-) TimerEvent: {}
[6.594000] (aerobot_interfaces) StdoutLine: {'line': b'[14/32] Linking CXX shared library aerobot_interfaces__rosidl_typesupport_cpp.dll\r\n'}
[6.625000] (aerobot_interfaces) StdoutLine: {'line': b'[15/32] Building CXX object CMakeFiles\\aerobot_interfaces__rosidl_typesupport_fastrtps_cpp.dir\\e64c7bb9fb84a848e76df4b1f18969b3\\msg\\detail\\dds_fastrtps\\esc_msg__type_support.cpp.obj\r\n'}
[6.625000] (aerobot_interfaces) StdoutLine: {'line': b"cl : Command line warning D9025 : overriding '/W3' with '/W4'\n"}
[6.657000] (aerobot_interfaces) StdoutLine: {'line': b'[16/32] Linking CXX shared library aerobot_interfaces__rosidl_typesupport_introspection_cpp.dll\r\n'}
[6.688000] (-) TimerEvent: {}
[6.703000] (aerobot_interfaces) StdoutLine: {'line': b'[17/32] Building CXX object CMakeFiles\\aerobot_interfaces__rosidl_typesupport_fastrtps_cpp.dir\\e64c7bb9fb84a848e76df4b1f18969b3\\srv\\detail\\dds_fastrtps\\esc_srv__type_support.cpp.obj\r\n'}
[6.703000] (aerobot_interfaces) StdoutLine: {'line': b"cl : Command line warning D9025 : overriding '/W3' with '/W4'\n"}
[6.719000] (aerobot_interfaces) StdoutLine: {'line': b'[18/32] Generating C type support for eProsima Fast-RTPS\r\n'}
[6.735000] (aerobot_interfaces) StdoutLine: {'line': b'[19/32] Generating C introspection for ROS interfaces\r\n'}
[6.797000] (-) TimerEvent: {}
[6.813000] (aerobot_interfaces) StdoutLine: {'line': b'[20/32] Building CXX object CMakeFiles\\aerobot_interfaces__rosidl_typesupport_c.dir\\rosidl_typesupport_c\\aerobot_interfaces\\msg\\esc_msg__type_support.cpp.obj\r\n'}
[6.813000] (aerobot_interfaces) StdoutLine: {'line': b'[21/32] Building CXX object CMakeFiles\\aerobot_interfaces__rosidl_typesupport_c.dir\\rosidl_typesupport_c\\aerobot_interfaces\\srv\\esc_srv__type_support.cpp.obj\r\n'}
[6.891000] (aerobot_interfaces) StdoutLine: {'line': b'[22/32] Building C object CMakeFiles\\aerobot_interfaces__rosidl_typesupport_introspection_c.dir\\eef8357749c14c2fc9e9e30e2931c84e\\msg\\detail\\esc_msg__type_support.c.obj\r\n'}
[6.891000] (aerobot_interfaces) StdoutLine: {'line': b'[23/32] Building C object CMakeFiles\\aerobot_interfaces__rosidl_typesupport_introspection_c.dir\\eef8357749c14c2fc9e9e30e2931c84e\\srv\\detail\\esc_srv__type_support.c.obj\r\n'}
[6.907000] (-) TimerEvent: {}
[7.016000] (-) TimerEvent: {}
[7.063000] (aerobot_interfaces) StdoutLine: {'line': b'[24/32] Linking CXX shared library aerobot_interfaces__rosidl_typesupport_fastrtps_cpp.dll\r\n'}
[7.125000] (-) TimerEvent: {}
[7.172000] (aerobot_interfaces) StdoutLine: {'line': b'[25/32] Linking CXX shared library aerobot_interfaces__rosidl_typesupport_c.dll\r\n'}
[7.219000] (aerobot_interfaces) StdoutLine: {'line': b'[26/32] Linking C shared library aerobot_interfaces__rosidl_typesupport_introspection_c.dll\r\n'}
[7.235000] (-) TimerEvent: {}
[7.344000] (-) TimerEvent: {}
[7.453000] (-) TimerEvent: {}
[7.563000] (aerobot_interfaces) StdoutLine: {'line': b'[27/32] Building CXX object CMakeFiles\\aerobot_interfaces__rosidl_typesupport_fastrtps_c.dir\\277c4956b542f48767dcb3729b2b4fe3\\msg\\detail\\esc_msg__type_support_c.cpp.obj\r\n'}
[7.563000] (-) TimerEvent: {}
[7.563000] (aerobot_interfaces) StdoutLine: {'line': b"cl : Command line warning D9025 : overriding '/W3' with '/W4'\n"}
[7.578000] (aerobot_interfaces) StdoutLine: {'line': b'[28/32] Building CXX object CMakeFiles\\aerobot_interfaces__rosidl_typesupport_fastrtps_c.dir\\277c4956b542f48767dcb3729b2b4fe3\\srv\\detail\\esc_srv__type_support_c.cpp.obj\r\n'}
[7.578000] (aerobot_interfaces) StdoutLine: {'line': b"cl : Command line warning D9025 : overriding '/W3' with '/W4'\n"}
[7.672000] (-) TimerEvent: {}
[7.782000] (-) TimerEvent: {}
[7.797000] (aerobot_interfaces) StdoutLine: {'line': b'[29/32] Linking CXX shared library aerobot_interfaces__rosidl_typesupport_fastrtps_c.dll\r\n'}
[7.891000] (-) TimerEvent: {}
[8.000000] (-) TimerEvent: {}
[8.110000] (-) TimerEvent: {}
[8.219000] (-) TimerEvent: {}
[8.328000] (-) TimerEvent: {}
[8.438000] (-) TimerEvent: {}
[8.547000] (-) TimerEvent: {}
[8.657000] (-) TimerEvent: {}
[8.782000] (-) TimerEvent: {}
[8.891000] (-) TimerEvent: {}
[9.000000] (-) TimerEvent: {}
[9.110000] (-) TimerEvent: {}
[9.219000] (-) TimerEvent: {}
[9.328000] (-) TimerEvent: {}
[9.438000] (-) TimerEvent: {}
[9.547000] (-) TimerEvent: {}
[9.657000] (-) TimerEvent: {}
[9.782000] (-) TimerEvent: {}
[9.891000] (-) TimerEvent: {}
[10.000000] (-) TimerEvent: {}
[10.110000] (-) TimerEvent: {}
[10.219000] (-) TimerEvent: {}
[10.328000] (-) TimerEvent: {}
[10.438000] (-) TimerEvent: {}
[10.547000] (-) TimerEvent: {}
[10.657000] (-) TimerEvent: {}
[10.766000] (-) TimerEvent: {}
[10.875000] (-) TimerEvent: {}
[11.000000] (-) TimerEvent: {}
[11.110000] (-) TimerEvent: {}
[11.219000] (-) TimerEvent: {}
[11.328000] (-) TimerEvent: {}
[11.438000] (-) TimerEvent: {}
[11.547000] (-) TimerEvent: {}
[11.657000] (-) TimerEvent: {}
[11.766000] (-) TimerEvent: {}
[11.875000] (-) TimerEvent: {}
[11.985000] (-) TimerEvent: {}
[12.094000] (-) TimerEvent: {}
[12.203000] (-) TimerEvent: {}
[12.313000] (-) TimerEvent: {}
[12.422000] (-) TimerEvent: {}
[12.532000] (-) TimerEvent: {}
[12.641000] (-) TimerEvent: {}
[12.750000] (-) TimerEvent: {}
[12.875000] (-) TimerEvent: {}
[12.985000] (-) TimerEvent: {}
[13.094000] (-) TimerEvent: {}
[13.203000] (-) TimerEvent: {}
[13.313000] (-) TimerEvent: {}
[13.422000] (-) TimerEvent: {}
[13.532000] (-) TimerEvent: {}
[13.641000] (-) TimerEvent: {}
[13.750000] (-) TimerEvent: {}
[13.860000] (-) TimerEvent: {}
[13.969000] (-) TimerEvent: {}
[14.032000] (aerobot_interfaces) StdoutLine: {'line': b'[30/32] Building CXX object CMakeFiles\\aerobot_interfaces_matlab.dir\\src\\aerobot_interfaces_EscMsg_message.cpp.obj\r\n'}
[14.032000] (aerobot_interfaces) StdoutLine: {'line': b"C:\\Users\\dsai9\\OneDrive\\Documents\\BNO055\\custom\\matlab_msg_gen\\win64\\src\\aerobot_interfaces\\src\\aerobot_interfaces_EscMsg_message.cpp(28): warning C4275: non dll-interface class 'MATLABROS2MsgInterfaceBase' used as base for dll-interface class 'MATLABROS2MsgInterface<aerobot_interfaces::msg::EscMsg>'\n"}
[14.032000] (aerobot_interfaces) StdoutLine: {'line': b"C:\\Program Files\\MATLAB\\R2023b\\toolbox\\ros\\include\\ros2\\MATLABROS2MsgInterface.hpp(50): note: see declaration of 'MATLABROS2MsgInterfaceBase'\n"}
[14.032000] (aerobot_interfaces) StdoutLine: {'line': b"C:\\Program Files\\MATLAB\\R2023b\\toolbox\\ros\\include\\ros2\\MATLABROS2MsgInterface.hpp(104): note: see declaration of 'MATLABROS2MsgInterface<aerobot_interfaces::msg::EscMsg>'\n"}
[14.032000] (aerobot_interfaces) StdoutLine: {'line': b"C:\\Users\\dsai9\\OneDrive\\Documents\\BNO055\\custom\\matlab_msg_gen\\win64\\src\\aerobot_interfaces\\src\\aerobot_interfaces_EscMsg_message.cpp(71): warning C4275: non dll-interface class 'ROS2MsgElementInterfaceFactory' used as base for dll-interface class 'ros2_aerobot_interfaces_EscMsg_message'\n"}
[14.032000] (aerobot_interfaces) StdoutLine: {'line': b"C:\\Program Files\\MATLAB\\R2023b\\toolbox\\ros\\include\\ros2\\MATLABROS2MsgInterface.hpp(55): note: see declaration of 'ROS2MsgElementInterfaceFactory'\n"}
[14.032000] (aerobot_interfaces) StdoutLine: {'line': b"C:\\Users\\dsai9\\OneDrive\\Documents\\BNO055\\custom\\matlab_msg_gen\\win64\\src\\aerobot_interfaces\\src\\aerobot_interfaces_EscMsg_message.cpp(71): note: see declaration of 'ros2_aerobot_interfaces_EscMsg_message'\n"}
[14.078000] (-) TimerEvent: {}
[14.203000] (-) TimerEvent: {}
[14.313000] (-) TimerEvent: {}
[14.422000] (-) TimerEvent: {}
[14.532000] (-) TimerEvent: {}
[14.641000] (-) TimerEvent: {}
[14.750000] (-) TimerEvent: {}
[14.860000] (-) TimerEvent: {}
[14.969000] (-) TimerEvent: {}
[15.078000] (-) TimerEvent: {}
[15.188000] (-) TimerEvent: {}
[15.313000] (-) TimerEvent: {}
[15.422000] (-) TimerEvent: {}
[15.532000] (-) TimerEvent: {}
[15.641000] (-) TimerEvent: {}
[15.750000] (-) TimerEvent: {}
[15.860000] (-) TimerEvent: {}
[15.907000] (aerobot_interfaces) StdoutLine: {'line': b'[31/32] Building CXX object CMakeFiles\\aerobot_interfaces_matlab.dir\\src\\aerobot_interfaces_EscSrv_service.cpp.obj\r\n'}
[15.907000] (aerobot_interfaces) StdoutLine: {'line': b"C:\\Users\\dsai9\\OneDrive\\Documents\\BNO055\\custom\\matlab_msg_gen\\win64\\src\\aerobot_interfaces\\src\\aerobot_interfaces_EscSrv_service.cpp(38): warning C4275: non dll-interface class 'MATLABROS2MsgInterfaceBase' used as base for dll-interface class 'MATLABROS2MsgInterface<aerobot_interfaces::srv::EscSrv::Request>'\n"}
[15.907000] (aerobot_interfaces) StdoutLine: {'line': b"C:\\Program Files\\MATLAB\\R2023b\\toolbox\\ros\\include\\ros2\\MATLABROS2MsgInterface.hpp(50): note: see declaration of 'MATLABROS2MsgInterfaceBase'\n"}
[15.907000] (aerobot_interfaces) StdoutLine: {'line': b"C:\\Program Files\\MATLAB\\R2023b\\toolbox\\ros\\include\\ros2\\MATLABROS2MsgInterface.hpp(104): note: see declaration of 'MATLABROS2MsgInterface<aerobot_interfaces::srv::EscSrv::Request>'\n"}
[15.907000] (aerobot_interfaces) StdoutLine: {'line': b"C:\\Users\\dsai9\\OneDrive\\Documents\\BNO055\\custom\\matlab_msg_gen\\win64\\src\\aerobot_interfaces\\src\\aerobot_interfaces_EscSrv_service.cpp(80): warning C4275: non dll-interface class 'MATLABROS2MsgInterfaceBase' used as base for dll-interface class 'MATLABROS2MsgInterface<aerobot_interfaces::srv::EscSrv::Response>'\n"}
[15.907000] (aerobot_interfaces) StdoutLine: {'line': b"C:\\Program Files\\MATLAB\\R2023b\\toolbox\\ros\\include\\ros2\\MATLABROS2MsgInterface.hpp(50): note: see declaration of 'MATLABROS2MsgInterfaceBase'\n"}
[15.907000] (aerobot_interfaces) StdoutLine: {'line': b"C:\\Program Files\\MATLAB\\R2023b\\toolbox\\ros\\include\\ros2\\MATLABROS2MsgInterface.hpp(104): note: see declaration of 'MATLABROS2MsgInterface<aerobot_interfaces::srv::EscSrv::Response>'\n"}
[15.907000] (aerobot_interfaces) StdoutLine: {'line': b"C:\\Users\\dsai9\\OneDrive\\Documents\\BNO055\\custom\\matlab_msg_gen\\win64\\src\\aerobot_interfaces\\src\\aerobot_interfaces_EscSrv_service.cpp(110): warning C4275: non dll-interface class 'ROS2MsgElementInterfaceFactory' used as base for dll-interface class 'ros2_aerobot_interfaces_EscSrv_service'\n"}
[15.907000] (aerobot_interfaces) StdoutLine: {'line': b"C:\\Program Files\\MATLAB\\R2023b\\toolbox\\ros\\include\\ros2\\MATLABROS2MsgInterface.hpp(55): note: see declaration of 'ROS2MsgElementInterfaceFactory'\n"}
[15.907000] (aerobot_interfaces) StdoutLine: {'line': b"C:\\Users\\dsai9\\OneDrive\\Documents\\BNO055\\custom\\matlab_msg_gen\\win64\\src\\aerobot_interfaces\\src\\aerobot_interfaces_EscSrv_service.cpp(110): note: see declaration of 'ros2_aerobot_interfaces_EscSrv_service'\n"}
[15.969000] (-) TimerEvent: {}
[16.078000] (-) TimerEvent: {}
[16.188000] (-) TimerEvent: {}
[16.282000] (aerobot_interfaces) StdoutLine: {'line': b'[32/32] Linking CXX shared library aerobot_interfaces_matlab.dll\r\n'}
[16.297000] (aerobot_interfaces) CommandEnded: {'returncode': 0}
[16.297000] (-) TimerEvent: {}
[16.375000] (aerobot_interfaces) JobProgress: {'identifier': 'aerobot_interfaces', 'progress': 'install'}
[16.407000] (aerobot_interfaces) Command: {'cmd': ['C:\\Program Files\\MATLAB\\R2023b\\bin\\win64\\cmake\\bin\\cmake.EXE', '--install', 'C:\\Users\\dsai9\\OneDrive\\Documents\\BNO055\\custom\\matlab_msg_gen\\win64\\build\\aerobot_interfaces'], 'cwd': 'C:\\Users\\dsai9\\OneDrive\\Documents\\BNO055\\custom\\matlab_msg_gen\\win64\\build\\aerobot_interfaces', 'env': OrderedDict([('ACTUAL_CMD_PARAM', 'build  --merge-install  --cmake-args -DCMAKE_BUILD_TYPE=Release -DBUILD_TESTING=OFF  -DALIAS_ROS2_TF2=1  -DCMAKE_CXX_FLAGS_RELEASE="/MD /Od /Ob2 /DNDEBUG"   -G Ninja'), ('ACTUAL_ENV_CMD_PARAM', '"C:\\Program Files\\MATLAB\\R2023b\\bin\\win64\\cmake\\bin" build  --merge-install  --cmake-args -DCMAKE_BUILD_TYPE=Release -DBUILD_TESTING=OFF  -DALIAS_ROS2_TF2=1  -DCMAKE_CXX_FLAGS_RELEASE="/MD /Od /Ob2 /DNDEBUG"   -G Ninja'), ('ALLUSERSPROFILE', 'C:\\ProgramData'), ('AMENT_PREFIX_PATH', 'C:/Users/dsai9/OneDrive/Documents/BNO055/custom/matlab_msg_gen/win64/install;C:\\Program Files\\MATLAB\\R2023b\\sys\\ros2\\win64\\ros2;C:\\Program Files\\MATLAB\\R2023b\\sys\\ros2\\win64\\ros2'), ('APPDATA', 'C:\\Users\\dsai9\\AppData\\Roaming'), ('CMAKE_PATH', 'C:\\Program Files\\MATLAB\\R2023b\\bin\\win64\\cmake\\bin'), ('CMAKE_PREFIX_PATH', 'C:/Users/dsai9/OneDrive/Documents/BNO055/custom/matlab_msg_gen/win64/install;C:\\Program Files\\MATLAB\\R2023b\\sys\\ros2\\win64\\ros2;C:\\Program Files\\MATLAB\\R2023b\\sys\\ros2\\win64\\ros2'), ('COLCON', '1'), ('COLCON_PREFIX_PATH', 'C:/Users/dsai9/OneDrive/Documents/BNO055/custom/matlab_msg_gen/win64/install;C:\\Program Files\\MATLAB\\R2023b\\sys\\ros2\\win64\\ros2;C:\\Program Files\\MATLAB\\R2023b\\sys\\ros2\\win64\\ros2'), ('CommandPromptType', 'Cross'), ('CommonProgramFiles', 'C:\\Program Files\\Common Files'), ('CommonProgramFiles(x86)', 'C:\\Program Files (x86)\\Common Files'), ('CommonProgramW6432', 'C:\\Program Files\\Common Files'), ('COMPUTERNAME', 'LEGION'), ('ComSpec', 'C:\\WINDOWS\\system32\\cmd.exe'), ('CUSTOM_AMENT_PREFIX_PATH', 'C:/Users/dsai9/OneDrive/Documents/BNO055/custom/matlab_msg_gen/win64/install;C:\\Program Files\\MATLAB\\R2023b\\sys\\ros2\\win64\\ros2'), ('DevEnvDir', 'C:\\Program Files\\Microsoft Visual Studio\\2022\\Community\\Common7\\IDE\\'), ('DISPLAY', '127.0.0.1:0.0'), ('DriverData', 'C:\\Windows\\System32\\Drivers\\DriverData'), ('ExtensionSdkDir', 'C:\\Program Files (x86)\\Microsoft SDKs\\Windows Kits\\10\\ExtensionSDKs'), ('EXTERNAL_INCLUDE', 'C:\\Program Files\\Microsoft Visual Studio\\2022\\Community\\VC\\Tools\\MSVC\\14.40.33807\\include;C:\\Program Files\\Microsoft Visual Studio\\2022\\Community\\VC\\Tools\\MSVC\\14.40.33807\\ATLMFC\\include;C:\\Program Files\\Microsoft Visual Studio\\2022\\Community\\VC\\Auxiliary\\VS\\include;C:\\Program Files (x86)\\Windows Kits\\10\\include\\10.0.22621.0\\ucrt;C:\\Program Files (x86)\\Windows Kits\\10\\\\include\\10.0.22621.0\\\\um;C:\\Program Files (x86)\\Windows Kits\\10\\\\include\\10.0.22621.0\\\\shared;C:\\Program Files (x86)\\Windows Kits\\10\\\\include\\10.0.22621.0\\\\winrt;C:\\Program Files (x86)\\Windows Kits\\10\\\\include\\10.0.22621.0\\\\cppwinrt;C:\\Program Files (x86)\\Windows Kits\\NETFXSDK\\4.8\\include\\um'), ('Framework40Version', 'v4.0'), ('FrameworkDir', 'C:\\Windows\\Microsoft.NET\\Framework\\'), ('FrameworkDir32', 'C:\\Windows\\Microsoft.NET\\Framework\\'), ('FrameworkDir64', 'C:\\Windows\\Microsoft.NET\\Framework64\\'), ('FrameworkVersion', 'v4.0.30319'), ('FrameworkVersion32', 'v4.0.30319'), ('FrameworkVersion64', 'v4.0.30319'), ('GIT_LFS_PATH', 'C:\\Program Files\\Git LFS'), ('HOMEDRIVE', 'C:'), ('HOMEPATH', '\\Users\\dsai9'), ('ICU_TIMEZONE_FILES_DIR', 'C:\\Program Files\\MATLAB\\R2023b/bin/icutzdata'), ('INCLUDE', 'C:\\Program Files\\Microsoft Visual Studio\\2022\\Community\\VC\\Tools\\MSVC\\14.40.33807\\include;C:\\Program Files\\Microsoft Visual Studio\\2022\\Community\\VC\\Tools\\MSVC\\14.40.33807\\ATLMFC\\include;C:\\Program Files\\Microsoft Visual Studio\\2022\\Community\\VC\\Auxiliary\\VS\\include;C:\\Program Files (x86)\\Windows Kits\\10\\include\\10.0.22621.0\\ucrt;C:\\Program Files (x86)\\Windows Kits\\10\\\\include\\10.0.22621.0\\\\um;C:\\Program Files (x86)\\Windows Kits\\10\\\\include\\10.0.22621.0\\\\shared;C:\\Program Files (x86)\\Windows Kits\\10\\\\include\\10.0.22621.0\\\\winrt;C:\\Program Files (x86)\\Windows Kits\\10\\\\include\\10.0.22621.0\\\\cppwinrt;C:\\Program Files (x86)\\Windows Kits\\NETFXSDK\\4.8\\include\\um'), ('KMP_HANDLE_SIGNALS', '0'), ('LIB', 'C:\\Program Files\\Microsoft Visual Studio\\2022\\Community\\VC\\Tools\\MSVC\\14.40.33807\\ATLMFC\\lib\\x64;C:\\Program Files\\Microsoft Visual Studio\\2022\\Community\\VC\\Tools\\MSVC\\14.40.33807\\lib\\x64;C:\\Program Files (x86)\\Windows Kits\\NETFXSDK\\4.8\\lib\\um\\x64;C:\\Program Files (x86)\\Windows Kits\\10\\lib\\10.0.22621.0\\ucrt\\x64;C:\\Program Files (x86)\\Windows Kits\\10\\\\lib\\10.0.22621.0\\\\um\\x64'), ('LIBPATH', 'C:\\Program Files\\Microsoft Visual Studio\\2022\\Community\\VC\\Tools\\MSVC\\14.40.33807\\ATLMFC\\lib\\x64;C:\\Program Files\\Microsoft Visual Studio\\2022\\Community\\VC\\Tools\\MSVC\\14.40.33807\\lib\\x64;C:\\Program Files\\Microsoft Visual Studio\\2022\\Community\\VC\\Tools\\MSVC\\14.40.33807\\lib\\x86\\store\\references;C:\\Program Files (x86)\\Windows Kits\\10\\UnionMetadata\\10.0.22621.0;C:\\Program Files (x86)\\Windows Kits\\10\\References\\10.0.22621.0;C:\\Windows\\Microsoft.NET\\Framework\\v4.0.30319'), ('LOCALAPPDATA', 'C:\\Users\\dsai9\\AppData\\Local'), ('LOGONSERVER', '\\\\LEGION'), ('MATLAB_ARCH', 'win64'), ('MW_MINGW64_LOC', 'C:\\ProgramData\\MATLAB\\SupportPackages\\R2023b\\3P.instrset\\mingw_w64.instrset'), ('NETFXSDKDir', 'C:\\Program Files (x86)\\Windows Kits\\NETFXSDK\\4.8\\'), ('NUMBER_OF_PROCESSORS', '12'), ('OneDrive', 'C:\\Users\\dsai9\\OneDrive'), ('OS', 'Windows_NT'), ('Path', 'C:\\Program Files\\MATLAB\\R2023b\\bin\\win64\\cmake\\bin;;C:\\Program Files\\MATLAB\\R2023b\\sys\\ros2\\win64\\ros2\\Scripts;C:\\Program Files\\MATLAB\\R2023b\\sys\\ros2\\win64\\ros2\\bin;C:\\Program Files\\Microsoft Visual Studio\\2022\\Community\\VC\\Tools\\MSVC\\14.40.33807\\bin\\HostX86\\x64;C:\\Program Files\\Microsoft Visual Studio\\2022\\Community\\VC\\Tools\\MSVC\\14.40.33807\\bin\\HostX86\\x86;C:\\Program Files\\Microsoft Visual Studio\\2022\\Community\\Common7\\IDE\\VC\\VCPackages;C:\\Program Files\\Microsoft Visual Studio\\2022\\Community\\Common7\\IDE\\CommonExtensions\\Microsoft\\TestWindow;C:\\Program Files\\Microsoft Visual Studio\\2022\\Community\\Common7\\IDE\\CommonExtensions\\Microsoft\\TeamFoundation\\Team Explorer;C:\\Program Files\\Microsoft Visual Studio\\2022\\Community\\MSBuild\\Current\\bin\\Roslyn;C:\\Program Files (x86)\\Microsoft SDKs\\Windows\\v10.0A\\bin\\NETFX 4.8 Tools\\;C:\\Program Files\\Microsoft Visual Studio\\2022\\Community\\Team Tools\\DiagnosticsHub\\Collector;C:\\Program Files (x86)\\Windows Kits\\10\\bin\\10.0.22621.0\\\\x86;C:\\Program Files (x86)\\Windows Kits\\10\\bin\\\\x86;C:\\Program Files\\Microsoft Visual Studio\\2022\\Community\\\\MSBuild\\Current\\Bin\\amd64;C:\\Windows\\Microsoft.NET\\Framework\\v4.0.30319;C:\\Program Files\\Microsoft Visual Studio\\2022\\Community\\Common7\\IDE\\;C:\\Program Files\\Microsoft Visual Studio\\2022\\Community\\Common7\\Tools\\;C:\\Users\\dsai9\\AppData\\Roaming\\MathWorks\\MATLAB\\R2023b\\ros2\\win64\\venv\\Scripts;C:\\Program Files\\MATLAB\\R2023b\\bin\\win64;C:\\Program Files\\MATLAB\\R2023b\\toolbox\\shared\\coder\\ninja\\win64;C:\\Program Files\\MATLAB\\R2023b\\toolbox\\ros\\codertarget\\bin\\win64;C:\\Windows\\system32;C:\\Windows;C:\\Windows\\System32\\Wbem;C:\\Windows\\System32\\WindowsPowerShell\\v1.0\\;C:\\Windows\\System32\\OpenSSH\\;C:\\Program Files (x86)\\NVIDIA Corporation\\PhysX\\Common;C:\\WINDOWS\\system32;C:\\WINDOWS;C:\\WINDOWS\\System32\\Wbem;C:\\WINDOWS\\System32\\WindowsPowerShell\\v1.0\\;C:\\WINDOWS\\System32\\OpenSSH\\;C:\\MinGW\\bin;C:\\Program Files\\Git\\cmd;C:\\Program Files\\Wolfram Research\\WolframScript\\;C:\\Program Files\\Microsoft SQL Server\\Client SDK\\ODBC\\110\\Tools\\Binn\\;C:\\Program Files (x86)\\Microsoft SQL Server\\120\\Tools\\Binn\\;C:\\Program Files\\Microsoft SQL Server\\120\\Tools\\Binn\\;C:\\Program Files\\Microsoft SQL Server\\120\\DTS\\Binn\\;C:\\Program Files (x86)\\Windows Kits\\8.1\\Windows Performance Toolkit\\;C:\\Program Files\\Git LFS;C:\\Program Files\\MATLAB\\R2023b\\bin;C:\\Program Files (x86)\\Windows Kits\\10\\Windows Performance Toolkit\\;C:\\Users\\dsai9\\miniconda3;C:\\Users\\dsai9\\miniconda3\\Library\\mingw-w64\\bin;C:\\Users\\dsai9\\miniconda3\\Library\\usr\\bin;C:\\Users\\dsai9\\miniconda3\\Library\\bin;C:\\Users\\dsai9\\miniconda3\\Scripts;C:\\Users\\dsai9\\AppData\\Local\\Programs\\Python\\Launcher\\;C:\\Users\\dsai9\\AppData\\Local\\Microsoft\\WindowsApps;C:\\Users\\dsai9\\AppData\\Local\\Programs\\Microsoft VS Code\\bin;C:\\Program Files\\Microsoft Visual Studio\\2022\\Community\\Common7\\IDE\\CommonExtensions\\Microsoft\\CMake\\CMake\\bin;C:\\Program Files\\Microsoft Visual Studio\\2022\\Community\\Common7\\IDE\\CommonExtensions\\Microsoft\\CMake\\Ninja;C:\\Program Files\\Microsoft Visual Studio\\2022\\Community\\Common7\\IDE\\VC\\Linux\\bin\\ConnectionManagerExe;C:\\Program Files\\Microsoft Visual Studio\\2022\\Community\\VC\\vcpkg'), ('PATHEXT', '.COM;.EXE;.BAT;.CMD;.VBS;.VBE;.JS;.JSE;.WSF;.WSH;.MSC'), ('PKG_CONFIG_PATH', '"C:\\Program Files\\MATLAB\\R2023b\\sys\\ros2\\win64\\ros2\\lib\\pkgconfig"'), ('Platform', 'x64'), ('PROCESSOR_ARCHITECTURE', 'AMD64'), ('PROCESSOR_IDENTIFIER', 'Intel64 Family 6 Model 165 Stepping 2, GenuineIntel'), ('PROCESSOR_LEVEL', '6'), ('PROCESSOR_REVISION', 'a502'), ('ProgramData', 'C:\\ProgramData'), ('ProgramFiles', 'C:\\Program Files'), ('ProgramFiles(x86)', 'C:\\Program Files (x86)'), ('ProgramW6432', 'C:\\Program Files'), ('PROMPT', '(venv) $P$G'), ('PSModulePath', 'C:\\Program Files\\WindowsPowerShell\\Modules;C:\\WINDOWS\\system32\\WindowsPowerShell\\v1.0\\Modules;C:\\Program Files (x86)\\Microsoft SQL Server\\120\\Tools\\PowerShell\\Modules\\'), ('PUBLIC', 'C:\\Users\\Public'), ('PYTHONPATH', ';C:\\Program Files\\MATLAB\\R2023b\\sys\\ros2\\win64\\ros2\\lib\\site-packages;C:\\Users\\dsai9\\AppData\\Roaming\\MathWorks\\MATLAB\\R2023b\\ros2\\win64\\venv\\lib\\site-packages'), ('PYTHON_VENV_PATH', 'C:\\Users\\dsai9\\AppData\\Roaming\\MathWorks\\MATLAB\\R2023b\\ros2\\win64\\venv'), ('QT_QPA_PLATFORM', 'windows:fontengine=freetype'), ('ROS_DISTRO', 'humble'), ('SW_SIM_HYDRA', 'C:\\Program Files\\Common Files\\SolidWorks Shared\\Simulation Worker Agent\\'), ('SW_SIM_MPIT', 'INTELMPI'), ('SW_SIM_TEMP', 'C:\\ProgramData\\SOLIDWORKS\\SW_net_sim_temp\\'), ('SystemDrive', 'C:'), ('SystemRoot', 'C:\\WINDOWS'), ('TEMP', 'C:\\Users\\dsai9\\AppData\\Local\\Temp'), ('TMP', 'C:\\Users\\dsai9\\AppData\\Local\\Temp'), ('UCRTVersion', '10.0.22621.0'), ('UniversalCRTSdkDir', 'C:\\Program Files (x86)\\Windows Kits\\10\\'), ('USERDOMAIN', 'LEGION'), ('USERDOMAIN_ROAMINGPROFILE', 'LEGION'), ('USERNAME', 'dsai9'), ('USERPROFILE', 'C:\\Users\\dsai9'), ('VBOX_MSI_INSTALL_PATH', 'C:\\Program Files\\Oracle\\VirtualBox\\'), ('VCIDEInstallDir', 'C:\\Program Files\\Microsoft Visual Studio\\2022\\Community\\Common7\\IDE\\VC\\'), ('VCINSTALLDIR', 'C:\\Program Files\\Microsoft Visual Studio\\2022\\Community\\VC\\'), ('VCPKG_ROOT', 'C:\\Program Files\\Microsoft Visual Studio\\2022\\Community\\VC\\vcpkg'), ('VCToolsInstallDir', 'C:\\Program Files\\Microsoft Visual Studio\\2022\\Community\\VC\\Tools\\MSVC\\14.40.33807\\'), ('VCToolsRedistDir', 'C:\\Program Files\\Microsoft Visual Studio\\2022\\Community\\VC\\Redist\\MSVC\\14.40.33807\\'), ('VCToolsVersion', '14.40.33807'), ('VCVARS_CMD', '"C:\\Program Files\\Microsoft Visual Studio\\2022\\Community\\VC\\Auxiliary\\Build\\VCVARSALL.BAT"'), ('VIRTUAL_ENV', 'C:\\Users\\dsai9\\AppData\\Roaming\\MathWorks\\MATLAB\\R2023b\\ros2\\win64\\venv'), ('VisualStudioVersion', '17.0'), ('VS170COMNTOOLS', 'C:\\Program Files\\Microsoft Visual Studio\\2022\\Community\\Common7\\Tools\\'), ('VSCMD_ARG_app_plat', 'Desktop'), ('VSCMD_ARG_HOST_ARCH', 'x86'), ('VSCMD_ARG_TGT_ARCH', 'x64'), ('VSCMD_VER', '17.10.1'), ('VSINSTALLDIR', 'C:\\Program Files\\Microsoft Visual Studio\\2022\\Community\\'), ('windir', 'C:\\WINDOWS'), ('WindowsLibPath', 'C:\\Program Files (x86)\\Windows Kits\\10\\UnionMetadata\\10.0.22621.0;C:\\Program Files (x86)\\Windows Kits\\10\\References\\10.0.22621.0'), ('WindowsSdkBinPath', 'C:\\Program Files (x86)\\Windows Kits\\10\\bin\\'), ('WindowsSdkDir', 'C:\\Program Files (x86)\\Windows Kits\\10\\'), ('WindowsSDKLibVersion', '10.0.22621.0\\'), ('WindowsSdkVerBinPath', 'C:\\Program Files (x86)\\Windows Kits\\10\\bin\\10.0.22621.0\\'), ('WindowsSDKVersion', '10.0.22621.0\\'), ('WindowsSDK_ExecutablePath_x64', 'C:\\Program Files (x86)\\Microsoft SDKs\\Windows\\v10.0A\\bin\\NETFX 4.8 Tools\\x64\\'), ('WindowsSDK_ExecutablePath_x86', 'C:\\Program Files (x86)\\Microsoft SDKs\\Windows\\v10.0A\\bin\\NETFX 4.8 Tools\\'), ('_all', '"C:\\Program Files\\Microsoft Visual Studio\\2022\\Community\\VC\\Auxiliary\\Build\\VCVARSALL.BAT" "C:\\Program Files\\MATLAB\\R2023b\\sys\\ros2\\win64\\ros2" "C:\\Users\\dsai9\\AppData\\Roaming\\MathWorks\\MATLAB\\R2023b\\ros2\\win64\\venv" "C:\\Program Files\\MATLAB\\R2023b\\bin\\win64\\cmake\\bin" build  --merge-install  --cmake-args -DCMAKE_BUILD_TYPE=Release -DBUILD_TESTING=OFF  -DALIAS_ROS2_TF2=1  -DCMAKE_CXX_FLAGS_RELEASE="/MD /Od /Ob2 /DNDEBUG"   -G Ninja'), ('_OLD_VIRTUAL_PATH', 'C:\\Program Files\\MATLAB\\R2023b\\bin\\win64;C:\\Program Files\\MATLAB\\R2023b\\toolbox\\shared\\coder\\ninja\\win64;C:\\Program Files\\MATLAB\\R2023b\\toolbox\\ros\\codertarget\\bin\\win64;C:\\Windows\\system32;C:\\Windows;C:\\Windows\\System32\\Wbem;C:\\Windows\\System32\\WindowsPowerShell\\v1.0\\;C:\\Windows\\System32\\OpenSSH\\;C:\\Program Files (x86)\\NVIDIA Corporation\\PhysX\\Common;C:\\WINDOWS\\system32;C:\\WINDOWS;C:\\WINDOWS\\System32\\Wbem;C:\\WINDOWS\\System32\\WindowsPowerShell\\v1.0\\;C:\\WINDOWS\\System32\\OpenSSH\\;C:\\MinGW\\bin;C:\\Program Files\\Git\\cmd;C:\\Program Files\\Wolfram Research\\WolframScript\\;C:\\Program Files\\Microsoft SQL Server\\Client SDK\\ODBC\\110\\Tools\\Binn\\;C:\\Program Files (x86)\\Microsoft SQL Server\\120\\Tools\\Binn\\;C:\\Program Files\\Microsoft SQL Server\\120\\Tools\\Binn\\;C:\\Program Files\\Microsoft SQL Server\\120\\DTS\\Binn\\;C:\\Program Files (x86)\\Windows Kits\\8.1\\Windows Performance Toolkit\\;C:\\Program Files\\Git LFS;C:\\Program Files\\MATLAB\\R2023b\\bin;C:\\Program Files (x86)\\Windows Kits\\10\\Windows Performance Toolkit\\;C:\\Users\\dsai9\\miniconda3;C:\\Users\\dsai9\\miniconda3\\Library\\mingw-w64\\bin;C:\\Users\\dsai9\\miniconda3\\Library\\usr\\bin;C:\\Users\\dsai9\\miniconda3\\Library\\bin;C:\\Users\\dsai9\\miniconda3\\Scripts;C:\\Users\\dsai9\\AppData\\Local\\Programs\\Python\\Launcher\\;C:\\Users\\dsai9\\AppData\\Local\\Microsoft\\WindowsApps;C:\\Users\\dsai9\\AppData\\Local\\Programs\\Microsoft VS Code\\bin'), ('_OLD_VIRTUAL_PROMPT', '$P$G'), ('__COMPAT_LAYER', 'RunAsAdmin'), ('__DOTNET_ADD_32BIT', '1'), ('__DOTNET_ADD_64BIT', '1'), ('__DOTNET_PREFERRED_BITNESS', '32'), ('__KMP_REGISTERED_LIB_25248', '00007FF834FA4D04-cafe20d2-libiomp5md.dll'), ('__VSCMD_PREINIT_PATH', 'C:\\Users\\dsai9\\AppData\\Roaming\\MathWorks\\MATLAB\\R2023b\\ros2\\win64\\venv\\Scripts;C:\\Program Files\\MATLAB\\R2023b\\bin\\win64;C:\\Program Files\\MATLAB\\R2023b\\toolbox\\shared\\coder\\ninja\\win64;C:\\Program Files\\MATLAB\\R2023b\\toolbox\\ros\\codertarget\\bin\\win64;C:\\Windows\\system32;C:\\Windows;C:\\Windows\\System32\\Wbem;C:\\Windows\\System32\\WindowsPowerShell\\v1.0\\;C:\\Windows\\System32\\OpenSSH\\;C:\\Program Files (x86)\\NVIDIA Corporation\\PhysX\\Common;C:\\WINDOWS\\system32;C:\\WINDOWS;C:\\WINDOWS\\System32\\Wbem;C:\\WINDOWS\\System32\\WindowsPowerShell\\v1.0\\;C:\\WINDOWS\\System32\\OpenSSH\\;C:\\MinGW\\bin;C:\\Program Files\\Git\\cmd;C:\\Program Files\\Wolfram Research\\WolframScript\\;C:\\Program Files\\Microsoft SQL Server\\Client SDK\\ODBC\\110\\Tools\\Binn\\;C:\\Program Files (x86)\\Microsoft SQL Server\\120\\Tools\\Binn\\;C:\\Program Files\\Microsoft SQL Server\\120\\Tools\\Binn\\;C:\\Program Files\\Microsoft SQL Server\\120\\DTS\\Binn\\;C:\\Program Files (x86)\\Windows Kits\\8.1\\Windows Performance Toolkit\\;C:\\Program Files\\Git LFS;C:\\Program Files\\MATLAB\\R2023b\\bin;C:\\Program Files (x86)\\Windows Kits\\10\\Windows Performance Toolkit\\;C:\\Users\\dsai9\\miniconda3;C:\\Users\\dsai9\\miniconda3\\Library\\mingw-w64\\bin;C:\\Users\\dsai9\\miniconda3\\Library\\usr\\bin;C:\\Users\\dsai9\\miniconda3\\Library\\bin;C:\\Users\\dsai9\\miniconda3\\Scripts;C:\\Users\\dsai9\\AppData\\Local\\Programs\\Python\\Launcher\\;C:\\Users\\dsai9\\AppData\\Local\\Microsoft\\WindowsApps;C:\\Users\\dsai9\\AppData\\Local\\Programs\\Microsoft VS Code\\bin')]), 'shell': False}
[16.407000] (-) TimerEvent: {}
[16.438000] (aerobot_interfaces) StdoutLine: {'line': b'-- Install configuration: "Release"\n'}
[16.438000] (aerobot_interfaces) StdoutLine: {'line': b'-- Up-to-date: C:/Users/dsai9/OneDrive/Documents/BNO055/custom/matlab_msg_gen/win64/install/share/ament_index/resource_index/rosidl_interfaces/aerobot_interfaces\n'}
[16.438000] (aerobot_interfaces) StdoutLine: {'line': b'-- Up-to-date: C:/Users/dsai9/OneDrive/Documents/BNO055/custom/matlab_msg_gen/win64/install/include/aerobot_interfaces/aerobot_interfaces\n'}
[16.438000] (aerobot_interfaces) StdoutLine: {'line': b'-- Up-to-date: C:/Users/dsai9/OneDrive/Documents/BNO055/custom/matlab_msg_gen/win64/install/include/aerobot_interfaces/aerobot_interfaces/msg\n'}
[16.438000] (aerobot_interfaces) StdoutLine: {'line': b'-- Up-to-date: C:/Users/dsai9/OneDrive/Documents/BNO055/custom/matlab_msg_gen/win64/install/include/aerobot_interfaces/aerobot_interfaces/msg/detail\n'}
[16.453000] (aerobot_interfaces) StdoutLine: {'line': b'-- Installing: C:/Users/dsai9/OneDrive/Documents/BNO055/custom/matlab_msg_gen/win64/install/include/aerobot_interfaces/aerobot_interfaces/msg/detail/esc_msg__functions.c\n'}
[16.453000] (aerobot_interfaces) StdoutLine: {'line': b'-- Installing: C:/Users/dsai9/OneDrive/Documents/BNO055/custom/matlab_msg_gen/win64/install/include/aerobot_interfaces/aerobot_interfaces/msg/detail/esc_msg__functions.h\n'}
[16.469000] (aerobot_interfaces) StdoutLine: {'line': b'-- Installing: C:/Users/dsai9/OneDrive/Documents/BNO055/custom/matlab_msg_gen/win64/install/include/aerobot_interfaces/aerobot_interfaces/msg/detail/esc_msg__struct.h\n'}
[16.485000] (aerobot_interfaces) StdoutLine: {'line': b'-- Installing: C:/Users/dsai9/OneDrive/Documents/BNO055/custom/matlab_msg_gen/win64/install/include/aerobot_interfaces/aerobot_interfaces/msg/detail/esc_msg__type_support.h\n'}
[16.485000] (aerobot_interfaces) StdoutLine: {'line': b'-- Installing: C:/Users/dsai9/OneDrive/Documents/BNO055/custom/matlab_msg_gen/win64/install/include/aerobot_interfaces/aerobot_interfaces/msg/esc_msg.h\n'}
[16.485000] (aerobot_interfaces) StdoutLine: {'line': b'-- Up-to-date: C:/Users/dsai9/OneDrive/Documents/BNO055/custom/matlab_msg_gen/win64/install/include/aerobot_interfaces/aerobot_interfaces/msg/rosidl_generator_c__visibility_control.h\n'}
[16.485000] (aerobot_interfaces) StdoutLine: {'line': b'-- Up-to-date: C:/Users/dsai9/OneDrive/Documents/BNO055/custom/matlab_msg_gen/win64/install/include/aerobot_interfaces/aerobot_interfaces/srv\n'}
[16.485000] (aerobot_interfaces) StdoutLine: {'line': b'-- Up-to-date: C:/Users/dsai9/OneDrive/Documents/BNO055/custom/matlab_msg_gen/win64/install/include/aerobot_interfaces/aerobot_interfaces/srv/detail\n'}
[16.500000] (aerobot_interfaces) StdoutLine: {'line': b'-- Installing: C:/Users/dsai9/OneDrive/Documents/BNO055/custom/matlab_msg_gen/win64/install/include/aerobot_interfaces/aerobot_interfaces/srv/detail/esc_srv__functions.c\n'}
[16.516000] (aerobot_interfaces) StdoutLine: {'line': b'-- Installing: C:/Users/dsai9/OneDrive/Documents/BNO055/custom/matlab_msg_gen/win64/install/include/aerobot_interfaces/aerobot_interfaces/srv/detail/esc_srv__functions.h\n'}
[16.516000] (-) TimerEvent: {}
[16.516000] (aerobot_interfaces) StdoutLine: {'line': b'-- Installing: C:/Users/dsai9/OneDrive/Documents/BNO055/custom/matlab_msg_gen/win64/install/include/aerobot_interfaces/aerobot_interfaces/srv/detail/esc_srv__struct.h\n'}
[16.532000] (aerobot_interfaces) StdoutLine: {'line': b'-- Installing: C:/Users/dsai9/OneDrive/Documents/BNO055/custom/matlab_msg_gen/win64/install/include/aerobot_interfaces/aerobot_interfaces/srv/detail/esc_srv__type_support.h\n'}
[16.532000] (aerobot_interfaces) StdoutLine: {'line': b'-- Installing: C:/Users/dsai9/OneDrive/Documents/BNO055/custom/matlab_msg_gen/win64/install/include/aerobot_interfaces/aerobot_interfaces/srv/esc_srv.h\n'}
[16.547000] (aerobot_interfaces) StdoutLine: {'line': b'-- Up-to-date: C:/Users/dsai9/OneDrive/Documents/BNO055/custom/matlab_msg_gen/win64/install/lib/aerobot_interfaces__rosidl_generator_c.lib\n'}
[16.563000] (aerobot_interfaces) StdoutLine: {'line': b'-- Installing: C:/Users/dsai9/OneDrive/Documents/BNO055/custom/matlab_msg_gen/win64/install/bin/aerobot_interfaces__rosidl_generator_c.dll\n'}
[16.563000] (aerobot_interfaces) StdoutLine: {'line': b'-- Up-to-date: C:/Users/dsai9/OneDrive/Documents/BNO055/custom/matlab_msg_gen/win64/install/include/aerobot_interfaces/aerobot_interfaces\n'}
[16.563000] (aerobot_interfaces) StdoutLine: {'line': b'-- Up-to-date: C:/Users/dsai9/OneDrive/Documents/BNO055/custom/matlab_msg_gen/win64/install/include/aerobot_interfaces/aerobot_interfaces/msg\n'}
[16.563000] (aerobot_interfaces) StdoutLine: {'line': b'-- Up-to-date: C:/Users/dsai9/OneDrive/Documents/BNO055/custom/matlab_msg_gen/win64/install/include/aerobot_interfaces/aerobot_interfaces/msg/detail\n'}
[16.563000] (aerobot_interfaces) StdoutLine: {'line': b'-- Installing: C:/Users/dsai9/OneDrive/Documents/BNO055/custom/matlab_msg_gen/win64/install/include/aerobot_interfaces/aerobot_interfaces/msg/detail/esc_msg__rosidl_typesupport_fastrtps_c.h\n'}
[16.578000] (aerobot_interfaces) StdoutLine: {'line': b'-- Up-to-date: C:/Users/dsai9/OneDrive/Documents/BNO055/custom/matlab_msg_gen/win64/install/include/aerobot_interfaces/aerobot_interfaces/msg/rosidl_typesupport_fastrtps_c__visibility_control.h\n'}
[16.578000] (aerobot_interfaces) StdoutLine: {'line': b'-- Up-to-date: C:/Users/dsai9/OneDrive/Documents/BNO055/custom/matlab_msg_gen/win64/install/include/aerobot_interfaces/aerobot_interfaces/srv\n'}
[16.578000] (aerobot_interfaces) StdoutLine: {'line': b'-- Up-to-date: C:/Users/dsai9/OneDrive/Documents/BNO055/custom/matlab_msg_gen/win64/install/include/aerobot_interfaces/aerobot_interfaces/srv/detail\n'}
[16.578000] (aerobot_interfaces) StdoutLine: {'line': b'-- Installing: C:/Users/dsai9/OneDrive/Documents/BNO055/custom/matlab_msg_gen/win64/install/include/aerobot_interfaces/aerobot_interfaces/srv/detail/esc_srv__rosidl_typesupport_fastrtps_c.h\n'}
[16.578000] (aerobot_interfaces) StdoutLine: {'line': b'-- Up-to-date: C:/Users/dsai9/OneDrive/Documents/BNO055/custom/matlab_msg_gen/win64/install/lib/aerobot_interfaces__rosidl_typesupport_fastrtps_c.lib\n'}
[16.594000] (aerobot_interfaces) StdoutLine: {'line': b'-- Installing: C:/Users/dsai9/OneDrive/Documents/BNO055/custom/matlab_msg_gen/win64/install/bin/aerobot_interfaces__rosidl_typesupport_fastrtps_c.dll\n'}
[16.610000] (aerobot_interfaces) StdoutLine: {'line': b'-- Up-to-date: C:/Users/dsai9/OneDrive/Documents/BNO055/custom/matlab_msg_gen/win64/install/include/aerobot_interfaces/aerobot_interfaces\n'}
[16.610000] (aerobot_interfaces) StdoutLine: {'line': b'-- Up-to-date: C:/Users/dsai9/OneDrive/Documents/BNO055/custom/matlab_msg_gen/win64/install/include/aerobot_interfaces/aerobot_interfaces/msg\n'}
[16.610000] (aerobot_interfaces) StdoutLine: {'line': b'-- Up-to-date: C:/Users/dsai9/OneDrive/Documents/BNO055/custom/matlab_msg_gen/win64/install/include/aerobot_interfaces/aerobot_interfaces/msg/detail\n'}
[16.610000] (aerobot_interfaces) StdoutLine: {'line': b'-- Installing: C:/Users/dsai9/OneDrive/Documents/BNO055/custom/matlab_msg_gen/win64/install/include/aerobot_interfaces/aerobot_interfaces/msg/detail/esc_msg__rosidl_typesupport_introspection_c.h\n'}
[16.625000] (aerobot_interfaces) StdoutLine: {'line': b'-- Installing: C:/Users/dsai9/OneDrive/Documents/BNO055/custom/matlab_msg_gen/win64/install/include/aerobot_interfaces/aerobot_interfaces/msg/detail/esc_msg__type_support.c\n'}
[16.625000] (-) TimerEvent: {}
[16.625000] (aerobot_interfaces) StdoutLine: {'line': b'-- Up-to-date: C:/Users/dsai9/OneDrive/Documents/BNO055/custom/matlab_msg_gen/win64/install/include/aerobot_interfaces/aerobot_interfaces/msg/rosidl_typesupport_introspection_c__visibility_control.h\n'}
[16.625000] (aerobot_interfaces) StdoutLine: {'line': b'-- Up-to-date: C:/Users/dsai9/OneDrive/Documents/BNO055/custom/matlab_msg_gen/win64/install/include/aerobot_interfaces/aerobot_interfaces/srv\n'}
[16.625000] (aerobot_interfaces) StdoutLine: {'line': b'-- Up-to-date: C:/Users/dsai9/OneDrive/Documents/BNO055/custom/matlab_msg_gen/win64/install/include/aerobot_interfaces/aerobot_interfaces/srv/detail\n'}
[16.641000] (aerobot_interfaces) StdoutLine: {'line': b'-- Installing: C:/Users/dsai9/OneDrive/Documents/BNO055/custom/matlab_msg_gen/win64/install/include/aerobot_interfaces/aerobot_interfaces/srv/detail/esc_srv__rosidl_typesupport_introspection_c.h\n'}
[16.657000] (aerobot_interfaces) StdoutLine: {'line': b'-- Installing: C:/Users/dsai9/OneDrive/Documents/BNO055/custom/matlab_msg_gen/win64/install/include/aerobot_interfaces/aerobot_interfaces/srv/detail/esc_srv__type_support.c\n'}
[16.657000] (aerobot_interfaces) StdoutLine: {'line': b'-- Up-to-date: C:/Users/dsai9/OneDrive/Documents/BNO055/custom/matlab_msg_gen/win64/install/lib/aerobot_interfaces__rosidl_typesupport_introspection_c.lib\n'}
[16.672000] (aerobot_interfaces) StdoutLine: {'line': b'-- Installing: C:/Users/dsai9/OneDrive/Documents/BNO055/custom/matlab_msg_gen/win64/install/bin/aerobot_interfaces__rosidl_typesupport_introspection_c.dll\n'}
[16.672000] (aerobot_interfaces) StdoutLine: {'line': b'-- Up-to-date: C:/Users/dsai9/OneDrive/Documents/BNO055/custom/matlab_msg_gen/win64/install/lib/aerobot_interfaces__rosidl_typesupport_c.lib\n'}
[16.688000] (aerobot_interfaces) StdoutLine: {'line': b'-- Installing: C:/Users/dsai9/OneDrive/Documents/BNO055/custom/matlab_msg_gen/win64/install/bin/aerobot_interfaces__rosidl_typesupport_c.dll\n'}
[16.703000] (aerobot_interfaces) StdoutLine: {'line': b'-- Up-to-date: C:/Users/dsai9/OneDrive/Documents/BNO055/custom/matlab_msg_gen/win64/install/include/aerobot_interfaces/aerobot_interfaces\n'}
[16.703000] (aerobot_interfaces) StdoutLine: {'line': b'-- Up-to-date: C:/Users/dsai9/OneDrive/Documents/BNO055/custom/matlab_msg_gen/win64/install/include/aerobot_interfaces/aerobot_interfaces/msg\n'}
[16.703000] (aerobot_interfaces) StdoutLine: {'line': b'-- Up-to-date: C:/Users/dsai9/OneDrive/Documents/BNO055/custom/matlab_msg_gen/win64/install/include/aerobot_interfaces/aerobot_interfaces/msg/detail\n'}
[16.703000] (aerobot_interfaces) StdoutLine: {'line': b'-- Installing: C:/Users/dsai9/OneDrive/Documents/BNO055/custom/matlab_msg_gen/win64/install/include/aerobot_interfaces/aerobot_interfaces/msg/detail/esc_msg__builder.hpp\n'}
[16.719000] (aerobot_interfaces) StdoutLine: {'line': b'-- Installing: C:/Users/dsai9/OneDrive/Documents/BNO055/custom/matlab_msg_gen/win64/install/include/aerobot_interfaces/aerobot_interfaces/msg/detail/esc_msg__struct.hpp\n'}
[16.719000] (aerobot_interfaces) StdoutLine: {'line': b'-- Installing: C:/Users/dsai9/OneDrive/Documents/BNO055/custom/matlab_msg_gen/win64/install/include/aerobot_interfaces/aerobot_interfaces/msg/detail/esc_msg__traits.hpp\n'}
[16.719000] (aerobot_interfaces) StdoutLine: {'line': b'-- Installing: C:/Users/dsai9/OneDrive/Documents/BNO055/custom/matlab_msg_gen/win64/install/include/aerobot_interfaces/aerobot_interfaces/msg/esc_msg.hpp\n'}
[16.735000] (aerobot_interfaces) StdoutLine: {'line': b'-- Up-to-date: C:/Users/dsai9/OneDrive/Documents/BNO055/custom/matlab_msg_gen/win64/install/include/aerobot_interfaces/aerobot_interfaces/srv\n'}
[16.735000] (-) TimerEvent: {}
[16.735000] (aerobot_interfaces) StdoutLine: {'line': b'-- Up-to-date: C:/Users/dsai9/OneDrive/Documents/BNO055/custom/matlab_msg_gen/win64/install/include/aerobot_interfaces/aerobot_interfaces/srv/detail\n'}
[16.735000] (aerobot_interfaces) StdoutLine: {'line': b'-- Installing: C:/Users/dsai9/OneDrive/Documents/BNO055/custom/matlab_msg_gen/win64/install/include/aerobot_interfaces/aerobot_interfaces/srv/detail/esc_srv__builder.hpp\n'}
[16.750000] (aerobot_interfaces) StdoutLine: {'line': b'-- Installing: C:/Users/dsai9/OneDrive/Documents/BNO055/custom/matlab_msg_gen/win64/install/include/aerobot_interfaces/aerobot_interfaces/srv/detail/esc_srv__struct.hpp\n'}
[16.750000] (aerobot_interfaces) StdoutLine: {'line': b'-- Installing: C:/Users/dsai9/OneDrive/Documents/BNO055/custom/matlab_msg_gen/win64/install/include/aerobot_interfaces/aerobot_interfaces/srv/detail/esc_srv__traits.hpp\n'}
[16.766000] (aerobot_interfaces) StdoutLine: {'line': b'-- Installing: C:/Users/dsai9/OneDrive/Documents/BNO055/custom/matlab_msg_gen/win64/install/include/aerobot_interfaces/aerobot_interfaces/srv/esc_srv.hpp\n'}
[16.766000] (aerobot_interfaces) StdoutLine: {'line': b'-- Up-to-date: C:/Users/dsai9/OneDrive/Documents/BNO055/custom/matlab_msg_gen/win64/install/include/aerobot_interfaces/aerobot_interfaces\n'}
[16.766000] (aerobot_interfaces) StdoutLine: {'line': b'-- Up-to-date: C:/Users/dsai9/OneDrive/Documents/BNO055/custom/matlab_msg_gen/win64/install/include/aerobot_interfaces/aerobot_interfaces/msg\n'}
[16.766000] (aerobot_interfaces) StdoutLine: {'line': b'-- Up-to-date: C:/Users/dsai9/OneDrive/Documents/BNO055/custom/matlab_msg_gen/win64/install/include/aerobot_interfaces/aerobot_interfaces/msg/detail\n'}
[16.766000] (aerobot_interfaces) StdoutLine: {'line': b'-- Up-to-date: C:/Users/dsai9/OneDrive/Documents/BNO055/custom/matlab_msg_gen/win64/install/include/aerobot_interfaces/aerobot_interfaces/msg/detail/dds_fastrtps\n'}
[16.766000] (aerobot_interfaces) StdoutLine: {'line': b'-- Installing: C:/Users/dsai9/OneDrive/Documents/BNO055/custom/matlab_msg_gen/win64/install/include/aerobot_interfaces/aerobot_interfaces/msg/detail/esc_msg__rosidl_typesupport_fastrtps_cpp.hpp\n'}
[16.766000] (aerobot_interfaces) StdoutLine: {'line': b'-- Up-to-date: C:/Users/dsai9/OneDrive/Documents/BNO055/custom/matlab_msg_gen/win64/install/include/aerobot_interfaces/aerobot_interfaces/msg/rosidl_typesupport_fastrtps_cpp__visibility_control.h\n'}
[16.766000] (aerobot_interfaces) StdoutLine: {'line': b'-- Up-to-date: C:/Users/dsai9/OneDrive/Documents/BNO055/custom/matlab_msg_gen/win64/install/include/aerobot_interfaces/aerobot_interfaces/srv\n'}
[16.782000] (aerobot_interfaces) StdoutLine: {'line': b'-- Up-to-date: C:/Users/dsai9/OneDrive/Documents/BNO055/custom/matlab_msg_gen/win64/install/include/aerobot_interfaces/aerobot_interfaces/srv/detail\n'}
[16.782000] (aerobot_interfaces) StdoutLine: {'line': b'-- Up-to-date: C:/Users/dsai9/OneDrive/Documents/BNO055/custom/matlab_msg_gen/win64/install/include/aerobot_interfaces/aerobot_interfaces/srv/detail/dds_fastrtps\n'}
[16.782000] (aerobot_interfaces) StdoutLine: {'line': b'-- Installing: C:/Users/dsai9/OneDrive/Documents/BNO055/custom/matlab_msg_gen/win64/install/include/aerobot_interfaces/aerobot_interfaces/srv/detail/esc_srv__rosidl_typesupport_fastrtps_cpp.hpp\n'}
[16.782000] (aerobot_interfaces) StdoutLine: {'line': b'-- Up-to-date: C:/Users/dsai9/OneDrive/Documents/BNO055/custom/matlab_msg_gen/win64/install/lib/aerobot_interfaces__rosidl_typesupport_fastrtps_cpp.lib\n'}
[16.782000] (aerobot_interfaces) StdoutLine: {'line': b'-- Installing: C:/Users/dsai9/OneDrive/Documents/BNO055/custom/matlab_msg_gen/win64/install/bin/aerobot_interfaces__rosidl_typesupport_fastrtps_cpp.dll\n'}
[16.797000] (aerobot_interfaces) StdoutLine: {'line': b'-- Up-to-date: C:/Users/dsai9/OneDrive/Documents/BNO055/custom/matlab_msg_gen/win64/install/include/aerobot_interfaces/aerobot_interfaces\n'}
[16.797000] (aerobot_interfaces) StdoutLine: {'line': b'-- Up-to-date: C:/Users/dsai9/OneDrive/Documents/BNO055/custom/matlab_msg_gen/win64/install/include/aerobot_interfaces/aerobot_interfaces/msg\n'}
[16.797000] (aerobot_interfaces) StdoutLine: {'line': b'-- Up-to-date: C:/Users/dsai9/OneDrive/Documents/BNO055/custom/matlab_msg_gen/win64/install/include/aerobot_interfaces/aerobot_interfaces/msg/detail\n'}
[16.797000] (aerobot_interfaces) StdoutLine: {'line': b'-- Installing: C:/Users/dsai9/OneDrive/Documents/BNO055/custom/matlab_msg_gen/win64/install/include/aerobot_interfaces/aerobot_interfaces/msg/detail/esc_msg__rosidl_typesupport_introspection_cpp.hpp\n'}
[16.813000] (aerobot_interfaces) StdoutLine: {'line': b'-- Installing: C:/Users/dsai9/OneDrive/Documents/BNO055/custom/matlab_msg_gen/win64/install/include/aerobot_interfaces/aerobot_interfaces/msg/detail/esc_msg__type_support.cpp\n'}
[16.813000] (aerobot_interfaces) StdoutLine: {'line': b'-- Up-to-date: C:/Users/dsai9/OneDrive/Documents/BNO055/custom/matlab_msg_gen/win64/install/include/aerobot_interfaces/aerobot_interfaces/srv\n'}
[16.813000] (aerobot_interfaces) StdoutLine: {'line': b'-- Up-to-date: C:/Users/dsai9/OneDrive/Documents/BNO055/custom/matlab_msg_gen/win64/install/include/aerobot_interfaces/aerobot_interfaces/srv/detail\n'}
[16.828000] (aerobot_interfaces) StdoutLine: {'line': b'-- Installing: C:/Users/dsai9/OneDrive/Documents/BNO055/custom/matlab_msg_gen/win64/install/include/aerobot_interfaces/aerobot_interfaces/srv/detail/esc_srv__rosidl_typesupport_introspection_cpp.hpp\n'}
[16.844000] (aerobot_interfaces) StdoutLine: {'line': b'-- Installing: C:/Users/dsai9/OneDrive/Documents/BNO055/custom/matlab_msg_gen/win64/install/include/aerobot_interfaces/aerobot_interfaces/srv/detail/esc_srv__type_support.cpp\n'}
[16.844000] (-) TimerEvent: {}
[16.844000] (aerobot_interfaces) StdoutLine: {'line': b'-- Up-to-date: C:/Users/dsai9/OneDrive/Documents/BNO055/custom/matlab_msg_gen/win64/install/lib/aerobot_interfaces__rosidl_typesupport_introspection_cpp.lib\n'}
[16.844000] (aerobot_interfaces) StdoutLine: {'line': b'-- Installing: C:/Users/dsai9/OneDrive/Documents/BNO055/custom/matlab_msg_gen/win64/install/bin/aerobot_interfaces__rosidl_typesupport_introspection_cpp.dll\n'}
[16.860000] (aerobot_interfaces) StdoutLine: {'line': b'-- Up-to-date: C:/Users/dsai9/OneDrive/Documents/BNO055/custom/matlab_msg_gen/win64/install/lib/aerobot_interfaces__rosidl_typesupport_cpp.lib\n'}
[16.860000] (aerobot_interfaces) StdoutLine: {'line': b'-- Installing: C:/Users/dsai9/OneDrive/Documents/BNO055/custom/matlab_msg_gen/win64/install/bin/aerobot_interfaces__rosidl_typesupport_cpp.dll\n'}
[16.860000] (aerobot_interfaces) StdoutLine: {'line': b'-- Installing: C:/Users/dsai9/OneDrive/Documents/BNO055/custom/matlab_msg_gen/win64/install/share/aerobot_interfaces/msg/EscMsg.idl\n'}
[16.875000] (aerobot_interfaces) StdoutLine: {'line': b'-- Up-to-date: C:/Users/dsai9/OneDrive/Documents/BNO055/custom/matlab_msg_gen/win64/install/share/aerobot_interfaces/srv/EscSrv.idl\n'}
[16.875000] (aerobot_interfaces) StdoutLine: {'line': b'-- Installing: C:/Users/dsai9/OneDrive/Documents/BNO055/custom/matlab_msg_gen/win64/install/share/aerobot_interfaces/msg/EscMsg.msg\n'}
[16.875000] (aerobot_interfaces) StdoutLine: {'line': b'-- Up-to-date: C:/Users/dsai9/OneDrive/Documents/BNO055/custom/matlab_msg_gen/win64/install/share/aerobot_interfaces/srv/EscSrv.srv\n'}
[16.875000] (aerobot_interfaces) StdoutLine: {'line': b'-- Up-to-date: C:/Users/dsai9/OneDrive/Documents/BNO055/custom/matlab_msg_gen/win64/install/share/aerobot_interfaces/srv/EscSrv_Request.msg\n'}
[16.875000] (aerobot_interfaces) StdoutLine: {'line': b'-- Up-to-date: C:/Users/dsai9/OneDrive/Documents/BNO055/custom/matlab_msg_gen/win64/install/share/aerobot_interfaces/srv/EscSrv_Response.msg\n'}
[16.875000] (aerobot_interfaces) StdoutLine: {'line': b'-- Up-to-date: C:/Users/dsai9/OneDrive/Documents/BNO055/custom/matlab_msg_gen/win64/install/include\n'}
[16.875000] (aerobot_interfaces) StdoutLine: {'line': b'-- Up-to-date: C:/Users/dsai9/OneDrive/Documents/BNO055/custom/matlab_msg_gen/win64/install/include/aerobot_interfaces\n'}
[16.891000] (aerobot_interfaces) StdoutLine: {'line': b'-- Up-to-date: C:/Users/dsai9/OneDrive/Documents/BNO055/custom/matlab_msg_gen/win64/install/include/aerobot_interfaces/visibility_control.h\n'}
[16.891000] (aerobot_interfaces) StdoutLine: {'line': b'-- Up-to-date: C:/Users/dsai9/OneDrive/Documents/BNO055/custom/matlab_msg_gen/win64/install/lib/aerobot_interfaces_matlab.lib\n'}
[16.891000] (aerobot_interfaces) StdoutLine: {'line': b'-- Installing: C:/Users/dsai9/OneDrive/Documents/BNO055/custom/matlab_msg_gen/win64/install/bin/aerobot_interfaces_matlab.dll\n'}
[16.891000] (aerobot_interfaces) StdoutLine: {'line': b'-- Up-to-date: C:/Users/dsai9/OneDrive/Documents/BNO055/custom/matlab_msg_gen/win64/install/m/\n'}
[16.891000] (aerobot_interfaces) StdoutLine: {'line': b'-- Up-to-date: C:/Users/dsai9/OneDrive/Documents/BNO055/custom/matlab_msg_gen/win64/install/m//+ros\n'}
[16.891000] (aerobot_interfaces) StdoutLine: {'line': b'-- Up-to-date: C:/Users/dsai9/OneDrive/Documents/BNO055/custom/matlab_msg_gen/win64/install/m//+ros/+internal\n'}
[16.891000] (aerobot_interfaces) StdoutLine: {'line': b'-- Up-to-date: C:/Users/dsai9/OneDrive/Documents/BNO055/custom/matlab_msg_gen/win64/install/m//+ros/+internal/+ros2\n'}
[16.907000] (aerobot_interfaces) StdoutLine: {'line': b'-- Up-to-date: C:/Users/dsai9/OneDrive/Documents/BNO055/custom/matlab_msg_gen/win64/install/m//+ros/+internal/+ros2/+custommessages\n'}
[16.907000] (aerobot_interfaces) StdoutLine: {'line': b'-- Up-to-date: C:/Users/dsai9/OneDrive/Documents/BNO055/custom/matlab_msg_gen/win64/install/m//+ros/+internal/+ros2/+custommessages/+aerobot_interfaces\n'}
[16.907000] (aerobot_interfaces) StdoutLine: {'line': b'-- Installing: C:/Users/dsai9/OneDrive/Documents/BNO055/custom/matlab_msg_gen/win64/install/m//+ros/+internal/+ros2/+custommessages/+aerobot_interfaces/aerobot_interfaces_msg_EscMsg_1To2_Converter.m\n'}
[16.907000] (aerobot_interfaces) StdoutLine: {'line': b'-- Installing: C:/Users/dsai9/OneDrive/Documents/BNO055/custom/matlab_msg_gen/win64/install/m//+ros/+internal/+ros2/+custommessages/+aerobot_interfaces/aerobot_interfaces_msg_EscMsg_2To1_Converter.m\n'}
[16.922000] (aerobot_interfaces) StdoutLine: {'line': b'-- Installing: C:/Users/dsai9/OneDrive/Documents/BNO055/custom/matlab_msg_gen/win64/install/m//+ros/+internal/+ros2/+custommessages/+aerobot_interfaces/escMsg.m\n'}
[16.922000] (aerobot_interfaces) StdoutLine: {'line': b'-- Up-to-date: C:/Users/dsai9/OneDrive/Documents/BNO055/custom/matlab_msg_gen/win64/install/m//+ros/+internal/+ros2/+custommessages/+aerobot_interfaces/escSrvRequest.m\n'}
[16.922000] (aerobot_interfaces) StdoutLine: {'line': b'-- Up-to-date: C:/Users/dsai9/OneDrive/Documents/BNO055/custom/matlab_msg_gen/win64/install/m//+ros/+internal/+ros2/+custommessages/+aerobot_interfaces/escSrvResponse.m\n'}
[16.922000] (aerobot_interfaces) StdoutLine: {'line': b'-- Up-to-date: C:/Users/dsai9/OneDrive/Documents/BNO055/custom/matlab_msg_gen/win64/install/share/ament_index/resource_index/package_run_dependencies/aerobot_interfaces\n'}
[16.938000] (aerobot_interfaces) StdoutLine: {'line': b'-- Installing: C:/Users/dsai9/OneDrive/Documents/BNO055/custom/matlab_msg_gen/win64/install/share/ament_index/resource_index/parent_prefix_path/aerobot_interfaces\n'}
[16.938000] (aerobot_interfaces) StdoutLine: {'line': b'-- Up-to-date: C:/Users/dsai9/OneDrive/Documents/BNO055/custom/matlab_msg_gen/win64/install/share/aerobot_interfaces/environment/ament_prefix_path.bat\n'}
[16.938000] (aerobot_interfaces) StdoutLine: {'line': b'-- Installing: C:/Users/dsai9/OneDrive/Documents/BNO055/custom/matlab_msg_gen/win64/install/share/aerobot_interfaces/environment/ament_prefix_path.dsv\n'}
[16.938000] (aerobot_interfaces) StdoutLine: {'line': b'-- Up-to-date: C:/Users/dsai9/OneDrive/Documents/BNO055/custom/matlab_msg_gen/win64/install/share/aerobot_interfaces/environment/path.bat\n'}
[16.953000] (aerobot_interfaces) StdoutLine: {'line': b'-- Installing: C:/Users/dsai9/OneDrive/Documents/BNO055/custom/matlab_msg_gen/win64/install/share/aerobot_interfaces/environment/path.dsv\n'}
[16.953000] (-) TimerEvent: {}
[16.969000] (aerobot_interfaces) StdoutLine: {'line': b'-- Up-to-date: C:/Users/dsai9/OneDrive/Documents/BNO055/custom/matlab_msg_gen/win64/install/share/aerobot_interfaces/local_setup.bat\n'}
[16.969000] (aerobot_interfaces) StdoutLine: {'line': b'-- Installing: C:/Users/dsai9/OneDrive/Documents/BNO055/custom/matlab_msg_gen/win64/install/share/aerobot_interfaces/local_setup.dsv\n'}
[16.985000] (aerobot_interfaces) StdoutLine: {'line': b'-- Installing: C:/Users/dsai9/OneDrive/Documents/BNO055/custom/matlab_msg_gen/win64/install/share/aerobot_interfaces/package.dsv\n'}
[16.985000] (aerobot_interfaces) StdoutLine: {'line': b'-- Up-to-date: C:/Users/dsai9/OneDrive/Documents/BNO055/custom/matlab_msg_gen/win64/install/share/ament_index/resource_index/packages/aerobot_interfaces\n'}
[16.985000] (aerobot_interfaces) StdoutLine: {'line': b'-- Up-to-date: C:/Users/dsai9/OneDrive/Documents/BNO055/custom/matlab_msg_gen/win64/install/share/aerobot_interfaces/cmake/export_aerobot_interfaces__rosidl_generator_cExport.cmake\n'}
[16.985000] (aerobot_interfaces) StdoutLine: {'line': b'-- Up-to-date: C:/Users/dsai9/OneDrive/Documents/BNO055/custom/matlab_msg_gen/win64/install/share/aerobot_interfaces/cmake/export_aerobot_interfaces__rosidl_generator_cExport-release.cmake\n'}
[16.985000] (aerobot_interfaces) StdoutLine: {'line': b'-- Up-to-date: C:/Users/dsai9/OneDrive/Documents/BNO055/custom/matlab_msg_gen/win64/install/share/aerobot_interfaces/cmake/export_aerobot_interfaces__rosidl_typesupport_fastrtps_cExport.cmake\n'}
[16.985000] (aerobot_interfaces) StdoutLine: {'line': b'-- Up-to-date: C:/Users/dsai9/OneDrive/Documents/BNO055/custom/matlab_msg_gen/win64/install/share/aerobot_interfaces/cmake/export_aerobot_interfaces__rosidl_typesupport_fastrtps_cExport-release.cmake\n'}
[16.985000] (aerobot_interfaces) StdoutLine: {'line': b'-- Up-to-date: C:/Users/dsai9/OneDrive/Documents/BNO055/custom/matlab_msg_gen/win64/install/share/aerobot_interfaces/cmake/aerobot_interfaces__rosidl_typesupport_introspection_cExport.cmake\n'}
[17.032000] (aerobot_interfaces) StdoutLine: {'line': b'-- Up-to-date: C:/Users/dsai9/OneDrive/Documents/BNO055/custom/matlab_msg_gen/win64/install/share/aerobot_interfaces/cmake/aerobot_interfaces__rosidl_typesupport_introspection_cExport-release.cmake\n'}
[17.063000] (-) TimerEvent: {}
[17.094000] (aerobot_interfaces) StdoutLine: {'line': b'-- Up-to-date: C:/Users/dsai9/OneDrive/Documents/BNO055/custom/matlab_msg_gen/win64/install/share/aerobot_interfaces/cmake/aerobot_interfaces__rosidl_typesupport_cExport.cmake\n'}
[17.157000] (aerobot_interfaces) StdoutLine: {'line': b'-- Up-to-date: C:/Users/dsai9/OneDrive/Documents/BNO055/custom/matlab_msg_gen/win64/install/share/aerobot_interfaces/cmake/aerobot_interfaces__rosidl_typesupport_cExport-release.cmake\n'}
[17.157000] (aerobot_interfaces) StdoutLine: {'line': b'-- Up-to-date: C:/Users/dsai9/OneDrive/Documents/BNO055/custom/matlab_msg_gen/win64/install/share/aerobot_interfaces/cmake/export_aerobot_interfaces__rosidl_generator_cppExport.cmake\n'}
[17.172000] (aerobot_interfaces) StdoutLine: {'line': b'-- Up-to-date: C:/Users/dsai9/OneDrive/Documents/BNO055/custom/matlab_msg_gen/win64/install/share/aerobot_interfaces/cmake/export_aerobot_interfaces__rosidl_typesupport_fastrtps_cppExport.cmake\n'}
[17.172000] (-) TimerEvent: {}
[17.172000] (aerobot_interfaces) StdoutLine: {'line': b'-- Up-to-date: C:/Users/dsai9/OneDrive/Documents/BNO055/custom/matlab_msg_gen/win64/install/share/aerobot_interfaces/cmake/export_aerobot_interfaces__rosidl_typesupport_fastrtps_cppExport-release.cmake\n'}
[17.172000] (aerobot_interfaces) StdoutLine: {'line': b'-- Up-to-date: C:/Users/dsai9/OneDrive/Documents/BNO055/custom/matlab_msg_gen/win64/install/share/aerobot_interfaces/cmake/aerobot_interfaces__rosidl_typesupport_introspection_cppExport.cmake\n'}
[17.172000] (aerobot_interfaces) StdoutLine: {'line': b'-- Up-to-date: C:/Users/dsai9/OneDrive/Documents/BNO055/custom/matlab_msg_gen/win64/install/share/aerobot_interfaces/cmake/aerobot_interfaces__rosidl_typesupport_introspection_cppExport-release.cmake\n'}
[17.188000] (aerobot_interfaces) StdoutLine: {'line': b'-- Up-to-date: C:/Users/dsai9/OneDrive/Documents/BNO055/custom/matlab_msg_gen/win64/install/share/aerobot_interfaces/cmake/aerobot_interfaces__rosidl_typesupport_cppExport.cmake\n'}
[17.188000] (aerobot_interfaces) StdoutLine: {'line': b'-- Up-to-date: C:/Users/dsai9/OneDrive/Documents/BNO055/custom/matlab_msg_gen/win64/install/share/aerobot_interfaces/cmake/aerobot_interfaces__rosidl_typesupport_cppExport-release.cmake\n'}
[17.188000] (aerobot_interfaces) StdoutLine: {'line': b'-- Up-to-date: C:/Users/dsai9/OneDrive/Documents/BNO055/custom/matlab_msg_gen/win64/install/share/aerobot_interfaces/cmake/rosidl_cmake-extras.cmake\n'}
[17.188000] (aerobot_interfaces) StdoutLine: {'line': b'-- Up-to-date: C:/Users/dsai9/OneDrive/Documents/BNO055/custom/matlab_msg_gen/win64/install/share/aerobot_interfaces/cmake/ament_cmake_export_include_directories-extras.cmake\n'}
[17.188000] (aerobot_interfaces) StdoutLine: {'line': b'-- Up-to-date: C:/Users/dsai9/OneDrive/Documents/BNO055/custom/matlab_msg_gen/win64/install/share/aerobot_interfaces/cmake/ament_cmake_export_libraries-extras.cmake\n'}
[17.188000] (aerobot_interfaces) StdoutLine: {'line': b'-- Up-to-date: C:/Users/dsai9/OneDrive/Documents/BNO055/custom/matlab_msg_gen/win64/install/share/aerobot_interfaces/cmake/ament_cmake_export_targets-extras.cmake\n'}
[17.188000] (aerobot_interfaces) StdoutLine: {'line': b'-- Up-to-date: C:/Users/dsai9/OneDrive/Documents/BNO055/custom/matlab_msg_gen/win64/install/share/aerobot_interfaces/cmake/rosidl_cmake_export_typesupport_targets-extras.cmake\n'}
[17.188000] (aerobot_interfaces) StdoutLine: {'line': b'-- Up-to-date: C:/Users/dsai9/OneDrive/Documents/BNO055/custom/matlab_msg_gen/win64/install/share/aerobot_interfaces/cmake/ament_cmake_export_dependencies-extras.cmake\n'}
[17.188000] (aerobot_interfaces) StdoutLine: {'line': b'-- Up-to-date: C:/Users/dsai9/OneDrive/Documents/BNO055/custom/matlab_msg_gen/win64/install/share/aerobot_interfaces/cmake/rosidl_cmake_export_typesupport_libraries-extras.cmake\n'}
[17.188000] (aerobot_interfaces) StdoutLine: {'line': b'-- Up-to-date: C:/Users/dsai9/OneDrive/Documents/BNO055/custom/matlab_msg_gen/win64/install/share/aerobot_interfaces/cmake/aerobot_interfacesConfig.cmake\n'}
[17.188000] (aerobot_interfaces) StdoutLine: {'line': b'-- Up-to-date: C:/Users/dsai9/OneDrive/Documents/BNO055/custom/matlab_msg_gen/win64/install/share/aerobot_interfaces/cmake/aerobot_interfacesConfig-version.cmake\n'}
[17.188000] (aerobot_interfaces) StdoutLine: {'line': b'-- Installing: C:/Users/dsai9/OneDrive/Documents/BNO055/custom/matlab_msg_gen/win64/install/share/aerobot_interfaces/package.xml\n'}
[17.203000] (aerobot_interfaces) CommandEnded: {'returncode': 0}
[17.282000] (-) TimerEvent: {}
[17.391000] (-) TimerEvent: {}
[17.407000] (aerobot_interfaces) JobEnded: {'identifier': 'aerobot_interfaces', 'rc': 0}
[17.407000] (-) EventReactorShutdown: {}
