[0.975s] [34mcolcon[0m [1;30mDEBUG[0m [32mCommand line arguments: ['C:\\Users\\dsai9\\AppData\\Roaming\\MathWorks\\MATLAB\\R2023b\\ros2\\win64\\venv\\Scripts\\colcon', 'build', '--merge-install', '--cmake-args', '-DCMAKE_BUILD_TYPE=Release', '-DBUILD_TESTING=OFF', '-DALIAS_ROS2_TF2=1', '-DCMAKE_CXX_FLAGS_RELEASE=/MD /Od /Ob2 /DNDEBUG', '-G', 'Ninja'][0m
[0.975s] [34mcolcon[0m [1;30mDEBUG[0m [32mParsed command line arguments: Namespace(log_base=None, log_level=None, verb_name='build', build_base='build', install_base='install', merge_install=True, symlink_install=False, test_result_base=None, continue_on_error=False, executor='parallel', parallel_workers=12, event_handlers=None, ignore_user_meta=False, metas=['./colcon.meta'], base_paths=['.'], packages_ignore=None, packages_ignore_regex=None, paths=None, packages_up_to=None, packages_up_to_regex=None, packages_above=None, packages_above_and_dependencies=None, packages_above_depth=None, packages_select_by_dep=None, packages_skip_by_dep=None, packages_skip_up_to=None, packages_select_build_failed=False, packages_skip_build_finished=False, packages_select_test_failures=False, packages_skip_test_passed=False, packages_select=None, packages_skip=None, packages_select_regex=None, packages_skip_regex=None, packages_start=None, packages_end=None, cmake_args=['-DCMAKE_BUILD_TYPE=Release', '-DBUILD_TESTING=OFF', '-DALIAS_ROS2_TF2=1', '-DCMAKE_CXX_FLAGS_RELEASE=/MD /Od /Ob2 /DNDEBUG', '-G', 'Ninja'], cmake_target=None, cmake_target_skip_unavailable=False, cmake_clean_cache=False, cmake_clean_first=False, cmake_force_configure=False, ament_cmake_args=None, catkin_cmake_args=None, catkin_skip_building_tests=False, verb_parser=<colcon_defaults.argument_parser.defaults.DefaultArgumentsDecorator object at 0x00000289C6BB74C0>, verb_extension=<colcon_core.verb.build.BuildVerb object at 0x00000289C6B20250>, main=<bound method BuildVerb.main of <colcon_core.verb.build.BuildVerb object at 0x00000289C6B20250>>)[0m
[1.151s] [34mcolcon.colcon_core.package_discovery[0m [1;30mLevel 1[0m discover_packages(colcon_meta) check parameters
[1.151s] [34mcolcon.colcon_core.package_discovery[0m [1;30mLevel 1[0m discover_packages(recursive) check parameters
[1.151s] [34mcolcon.colcon_core.package_discovery[0m [1;30mLevel 1[0m discover_packages(ignore) check parameters
[1.151s] [34mcolcon.colcon_core.package_discovery[0m [1;30mLevel 1[0m discover_packages(path) check parameters
[1.151s] [34mcolcon.colcon_core.package_discovery[0m [1;30mLevel 1[0m discover_packages(colcon_meta) discover
[1.151s] [34mcolcon.colcon_core.package_discovery[0m [1;30mLevel 1[0m discover_packages(recursive) discover
[1.151s] [34mcolcon.colcon_core.package_discovery[0m [1;30mINFO[0m Crawling recursively for packages in 'C:\Users\dsai9\OneDrive\Documents\BNO055\custom\matlab_msg_gen\win64'
[1.152s] [34mcolcon.colcon_core.package_identification[0m [1;30mLevel 1[0m _identify(.) by extensions ['ignore', 'ignore_ament_install']
[1.152s] [34mcolcon.colcon_core.package_identification[0m [1;30mLevel 1[0m _identify(.) by extension 'ignore'
[1.152s] [34mcolcon.colcon_core.package_identification[0m [1;30mLevel 1[0m _identify(.) by extension 'ignore_ament_install'
[1.152s] [34mcolcon.colcon_core.package_identification[0m [1;30mLevel 1[0m _identify(.) by extensions ['colcon_pkg']
[1.152s] [34mcolcon.colcon_core.package_identification[0m [1;30mLevel 1[0m _identify(.) by extension 'colcon_pkg'
[1.152s] [34mcolcon.colcon_core.package_identification[0m [1;30mLevel 1[0m _identify(.) by extensions ['colcon_meta']
[1.152s] [34mcolcon.colcon_core.package_identification[0m [1;30mLevel 1[0m _identify(.) by extension 'colcon_meta'
[1.152s] [34mcolcon.colcon_core.package_identification[0m [1;30mLevel 1[0m _identify(.) by extensions ['ros']
[1.152s] [34mcolcon.colcon_core.package_identification[0m [1;30mLevel 1[0m _identify(.) by extension 'ros'
[1.190s] [34mcolcon.colcon_core.package_identification[0m [1;30mLevel 1[0m _identify(.) by extensions ['cmake', 'python']
[1.190s] [34mcolcon.colcon_core.package_identification[0m [1;30mLevel 1[0m _identify(.) by extension 'cmake'
[1.191s] [34mcolcon.colcon_core.package_identification[0m [1;30mLevel 1[0m _identify(.) by extension 'python'
[1.191s] [34mcolcon.colcon_core.package_identification[0m [1;30mLevel 1[0m _identify(.) by extensions ['python_setup_py']
[1.191s] [34mcolcon.colcon_core.package_identification[0m [1;30mLevel 1[0m _identify(.) by extension 'python_setup_py'
[1.191s] [34mcolcon.colcon_core.package_identification[0m [1;30mLevel 1[0m _identify(build) by extensions ['ignore', 'ignore_ament_install']
[1.191s] [34mcolcon.colcon_core.package_identification[0m [1;30mLevel 1[0m _identify(build) by extension 'ignore'
[1.191s] [34mcolcon.colcon_core.package_identification[0m [1;30mLevel 1[0m _identify(build) ignored
[1.192s] [34mcolcon.colcon_core.package_identification[0m [1;30mLevel 1[0m _identify(install) by extensions ['ignore', 'ignore_ament_install']
[1.192s] [34mcolcon.colcon_core.package_identification[0m [1;30mLevel 1[0m _identify(install) by extension 'ignore'
[1.192s] [34mcolcon.colcon_core.package_identification[0m [1;30mLevel 1[0m _identify(install) ignored
[1.192s] [34mcolcon.colcon_core.package_identification[0m [1;30mLevel 1[0m _identify(log) by extensions ['ignore', 'ignore_ament_install']
[1.192s] [34mcolcon.colcon_core.package_identification[0m [1;30mLevel 1[0m _identify(log) by extension 'ignore'
[1.192s] [34mcolcon.colcon_core.package_identification[0m [1;30mLevel 1[0m _identify(log) ignored
[1.193s] [34mcolcon.colcon_core.package_identification[0m [1;30mLevel 1[0m _identify(src) by extensions ['ignore', 'ignore_ament_install']
[1.193s] [34mcolcon.colcon_core.package_identification[0m [1;30mLevel 1[0m _identify(src) by extension 'ignore'
[1.193s] [34mcolcon.colcon_core.package_identification[0m [1;30mLevel 1[0m _identify(src) by extension 'ignore_ament_install'
[1.193s] [34mcolcon.colcon_core.package_identification[0m [1;30mLevel 1[0m _identify(src) by extensions ['colcon_pkg']
[1.193s] [34mcolcon.colcon_core.package_identification[0m [1;30mLevel 1[0m _identify(src) by extension 'colcon_pkg'
[1.193s] [34mcolcon.colcon_core.package_identification[0m [1;30mLevel 1[0m _identify(src) by extensions ['colcon_meta']
[1.193s] [34mcolcon.colcon_core.package_identification[0m [1;30mLevel 1[0m _identify(src) by extension 'colcon_meta'
[1.193s] [34mcolcon.colcon_core.package_identification[0m [1;30mLevel 1[0m _identify(src) by extensions ['ros']
[1.194s] [34mcolcon.colcon_core.package_identification[0m [1;30mLevel 1[0m _identify(src) by extension 'ros'
[1.194s] [34mcolcon.colcon_core.package_identification[0m [1;30mLevel 1[0m _identify(src) by extensions ['cmake', 'python']
[1.194s] [34mcolcon.colcon_core.package_identification[0m [1;30mLevel 1[0m _identify(src) by extension 'cmake'
[1.194s] [34mcolcon.colcon_core.package_identification[0m [1;30mLevel 1[0m _identify(src) by extension 'python'
[1.194s] [34mcolcon.colcon_core.package_identification[0m [1;30mLevel 1[0m _identify(src) by extensions ['python_setup_py']
[1.194s] [34mcolcon.colcon_core.package_identification[0m [1;30mLevel 1[0m _identify(src) by extension 'python_setup_py'
[1.194s] [34mcolcon.colcon_core.package_identification[0m [1;30mLevel 1[0m _identify(src\aerobot_interfaces) by extensions ['ignore', 'ignore_ament_install']
[1.194s] [34mcolcon.colcon_core.package_identification[0m [1;30mLevel 1[0m _identify(src\aerobot_interfaces) by extension 'ignore'
[1.195s] [34mcolcon.colcon_core.package_identification[0m [1;30mLevel 1[0m _identify(src\aerobot_interfaces) by extension 'ignore_ament_install'
[1.195s] [34mcolcon.colcon_core.package_identification[0m [1;30mLevel 1[0m _identify(src\aerobot_interfaces) by extensions ['colcon_pkg']
[1.195s] [34mcolcon.colcon_core.package_identification[0m [1;30mLevel 1[0m _identify(src\aerobot_interfaces) by extension 'colcon_pkg'
[1.195s] [34mcolcon.colcon_core.package_identification[0m [1;30mLevel 1[0m _identify(src\aerobot_interfaces) by extensions ['colcon_meta']
[1.195s] [34mcolcon.colcon_core.package_identification[0m [1;30mLevel 1[0m _identify(src\aerobot_interfaces) by extension 'colcon_meta'
[1.195s] [34mcolcon.colcon_core.package_identification[0m [1;30mLevel 1[0m _identify(src\aerobot_interfaces) by extensions ['ros']
[1.195s] [34mcolcon.colcon_core.package_identification[0m [1;30mLevel 1[0m _identify(src\aerobot_interfaces) by extension 'ros'
[1.201s] [34mcolcon.colcon_core.package_identification[0m [1;30mDEBUG[0m [32mPackage 'src\aerobot_interfaces' with type 'ros.ament_cmake' and name 'aerobot_interfaces'[0m
[1.202s] [34mcolcon.colcon_core.package_discovery[0m [1;30mLevel 1[0m discover_packages(recursive) using defaults
[1.202s] [34mcolcon.colcon_core.package_discovery[0m [1;30mLevel 1[0m discover_packages(ignore) discover
[1.202s] [34mcolcon.colcon_core.package_discovery[0m [1;30mLevel 1[0m discover_packages(ignore) using defaults
[1.202s] [34mcolcon.colcon_core.package_discovery[0m [1;30mLevel 1[0m discover_packages(path) discover
[1.202s] [34mcolcon.colcon_core.package_discovery[0m [1;30mLevel 1[0m discover_packages(path) using defaults
[1.270s] [34mcolcon.colcon_core.verb[0m [1;30mLevel 5[0m set package 'aerobot_interfaces' build argument 'cmake_args' from command line to '['-DCMAKE_BUILD_TYPE=Release', '-DBUILD_TESTING=OFF', '-DALIAS_ROS2_TF2=1', '-DCMAKE_CXX_FLAGS_RELEASE=/MD /Od /Ob2 /DNDEBUG', '-G', 'Ninja']'
[1.270s] [34mcolcon.colcon_core.verb[0m [1;30mLevel 5[0m set package 'aerobot_interfaces' build argument 'cmake_target' from command line to 'None'
[1.271s] [34mcolcon.colcon_core.verb[0m [1;30mLevel 5[0m set package 'aerobot_interfaces' build argument 'cmake_target_skip_unavailable' from command line to 'False'
[1.271s] [34mcolcon.colcon_core.verb[0m [1;30mLevel 5[0m set package 'aerobot_interfaces' build argument 'cmake_clean_cache' from command line to 'False'
[1.271s] [34mcolcon.colcon_core.verb[0m [1;30mLevel 5[0m set package 'aerobot_interfaces' build argument 'cmake_clean_first' from command line to 'False'
[1.271s] [34mcolcon.colcon_core.verb[0m [1;30mLevel 5[0m set package 'aerobot_interfaces' build argument 'cmake_force_configure' from command line to 'False'
[1.271s] [34mcolcon.colcon_core.verb[0m [1;30mLevel 5[0m set package 'aerobot_interfaces' build argument 'ament_cmake_args' from command line to 'None'
[1.271s] [34mcolcon.colcon_core.verb[0m [1;30mLevel 5[0m set package 'aerobot_interfaces' build argument 'catkin_cmake_args' from command line to 'None'
[1.271s] [34mcolcon.colcon_core.verb[0m [1;30mLevel 5[0m set package 'aerobot_interfaces' build argument 'catkin_skip_building_tests' from command line to 'False'
[1.271s] [34mcolcon.colcon_core.verb[0m [1;30mDEBUG[0m [32mBuilding package 'aerobot_interfaces' with the following arguments: {'ament_cmake_args': None, 'build_base': 'C:\\Users\\dsai9\\OneDrive\\Documents\\BNO055\\custom\\matlab_msg_gen\\win64\\build\\aerobot_interfaces', 'catkin_cmake_args': None, 'catkin_skip_building_tests': False, 'cmake_args': ['-DCMAKE_BUILD_TYPE=Release', '-DBUILD_TESTING=OFF', '-DALIAS_ROS2_TF2=1', '-DCMAKE_CXX_FLAGS_RELEASE=/MD /Od /Ob2 /DNDEBUG', '-G', 'Ninja'], 'cmake_clean_cache': False, 'cmake_clean_first': False, 'cmake_force_configure': False, 'cmake_target': None, 'cmake_target_skip_unavailable': False, 'install_base': 'C:\\Users\\dsai9\\OneDrive\\Documents\\BNO055\\custom\\matlab_msg_gen\\win64\\install', 'merge_install': True, 'path': 'C:\\Users\\dsai9\\OneDrive\\Documents\\BNO055\\custom\\matlab_msg_gen\\win64\\src\\aerobot_interfaces', 'symlink_install': False, 'test_result_base': None}[0m
[1.274s] [34mcolcon.colcon_core.executor[0m [1;30mINFO[0m Executing jobs using 'parallel' executor
[1.294s] [34mcolcon.colcon_parallel_executor.executor.parallel[0m [1;30mDEBUG[0m [32mrun_until_complete[0m
[1.295s] [34mcolcon.colcon_ros.task.ament_cmake.build[0m [1;30mINFO[0m Building ROS package in 'C:\Users\dsai9\OneDrive\Documents\BNO055\custom\matlab_msg_gen\win64\src\aerobot_interfaces' with build type 'ament_cmake'
[1.295s] [34mcolcon.colcon_cmake.task.cmake.build[0m [1;30mINFO[0m Building CMake package in 'C:\Users\dsai9\OneDrive\Documents\BNO055\custom\matlab_msg_gen\win64\src\aerobot_interfaces'
[1.304s] [34mcolcon.colcon_core.plugin_system[0m [1;30mINFO[0m Skipping extension 'colcon_core.shell.sh': Not used on Windows systems
[1.304s] [34mcolcon.colcon_core.shell[0m [1;30mINFO[0m Skip shell extension 'powershell' for command environment: Not usable outside of PowerShell
[1.427s] [34mcolcon.colcon_core.event_handler.log_command[0m [1;30mDEBUG[0m [32mInvoking command in 'C:\Users\dsai9\OneDrive\Documents\BNO055\custom\matlab_msg_gen\win64\build\aerobot_interfaces': C:\Program Files\MATLAB\R2023b\bin\win64\cmake\bin\cmake.EXE --build C:\Users\dsai9\OneDrive\Documents\BNO055\custom\matlab_msg_gen\win64\build\aerobot_interfaces -- -j12 -l12[0m
[17.591s] [34mcolcon.colcon_core.event_handler.log_command[0m [1;30mDEBUG[0m [32mInvoked command in 'C:\Users\dsai9\OneDrive\Documents\BNO055\custom\matlab_msg_gen\win64\build\aerobot_interfaces' returned '0': C:\Program Files\MATLAB\R2023b\bin\win64\cmake\bin\cmake.EXE --build C:\Users\dsai9\OneDrive\Documents\BNO055\custom\matlab_msg_gen\win64\build\aerobot_interfaces -- -j12 -l12[0m
[17.709s] [34mcolcon.colcon_core.event_handler.log_command[0m [1;30mDEBUG[0m [32mInvoking command in 'C:\Users\dsai9\OneDrive\Documents\BNO055\custom\matlab_msg_gen\win64\build\aerobot_interfaces': C:\Program Files\MATLAB\R2023b\bin\win64\cmake\bin\cmake.EXE --install C:\Users\dsai9\OneDrive\Documents\BNO055\custom\matlab_msg_gen\win64\build\aerobot_interfaces[0m
[18.500s] [34mcolcon.colcon_core.environment[0m [1;30mLevel 1[0m create_environment_scripts_only(aerobot_interfaces)
[18.502s] [34mcolcon.colcon_core.event_handler.log_command[0m [1;30mDEBUG[0m [32mInvoked command in 'C:\Users\dsai9\OneDrive\Documents\BNO055\custom\matlab_msg_gen\win64\build\aerobot_interfaces' returned '0': C:\Program Files\MATLAB\R2023b\bin\win64\cmake\bin\cmake.EXE --install C:\Users\dsai9\OneDrive\Documents\BNO055\custom\matlab_msg_gen\win64\build\aerobot_interfaces[0m
[18.525s] [34mcolcon.colcon_core.environment[0m [1;30mLevel 1[0m checking 'C:\Users\dsai9\OneDrive\Documents\BNO055\custom\matlab_msg_gen\win64\install' for CMake module files
[18.528s] [34mcolcon.colcon_core.environment[0m [1;30mLevel 1[0m checking 'C:\Users\dsai9\OneDrive\Documents\BNO055\custom\matlab_msg_gen\win64\install' for CMake config files
[18.531s] [34mcolcon.colcon_core.shell[0m [1;30mLevel 1[0m create_environment_hook('aerobot_interfaces', 'cmake_prefix_path')
[18.536s] [34mcolcon.colcon_core.shell[0m [1;30mINFO[0m Creating environment hook 'C:\Users\dsai9\OneDrive\Documents\BNO055\custom\matlab_msg_gen\win64\install\share\aerobot_interfaces\hook\cmake_prefix_path.ps1'
[18.539s] [34mcolcon.colcon_core.shell[0m [1;30mINFO[0m Creating environment hook 'C:\Users\dsai9\OneDrive\Documents\BNO055\custom\matlab_msg_gen\win64\install\share\aerobot_interfaces\hook\cmake_prefix_path.bat'
[18.540s] [34mcolcon.colcon_core.shell[0m [1;30mINFO[0m Creating environment descriptor 'C:\Users\dsai9\OneDrive\Documents\BNO055\custom\matlab_msg_gen\win64\install\share\aerobot_interfaces\hook\cmake_prefix_path.dsv'
[18.542s] [34mcolcon.colcon_core.environment[0m [1;30mLevel 1[0m checking 'C:\Users\dsai9\OneDrive\Documents\BNO055\custom\matlab_msg_gen\win64\install\bin'
[18.542s] [34mcolcon.colcon_core.shell[0m [1;30mLevel 1[0m create_environment_hook('aerobot_interfaces', 'path_dll')
[18.548s] [34mcolcon.colcon_core.shell[0m [1;30mINFO[0m Creating environment hook 'C:\Users\dsai9\OneDrive\Documents\BNO055\custom\matlab_msg_gen\win64\install\share\aerobot_interfaces\hook\path_dll.ps1'
[18.548s] [34mcolcon.colcon_core.shell[0m [1;30mINFO[0m Creating environment hook 'C:\Users\dsai9\OneDrive\Documents\BNO055\custom\matlab_msg_gen\win64\install\share\aerobot_interfaces\hook\path_dll.bat'
[18.549s] [34mcolcon.colcon_core.shell[0m [1;30mINFO[0m Creating environment descriptor 'C:\Users\dsai9\OneDrive\Documents\BNO055\custom\matlab_msg_gen\win64\install\share\aerobot_interfaces\hook\path_dll.dsv'
[18.550s] [34mcolcon.colcon_core.environment[0m [1;30mLevel 1[0m checking 'C:\Users\dsai9\OneDrive\Documents\BNO055\custom\matlab_msg_gen\win64\install\bin'
[18.550s] [34mcolcon.colcon_core.shell[0m [1;30mLevel 1[0m create_environment_hook('aerobot_interfaces', 'path')
[18.556s] [34mcolcon.colcon_core.shell[0m [1;30mINFO[0m Creating environment hook 'C:\Users\dsai9\OneDrive\Documents\BNO055\custom\matlab_msg_gen\win64\install\share\aerobot_interfaces\hook\path.ps1'
[18.557s] [34mcolcon.colcon_core.shell[0m [1;30mINFO[0m Creating environment hook 'C:\Users\dsai9\OneDrive\Documents\BNO055\custom\matlab_msg_gen\win64\install\share\aerobot_interfaces\hook\path.bat'
[18.558s] [34mcolcon.colcon_core.shell[0m [1;30mINFO[0m Creating environment descriptor 'C:\Users\dsai9\OneDrive\Documents\BNO055\custom\matlab_msg_gen\win64\install\share\aerobot_interfaces\hook\path.dsv'
[18.559s] [34mcolcon.colcon_core.environment[0m [1;30mLevel 1[0m checking 'C:\Users\dsai9\OneDrive\Documents\BNO055\custom\matlab_msg_gen\win64\install\lib\pkgconfig\aerobot_interfaces.pc'
[18.560s] [34mcolcon.colcon_core.environment[0m [1;30mLevel 1[0m checking 'C:\Users\dsai9\OneDrive\Documents\BNO055\custom\matlab_msg_gen\win64\install\Lib\site-packages'
[18.560s] [34mcolcon.colcon_core.environment[0m [1;30mLevel 1[0m checking 'C:\Users\dsai9\OneDrive\Documents\BNO055\custom\matlab_msg_gen\win64\install\Scripts'
[18.566s] [34mcolcon.colcon_core.shell[0m [1;30mINFO[0m Creating package script 'C:\Users\dsai9\OneDrive\Documents\BNO055\custom\matlab_msg_gen\win64\install\share\aerobot_interfaces\package.ps1'
[18.568s] [34mcolcon.colcon_core.shell[0m [1;30mINFO[0m Creating package script 'C:\Users\dsai9\OneDrive\Documents\BNO055\custom\matlab_msg_gen\win64\install\share\aerobot_interfaces\package.bat'
[18.570s] [34mcolcon.colcon_core.shell[0m [1;30mINFO[0m Creating package descriptor 'C:\Users\dsai9\OneDrive\Documents\BNO055\custom\matlab_msg_gen\win64\install\share\aerobot_interfaces\package.dsv'
[18.571s] [34mcolcon.colcon_core.environment[0m [1;30mLevel 1[0m create_file_with_runtime_dependencies(C:\Users\dsai9\OneDrive\Documents\BNO055\custom\matlab_msg_gen\win64\install\share\colcon-core\packages\aerobot_interfaces)
[18.651s] [34mcolcon.colcon_core.environment[0m [1;30mLevel 1[0m create_environment_scripts_only(aerobot_interfaces)
[18.661s] [34mcolcon.colcon_core.environment[0m [1;30mLevel 1[0m checking 'C:\Users\dsai9\OneDrive\Documents\BNO055\custom\matlab_msg_gen\win64\install' for CMake module files
[18.665s] [34mcolcon.colcon_core.environment[0m [1;30mLevel 1[0m checking 'C:\Users\dsai9\OneDrive\Documents\BNO055\custom\matlab_msg_gen\win64\install' for CMake config files
[18.667s] [34mcolcon.colcon_core.shell[0m [1;30mLevel 1[0m create_environment_hook('aerobot_interfaces', 'cmake_prefix_path')
[18.673s] [34mcolcon.colcon_core.shell[0m [1;30mINFO[0m Creating environment hook 'C:\Users\dsai9\OneDrive\Documents\BNO055\custom\matlab_msg_gen\win64\install\share\aerobot_interfaces\hook\cmake_prefix_path.ps1'
[18.674s] [34mcolcon.colcon_core.shell[0m [1;30mINFO[0m Creating environment hook 'C:\Users\dsai9\OneDrive\Documents\BNO055\custom\matlab_msg_gen\win64\install\share\aerobot_interfaces\hook\cmake_prefix_path.bat'
[18.675s] [34mcolcon.colcon_core.shell[0m [1;30mINFO[0m Creating environment descriptor 'C:\Users\dsai9\OneDrive\Documents\BNO055\custom\matlab_msg_gen\win64\install\share\aerobot_interfaces\hook\cmake_prefix_path.dsv'
[18.676s] [34mcolcon.colcon_core.environment[0m [1;30mLevel 1[0m checking 'C:\Users\dsai9\OneDrive\Documents\BNO055\custom\matlab_msg_gen\win64\install\bin'
[18.676s] [34mcolcon.colcon_core.shell[0m [1;30mLevel 1[0m create_environment_hook('aerobot_interfaces', 'path_dll')
[18.682s] [34mcolcon.colcon_core.shell[0m [1;30mINFO[0m Creating environment hook 'C:\Users\dsai9\OneDrive\Documents\BNO055\custom\matlab_msg_gen\win64\install\share\aerobot_interfaces\hook\path_dll.ps1'
[18.683s] [34mcolcon.colcon_core.shell[0m [1;30mINFO[0m Creating environment hook 'C:\Users\dsai9\OneDrive\Documents\BNO055\custom\matlab_msg_gen\win64\install\share\aerobot_interfaces\hook\path_dll.bat'
[18.684s] [34mcolcon.colcon_core.shell[0m [1;30mINFO[0m Creating environment descriptor 'C:\Users\dsai9\OneDrive\Documents\BNO055\custom\matlab_msg_gen\win64\install\share\aerobot_interfaces\hook\path_dll.dsv'
[18.685s] [34mcolcon.colcon_core.environment[0m [1;30mLevel 1[0m checking 'C:\Users\dsai9\OneDrive\Documents\BNO055\custom\matlab_msg_gen\win64\install\bin'
[18.685s] [34mcolcon.colcon_core.shell[0m [1;30mLevel 1[0m create_environment_hook('aerobot_interfaces', 'path')
[18.691s] [34mcolcon.colcon_core.shell[0m [1;30mINFO[0m Creating environment hook 'C:\Users\dsai9\OneDrive\Documents\BNO055\custom\matlab_msg_gen\win64\install\share\aerobot_interfaces\hook\path.ps1'
[18.692s] [34mcolcon.colcon_core.shell[0m [1;30mINFO[0m Creating environment hook 'C:\Users\dsai9\OneDrive\Documents\BNO055\custom\matlab_msg_gen\win64\install\share\aerobot_interfaces\hook\path.bat'
[18.693s] [34mcolcon.colcon_core.shell[0m [1;30mINFO[0m Creating environment descriptor 'C:\Users\dsai9\OneDrive\Documents\BNO055\custom\matlab_msg_gen\win64\install\share\aerobot_interfaces\hook\path.dsv'
[18.694s] [34mcolcon.colcon_core.environment[0m [1;30mLevel 1[0m checking 'C:\Users\dsai9\OneDrive\Documents\BNO055\custom\matlab_msg_gen\win64\install\lib\pkgconfig\aerobot_interfaces.pc'
[18.694s] [34mcolcon.colcon_core.environment[0m [1;30mLevel 1[0m checking 'C:\Users\dsai9\OneDrive\Documents\BNO055\custom\matlab_msg_gen\win64\install\Lib\site-packages'
[18.694s] [34mcolcon.colcon_core.environment[0m [1;30mLevel 1[0m checking 'C:\Users\dsai9\OneDrive\Documents\BNO055\custom\matlab_msg_gen\win64\install\Scripts'
[18.700s] [34mcolcon.colcon_core.shell[0m [1;30mINFO[0m Creating package script 'C:\Users\dsai9\OneDrive\Documents\BNO055\custom\matlab_msg_gen\win64\install\share\aerobot_interfaces\package.ps1'
[18.701s] [34mcolcon.colcon_core.shell[0m [1;30mINFO[0m Creating package script 'C:\Users\dsai9\OneDrive\Documents\BNO055\custom\matlab_msg_gen\win64\install\share\aerobot_interfaces\package.bat'
[18.702s] [34mcolcon.colcon_core.shell[0m [1;30mINFO[0m Creating package descriptor 'C:\Users\dsai9\OneDrive\Documents\BNO055\custom\matlab_msg_gen\win64\install\share\aerobot_interfaces\package.dsv'
[18.703s] [34mcolcon.colcon_core.environment[0m [1;30mLevel 1[0m create_file_with_runtime_dependencies(C:\Users\dsai9\OneDrive\Documents\BNO055\custom\matlab_msg_gen\win64\install\share\colcon-core\packages\aerobot_interfaces)
[18.704s] [34mcolcon.colcon_parallel_executor.executor.parallel[0m [1;30mDEBUG[0m [32mrun_until_complete finished with '0'[0m
[18.704s] [34mcolcon.colcon_core.event_reactor[0m [1;30mDEBUG[0m [32mjoining thread[0m
[18.717s] [34mcolcon.colcon_core.plugin_system[0m [1;30mINFO[0m Skipping extension 'colcon_notification.desktop_notification.notify2': 'notify2' not found
[18.718s] [34mcolcon.colcon_core.plugin_system[0m [1;30mINFO[0m Skipping extension 'colcon_notification.desktop_notification.notify_send': Not used on non-Linux systems
[18.718s] [34mcolcon.colcon_core.plugin_system[0m [1;30mINFO[0m Skipping extension 'colcon_notification.desktop_notification.terminal_notifier': Not used on non-Darwin systems
[18.718s] [34mcolcon.colcon_notification.desktop_notification[0m [1;30mINFO[0m Sending desktop notification using 'win32'
[23.796s] [34mcolcon.colcon_core.event_reactor[0m [1;30mDEBUG[0m [32mjoined thread[0m
[23.802s] [34mcolcon.colcon_core.shell[0m [1;30mINFO[0m Creating prefix script 'C:\Users\dsai9\OneDrive\Documents\BNO055\custom\matlab_msg_gen\win64\install\local_setup.ps1'
[23.804s] [34mcolcon.colcon_core.shell[0m [1;30mINFO[0m Creating prefix util module 'C:\Users\dsai9\OneDrive\Documents\BNO055\custom\matlab_msg_gen\win64\install\_local_setup_util_ps1.py'
[23.807s] [34mcolcon.colcon_core.shell[0m [1;30mINFO[0m Creating prefix chain script 'C:\Users\dsai9\OneDrive\Documents\BNO055\custom\matlab_msg_gen\win64\install\setup.ps1'
[23.814s] [34mcolcon.colcon_core.shell[0m [1;30mINFO[0m Creating prefix script 'C:\Users\dsai9\OneDrive\Documents\BNO055\custom\matlab_msg_gen\win64\install\local_setup.bat'
[23.815s] [34mcolcon.colcon_core.shell[0m [1;30mINFO[0m Creating prefix util module 'C:\Users\dsai9\OneDrive\Documents\BNO055\custom\matlab_msg_gen\win64\install\_local_setup_util_bat.py'
[23.816s] [34mcolcon.colcon_core.shell[0m [1;30mINFO[0m Creating prefix chain script 'C:\Users\dsai9\OneDrive\Documents\BNO055\custom\matlab_msg_gen\win64\install\setup.bat'
