[0.109s] Invoking command in 'C:\Users\dsai9\OneDrive\Documents\BNO055\custom\matlab_msg_gen\win64\build\aerobot_interfaces': C:\Program Files\MATLAB\R2023b\bin\win64\cmake\bin\cmake.EXE C:\Users\dsai9\OneDrive\Documents\BNO055\custom\matlab_msg_gen\win64\src\aerobot_interfaces -DCMAKE_BUILD_TYPE=Release -DBUILD_TESTING=OFF -DALIAS_ROS2_TF2=1 -DCMAKE_CXX_FLAGS_RELEASE=/MD /Od /Ob2 /DNDEBUG -G Ninja -DCMAKE_INSTALL_PREFIX=C:\Users\dsai9\OneDrive\Documents\BNO055\custom\matlab_msg_gen\win64\install
[1.109s] -- The C compiler identification is MSVC 19.40.33811.0
[1.515s] -- The CXX compiler identification is MSVC 19.40.33811.0
[1.703s] -- Detecting C compiler ABI info
[2.640s] -- Detecting C compiler ABI info - done
[2.656s] -- Check for working C compiler: C:/Program Files/Microsoft Visual Studio/2022/Community/VC/Tools/MSVC/14.40.33807/bin/Hostx86/x64/cl.exe - skipped
[2.656s] -- Detecting C compile features
[2.671s] -- Detecting C compile features - done
[2.718s] -- Detecting CXX compiler ABI info
[3.421s] -- Detecting CXX compiler ABI info - done
[3.437s] -- Check for working CXX compiler: C:/Program Files/Microsoft Visual Studio/2022/Community/VC/Tools/MSVC/14.40.33807/bin/Hostx86/x64/cl.exe - skipped
[3.437s] -- Detecting CXX compile features
[3.437s] -- Detecting CXX compile features - done
[3.500s] -- Found ament_cmake: 1.3.3 (C:/Program Files/MATLAB/R2023b/sys/ros2/win64/ros2/share/ament_cmake/cmake)
[5.421s] -- Found Python3: C:/Users/dsai9/AppData/Local/Microsoft/WindowsApps/python3.12.exe (found version "3.12.4") found components: Interpreter 
[6.968s] -- Found ament_cmake_ros: 0.10.0 (C:/Program Files/MATLAB/R2023b/sys/ros2/win64/ros2/share/ament_cmake_ros/cmake)
[7.140s] -- Found rosidl_typesupport_c: 2.0.0 (C:/Program Files/MATLAB/R2023b/sys/ros2/win64/ros2/share/rosidl_typesupport_c/cmake)
[7.156s] -- Using all available rosidl_typesupport_c: rosidl_typesupport_fastrtps_c;rosidl_typesupport_introspection_c
[7.218s] -- Found rosidl_adapter: 3.1.4 (C:/Program Files/MATLAB/R2023b/sys/ros2/win64/ros2/share/rosidl_adapter/cmake)
[7.703s] -- Found rosidl_typesupport_cpp: 2.0.0 (C:/Program Files/MATLAB/R2023b/sys/ros2/win64/ros2/share/rosidl_typesupport_cpp/cmake)
[7.718s] -- Using all available rosidl_typesupport_cpp: rosidl_typesupport_fastrtps_cpp;rosidl_typesupport_introspection_cpp
[8.078s] -- Found rosidl_default_generators: 1.2.0 (C:/Program Files/MATLAB/R2023b/sys/ros2/win64/ros2/share/rosidl_default_generators/cmake)
[8.109s] -- Found class_loader: 2.2.0 (C:/Program Files/MATLAB/R2023b/sys/ros2/win64/ros2/share/class_loader/cmake)
[8.187s] -- Found rclcpp: 16.0.3 (C:/Program Files/MATLAB/R2023b/sys/ros2/win64/ros2/share/rclcpp/cmake)
[8.984s] -- Found rmw_implementation_cmake: 6.1.1 (C:/Program Files/MATLAB/R2023b/sys/ros2/win64/ros2/share/rmw_implementation_cmake/cmake)
[9.031s] -- Found rmw_fastrtps_cpp: 6.2.2 (C:/Program Files/MATLAB/R2023b/sys/ros2/win64/ros2/share/rmw_fastrtps_cpp/cmake)
[9.718s] -- Found FastRTPS: C:/Program Files/MATLAB/R2023b/sys/ros2/win64/ros2/include  
[9.765s] -- Using RMW implementation 'rmw_fastrtps_cpp' as default
[9.875s] -- Performing Test CMAKE_HAVE_LIBC_PTHREAD
[10.046s] -- Performing Test CMAKE_HAVE_LIBC_PTHREAD - Failed
[10.046s] -- Looking for pthread_create in pthreads
[10.328s] -- Looking for pthread_create in pthreads - not found
[10.328s] -- Looking for pthread_create in pthread
[10.625s] -- Looking for pthread_create in pthread - not found
[10.625s] -- Found Threads: TRUE  
[12.781s] -- Using all available rosidl_typesupport_c: rosidl_typesupport_fastrtps_c;rosidl_typesupport_introspection_c
[13.359s] -- Using all available rosidl_typesupport_cpp: rosidl_typesupport_fastrtps_cpp;rosidl_typesupport_introspection_cpp
[13.640s] -- Configuring done
[14.015s] -- Generating done
[14.093s] -- Build files have been written to: C:/Users/dsai9/OneDrive/Documents/BNO055/custom/matlab_msg_gen/win64/build/aerobot_interfaces
[14.125s] Invoked command in 'C:\Users\dsai9\OneDrive\Documents\BNO055\custom\matlab_msg_gen\win64\build\aerobot_interfaces' returned '0': C:\Program Files\MATLAB\R2023b\bin\win64\cmake\bin\cmake.EXE C:\Users\dsai9\OneDrive\Documents\BNO055\custom\matlab_msg_gen\win64\src\aerobot_interfaces -DCMAKE_BUILD_TYPE=Release -DBUILD_TESTING=OFF -DALIAS_ROS2_TF2=1 -DCMAKE_CXX_FLAGS_RELEASE=/MD /Od /Ob2 /DNDEBUG -G Ninja -DCMAKE_INSTALL_PREFIX=C:\Users\dsai9\OneDrive\Documents\BNO055\custom\matlab_msg_gen\win64\install
[14.125s] Invoking command in 'C:\Users\dsai9\OneDrive\Documents\BNO055\custom\matlab_msg_gen\win64\build\aerobot_interfaces': C:\Program Files\MATLAB\R2023b\bin\win64\cmake\bin\cmake.EXE --build C:\Users\dsai9\OneDrive\Documents\BNO055\custom\matlab_msg_gen\win64\build\aerobot_interfaces -- -j12 -l12
[15.171s] [1/32] Generating C code for ROS interfaces
[15.187s] [2/32] Generating C++ code for ROS interfaces
[15.328s] [3/32] Building C object CMakeFiles\aerobot_interfaces__rosidl_generator_c.dir\rosidl_generator_c\aerobot_interfaces\msg\detail\esc_msg__functions.c.obj
[15.328s] [4/32] Building C object CMakeFiles\aerobot_interfaces__rosidl_generator_c.dir\rosidl_generator_c\aerobot_interfaces\srv\detail\esc_srv__functions.c.obj
[15.671s] [5/32] Linking C shared library aerobot_interfaces__rosidl_generator_c.dll
[16.000s] [6/32] Generating C++ type support dispatch for ROS interfaces
[16.156s] [7/32] Generating C++ introspection for ROS interfaces
[16.187s] [8/32] Generating C++ type support for eProsima Fast-RTPS
[16.968s] [9/32] Generating C type support for eProsima Fast-RTPS
[17.062s] [10/32] Building CXX object CMakeFiles\aerobot_interfaces__rosidl_typesupport_cpp.dir\rosidl_typesupport_cpp\aerobot_interfaces\srv\esc_srv__type_support.cpp.obj
[17.062s] [11/32] Building CXX object CMakeFiles\aerobot_interfaces__rosidl_typesupport_cpp.dir\rosidl_typesupport_cpp\aerobot_interfaces\msg\esc_msg__type_support.cpp.obj
[17.078s] [12/32] Generating C type support dispatch for ROS interfaces
[17.109s] [13/32] Generating C introspection for ROS interfaces
[17.296s] [14/32] Building CXX object CMakeFiles\aerobot_interfaces__rosidl_typesupport_c.dir\rosidl_typesupport_c\aerobot_interfaces\msg\esc_msg__type_support.cpp.obj
[17.328s] [15/32] Building CXX object CMakeFiles\aerobot_interfaces__rosidl_typesupport_introspection_cpp.dir\067b130b49f0a068dc86090e8b96bffa\srv\detail\esc_srv__type_support.cpp.obj
[17.328s] [16/32] Building CXX object CMakeFiles\aerobot_interfaces__rosidl_typesupport_c.dir\rosidl_typesupport_c\aerobot_interfaces\srv\esc_srv__type_support.cpp.obj
[17.343s] [17/32] Building CXX object CMakeFiles\aerobot_interfaces__rosidl_typesupport_introspection_cpp.dir\067b130b49f0a068dc86090e8b96bffa\msg\detail\esc_msg__type_support.cpp.obj
[17.468s] [18/32] Building C object CMakeFiles\aerobot_interfaces__rosidl_typesupport_introspection_c.dir\eef8357749c14c2fc9e9e30e2931c84e\msg\detail\esc_msg__type_support.c.obj
[17.531s] [19/32] Building C object CMakeFiles\aerobot_interfaces__rosidl_typesupport_introspection_c.dir\eef8357749c14c2fc9e9e30e2931c84e\srv\detail\esc_srv__type_support.c.obj
[17.843s] [20/32] Building CXX object CMakeFiles\aerobot_interfaces__rosidl_typesupport_fastrtps_cpp.dir\e64c7bb9fb84a848e76df4b1f18969b3\msg\detail\dds_fastrtps\esc_msg__type_support.cpp.obj
[17.843s] cl : Command line warning D9025 : overriding '/W3' with '/W4'
[17.843s] [21/32] Building CXX object CMakeFiles\aerobot_interfaces__rosidl_typesupport_fastrtps_cpp.dir\e64c7bb9fb84a848e76df4b1f18969b3\srv\detail\dds_fastrtps\esc_srv__type_support.cpp.obj
[17.843s] cl : Command line warning D9025 : overriding '/W3' with '/W4'
[17.906s] [22/32] Linking CXX shared library aerobot_interfaces__rosidl_typesupport_cpp.dll
[17.953s] [23/32] Linking CXX shared library aerobot_interfaces__rosidl_typesupport_introspection_cpp.dll
[18.015s] [24/32] Linking CXX shared library aerobot_interfaces__rosidl_typesupport_c.dll
[18.046s] [25/32] Linking C shared library aerobot_interfaces__rosidl_typesupport_introspection_c.dll
[18.296s] [26/32] Linking CXX shared library aerobot_interfaces__rosidl_typesupport_fastrtps_cpp.dll
[18.359s] [27/32] Building CXX object CMakeFiles\aerobot_interfaces__rosidl_typesupport_fastrtps_c.dir\277c4956b542f48767dcb3729b2b4fe3\msg\detail\esc_msg__type_support_c.cpp.obj
[18.359s] cl : Command line warning D9025 : overriding '/W3' with '/W4'
[18.375s] [28/32] Building CXX object CMakeFiles\aerobot_interfaces__rosidl_typesupport_fastrtps_c.dir\277c4956b542f48767dcb3729b2b4fe3\srv\detail\esc_srv__type_support_c.cpp.obj
[18.375s] cl : Command line warning D9025 : overriding '/W3' with '/W4'
[18.671s] [29/32] Linking CXX shared library aerobot_interfaces__rosidl_typesupport_fastrtps_c.dll
[25.750s] [30/32] Building CXX object CMakeFiles\aerobot_interfaces_matlab.dir\src\aerobot_interfaces_EscMsg_message.cpp.obj
[25.750s] C:\Users\dsai9\OneDrive\Documents\BNO055\custom\matlab_msg_gen\win64\src\aerobot_interfaces\src\aerobot_interfaces_EscMsg_message.cpp(28): warning C4275: non dll-interface class 'MATLABROS2MsgInterfaceBase' used as base for dll-interface class 'MATLABROS2MsgInterface<aerobot_interfaces::msg::EscMsg>'
[25.750s] C:\Program Files\MATLAB\R2023b\toolbox\ros\include\ros2\MATLABROS2MsgInterface.hpp(50): note: see declaration of 'MATLABROS2MsgInterfaceBase'
[25.750s] C:\Program Files\MATLAB\R2023b\toolbox\ros\include\ros2\MATLABROS2MsgInterface.hpp(104): note: see declaration of 'MATLABROS2MsgInterface<aerobot_interfaces::msg::EscMsg>'
[25.750s] C:\Users\dsai9\OneDrive\Documents\BNO055\custom\matlab_msg_gen\win64\src\aerobot_interfaces\src\aerobot_interfaces_EscMsg_message.cpp(71): warning C4275: non dll-interface class 'ROS2MsgElementInterfaceFactory' used as base for dll-interface class 'ros2_aerobot_interfaces_EscMsg_message'
[25.750s] C:\Program Files\MATLAB\R2023b\toolbox\ros\include\ros2\MATLABROS2MsgInterface.hpp(55): note: see declaration of 'ROS2MsgElementInterfaceFactory'
[25.750s] C:\Users\dsai9\OneDrive\Documents\BNO055\custom\matlab_msg_gen\win64\src\aerobot_interfaces\src\aerobot_interfaces_EscMsg_message.cpp(71): note: see declaration of 'ros2_aerobot_interfaces_EscMsg_message'
[27.562s] [31/32] Building CXX object CMakeFiles\aerobot_interfaces_matlab.dir\src\aerobot_interfaces_EscSrv_service.cpp.obj
[27.578s] C:\Users\dsai9\OneDrive\Documents\BNO055\custom\matlab_msg_gen\win64\src\aerobot_interfaces\src\aerobot_interfaces_EscSrv_service.cpp(38): warning C4275: non dll-interface class 'MATLABROS2MsgInterfaceBase' used as base for dll-interface class 'MATLABROS2MsgInterface<aerobot_interfaces::srv::EscSrv::Request>'
[27.578s] C:\Program Files\MATLAB\R2023b\toolbox\ros\include\ros2\MATLABROS2MsgInterface.hpp(50): note: see declaration of 'MATLABROS2MsgInterfaceBase'
[27.578s] C:\Program Files\MATLAB\R2023b\toolbox\ros\include\ros2\MATLABROS2MsgInterface.hpp(104): note: see declaration of 'MATLABROS2MsgInterface<aerobot_interfaces::srv::EscSrv::Request>'
[27.578s] C:\Users\dsai9\OneDrive\Documents\BNO055\custom\matlab_msg_gen\win64\src\aerobot_interfaces\src\aerobot_interfaces_EscSrv_service.cpp(80): warning C4275: non dll-interface class 'MATLABROS2MsgInterfaceBase' used as base for dll-interface class 'MATLABROS2MsgInterface<aerobot_interfaces::srv::EscSrv::Response>'
[27.578s] C:\Program Files\MATLAB\R2023b\toolbox\ros\include\ros2\MATLABROS2MsgInterface.hpp(50): note: see declaration of 'MATLABROS2MsgInterfaceBase'
[27.578s] C:\Program Files\MATLAB\R2023b\toolbox\ros\include\ros2\MATLABROS2MsgInterface.hpp(104): note: see declaration of 'MATLABROS2MsgInterface<aerobot_interfaces::srv::EscSrv::Response>'
[27.578s] C:\Users\dsai9\OneDrive\Documents\BNO055\custom\matlab_msg_gen\win64\src\aerobot_interfaces\src\aerobot_interfaces_EscSrv_service.cpp(110): warning C4275: non dll-interface class 'ROS2MsgElementInterfaceFactory' used as base for dll-interface class 'ros2_aerobot_interfaces_EscSrv_service'
[27.578s] C:\Program Files\MATLAB\R2023b\toolbox\ros\include\ros2\MATLABROS2MsgInterface.hpp(55): note: see declaration of 'ROS2MsgElementInterfaceFactory'
[27.578s] C:\Users\dsai9\OneDrive\Documents\BNO055\custom\matlab_msg_gen\win64\src\aerobot_interfaces\src\aerobot_interfaces_EscSrv_service.cpp(110): note: see declaration of 'ros2_aerobot_interfaces_EscSrv_service'
[27.953s] [32/32] Linking CXX shared library aerobot_interfaces_matlab.dll
[27.968s] Invoked command in 'C:\Users\dsai9\OneDrive\Documents\BNO055\custom\matlab_msg_gen\win64\build\aerobot_interfaces' returned '0': C:\Program Files\MATLAB\R2023b\bin\win64\cmake\bin\cmake.EXE --build C:\Users\dsai9\OneDrive\Documents\BNO055\custom\matlab_msg_gen\win64\build\aerobot_interfaces -- -j12 -l12
[28.093s] Invoking command in 'C:\Users\dsai9\OneDrive\Documents\BNO055\custom\matlab_msg_gen\win64\build\aerobot_interfaces': C:\Program Files\MATLAB\R2023b\bin\win64\cmake\bin\cmake.EXE --install C:\Users\dsai9\OneDrive\Documents\BNO055\custom\matlab_msg_gen\win64\build\aerobot_interfaces
[28.125s] -- Install configuration: "Release"
[28.140s] -- Installing: C:/Users/dsai9/OneDrive/Documents/BNO055/custom/matlab_msg_gen/win64/install/share/ament_index/resource_index/rosidl_interfaces/aerobot_interfaces
[28.140s] -- Installing: C:/Users/dsai9/OneDrive/Documents/BNO055/custom/matlab_msg_gen/win64/install/include/aerobot_interfaces/aerobot_interfaces
[28.140s] -- Installing: C:/Users/dsai9/OneDrive/Documents/BNO055/custom/matlab_msg_gen/win64/install/include/aerobot_interfaces/aerobot_interfaces/msg
[28.140s] -- Installing: C:/Users/dsai9/OneDrive/Documents/BNO055/custom/matlab_msg_gen/win64/install/include/aerobot_interfaces/aerobot_interfaces/msg/detail
[28.140s] -- Installing: C:/Users/dsai9/OneDrive/Documents/BNO055/custom/matlab_msg_gen/win64/install/include/aerobot_interfaces/aerobot_interfaces/msg/detail/esc_msg__functions.c
[28.156s] -- Installing: C:/Users/dsai9/OneDrive/Documents/BNO055/custom/matlab_msg_gen/win64/install/include/aerobot_interfaces/aerobot_interfaces/msg/detail/esc_msg__functions.h
[28.156s] -- Installing: C:/Users/dsai9/OneDrive/Documents/BNO055/custom/matlab_msg_gen/win64/install/include/aerobot_interfaces/aerobot_interfaces/msg/detail/esc_msg__struct.h
[28.171s] -- Installing: C:/Users/dsai9/OneDrive/Documents/BNO055/custom/matlab_msg_gen/win64/install/include/aerobot_interfaces/aerobot_interfaces/msg/detail/esc_msg__type_support.h
[28.171s] -- Installing: C:/Users/dsai9/OneDrive/Documents/BNO055/custom/matlab_msg_gen/win64/install/include/aerobot_interfaces/aerobot_interfaces/msg/esc_msg.h
[28.171s] -- Installing: C:/Users/dsai9/OneDrive/Documents/BNO055/custom/matlab_msg_gen/win64/install/include/aerobot_interfaces/aerobot_interfaces/msg/rosidl_generator_c__visibility_control.h
[28.171s] -- Installing: C:/Users/dsai9/OneDrive/Documents/BNO055/custom/matlab_msg_gen/win64/install/include/aerobot_interfaces/aerobot_interfaces/srv
[28.171s] -- Installing: C:/Users/dsai9/OneDrive/Documents/BNO055/custom/matlab_msg_gen/win64/install/include/aerobot_interfaces/aerobot_interfaces/srv/detail
[28.187s] -- Installing: C:/Users/dsai9/OneDrive/Documents/BNO055/custom/matlab_msg_gen/win64/install/include/aerobot_interfaces/aerobot_interfaces/srv/detail/esc_srv__functions.c
[28.187s] -- Installing: C:/Users/dsai9/OneDrive/Documents/BNO055/custom/matlab_msg_gen/win64/install/include/aerobot_interfaces/aerobot_interfaces/srv/detail/esc_srv__functions.h
[28.203s] -- Installing: C:/Users/dsai9/OneDrive/Documents/BNO055/custom/matlab_msg_gen/win64/install/include/aerobot_interfaces/aerobot_interfaces/srv/detail/esc_srv__struct.h
[28.203s] -- Installing: C:/Users/dsai9/OneDrive/Documents/BNO055/custom/matlab_msg_gen/win64/install/include/aerobot_interfaces/aerobot_interfaces/srv/detail/esc_srv__type_support.h
[28.218s] -- Installing: C:/Users/dsai9/OneDrive/Documents/BNO055/custom/matlab_msg_gen/win64/install/include/aerobot_interfaces/aerobot_interfaces/srv/esc_srv.h
[28.218s] -- Installing: C:/Users/dsai9/OneDrive/Documents/BNO055/custom/matlab_msg_gen/win64/install/lib/aerobot_interfaces__rosidl_generator_c.lib
[28.218s] -- Installing: C:/Users/dsai9/OneDrive/Documents/BNO055/custom/matlab_msg_gen/win64/install/bin/aerobot_interfaces__rosidl_generator_c.dll
[28.218s] -- Up-to-date: C:/Users/dsai9/OneDrive/Documents/BNO055/custom/matlab_msg_gen/win64/install/include/aerobot_interfaces/aerobot_interfaces
[28.218s] -- Up-to-date: C:/Users/dsai9/OneDrive/Documents/BNO055/custom/matlab_msg_gen/win64/install/include/aerobot_interfaces/aerobot_interfaces/msg
[28.218s] -- Up-to-date: C:/Users/dsai9/OneDrive/Documents/BNO055/custom/matlab_msg_gen/win64/install/include/aerobot_interfaces/aerobot_interfaces/msg/detail
[28.234s] -- Installing: C:/Users/dsai9/OneDrive/Documents/BNO055/custom/matlab_msg_gen/win64/install/include/aerobot_interfaces/aerobot_interfaces/msg/detail/esc_msg__rosidl_typesupport_fastrtps_c.h
[28.234s] -- Installing: C:/Users/dsai9/OneDrive/Documents/BNO055/custom/matlab_msg_gen/win64/install/include/aerobot_interfaces/aerobot_interfaces/msg/rosidl_typesupport_fastrtps_c__visibility_control.h
[28.234s] -- Up-to-date: C:/Users/dsai9/OneDrive/Documents/BNO055/custom/matlab_msg_gen/win64/install/include/aerobot_interfaces/aerobot_interfaces/srv
[28.234s] -- Up-to-date: C:/Users/dsai9/OneDrive/Documents/BNO055/custom/matlab_msg_gen/win64/install/include/aerobot_interfaces/aerobot_interfaces/srv/detail
[28.234s] -- Installing: C:/Users/dsai9/OneDrive/Documents/BNO055/custom/matlab_msg_gen/win64/install/include/aerobot_interfaces/aerobot_interfaces/srv/detail/esc_srv__rosidl_typesupport_fastrtps_c.h
[28.250s] -- Installing: C:/Users/dsai9/OneDrive/Documents/BNO055/custom/matlab_msg_gen/win64/install/lib/aerobot_interfaces__rosidl_typesupport_fastrtps_c.lib
[28.250s] -- Installing: C:/Users/dsai9/OneDrive/Documents/BNO055/custom/matlab_msg_gen/win64/install/bin/aerobot_interfaces__rosidl_typesupport_fastrtps_c.dll
[28.250s] -- Up-to-date: C:/Users/dsai9/OneDrive/Documents/BNO055/custom/matlab_msg_gen/win64/install/include/aerobot_interfaces/aerobot_interfaces
[28.250s] -- Up-to-date: C:/Users/dsai9/OneDrive/Documents/BNO055/custom/matlab_msg_gen/win64/install/include/aerobot_interfaces/aerobot_interfaces/msg
[28.250s] -- Up-to-date: C:/Users/dsai9/OneDrive/Documents/BNO055/custom/matlab_msg_gen/win64/install/include/aerobot_interfaces/aerobot_interfaces/msg/detail
[28.250s] -- Installing: C:/Users/dsai9/OneDrive/Documents/BNO055/custom/matlab_msg_gen/win64/install/include/aerobot_interfaces/aerobot_interfaces/msg/detail/esc_msg__rosidl_typesupport_introspection_c.h
[28.265s] -- Installing: C:/Users/dsai9/OneDrive/Documents/BNO055/custom/matlab_msg_gen/win64/install/include/aerobot_interfaces/aerobot_interfaces/msg/detail/esc_msg__type_support.c
[28.265s] -- Installing: C:/Users/dsai9/OneDrive/Documents/BNO055/custom/matlab_msg_gen/win64/install/include/aerobot_interfaces/aerobot_interfaces/msg/rosidl_typesupport_introspection_c__visibility_control.h
[28.265s] -- Up-to-date: C:/Users/dsai9/OneDrive/Documents/BNO055/custom/matlab_msg_gen/win64/install/include/aerobot_interfaces/aerobot_interfaces/srv
[28.265s] -- Up-to-date: C:/Users/dsai9/OneDrive/Documents/BNO055/custom/matlab_msg_gen/win64/install/include/aerobot_interfaces/aerobot_interfaces/srv/detail
[28.281s] -- Installing: C:/Users/dsai9/OneDrive/Documents/BNO055/custom/matlab_msg_gen/win64/install/include/aerobot_interfaces/aerobot_interfaces/srv/detail/esc_srv__rosidl_typesupport_introspection_c.h
[28.281s] -- Installing: C:/Users/dsai9/OneDrive/Documents/BNO055/custom/matlab_msg_gen/win64/install/include/aerobot_interfaces/aerobot_interfaces/srv/detail/esc_srv__type_support.c
[28.296s] -- Installing: C:/Users/dsai9/OneDrive/Documents/BNO055/custom/matlab_msg_gen/win64/install/lib/aerobot_interfaces__rosidl_typesupport_introspection_c.lib
[28.296s] -- Installing: C:/Users/dsai9/OneDrive/Documents/BNO055/custom/matlab_msg_gen/win64/install/bin/aerobot_interfaces__rosidl_typesupport_introspection_c.dll
[28.296s] -- Installing: C:/Users/dsai9/OneDrive/Documents/BNO055/custom/matlab_msg_gen/win64/install/lib/aerobot_interfaces__rosidl_typesupport_c.lib
[28.296s] -- Installing: C:/Users/dsai9/OneDrive/Documents/BNO055/custom/matlab_msg_gen/win64/install/bin/aerobot_interfaces__rosidl_typesupport_c.dll
[28.296s] -- Up-to-date: C:/Users/dsai9/OneDrive/Documents/BNO055/custom/matlab_msg_gen/win64/install/include/aerobot_interfaces/aerobot_interfaces
[28.296s] -- Up-to-date: C:/Users/dsai9/OneDrive/Documents/BNO055/custom/matlab_msg_gen/win64/install/include/aerobot_interfaces/aerobot_interfaces/msg
[28.296s] -- Up-to-date: C:/Users/dsai9/OneDrive/Documents/BNO055/custom/matlab_msg_gen/win64/install/include/aerobot_interfaces/aerobot_interfaces/msg/detail
[28.312s] -- Installing: C:/Users/dsai9/OneDrive/Documents/BNO055/custom/matlab_msg_gen/win64/install/include/aerobot_interfaces/aerobot_interfaces/msg/detail/esc_msg__builder.hpp
[28.312s] -- Installing: C:/Users/dsai9/OneDrive/Documents/BNO055/custom/matlab_msg_gen/win64/install/include/aerobot_interfaces/aerobot_interfaces/msg/detail/esc_msg__struct.hpp
[28.328s] -- Installing: C:/Users/dsai9/OneDrive/Documents/BNO055/custom/matlab_msg_gen/win64/install/include/aerobot_interfaces/aerobot_interfaces/msg/detail/esc_msg__traits.hpp
[28.328s] -- Installing: C:/Users/dsai9/OneDrive/Documents/BNO055/custom/matlab_msg_gen/win64/install/include/aerobot_interfaces/aerobot_interfaces/msg/esc_msg.hpp
[28.328s] -- Up-to-date: C:/Users/dsai9/OneDrive/Documents/BNO055/custom/matlab_msg_gen/win64/install/include/aerobot_interfaces/aerobot_interfaces/srv
[28.328s] -- Up-to-date: C:/Users/dsai9/OneDrive/Documents/BNO055/custom/matlab_msg_gen/win64/install/include/aerobot_interfaces/aerobot_interfaces/srv/detail
[28.343s] -- Installing: C:/Users/dsai9/OneDrive/Documents/BNO055/custom/matlab_msg_gen/win64/install/include/aerobot_interfaces/aerobot_interfaces/srv/detail/esc_srv__builder.hpp
[28.343s] -- Installing: C:/Users/dsai9/OneDrive/Documents/BNO055/custom/matlab_msg_gen/win64/install/include/aerobot_interfaces/aerobot_interfaces/srv/detail/esc_srv__struct.hpp
[28.359s] -- Installing: C:/Users/dsai9/OneDrive/Documents/BNO055/custom/matlab_msg_gen/win64/install/include/aerobot_interfaces/aerobot_interfaces/srv/detail/esc_srv__traits.hpp
[28.359s] -- Installing: C:/Users/dsai9/OneDrive/Documents/BNO055/custom/matlab_msg_gen/win64/install/include/aerobot_interfaces/aerobot_interfaces/srv/esc_srv.hpp
[28.359s] -- Up-to-date: C:/Users/dsai9/OneDrive/Documents/BNO055/custom/matlab_msg_gen/win64/install/include/aerobot_interfaces/aerobot_interfaces
[28.359s] -- Up-to-date: C:/Users/dsai9/OneDrive/Documents/BNO055/custom/matlab_msg_gen/win64/install/include/aerobot_interfaces/aerobot_interfaces/msg
[28.359s] -- Up-to-date: C:/Users/dsai9/OneDrive/Documents/BNO055/custom/matlab_msg_gen/win64/install/include/aerobot_interfaces/aerobot_interfaces/msg/detail
[28.359s] -- Installing: C:/Users/dsai9/OneDrive/Documents/BNO055/custom/matlab_msg_gen/win64/install/include/aerobot_interfaces/aerobot_interfaces/msg/detail/dds_fastrtps
[28.375s] -- Installing: C:/Users/dsai9/OneDrive/Documents/BNO055/custom/matlab_msg_gen/win64/install/include/aerobot_interfaces/aerobot_interfaces/msg/detail/esc_msg__rosidl_typesupport_fastrtps_cpp.hpp
[28.375s] -- Installing: C:/Users/dsai9/OneDrive/Documents/BNO055/custom/matlab_msg_gen/win64/install/include/aerobot_interfaces/aerobot_interfaces/msg/rosidl_typesupport_fastrtps_cpp__visibility_control.h
[28.375s] -- Up-to-date: C:/Users/dsai9/OneDrive/Documents/BNO055/custom/matlab_msg_gen/win64/install/include/aerobot_interfaces/aerobot_interfaces/srv
[28.375s] -- Up-to-date: C:/Users/dsai9/OneDrive/Documents/BNO055/custom/matlab_msg_gen/win64/install/include/aerobot_interfaces/aerobot_interfaces/srv/detail
[28.375s] -- Installing: C:/Users/dsai9/OneDrive/Documents/BNO055/custom/matlab_msg_gen/win64/install/include/aerobot_interfaces/aerobot_interfaces/srv/detail/dds_fastrtps
[28.375s] -- Installing: C:/Users/dsai9/OneDrive/Documents/BNO055/custom/matlab_msg_gen/win64/install/include/aerobot_interfaces/aerobot_interfaces/srv/detail/esc_srv__rosidl_typesupport_fastrtps_cpp.hpp
[28.390s] -- Installing: C:/Users/dsai9/OneDrive/Documents/BNO055/custom/matlab_msg_gen/win64/install/lib/aerobot_interfaces__rosidl_typesupport_fastrtps_cpp.lib
[28.390s] -- Installing: C:/Users/dsai9/OneDrive/Documents/BNO055/custom/matlab_msg_gen/win64/install/bin/aerobot_interfaces__rosidl_typesupport_fastrtps_cpp.dll
[28.390s] -- Up-to-date: C:/Users/dsai9/OneDrive/Documents/BNO055/custom/matlab_msg_gen/win64/install/include/aerobot_interfaces/aerobot_interfaces
[28.390s] -- Up-to-date: C:/Users/dsai9/OneDrive/Documents/BNO055/custom/matlab_msg_gen/win64/install/include/aerobot_interfaces/aerobot_interfaces/msg
[28.390s] -- Up-to-date: C:/Users/dsai9/OneDrive/Documents/BNO055/custom/matlab_msg_gen/win64/install/include/aerobot_interfaces/aerobot_interfaces/msg/detail
[28.390s] -- Installing: C:/Users/dsai9/OneDrive/Documents/BNO055/custom/matlab_msg_gen/win64/install/include/aerobot_interfaces/aerobot_interfaces/msg/detail/esc_msg__rosidl_typesupport_introspection_cpp.hpp
[28.406s] -- Installing: C:/Users/dsai9/OneDrive/Documents/BNO055/custom/matlab_msg_gen/win64/install/include/aerobot_interfaces/aerobot_interfaces/msg/detail/esc_msg__type_support.cpp
[28.406s] -- Up-to-date: C:/Users/dsai9/OneDrive/Documents/BNO055/custom/matlab_msg_gen/win64/install/include/aerobot_interfaces/aerobot_interfaces/srv
[28.406s] -- Up-to-date: C:/Users/dsai9/OneDrive/Documents/BNO055/custom/matlab_msg_gen/win64/install/include/aerobot_interfaces/aerobot_interfaces/srv/detail
[28.406s] -- Installing: C:/Users/dsai9/OneDrive/Documents/BNO055/custom/matlab_msg_gen/win64/install/include/aerobot_interfaces/aerobot_interfaces/srv/detail/esc_srv__rosidl_typesupport_introspection_cpp.hpp
[28.421s] -- Installing: C:/Users/dsai9/OneDrive/Documents/BNO055/custom/matlab_msg_gen/win64/install/include/aerobot_interfaces/aerobot_interfaces/srv/detail/esc_srv__type_support.cpp
[28.421s] -- Installing: C:/Users/dsai9/OneDrive/Documents/BNO055/custom/matlab_msg_gen/win64/install/lib/aerobot_interfaces__rosidl_typesupport_introspection_cpp.lib
[28.421s] -- Installing: C:/Users/dsai9/OneDrive/Documents/BNO055/custom/matlab_msg_gen/win64/install/bin/aerobot_interfaces__rosidl_typesupport_introspection_cpp.dll
[28.437s] -- Installing: C:/Users/dsai9/OneDrive/Documents/BNO055/custom/matlab_msg_gen/win64/install/lib/aerobot_interfaces__rosidl_typesupport_cpp.lib
[28.437s] -- Installing: C:/Users/dsai9/OneDrive/Documents/BNO055/custom/matlab_msg_gen/win64/install/bin/aerobot_interfaces__rosidl_typesupport_cpp.dll
[28.437s] -- Installing: C:/Users/dsai9/OneDrive/Documents/BNO055/custom/matlab_msg_gen/win64/install/share/aerobot_interfaces/msg/EscMsg.idl
[28.437s] -- Installing: C:/Users/dsai9/OneDrive/Documents/BNO055/custom/matlab_msg_gen/win64/install/share/aerobot_interfaces/srv/EscSrv.idl
[28.437s] -- Installing: C:/Users/dsai9/OneDrive/Documents/BNO055/custom/matlab_msg_gen/win64/install/share/aerobot_interfaces/msg/EscMsg.msg
[28.437s] -- Installing: C:/Users/dsai9/OneDrive/Documents/BNO055/custom/matlab_msg_gen/win64/install/share/aerobot_interfaces/srv/EscSrv.srv
[28.453s] -- Installing: C:/Users/dsai9/OneDrive/Documents/BNO055/custom/matlab_msg_gen/win64/install/share/aerobot_interfaces/srv/EscSrv_Request.msg
[28.453s] -- Installing: C:/Users/dsai9/OneDrive/Documents/BNO055/custom/matlab_msg_gen/win64/install/share/aerobot_interfaces/srv/EscSrv_Response.msg
[28.453s] -- Up-to-date: C:/Users/dsai9/OneDrive/Documents/BNO055/custom/matlab_msg_gen/win64/install/include
[28.453s] -- Up-to-date: C:/Users/dsai9/OneDrive/Documents/BNO055/custom/matlab_msg_gen/win64/install/include/aerobot_interfaces
[28.453s] -- Installing: C:/Users/dsai9/OneDrive/Documents/BNO055/custom/matlab_msg_gen/win64/install/include/aerobot_interfaces/visibility_control.h
[28.453s] -- Installing: C:/Users/dsai9/OneDrive/Documents/BNO055/custom/matlab_msg_gen/win64/install/lib/aerobot_interfaces_matlab.lib
[28.468s] -- Installing: C:/Users/dsai9/OneDrive/Documents/BNO055/custom/matlab_msg_gen/win64/install/bin/aerobot_interfaces_matlab.dll
[28.468s] -- Installing: C:/Users/dsai9/OneDrive/Documents/BNO055/custom/matlab_msg_gen/win64/install/m/
[28.468s] -- Installing: C:/Users/dsai9/OneDrive/Documents/BNO055/custom/matlab_msg_gen/win64/install/m//+ros
[28.468s] -- Installing: C:/Users/dsai9/OneDrive/Documents/BNO055/custom/matlab_msg_gen/win64/install/m//+ros/+internal
[28.468s] -- Installing: C:/Users/dsai9/OneDrive/Documents/BNO055/custom/matlab_msg_gen/win64/install/m//+ros/+internal/+ros2
[28.468s] -- Installing: C:/Users/dsai9/OneDrive/Documents/BNO055/custom/matlab_msg_gen/win64/install/m//+ros/+internal/+ros2/+custommessages
[28.468s] -- Installing: C:/Users/dsai9/OneDrive/Documents/BNO055/custom/matlab_msg_gen/win64/install/m//+ros/+internal/+ros2/+custommessages/+aerobot_interfaces
[28.468s] -- Installing: C:/Users/dsai9/OneDrive/Documents/BNO055/custom/matlab_msg_gen/win64/install/m//+ros/+internal/+ros2/+custommessages/+aerobot_interfaces/aerobot_interfaces_msg_EscMsg_1To2_Converter.m
[28.468s] -- Installing: C:/Users/dsai9/OneDrive/Documents/BNO055/custom/matlab_msg_gen/win64/install/m//+ros/+internal/+ros2/+custommessages/+aerobot_interfaces/aerobot_interfaces_msg_EscMsg_2To1_Converter.m
[28.468s] -- Installing: C:/Users/dsai9/OneDrive/Documents/BNO055/custom/matlab_msg_gen/win64/install/m//+ros/+internal/+ros2/+custommessages/+aerobot_interfaces/escMsg.m
[28.468s] -- Installing: C:/Users/dsai9/OneDrive/Documents/BNO055/custom/matlab_msg_gen/win64/install/m//+ros/+internal/+ros2/+custommessages/+aerobot_interfaces/escSrvRequest.m
[28.468s] -- Installing: C:/Users/dsai9/OneDrive/Documents/BNO055/custom/matlab_msg_gen/win64/install/m//+ros/+internal/+ros2/+custommessages/+aerobot_interfaces/escSrvResponse.m
[28.484s] -- Installing: C:/Users/dsai9/OneDrive/Documents/BNO055/custom/matlab_msg_gen/win64/install/share/ament_index/resource_index/package_run_dependencies/aerobot_interfaces
[28.484s] -- Installing: C:/Users/dsai9/OneDrive/Documents/BNO055/custom/matlab_msg_gen/win64/install/share/ament_index/resource_index/parent_prefix_path/aerobot_interfaces
[28.484s] -- Installing: C:/Users/dsai9/OneDrive/Documents/BNO055/custom/matlab_msg_gen/win64/install/share/aerobot_interfaces/environment/ament_prefix_path.bat
[28.500s] -- Installing: C:/Users/dsai9/OneDrive/Documents/BNO055/custom/matlab_msg_gen/win64/install/share/aerobot_interfaces/environment/ament_prefix_path.dsv
[28.500s] -- Installing: C:/Users/dsai9/OneDrive/Documents/BNO055/custom/matlab_msg_gen/win64/install/share/aerobot_interfaces/environment/path.bat
[28.500s] -- Installing: C:/Users/dsai9/OneDrive/Documents/BNO055/custom/matlab_msg_gen/win64/install/share/aerobot_interfaces/environment/path.dsv
[28.515s] -- Installing: C:/Users/dsai9/OneDrive/Documents/BNO055/custom/matlab_msg_gen/win64/install/share/aerobot_interfaces/local_setup.bat
[28.531s] -- Installing: C:/Users/dsai9/OneDrive/Documents/BNO055/custom/matlab_msg_gen/win64/install/share/aerobot_interfaces/local_setup.dsv
[28.531s] -- Installing: C:/Users/dsai9/OneDrive/Documents/BNO055/custom/matlab_msg_gen/win64/install/share/aerobot_interfaces/package.dsv
[28.531s] -- Installing: C:/Users/dsai9/OneDrive/Documents/BNO055/custom/matlab_msg_gen/win64/install/share/ament_index/resource_index/packages/aerobot_interfaces
[28.546s] -- Installing: C:/Users/dsai9/OneDrive/Documents/BNO055/custom/matlab_msg_gen/win64/install/share/aerobot_interfaces/cmake/export_aerobot_interfaces__rosidl_generator_cExport.cmake
[28.546s] -- Installing: C:/Users/dsai9/OneDrive/Documents/BNO055/custom/matlab_msg_gen/win64/install/share/aerobot_interfaces/cmake/export_aerobot_interfaces__rosidl_generator_cExport-release.cmake
[28.562s] -- Installing: C:/Users/dsai9/OneDrive/Documents/BNO055/custom/matlab_msg_gen/win64/install/share/aerobot_interfaces/cmake/export_aerobot_interfaces__rosidl_typesupport_fastrtps_cExport.cmake
[28.562s] -- Installing: C:/Users/dsai9/OneDrive/Documents/BNO055/custom/matlab_msg_gen/win64/install/share/aerobot_interfaces/cmake/export_aerobot_interfaces__rosidl_typesupport_fastrtps_cExport-release.cmake
[28.578s] -- Installing: C:/Users/dsai9/OneDrive/Documents/BNO055/custom/matlab_msg_gen/win64/install/share/aerobot_interfaces/cmake/aerobot_interfaces__rosidl_typesupport_introspection_cExport.cmake
[28.578s] -- Installing: C:/Users/dsai9/OneDrive/Documents/BNO055/custom/matlab_msg_gen/win64/install/share/aerobot_interfaces/cmake/aerobot_interfaces__rosidl_typesupport_introspection_cExport-release.cmake
[28.593s] -- Installing: C:/Users/dsai9/OneDrive/Documents/BNO055/custom/matlab_msg_gen/win64/install/share/aerobot_interfaces/cmake/aerobot_interfaces__rosidl_typesupport_cExport.cmake
[28.593s] -- Installing: C:/Users/dsai9/OneDrive/Documents/BNO055/custom/matlab_msg_gen/win64/install/share/aerobot_interfaces/cmake/aerobot_interfaces__rosidl_typesupport_cExport-release.cmake
[28.609s] -- Installing: C:/Users/dsai9/OneDrive/Documents/BNO055/custom/matlab_msg_gen/win64/install/share/aerobot_interfaces/cmake/export_aerobot_interfaces__rosidl_generator_cppExport.cmake
[28.609s] -- Installing: C:/Users/dsai9/OneDrive/Documents/BNO055/custom/matlab_msg_gen/win64/install/share/aerobot_interfaces/cmake/export_aerobot_interfaces__rosidl_typesupport_fastrtps_cppExport.cmake
[28.625s] -- Installing: C:/Users/dsai9/OneDrive/Documents/BNO055/custom/matlab_msg_gen/win64/install/share/aerobot_interfaces/cmake/export_aerobot_interfaces__rosidl_typesupport_fastrtps_cppExport-release.cmake
[28.625s] -- Installing: C:/Users/dsai9/OneDrive/Documents/BNO055/custom/matlab_msg_gen/win64/install/share/aerobot_interfaces/cmake/aerobot_interfaces__rosidl_typesupport_introspection_cppExport.cmake
[28.640s] -- Installing: C:/Users/dsai9/OneDrive/Documents/BNO055/custom/matlab_msg_gen/win64/install/share/aerobot_interfaces/cmake/aerobot_interfaces__rosidl_typesupport_introspection_cppExport-release.cmake
[28.640s] -- Installing: C:/Users/dsai9/OneDrive/Documents/BNO055/custom/matlab_msg_gen/win64/install/share/aerobot_interfaces/cmake/aerobot_interfaces__rosidl_typesupport_cppExport.cmake
[28.671s] -- Installing: C:/Users/dsai9/OneDrive/Documents/BNO055/custom/matlab_msg_gen/win64/install/share/aerobot_interfaces/cmake/aerobot_interfaces__rosidl_typesupport_cppExport-release.cmake
[28.671s] -- Installing: C:/Users/dsai9/OneDrive/Documents/BNO055/custom/matlab_msg_gen/win64/install/share/aerobot_interfaces/cmake/rosidl_cmake-extras.cmake
[28.671s] -- Installing: C:/Users/dsai9/OneDrive/Documents/BNO055/custom/matlab_msg_gen/win64/install/share/aerobot_interfaces/cmake/ament_cmake_export_include_directories-extras.cmake
[28.671s] -- Installing: C:/Users/dsai9/OneDrive/Documents/BNO055/custom/matlab_msg_gen/win64/install/share/aerobot_interfaces/cmake/ament_cmake_export_libraries-extras.cmake
[28.671s] -- Installing: C:/Users/dsai9/OneDrive/Documents/BNO055/custom/matlab_msg_gen/win64/install/share/aerobot_interfaces/cmake/ament_cmake_export_targets-extras.cmake
[28.671s] -- Installing: C:/Users/dsai9/OneDrive/Documents/BNO055/custom/matlab_msg_gen/win64/install/share/aerobot_interfaces/cmake/rosidl_cmake_export_typesupport_targets-extras.cmake
[28.671s] -- Installing: C:/Users/dsai9/OneDrive/Documents/BNO055/custom/matlab_msg_gen/win64/install/share/aerobot_interfaces/cmake/ament_cmake_export_dependencies-extras.cmake
[28.687s] -- Installing: C:/Users/dsai9/OneDrive/Documents/BNO055/custom/matlab_msg_gen/win64/install/share/aerobot_interfaces/cmake/rosidl_cmake_export_typesupport_libraries-extras.cmake
[28.687s] -- Installing: C:/Users/dsai9/OneDrive/Documents/BNO055/custom/matlab_msg_gen/win64/install/share/aerobot_interfaces/cmake/aerobot_interfacesConfig.cmake
[28.687s] -- Installing: C:/Users/dsai9/OneDrive/Documents/BNO055/custom/matlab_msg_gen/win64/install/share/aerobot_interfaces/cmake/aerobot_interfacesConfig-version.cmake
[28.687s] -- Installing: C:/Users/dsai9/OneDrive/Documents/BNO055/custom/matlab_msg_gen/win64/install/share/aerobot_interfaces/package.xml
[28.687s] Invoked command in 'C:\Users\dsai9\OneDrive\Documents\BNO055\custom\matlab_msg_gen\win64\build\aerobot_interfaces' returned '0': C:\Program Files\MATLAB\R2023b\bin\win64\cmake\bin\cmake.EXE --install C:\Users\dsai9\OneDrive\Documents\BNO055\custom\matlab_msg_gen\win64\build\aerobot_interfaces
