[2.189s] [34mcolcon[0m [1;30mDEBUG[0m [32mCommand line arguments: ['C:\\Users\\dsai9\\AppData\\Roaming\\MathWorks\\MATLAB\\R2023b\\ros2\\win64\\venv\\Scripts\\colcon', 'build', '--merge-install', '--cmake-args', '-DCMAKE_BUILD_TYPE=Release', '-DBUILD_TESTING=OFF', '-DALIAS_ROS2_TF2=1', '-DCMAKE_CXX_FLAGS_RELEASE=/MD /Od /Ob2 /DNDEBUG', '-G', 'Ninja'][0m
[2.189s] [34mcolcon[0m [1;30mDEBUG[0m [32mParsed command line arguments: Namespace(log_base=None, log_level=None, verb_name='build', build_base='build', install_base='install', merge_install=True, symlink_install=False, test_result_base=None, continue_on_error=False, executor='parallel', parallel_workers=12, event_handlers=None, ignore_user_meta=False, metas=['./colcon.meta'], base_paths=['.'], packages_ignore=None, packages_ignore_regex=None, paths=None, packages_up_to=None, packages_up_to_regex=None, packages_above=None, packages_above_and_dependencies=None, packages_above_depth=None, packages_select_by_dep=None, packages_skip_by_dep=None, packages_skip_up_to=None, packages_select_build_failed=False, packages_skip_build_finished=False, packages_select_test_failures=False, packages_skip_test_passed=False, packages_select=None, packages_skip=None, packages_select_regex=None, packages_skip_regex=None, packages_start=None, packages_end=None, cmake_args=['-DCMAKE_BUILD_TYPE=Release', '-DBUILD_TESTING=OFF', '-DALIAS_ROS2_TF2=1', '-DCMAKE_CXX_FLAGS_RELEASE=/MD /Od /Ob2 /DNDEBUG', '-G', 'Ninja'], cmake_target=None, cmake_target_skip_unavailable=False, cmake_clean_cache=False, cmake_clean_first=False, cmake_force_configure=False, ament_cmake_args=None, catkin_cmake_args=None, catkin_skip_building_tests=False, verb_parser=<colcon_defaults.argument_parser.defaults.DefaultArgumentsDecorator object at 0x0000023CD89D81F0>, verb_extension=<colcon_core.verb.build.BuildVerb object at 0x0000023CD893FB20>, main=<bound method BuildVerb.main of <colcon_core.verb.build.BuildVerb object at 0x0000023CD893FB20>>)[0m
[2.395s] [34mcolcon.colcon_core.package_discovery[0m [1;30mLevel 1[0m discover_packages(colcon_meta) check parameters
[2.395s] [34mcolcon.colcon_core.package_discovery[0m [1;30mLevel 1[0m discover_packages(recursive) check parameters
[2.395s] [34mcolcon.colcon_core.package_discovery[0m [1;30mLevel 1[0m discover_packages(ignore) check parameters
[2.395s] [34mcolcon.colcon_core.package_discovery[0m [1;30mLevel 1[0m discover_packages(path) check parameters
[2.395s] [34mcolcon.colcon_core.package_discovery[0m [1;30mLevel 1[0m discover_packages(colcon_meta) discover
[2.395s] [34mcolcon.colcon_core.package_discovery[0m [1;30mLevel 1[0m discover_packages(recursive) discover
[2.395s] [34mcolcon.colcon_core.package_discovery[0m [1;30mINFO[0m Crawling recursively for packages in 'C:\Users\dsai9\OneDrive\Documents\BNO055\custom\matlab_msg_gen\win64'
[2.396s] [34mcolcon.colcon_core.package_identification[0m [1;30mLevel 1[0m _identify(.) by extensions ['ignore', 'ignore_ament_install']
[2.396s] [34mcolcon.colcon_core.package_identification[0m [1;30mLevel 1[0m _identify(.) by extension 'ignore'
[2.396s] [34mcolcon.colcon_core.package_identification[0m [1;30mLevel 1[0m _identify(.) by extension 'ignore_ament_install'
[2.396s] [34mcolcon.colcon_core.package_identification[0m [1;30mLevel 1[0m _identify(.) by extensions ['colcon_pkg']
[2.396s] [34mcolcon.colcon_core.package_identification[0m [1;30mLevel 1[0m _identify(.) by extension 'colcon_pkg'
[2.396s] [34mcolcon.colcon_core.package_identification[0m [1;30mLevel 1[0m _identify(.) by extensions ['colcon_meta']
[2.396s] [34mcolcon.colcon_core.package_identification[0m [1;30mLevel 1[0m _identify(.) by extension 'colcon_meta'
[2.396s] [34mcolcon.colcon_core.package_identification[0m [1;30mLevel 1[0m _identify(.) by extensions ['ros']
[2.396s] [34mcolcon.colcon_core.package_identification[0m [1;30mLevel 1[0m _identify(.) by extension 'ros'
[2.443s] [34mcolcon.colcon_core.package_identification[0m [1;30mLevel 1[0m _identify(.) by extensions ['cmake', 'python']
[2.443s] [34mcolcon.colcon_core.package_identification[0m [1;30mLevel 1[0m _identify(.) by extension 'cmake'
[2.443s] [34mcolcon.colcon_core.package_identification[0m [1;30mLevel 1[0m _identify(.) by extension 'python'
[2.443s] [34mcolcon.colcon_core.package_identification[0m [1;30mLevel 1[0m _identify(.) by extensions ['python_setup_py']
[2.443s] [34mcolcon.colcon_core.package_identification[0m [1;30mLevel 1[0m _identify(.) by extension 'python_setup_py'
[2.444s] [34mcolcon.colcon_core.package_identification[0m [1;30mLevel 1[0m _identify(build) by extensions ['ignore', 'ignore_ament_install']
[2.444s] [34mcolcon.colcon_core.package_identification[0m [1;30mLevel 1[0m _identify(build) by extension 'ignore'
[2.444s] [34mcolcon.colcon_core.package_identification[0m [1;30mLevel 1[0m _identify(build) ignored
[2.444s] [34mcolcon.colcon_core.package_identification[0m [1;30mLevel 1[0m _identify(install) by extensions ['ignore', 'ignore_ament_install']
[2.444s] [34mcolcon.colcon_core.package_identification[0m [1;30mLevel 1[0m _identify(install) by extension 'ignore'
[2.445s] [34mcolcon.colcon_core.package_identification[0m [1;30mLevel 1[0m _identify(install) ignored
[2.445s] [34mcolcon.colcon_core.package_identification[0m [1;30mLevel 1[0m _identify(log) by extensions ['ignore', 'ignore_ament_install']
[2.445s] [34mcolcon.colcon_core.package_identification[0m [1;30mLevel 1[0m _identify(log) by extension 'ignore'
[2.445s] [34mcolcon.colcon_core.package_identification[0m [1;30mLevel 1[0m _identify(log) ignored
[2.445s] [34mcolcon.colcon_core.package_identification[0m [1;30mLevel 1[0m _identify(src) by extensions ['ignore', 'ignore_ament_install']
[2.446s] [34mcolcon.colcon_core.package_identification[0m [1;30mLevel 1[0m _identify(src) by extension 'ignore'
[2.446s] [34mcolcon.colcon_core.package_identification[0m [1;30mLevel 1[0m _identify(src) by extension 'ignore_ament_install'
[2.446s] [34mcolcon.colcon_core.package_identification[0m [1;30mLevel 1[0m _identify(src) by extensions ['colcon_pkg']
[2.446s] [34mcolcon.colcon_core.package_identification[0m [1;30mLevel 1[0m _identify(src) by extension 'colcon_pkg'
[2.446s] [34mcolcon.colcon_core.package_identification[0m [1;30mLevel 1[0m _identify(src) by extensions ['colcon_meta']
[2.446s] [34mcolcon.colcon_core.package_identification[0m [1;30mLevel 1[0m _identify(src) by extension 'colcon_meta'
[2.446s] [34mcolcon.colcon_core.package_identification[0m [1;30mLevel 1[0m _identify(src) by extensions ['ros']
[2.446s] [34mcolcon.colcon_core.package_identification[0m [1;30mLevel 1[0m _identify(src) by extension 'ros'
[2.446s] [34mcolcon.colcon_core.package_identification[0m [1;30mLevel 1[0m _identify(src) by extensions ['cmake', 'python']
[2.446s] [34mcolcon.colcon_core.package_identification[0m [1;30mLevel 1[0m _identify(src) by extension 'cmake'
[2.447s] [34mcolcon.colcon_core.package_identification[0m [1;30mLevel 1[0m _identify(src) by extension 'python'
[2.447s] [34mcolcon.colcon_core.package_identification[0m [1;30mLevel 1[0m _identify(src) by extensions ['python_setup_py']
[2.447s] [34mcolcon.colcon_core.package_identification[0m [1;30mLevel 1[0m _identify(src) by extension 'python_setup_py'
[2.447s] [34mcolcon.colcon_core.package_identification[0m [1;30mLevel 1[0m _identify(src\aerobot_interfaces) by extensions ['ignore', 'ignore_ament_install']
[2.447s] [34mcolcon.colcon_core.package_identification[0m [1;30mLevel 1[0m _identify(src\aerobot_interfaces) by extension 'ignore'
[2.447s] [34mcolcon.colcon_core.package_identification[0m [1;30mLevel 1[0m _identify(src\aerobot_interfaces) by extension 'ignore_ament_install'
[2.447s] [34mcolcon.colcon_core.package_identification[0m [1;30mLevel 1[0m _identify(src\aerobot_interfaces) by extensions ['colcon_pkg']
[2.447s] [34mcolcon.colcon_core.package_identification[0m [1;30mLevel 1[0m _identify(src\aerobot_interfaces) by extension 'colcon_pkg'
[2.447s] [34mcolcon.colcon_core.package_identification[0m [1;30mLevel 1[0m _identify(src\aerobot_interfaces) by extensions ['colcon_meta']
[2.448s] [34mcolcon.colcon_core.package_identification[0m [1;30mLevel 1[0m _identify(src\aerobot_interfaces) by extension 'colcon_meta'
[2.448s] [34mcolcon.colcon_core.package_identification[0m [1;30mLevel 1[0m _identify(src\aerobot_interfaces) by extensions ['ros']
[2.448s] [34mcolcon.colcon_core.package_identification[0m [1;30mLevel 1[0m _identify(src\aerobot_interfaces) by extension 'ros'
[2.455s] [34mcolcon.colcon_core.package_identification[0m [1;30mDEBUG[0m [32mPackage 'src\aerobot_interfaces' with type 'ros.ament_cmake' and name 'aerobot_interfaces'[0m
[2.455s] [34mcolcon.colcon_core.package_discovery[0m [1;30mLevel 1[0m discover_packages(recursive) using defaults
[2.455s] [34mcolcon.colcon_core.package_discovery[0m [1;30mLevel 1[0m discover_packages(ignore) discover
[2.455s] [34mcolcon.colcon_core.package_discovery[0m [1;30mLevel 1[0m discover_packages(ignore) using defaults
[2.455s] [34mcolcon.colcon_core.package_discovery[0m [1;30mLevel 1[0m discover_packages(path) discover
[2.455s] [34mcolcon.colcon_core.package_discovery[0m [1;30mLevel 1[0m discover_packages(path) using defaults
[2.523s] [34mcolcon.colcon_core.verb[0m [1;30mLevel 5[0m set package 'aerobot_interfaces' build argument 'cmake_args' from command line to '['-DCMAKE_BUILD_TYPE=Release', '-DBUILD_TESTING=OFF', '-DALIAS_ROS2_TF2=1', '-DCMAKE_CXX_FLAGS_RELEASE=/MD /Od /Ob2 /DNDEBUG', '-G', 'Ninja']'
[2.524s] [34mcolcon.colcon_core.verb[0m [1;30mLevel 5[0m set package 'aerobot_interfaces' build argument 'cmake_target' from command line to 'None'
[2.524s] [34mcolcon.colcon_core.verb[0m [1;30mLevel 5[0m set package 'aerobot_interfaces' build argument 'cmake_target_skip_unavailable' from command line to 'False'
[2.524s] [34mcolcon.colcon_core.verb[0m [1;30mLevel 5[0m set package 'aerobot_interfaces' build argument 'cmake_clean_cache' from command line to 'False'
[2.524s] [34mcolcon.colcon_core.verb[0m [1;30mLevel 5[0m set package 'aerobot_interfaces' build argument 'cmake_clean_first' from command line to 'False'
[2.524s] [34mcolcon.colcon_core.verb[0m [1;30mLevel 5[0m set package 'aerobot_interfaces' build argument 'cmake_force_configure' from command line to 'False'
[2.524s] [34mcolcon.colcon_core.verb[0m [1;30mLevel 5[0m set package 'aerobot_interfaces' build argument 'ament_cmake_args' from command line to 'None'
[2.524s] [34mcolcon.colcon_core.verb[0m [1;30mLevel 5[0m set package 'aerobot_interfaces' build argument 'catkin_cmake_args' from command line to 'None'
[2.524s] [34mcolcon.colcon_core.verb[0m [1;30mLevel 5[0m set package 'aerobot_interfaces' build argument 'catkin_skip_building_tests' from command line to 'False'
[2.524s] [34mcolcon.colcon_core.verb[0m [1;30mDEBUG[0m [32mBuilding package 'aerobot_interfaces' with the following arguments: {'ament_cmake_args': None, 'build_base': 'C:\\Users\\dsai9\\OneDrive\\Documents\\BNO055\\custom\\matlab_msg_gen\\win64\\build\\aerobot_interfaces', 'catkin_cmake_args': None, 'catkin_skip_building_tests': False, 'cmake_args': ['-DCMAKE_BUILD_TYPE=Release', '-DBUILD_TESTING=OFF', '-DALIAS_ROS2_TF2=1', '-DCMAKE_CXX_FLAGS_RELEASE=/MD /Od /Ob2 /DNDEBUG', '-G', 'Ninja'], 'cmake_clean_cache': False, 'cmake_clean_first': False, 'cmake_force_configure': False, 'cmake_target': None, 'cmake_target_skip_unavailable': False, 'install_base': 'C:\\Users\\dsai9\\OneDrive\\Documents\\BNO055\\custom\\matlab_msg_gen\\win64\\install', 'merge_install': True, 'path': 'C:\\Users\\dsai9\\OneDrive\\Documents\\BNO055\\custom\\matlab_msg_gen\\win64\\src\\aerobot_interfaces', 'symlink_install': False, 'test_result_base': None}[0m
[2.527s] [34mcolcon.colcon_core.executor[0m [1;30mINFO[0m Executing jobs using 'parallel' executor
[2.547s] [34mcolcon.colcon_parallel_executor.executor.parallel[0m [1;30mDEBUG[0m [32mrun_until_complete[0m
[2.547s] [34mcolcon.colcon_ros.task.ament_cmake.build[0m [1;30mINFO[0m Building ROS package in 'C:\Users\dsai9\OneDrive\Documents\BNO055\custom\matlab_msg_gen\win64\src\aerobot_interfaces' with build type 'ament_cmake'
[2.548s] [34mcolcon.colcon_cmake.task.cmake.build[0m [1;30mINFO[0m Building CMake package in 'C:\Users\dsai9\OneDrive\Documents\BNO055\custom\matlab_msg_gen\win64\src\aerobot_interfaces'
[2.556s] [34mcolcon.colcon_core.plugin_system[0m [1;30mINFO[0m Skipping extension 'colcon_core.shell.sh': Not used on Windows systems
[2.556s] [34mcolcon.colcon_core.shell[0m [1;30mINFO[0m Skip shell extension 'powershell' for command environment: Not usable outside of PowerShell
[2.692s] [34mcolcon.colcon_core.event_handler.log_command[0m [1;30mDEBUG[0m [32mInvoking command in 'C:\Users\dsai9\OneDrive\Documents\BNO055\custom\matlab_msg_gen\win64\build\aerobot_interfaces': C:\Program Files\MATLAB\R2023b\bin\win64\cmake\bin\cmake.EXE --build C:\Users\dsai9\OneDrive\Documents\BNO055\custom\matlab_msg_gen\win64\build\aerobot_interfaces -- -j12 -l12[0m
[24.088s] [34mcolcon.colcon_core.event_handler.log_command[0m [1;30mDEBUG[0m [32mInvoked command in 'C:\Users\dsai9\OneDrive\Documents\BNO055\custom\matlab_msg_gen\win64\build\aerobot_interfaces' returned '0': C:\Program Files\MATLAB\R2023b\bin\win64\cmake\bin\cmake.EXE --build C:\Users\dsai9\OneDrive\Documents\BNO055\custom\matlab_msg_gen\win64\build\aerobot_interfaces -- -j12 -l12[0m
[24.246s] [34mcolcon.colcon_core.event_handler.log_command[0m [1;30mDEBUG[0m [32mInvoking command in 'C:\Users\dsai9\OneDrive\Documents\BNO055\custom\matlab_msg_gen\win64\build\aerobot_interfaces': C:\Program Files\MATLAB\R2023b\bin\win64\cmake\bin\cmake.EXE --install C:\Users\dsai9\OneDrive\Documents\BNO055\custom\matlab_msg_gen\win64\build\aerobot_interfaces[0m
[25.313s] [34mcolcon.colcon_core.environment[0m [1;30mLevel 1[0m create_environment_scripts_only(aerobot_interfaces)
[25.316s] [34mcolcon.colcon_core.event_handler.log_command[0m [1;30mDEBUG[0m [32mInvoked command in 'C:\Users\dsai9\OneDrive\Documents\BNO055\custom\matlab_msg_gen\win64\build\aerobot_interfaces' returned '0': C:\Program Files\MATLAB\R2023b\bin\win64\cmake\bin\cmake.EXE --install C:\Users\dsai9\OneDrive\Documents\BNO055\custom\matlab_msg_gen\win64\build\aerobot_interfaces[0m
[25.345s] [34mcolcon.colcon_core.environment[0m [1;30mLevel 1[0m checking 'C:\Users\dsai9\OneDrive\Documents\BNO055\custom\matlab_msg_gen\win64\install' for CMake module files
[25.350s] [34mcolcon.colcon_core.environment[0m [1;30mLevel 1[0m checking 'C:\Users\dsai9\OneDrive\Documents\BNO055\custom\matlab_msg_gen\win64\install' for CMake config files
[25.353s] [34mcolcon.colcon_core.shell[0m [1;30mLevel 1[0m create_environment_hook('aerobot_interfaces', 'cmake_prefix_path')
[25.360s] [34mcolcon.colcon_core.shell[0m [1;30mINFO[0m Creating environment hook 'C:\Users\dsai9\OneDrive\Documents\BNO055\custom\matlab_msg_gen\win64\install\share\aerobot_interfaces\hook\cmake_prefix_path.ps1'
[25.370s] [34mcolcon.colcon_core.shell[0m [1;30mINFO[0m Creating environment hook 'C:\Users\dsai9\OneDrive\Documents\BNO055\custom\matlab_msg_gen\win64\install\share\aerobot_interfaces\hook\cmake_prefix_path.bat'
[25.390s] [34mcolcon.colcon_core.shell[0m [1;30mINFO[0m Creating environment descriptor 'C:\Users\dsai9\OneDrive\Documents\BNO055\custom\matlab_msg_gen\win64\install\share\aerobot_interfaces\hook\cmake_prefix_path.dsv'
[25.399s] [34mcolcon.colcon_core.environment[0m [1;30mLevel 1[0m checking 'C:\Users\dsai9\OneDrive\Documents\BNO055\custom\matlab_msg_gen\win64\install\bin'
[25.400s] [34mcolcon.colcon_core.shell[0m [1;30mLevel 1[0m create_environment_hook('aerobot_interfaces', 'path_dll')
[25.407s] [34mcolcon.colcon_core.shell[0m [1;30mINFO[0m Creating environment hook 'C:\Users\dsai9\OneDrive\Documents\BNO055\custom\matlab_msg_gen\win64\install\share\aerobot_interfaces\hook\path_dll.ps1'
[25.409s] [34mcolcon.colcon_core.shell[0m [1;30mINFO[0m Creating environment hook 'C:\Users\dsai9\OneDrive\Documents\BNO055\custom\matlab_msg_gen\win64\install\share\aerobot_interfaces\hook\path_dll.bat'
[25.411s] [34mcolcon.colcon_core.shell[0m [1;30mINFO[0m Creating environment descriptor 'C:\Users\dsai9\OneDrive\Documents\BNO055\custom\matlab_msg_gen\win64\install\share\aerobot_interfaces\hook\path_dll.dsv'
[25.412s] [34mcolcon.colcon_core.environment[0m [1;30mLevel 1[0m checking 'C:\Users\dsai9\OneDrive\Documents\BNO055\custom\matlab_msg_gen\win64\install\bin'
[25.412s] [34mcolcon.colcon_core.shell[0m [1;30mLevel 1[0m create_environment_hook('aerobot_interfaces', 'path')
[25.420s] [34mcolcon.colcon_core.shell[0m [1;30mINFO[0m Creating environment hook 'C:\Users\dsai9\OneDrive\Documents\BNO055\custom\matlab_msg_gen\win64\install\share\aerobot_interfaces\hook\path.ps1'
[25.421s] [34mcolcon.colcon_core.shell[0m [1;30mINFO[0m Creating environment hook 'C:\Users\dsai9\OneDrive\Documents\BNO055\custom\matlab_msg_gen\win64\install\share\aerobot_interfaces\hook\path.bat'
[25.422s] [34mcolcon.colcon_core.shell[0m [1;30mINFO[0m Creating environment descriptor 'C:\Users\dsai9\OneDrive\Documents\BNO055\custom\matlab_msg_gen\win64\install\share\aerobot_interfaces\hook\path.dsv'
[25.423s] [34mcolcon.colcon_core.environment[0m [1;30mLevel 1[0m checking 'C:\Users\dsai9\OneDrive\Documents\BNO055\custom\matlab_msg_gen\win64\install\lib\pkgconfig\aerobot_interfaces.pc'
[25.424s] [34mcolcon.colcon_core.environment[0m [1;30mLevel 1[0m checking 'C:\Users\dsai9\OneDrive\Documents\BNO055\custom\matlab_msg_gen\win64\install\Lib\site-packages'
[25.425s] [34mcolcon.colcon_core.environment[0m [1;30mLevel 1[0m checking 'C:\Users\dsai9\OneDrive\Documents\BNO055\custom\matlab_msg_gen\win64\install\Scripts'
[25.432s] [34mcolcon.colcon_core.shell[0m [1;30mINFO[0m Creating package script 'C:\Users\dsai9\OneDrive\Documents\BNO055\custom\matlab_msg_gen\win64\install\share\aerobot_interfaces\package.ps1'
[25.446s] [34mcolcon.colcon_core.shell[0m [1;30mINFO[0m Creating package script 'C:\Users\dsai9\OneDrive\Documents\BNO055\custom\matlab_msg_gen\win64\install\share\aerobot_interfaces\package.bat'
[25.458s] [34mcolcon.colcon_core.shell[0m [1;30mINFO[0m Creating package descriptor 'C:\Users\dsai9\OneDrive\Documents\BNO055\custom\matlab_msg_gen\win64\install\share\aerobot_interfaces\package.dsv'
[25.468s] [34mcolcon.colcon_core.environment[0m [1;30mLevel 1[0m create_file_with_runtime_dependencies(C:\Users\dsai9\OneDrive\Documents\BNO055\custom\matlab_msg_gen\win64\install\share\colcon-core\packages\aerobot_interfaces)
[25.576s] [34mcolcon.colcon_core.environment[0m [1;30mLevel 1[0m create_environment_scripts_only(aerobot_interfaces)
[25.591s] [34mcolcon.colcon_core.environment[0m [1;30mLevel 1[0m checking 'C:\Users\dsai9\OneDrive\Documents\BNO055\custom\matlab_msg_gen\win64\install' for CMake module files
[25.596s] [34mcolcon.colcon_core.environment[0m [1;30mLevel 1[0m checking 'C:\Users\dsai9\OneDrive\Documents\BNO055\custom\matlab_msg_gen\win64\install' for CMake config files
[25.599s] [34mcolcon.colcon_core.shell[0m [1;30mLevel 1[0m create_environment_hook('aerobot_interfaces', 'cmake_prefix_path')
[25.613s] [34mcolcon.colcon_core.shell[0m [1;30mINFO[0m Creating environment hook 'C:\Users\dsai9\OneDrive\Documents\BNO055\custom\matlab_msg_gen\win64\install\share\aerobot_interfaces\hook\cmake_prefix_path.ps1'
[25.614s] [34mcolcon.colcon_core.shell[0m [1;30mINFO[0m Creating environment hook 'C:\Users\dsai9\OneDrive\Documents\BNO055\custom\matlab_msg_gen\win64\install\share\aerobot_interfaces\hook\cmake_prefix_path.bat'
[25.616s] [34mcolcon.colcon_core.shell[0m [1;30mINFO[0m Creating environment descriptor 'C:\Users\dsai9\OneDrive\Documents\BNO055\custom\matlab_msg_gen\win64\install\share\aerobot_interfaces\hook\cmake_prefix_path.dsv'
[25.618s] [34mcolcon.colcon_core.environment[0m [1;30mLevel 1[0m checking 'C:\Users\dsai9\OneDrive\Documents\BNO055\custom\matlab_msg_gen\win64\install\bin'
[25.619s] [34mcolcon.colcon_core.shell[0m [1;30mLevel 1[0m create_environment_hook('aerobot_interfaces', 'path_dll')
[25.628s] [34mcolcon.colcon_core.shell[0m [1;30mINFO[0m Creating environment hook 'C:\Users\dsai9\OneDrive\Documents\BNO055\custom\matlab_msg_gen\win64\install\share\aerobot_interfaces\hook\path_dll.ps1'
[25.629s] [34mcolcon.colcon_core.shell[0m [1;30mINFO[0m Creating environment hook 'C:\Users\dsai9\OneDrive\Documents\BNO055\custom\matlab_msg_gen\win64\install\share\aerobot_interfaces\hook\path_dll.bat'
[25.630s] [34mcolcon.colcon_core.shell[0m [1;30mINFO[0m Creating environment descriptor 'C:\Users\dsai9\OneDrive\Documents\BNO055\custom\matlab_msg_gen\win64\install\share\aerobot_interfaces\hook\path_dll.dsv'
[25.631s] [34mcolcon.colcon_core.environment[0m [1;30mLevel 1[0m checking 'C:\Users\dsai9\OneDrive\Documents\BNO055\custom\matlab_msg_gen\win64\install\bin'
[25.631s] [34mcolcon.colcon_core.shell[0m [1;30mLevel 1[0m create_environment_hook('aerobot_interfaces', 'path')
[25.641s] [34mcolcon.colcon_core.shell[0m [1;30mINFO[0m Creating environment hook 'C:\Users\dsai9\OneDrive\Documents\BNO055\custom\matlab_msg_gen\win64\install\share\aerobot_interfaces\hook\path.ps1'
[25.642s] [34mcolcon.colcon_core.shell[0m [1;30mINFO[0m Creating environment hook 'C:\Users\dsai9\OneDrive\Documents\BNO055\custom\matlab_msg_gen\win64\install\share\aerobot_interfaces\hook\path.bat'
[25.645s] [34mcolcon.colcon_core.shell[0m [1;30mINFO[0m Creating environment descriptor 'C:\Users\dsai9\OneDrive\Documents\BNO055\custom\matlab_msg_gen\win64\install\share\aerobot_interfaces\hook\path.dsv'
[25.646s] [34mcolcon.colcon_core.environment[0m [1;30mLevel 1[0m checking 'C:\Users\dsai9\OneDrive\Documents\BNO055\custom\matlab_msg_gen\win64\install\lib\pkgconfig\aerobot_interfaces.pc'
[25.646s] [34mcolcon.colcon_core.environment[0m [1;30mLevel 1[0m checking 'C:\Users\dsai9\OneDrive\Documents\BNO055\custom\matlab_msg_gen\win64\install\Lib\site-packages'
[25.646s] [34mcolcon.colcon_core.environment[0m [1;30mLevel 1[0m checking 'C:\Users\dsai9\OneDrive\Documents\BNO055\custom\matlab_msg_gen\win64\install\Scripts'
[25.654s] [34mcolcon.colcon_core.shell[0m [1;30mINFO[0m Creating package script 'C:\Users\dsai9\OneDrive\Documents\BNO055\custom\matlab_msg_gen\win64\install\share\aerobot_interfaces\package.ps1'
[25.656s] [34mcolcon.colcon_core.shell[0m [1;30mINFO[0m Creating package script 'C:\Users\dsai9\OneDrive\Documents\BNO055\custom\matlab_msg_gen\win64\install\share\aerobot_interfaces\package.bat'
[25.658s] [34mcolcon.colcon_core.shell[0m [1;30mINFO[0m Creating package descriptor 'C:\Users\dsai9\OneDrive\Documents\BNO055\custom\matlab_msg_gen\win64\install\share\aerobot_interfaces\package.dsv'
[25.660s] [34mcolcon.colcon_core.environment[0m [1;30mLevel 1[0m create_file_with_runtime_dependencies(C:\Users\dsai9\OneDrive\Documents\BNO055\custom\matlab_msg_gen\win64\install\share\colcon-core\packages\aerobot_interfaces)
[25.660s] [34mcolcon.colcon_parallel_executor.executor.parallel[0m [1;30mDEBUG[0m [32mrun_until_complete finished with '0'[0m
[25.661s] [34mcolcon.colcon_core.event_reactor[0m [1;30mDEBUG[0m [32mjoining thread[0m
[25.679s] [34mcolcon.colcon_core.plugin_system[0m [1;30mINFO[0m Skipping extension 'colcon_notification.desktop_notification.notify2': 'notify2' not found
[25.679s] [34mcolcon.colcon_core.plugin_system[0m [1;30mINFO[0m Skipping extension 'colcon_notification.desktop_notification.notify_send': Not used on non-Linux systems
[25.679s] [34mcolcon.colcon_core.plugin_system[0m [1;30mINFO[0m Skipping extension 'colcon_notification.desktop_notification.terminal_notifier': Not used on non-Darwin systems
[25.679s] [34mcolcon.colcon_notification.desktop_notification[0m [1;30mINFO[0m Sending desktop notification using 'win32'
[30.912s] [34mcolcon.colcon_core.event_reactor[0m [1;30mDEBUG[0m [32mjoined thread[0m
[30.925s] [34mcolcon.colcon_core.shell[0m [1;30mINFO[0m Creating prefix script 'C:\Users\dsai9\OneDrive\Documents\BNO055\custom\matlab_msg_gen\win64\install\local_setup.ps1'
[30.949s] [34mcolcon.colcon_core.shell[0m [1;30mINFO[0m Creating prefix util module 'C:\Users\dsai9\OneDrive\Documents\BNO055\custom\matlab_msg_gen\win64\install\_local_setup_util_ps1.py'
[30.969s] [34mcolcon.colcon_core.shell[0m [1;30mINFO[0m Creating prefix chain script 'C:\Users\dsai9\OneDrive\Documents\BNO055\custom\matlab_msg_gen\win64\install\setup.ps1'
[30.993s] [34mcolcon.colcon_core.shell[0m [1;30mINFO[0m Creating prefix script 'C:\Users\dsai9\OneDrive\Documents\BNO055\custom\matlab_msg_gen\win64\install\local_setup.bat'
[31.021s] [34mcolcon.colcon_core.shell[0m [1;30mINFO[0m Creating prefix util module 'C:\Users\dsai9\OneDrive\Documents\BNO055\custom\matlab_msg_gen\win64\install\_local_setup_util_bat.py'
[31.024s] [34mcolcon.colcon_core.shell[0m [1;30mINFO[0m Creating prefix chain script 'C:\Users\dsai9\OneDrive\Documents\BNO055\custom\matlab_msg_gen\win64\install\setup.bat'
