[0.125s] Invoking command in 'C:\Users\dsai9\OneDrive\Documents\BNO055\custom\matlab_msg_gen\win64\build\aerobot_interfaces': C:\Program Files\MATLAB\R2023b\bin\win64\cmake\bin\cmake.EXE --build C:\Users\dsai9\OneDrive\Documents\BNO055\custom\matlab_msg_gen\win64\build\aerobot_interfaces -- -j12 -l12
[0.235s] [0/1] Re-running CMake...
[0.313s] -- Found ament_cmake: 1.3.3 (C:/Program Files/MATLAB/R2023b/sys/ros2/win64/ros2/share/ament_cmake/cmake)
[0.985s] -- Found ament_cmake_ros: 0.10.0 (C:/Program Files/MATLAB/R2023b/sys/ros2/win64/ros2/share/ament_cmake_ros/cmake)
[1.000s] -- Found rosidl_typesupport_c: 2.0.0 (C:/Program Files/MATLAB/R2023b/sys/ros2/win64/ros2/share/rosidl_typesupport_c/cmake)
[1.016s] -- Using all available rosidl_typesupport_c: rosidl_typesupport_fastrtps_c;rosidl_typesupport_introspection_c
[1.016s] -- Found rosidl_adapter: 3.1.4 (C:/Program Files/MATLAB/R2023b/sys/ros2/win64/ros2/share/rosidl_adapter/cmake)
[1.125s] -- Found rosidl_typesupport_cpp: 2.0.0 (C:/Program Files/MATLAB/R2023b/sys/ros2/win64/ros2/share/rosidl_typesupport_cpp/cmake)
[1.125s] -- Using all available rosidl_typesupport_cpp: rosidl_typesupport_fastrtps_cpp;rosidl_typesupport_introspection_cpp
[1.188s] -- Found rosidl_default_generators: 1.2.0 (C:/Program Files/MATLAB/R2023b/sys/ros2/win64/ros2/share/rosidl_default_generators/cmake)
[1.203s] -- Found class_loader: 2.2.0 (C:/Program Files/MATLAB/R2023b/sys/ros2/win64/ros2/share/class_loader/cmake)
[1.219s] -- Found rclcpp: 16.0.3 (C:/Program Files/MATLAB/R2023b/sys/ros2/win64/ros2/share/rclcpp/cmake)
[1.422s] -- Found rmw_implementation_cmake: 6.1.1 (C:/Program Files/MATLAB/R2023b/sys/ros2/win64/ros2/share/rmw_implementation_cmake/cmake)
[1.422s] -- Found rmw_fastrtps_cpp: 6.2.2 (C:/Program Files/MATLAB/R2023b/sys/ros2/win64/ros2/share/rmw_fastrtps_cpp/cmake)
[1.860s] -- Using RMW implementation 'rmw_fastrtps_cpp' as default
[3.188s] -- Using all available rosidl_typesupport_c: rosidl_typesupport_fastrtps_c;rosidl_typesupport_introspection_c
[3.672s] -- Using all available rosidl_typesupport_cpp: rosidl_typesupport_fastrtps_cpp;rosidl_typesupport_introspection_cpp
[3.813s] -- Configuring done
[4.063s] -- Generating done
[4.110s] -- Build files have been written to: C:/Users/dsai9/OneDrive/Documents/BNO055/custom/matlab_msg_gen/win64/build/aerobot_interfaces
[4.672s] [1/32] Generating C++ code for ROS interfaces
[4.703s] [2/32] Generating C code for ROS interfaces
[5.203s] [3/32] Building C object CMakeFiles\aerobot_interfaces__rosidl_generator_c.dir\rosidl_generator_c\aerobot_interfaces\srv\detail\esc_srv__functions.c.obj
[5.203s] [4/32] Building C object CMakeFiles\aerobot_interfaces__rosidl_generator_c.dir\rosidl_generator_c\aerobot_interfaces\msg\detail\esc_msg__functions.c.obj
[5.328s] [5/32] Generating C++ type support dispatch for ROS interfaces
[5.375s] [6/32] Generating C++ introspection for ROS interfaces
[5.453s] [7/32] Generating C++ type support for eProsima Fast-RTPS
[5.594s] [8/32] Linking C shared library aerobot_interfaces__rosidl_generator_c.dll
[6.125s] [9/32] Building CXX object CMakeFiles\aerobot_interfaces__rosidl_typesupport_cpp.dir\rosidl_typesupport_cpp\aerobot_interfaces\msg\esc_msg__type_support.cpp.obj
[6.141s] [10/32] Building CXX object CMakeFiles\aerobot_interfaces__rosidl_typesupport_cpp.dir\rosidl_typesupport_cpp\aerobot_interfaces\srv\esc_srv__type_support.cpp.obj
[6.219s] [11/32] Building CXX object CMakeFiles\aerobot_interfaces__rosidl_typesupport_introspection_cpp.dir\067b130b49f0a068dc86090e8b96bffa\srv\detail\esc_srv__type_support.cpp.obj
[6.219s] [12/32] Building CXX object CMakeFiles\aerobot_interfaces__rosidl_typesupport_introspection_cpp.dir\067b130b49f0a068dc86090e8b96bffa\msg\detail\esc_msg__type_support.cpp.obj
[6.578s] [13/32] Generating C type support dispatch for ROS interfaces
[6.594s] [14/32] Linking CXX shared library aerobot_interfaces__rosidl_typesupport_cpp.dll
[6.625s] [15/32] Building CXX object CMakeFiles\aerobot_interfaces__rosidl_typesupport_fastrtps_cpp.dir\e64c7bb9fb84a848e76df4b1f18969b3\msg\detail\dds_fastrtps\esc_msg__type_support.cpp.obj
[6.625s] cl : Command line warning D9025 : overriding '/W3' with '/W4'
[6.657s] [16/32] Linking CXX shared library aerobot_interfaces__rosidl_typesupport_introspection_cpp.dll
[6.703s] [17/32] Building CXX object CMakeFiles\aerobot_interfaces__rosidl_typesupport_fastrtps_cpp.dir\e64c7bb9fb84a848e76df4b1f18969b3\srv\detail\dds_fastrtps\esc_srv__type_support.cpp.obj
[6.703s] cl : Command line warning D9025 : overriding '/W3' with '/W4'
[6.719s] [18/32] Generating C type support for eProsima Fast-RTPS
[6.735s] [19/32] Generating C introspection for ROS interfaces
[6.813s] [20/32] Building CXX object CMakeFiles\aerobot_interfaces__rosidl_typesupport_c.dir\rosidl_typesupport_c\aerobot_interfaces\msg\esc_msg__type_support.cpp.obj
[6.813s] [21/32] Building CXX object CMakeFiles\aerobot_interfaces__rosidl_typesupport_c.dir\rosidl_typesupport_c\aerobot_interfaces\srv\esc_srv__type_support.cpp.obj
[6.891s] [22/32] Building C object CMakeFiles\aerobot_interfaces__rosidl_typesupport_introspection_c.dir\eef8357749c14c2fc9e9e30e2931c84e\msg\detail\esc_msg__type_support.c.obj
[6.891s] [23/32] Building C object CMakeFiles\aerobot_interfaces__rosidl_typesupport_introspection_c.dir\eef8357749c14c2fc9e9e30e2931c84e\srv\detail\esc_srv__type_support.c.obj
[7.063s] [24/32] Linking CXX shared library aerobot_interfaces__rosidl_typesupport_fastrtps_cpp.dll
[7.172s] [25/32] Linking CXX shared library aerobot_interfaces__rosidl_typesupport_c.dll
[7.219s] [26/32] Linking C shared library aerobot_interfaces__rosidl_typesupport_introspection_c.dll
[7.563s] [27/32] Building CXX object CMakeFiles\aerobot_interfaces__rosidl_typesupport_fastrtps_c.dir\277c4956b542f48767dcb3729b2b4fe3\msg\detail\esc_msg__type_support_c.cpp.obj
[7.563s] cl : Command line warning D9025 : overriding '/W3' with '/W4'
[7.578s] [28/32] Building CXX object CMakeFiles\aerobot_interfaces__rosidl_typesupport_fastrtps_c.dir\277c4956b542f48767dcb3729b2b4fe3\srv\detail\esc_srv__type_support_c.cpp.obj
[7.578s] cl : Command line warning D9025 : overriding '/W3' with '/W4'
[7.797s] [29/32] Linking CXX shared library aerobot_interfaces__rosidl_typesupport_fastrtps_c.dll
[14.032s] [30/32] Building CXX object CMakeFiles\aerobot_interfaces_matlab.dir\src\aerobot_interfaces_EscMsg_message.cpp.obj
[14.032s] C:\Users\dsai9\OneDrive\Documents\BNO055\custom\matlab_msg_gen\win64\src\aerobot_interfaces\src\aerobot_interfaces_EscMsg_message.cpp(28): warning C4275: non dll-interface class 'MATLABROS2MsgInterfaceBase' used as base for dll-interface class 'MATLABROS2MsgInterface<aerobot_interfaces::msg::EscMsg>'
[14.032s] C:\Program Files\MATLAB\R2023b\toolbox\ros\include\ros2\MATLABROS2MsgInterface.hpp(50): note: see declaration of 'MATLABROS2MsgInterfaceBase'
[14.032s] C:\Program Files\MATLAB\R2023b\toolbox\ros\include\ros2\MATLABROS2MsgInterface.hpp(104): note: see declaration of 'MATLABROS2MsgInterface<aerobot_interfaces::msg::EscMsg>'
[14.032s] C:\Users\dsai9\OneDrive\Documents\BNO055\custom\matlab_msg_gen\win64\src\aerobot_interfaces\src\aerobot_interfaces_EscMsg_message.cpp(71): warning C4275: non dll-interface class 'ROS2MsgElementInterfaceFactory' used as base for dll-interface class 'ros2_aerobot_interfaces_EscMsg_message'
[14.032s] C:\Program Files\MATLAB\R2023b\toolbox\ros\include\ros2\MATLABROS2MsgInterface.hpp(55): note: see declaration of 'ROS2MsgElementInterfaceFactory'
[14.032s] C:\Users\dsai9\OneDrive\Documents\BNO055\custom\matlab_msg_gen\win64\src\aerobot_interfaces\src\aerobot_interfaces_EscMsg_message.cpp(71): note: see declaration of 'ros2_aerobot_interfaces_EscMsg_message'
[15.907s] [31/32] Building CXX object CMakeFiles\aerobot_interfaces_matlab.dir\src\aerobot_interfaces_EscSrv_service.cpp.obj
[15.907s] C:\Users\dsai9\OneDrive\Documents\BNO055\custom\matlab_msg_gen\win64\src\aerobot_interfaces\src\aerobot_interfaces_EscSrv_service.cpp(38): warning C4275: non dll-interface class 'MATLABROS2MsgInterfaceBase' used as base for dll-interface class 'MATLABROS2MsgInterface<aerobot_interfaces::srv::EscSrv::Request>'
[15.907s] C:\Program Files\MATLAB\R2023b\toolbox\ros\include\ros2\MATLABROS2MsgInterface.hpp(50): note: see declaration of 'MATLABROS2MsgInterfaceBase'
[15.907s] C:\Program Files\MATLAB\R2023b\toolbox\ros\include\ros2\MATLABROS2MsgInterface.hpp(104): note: see declaration of 'MATLABROS2MsgInterface<aerobot_interfaces::srv::EscSrv::Request>'
[15.907s] C:\Users\dsai9\OneDrive\Documents\BNO055\custom\matlab_msg_gen\win64\src\aerobot_interfaces\src\aerobot_interfaces_EscSrv_service.cpp(80): warning C4275: non dll-interface class 'MATLABROS2MsgInterfaceBase' used as base for dll-interface class 'MATLABROS2MsgInterface<aerobot_interfaces::srv::EscSrv::Response>'
[15.907s] C:\Program Files\MATLAB\R2023b\toolbox\ros\include\ros2\MATLABROS2MsgInterface.hpp(50): note: see declaration of 'MATLABROS2MsgInterfaceBase'
[15.907s] C:\Program Files\MATLAB\R2023b\toolbox\ros\include\ros2\MATLABROS2MsgInterface.hpp(104): note: see declaration of 'MATLABROS2MsgInterface<aerobot_interfaces::srv::EscSrv::Response>'
[15.907s] C:\Users\dsai9\OneDrive\Documents\BNO055\custom\matlab_msg_gen\win64\src\aerobot_interfaces\src\aerobot_interfaces_EscSrv_service.cpp(110): warning C4275: non dll-interface class 'ROS2MsgElementInterfaceFactory' used as base for dll-interface class 'ros2_aerobot_interfaces_EscSrv_service'
[15.907s] C:\Program Files\MATLAB\R2023b\toolbox\ros\include\ros2\MATLABROS2MsgInterface.hpp(55): note: see declaration of 'ROS2MsgElementInterfaceFactory'
[15.907s] C:\Users\dsai9\OneDrive\Documents\BNO055\custom\matlab_msg_gen\win64\src\aerobot_interfaces\src\aerobot_interfaces_EscSrv_service.cpp(110): note: see declaration of 'ros2_aerobot_interfaces_EscSrv_service'
[16.282s] [32/32] Linking CXX shared library aerobot_interfaces_matlab.dll
[16.297s] Invoked command in 'C:\Users\dsai9\OneDrive\Documents\BNO055\custom\matlab_msg_gen\win64\build\aerobot_interfaces' returned '0': C:\Program Files\MATLAB\R2023b\bin\win64\cmake\bin\cmake.EXE --build C:\Users\dsai9\OneDrive\Documents\BNO055\custom\matlab_msg_gen\win64\build\aerobot_interfaces -- -j12 -l12
[16.407s] Invoking command in 'C:\Users\dsai9\OneDrive\Documents\BNO055\custom\matlab_msg_gen\win64\build\aerobot_interfaces': C:\Program Files\MATLAB\R2023b\bin\win64\cmake\bin\cmake.EXE --install C:\Users\dsai9\OneDrive\Documents\BNO055\custom\matlab_msg_gen\win64\build\aerobot_interfaces
[16.438s] -- Install configuration: "Release"
[16.438s] -- Up-to-date: C:/Users/dsai9/OneDrive/Documents/BNO055/custom/matlab_msg_gen/win64/install/share/ament_index/resource_index/rosidl_interfaces/aerobot_interfaces
[16.438s] -- Up-to-date: C:/Users/dsai9/OneDrive/Documents/BNO055/custom/matlab_msg_gen/win64/install/include/aerobot_interfaces/aerobot_interfaces
[16.438s] -- Up-to-date: C:/Users/dsai9/OneDrive/Documents/BNO055/custom/matlab_msg_gen/win64/install/include/aerobot_interfaces/aerobot_interfaces/msg
[16.438s] -- Up-to-date: C:/Users/dsai9/OneDrive/Documents/BNO055/custom/matlab_msg_gen/win64/install/include/aerobot_interfaces/aerobot_interfaces/msg/detail
[16.453s] -- Installing: C:/Users/dsai9/OneDrive/Documents/BNO055/custom/matlab_msg_gen/win64/install/include/aerobot_interfaces/aerobot_interfaces/msg/detail/esc_msg__functions.c
[16.453s] -- Installing: C:/Users/dsai9/OneDrive/Documents/BNO055/custom/matlab_msg_gen/win64/install/include/aerobot_interfaces/aerobot_interfaces/msg/detail/esc_msg__functions.h
[16.469s] -- Installing: C:/Users/dsai9/OneDrive/Documents/BNO055/custom/matlab_msg_gen/win64/install/include/aerobot_interfaces/aerobot_interfaces/msg/detail/esc_msg__struct.h
[16.485s] -- Installing: C:/Users/dsai9/OneDrive/Documents/BNO055/custom/matlab_msg_gen/win64/install/include/aerobot_interfaces/aerobot_interfaces/msg/detail/esc_msg__type_support.h
[16.485s] -- Installing: C:/Users/dsai9/OneDrive/Documents/BNO055/custom/matlab_msg_gen/win64/install/include/aerobot_interfaces/aerobot_interfaces/msg/esc_msg.h
[16.485s] -- Up-to-date: C:/Users/dsai9/OneDrive/Documents/BNO055/custom/matlab_msg_gen/win64/install/include/aerobot_interfaces/aerobot_interfaces/msg/rosidl_generator_c__visibility_control.h
[16.485s] -- Up-to-date: C:/Users/dsai9/OneDrive/Documents/BNO055/custom/matlab_msg_gen/win64/install/include/aerobot_interfaces/aerobot_interfaces/srv
[16.485s] -- Up-to-date: C:/Users/dsai9/OneDrive/Documents/BNO055/custom/matlab_msg_gen/win64/install/include/aerobot_interfaces/aerobot_interfaces/srv/detail
[16.500s] -- Installing: C:/Users/dsai9/OneDrive/Documents/BNO055/custom/matlab_msg_gen/win64/install/include/aerobot_interfaces/aerobot_interfaces/srv/detail/esc_srv__functions.c
[16.516s] -- Installing: C:/Users/dsai9/OneDrive/Documents/BNO055/custom/matlab_msg_gen/win64/install/include/aerobot_interfaces/aerobot_interfaces/srv/detail/esc_srv__functions.h
[16.516s] -- Installing: C:/Users/dsai9/OneDrive/Documents/BNO055/custom/matlab_msg_gen/win64/install/include/aerobot_interfaces/aerobot_interfaces/srv/detail/esc_srv__struct.h
[16.532s] -- Installing: C:/Users/dsai9/OneDrive/Documents/BNO055/custom/matlab_msg_gen/win64/install/include/aerobot_interfaces/aerobot_interfaces/srv/detail/esc_srv__type_support.h
[16.532s] -- Installing: C:/Users/dsai9/OneDrive/Documents/BNO055/custom/matlab_msg_gen/win64/install/include/aerobot_interfaces/aerobot_interfaces/srv/esc_srv.h
[16.547s] -- Up-to-date: C:/Users/dsai9/OneDrive/Documents/BNO055/custom/matlab_msg_gen/win64/install/lib/aerobot_interfaces__rosidl_generator_c.lib
[16.563s] -- Installing: C:/Users/dsai9/OneDrive/Documents/BNO055/custom/matlab_msg_gen/win64/install/bin/aerobot_interfaces__rosidl_generator_c.dll
[16.563s] -- Up-to-date: C:/Users/dsai9/OneDrive/Documents/BNO055/custom/matlab_msg_gen/win64/install/include/aerobot_interfaces/aerobot_interfaces
[16.563s] -- Up-to-date: C:/Users/dsai9/OneDrive/Documents/BNO055/custom/matlab_msg_gen/win64/install/include/aerobot_interfaces/aerobot_interfaces/msg
[16.563s] -- Up-to-date: C:/Users/dsai9/OneDrive/Documents/BNO055/custom/matlab_msg_gen/win64/install/include/aerobot_interfaces/aerobot_interfaces/msg/detail
[16.563s] -- Installing: C:/Users/dsai9/OneDrive/Documents/BNO055/custom/matlab_msg_gen/win64/install/include/aerobot_interfaces/aerobot_interfaces/msg/detail/esc_msg__rosidl_typesupport_fastrtps_c.h
[16.578s] -- Up-to-date: C:/Users/dsai9/OneDrive/Documents/BNO055/custom/matlab_msg_gen/win64/install/include/aerobot_interfaces/aerobot_interfaces/msg/rosidl_typesupport_fastrtps_c__visibility_control.h
[16.578s] -- Up-to-date: C:/Users/dsai9/OneDrive/Documents/BNO055/custom/matlab_msg_gen/win64/install/include/aerobot_interfaces/aerobot_interfaces/srv
[16.578s] -- Up-to-date: C:/Users/dsai9/OneDrive/Documents/BNO055/custom/matlab_msg_gen/win64/install/include/aerobot_interfaces/aerobot_interfaces/srv/detail
[16.578s] -- Installing: C:/Users/dsai9/OneDrive/Documents/BNO055/custom/matlab_msg_gen/win64/install/include/aerobot_interfaces/aerobot_interfaces/srv/detail/esc_srv__rosidl_typesupport_fastrtps_c.h
[16.578s] -- Up-to-date: C:/Users/dsai9/OneDrive/Documents/BNO055/custom/matlab_msg_gen/win64/install/lib/aerobot_interfaces__rosidl_typesupport_fastrtps_c.lib
[16.594s] -- Installing: C:/Users/dsai9/OneDrive/Documents/BNO055/custom/matlab_msg_gen/win64/install/bin/aerobot_interfaces__rosidl_typesupport_fastrtps_c.dll
[16.610s] -- Up-to-date: C:/Users/dsai9/OneDrive/Documents/BNO055/custom/matlab_msg_gen/win64/install/include/aerobot_interfaces/aerobot_interfaces
[16.610s] -- Up-to-date: C:/Users/dsai9/OneDrive/Documents/BNO055/custom/matlab_msg_gen/win64/install/include/aerobot_interfaces/aerobot_interfaces/msg
[16.610s] -- Up-to-date: C:/Users/dsai9/OneDrive/Documents/BNO055/custom/matlab_msg_gen/win64/install/include/aerobot_interfaces/aerobot_interfaces/msg/detail
[16.610s] -- Installing: C:/Users/dsai9/OneDrive/Documents/BNO055/custom/matlab_msg_gen/win64/install/include/aerobot_interfaces/aerobot_interfaces/msg/detail/esc_msg__rosidl_typesupport_introspection_c.h
[16.625s] -- Installing: C:/Users/dsai9/OneDrive/Documents/BNO055/custom/matlab_msg_gen/win64/install/include/aerobot_interfaces/aerobot_interfaces/msg/detail/esc_msg__type_support.c
[16.625s] -- Up-to-date: C:/Users/dsai9/OneDrive/Documents/BNO055/custom/matlab_msg_gen/win64/install/include/aerobot_interfaces/aerobot_interfaces/msg/rosidl_typesupport_introspection_c__visibility_control.h
[16.625s] -- Up-to-date: C:/Users/dsai9/OneDrive/Documents/BNO055/custom/matlab_msg_gen/win64/install/include/aerobot_interfaces/aerobot_interfaces/srv
[16.625s] -- Up-to-date: C:/Users/dsai9/OneDrive/Documents/BNO055/custom/matlab_msg_gen/win64/install/include/aerobot_interfaces/aerobot_interfaces/srv/detail
[16.641s] -- Installing: C:/Users/dsai9/OneDrive/Documents/BNO055/custom/matlab_msg_gen/win64/install/include/aerobot_interfaces/aerobot_interfaces/srv/detail/esc_srv__rosidl_typesupport_introspection_c.h
[16.657s] -- Installing: C:/Users/dsai9/OneDrive/Documents/BNO055/custom/matlab_msg_gen/win64/install/include/aerobot_interfaces/aerobot_interfaces/srv/detail/esc_srv__type_support.c
[16.657s] -- Up-to-date: C:/Users/dsai9/OneDrive/Documents/BNO055/custom/matlab_msg_gen/win64/install/lib/aerobot_interfaces__rosidl_typesupport_introspection_c.lib
[16.672s] -- Installing: C:/Users/dsai9/OneDrive/Documents/BNO055/custom/matlab_msg_gen/win64/install/bin/aerobot_interfaces__rosidl_typesupport_introspection_c.dll
[16.672s] -- Up-to-date: C:/Users/dsai9/OneDrive/Documents/BNO055/custom/matlab_msg_gen/win64/install/lib/aerobot_interfaces__rosidl_typesupport_c.lib
[16.688s] -- Installing: C:/Users/dsai9/OneDrive/Documents/BNO055/custom/matlab_msg_gen/win64/install/bin/aerobot_interfaces__rosidl_typesupport_c.dll
[16.703s] -- Up-to-date: C:/Users/dsai9/OneDrive/Documents/BNO055/custom/matlab_msg_gen/win64/install/include/aerobot_interfaces/aerobot_interfaces
[16.703s] -- Up-to-date: C:/Users/dsai9/OneDrive/Documents/BNO055/custom/matlab_msg_gen/win64/install/include/aerobot_interfaces/aerobot_interfaces/msg
[16.703s] -- Up-to-date: C:/Users/dsai9/OneDrive/Documents/BNO055/custom/matlab_msg_gen/win64/install/include/aerobot_interfaces/aerobot_interfaces/msg/detail
[16.703s] -- Installing: C:/Users/dsai9/OneDrive/Documents/BNO055/custom/matlab_msg_gen/win64/install/include/aerobot_interfaces/aerobot_interfaces/msg/detail/esc_msg__builder.hpp
[16.719s] -- Installing: C:/Users/dsai9/OneDrive/Documents/BNO055/custom/matlab_msg_gen/win64/install/include/aerobot_interfaces/aerobot_interfaces/msg/detail/esc_msg__struct.hpp
[16.719s] -- Installing: C:/Users/dsai9/OneDrive/Documents/BNO055/custom/matlab_msg_gen/win64/install/include/aerobot_interfaces/aerobot_interfaces/msg/detail/esc_msg__traits.hpp
[16.719s] -- Installing: C:/Users/dsai9/OneDrive/Documents/BNO055/custom/matlab_msg_gen/win64/install/include/aerobot_interfaces/aerobot_interfaces/msg/esc_msg.hpp
[16.735s] -- Up-to-date: C:/Users/dsai9/OneDrive/Documents/BNO055/custom/matlab_msg_gen/win64/install/include/aerobot_interfaces/aerobot_interfaces/srv
[16.735s] -- Up-to-date: C:/Users/dsai9/OneDrive/Documents/BNO055/custom/matlab_msg_gen/win64/install/include/aerobot_interfaces/aerobot_interfaces/srv/detail
[16.735s] -- Installing: C:/Users/dsai9/OneDrive/Documents/BNO055/custom/matlab_msg_gen/win64/install/include/aerobot_interfaces/aerobot_interfaces/srv/detail/esc_srv__builder.hpp
[16.750s] -- Installing: C:/Users/dsai9/OneDrive/Documents/BNO055/custom/matlab_msg_gen/win64/install/include/aerobot_interfaces/aerobot_interfaces/srv/detail/esc_srv__struct.hpp
[16.750s] -- Installing: C:/Users/dsai9/OneDrive/Documents/BNO055/custom/matlab_msg_gen/win64/install/include/aerobot_interfaces/aerobot_interfaces/srv/detail/esc_srv__traits.hpp
[16.766s] -- Installing: C:/Users/dsai9/OneDrive/Documents/BNO055/custom/matlab_msg_gen/win64/install/include/aerobot_interfaces/aerobot_interfaces/srv/esc_srv.hpp
[16.766s] -- Up-to-date: C:/Users/dsai9/OneDrive/Documents/BNO055/custom/matlab_msg_gen/win64/install/include/aerobot_interfaces/aerobot_interfaces
[16.766s] -- Up-to-date: C:/Users/dsai9/OneDrive/Documents/BNO055/custom/matlab_msg_gen/win64/install/include/aerobot_interfaces/aerobot_interfaces/msg
[16.766s] -- Up-to-date: C:/Users/dsai9/OneDrive/Documents/BNO055/custom/matlab_msg_gen/win64/install/include/aerobot_interfaces/aerobot_interfaces/msg/detail
[16.766s] -- Up-to-date: C:/Users/dsai9/OneDrive/Documents/BNO055/custom/matlab_msg_gen/win64/install/include/aerobot_interfaces/aerobot_interfaces/msg/detail/dds_fastrtps
[16.766s] -- Installing: C:/Users/dsai9/OneDrive/Documents/BNO055/custom/matlab_msg_gen/win64/install/include/aerobot_interfaces/aerobot_interfaces/msg/detail/esc_msg__rosidl_typesupport_fastrtps_cpp.hpp
[16.766s] -- Up-to-date: C:/Users/dsai9/OneDrive/Documents/BNO055/custom/matlab_msg_gen/win64/install/include/aerobot_interfaces/aerobot_interfaces/msg/rosidl_typesupport_fastrtps_cpp__visibility_control.h
[16.766s] -- Up-to-date: C:/Users/dsai9/OneDrive/Documents/BNO055/custom/matlab_msg_gen/win64/install/include/aerobot_interfaces/aerobot_interfaces/srv
[16.782s] -- Up-to-date: C:/Users/dsai9/OneDrive/Documents/BNO055/custom/matlab_msg_gen/win64/install/include/aerobot_interfaces/aerobot_interfaces/srv/detail
[16.782s] -- Up-to-date: C:/Users/dsai9/OneDrive/Documents/BNO055/custom/matlab_msg_gen/win64/install/include/aerobot_interfaces/aerobot_interfaces/srv/detail/dds_fastrtps
[16.782s] -- Installing: C:/Users/dsai9/OneDrive/Documents/BNO055/custom/matlab_msg_gen/win64/install/include/aerobot_interfaces/aerobot_interfaces/srv/detail/esc_srv__rosidl_typesupport_fastrtps_cpp.hpp
[16.782s] -- Up-to-date: C:/Users/dsai9/OneDrive/Documents/BNO055/custom/matlab_msg_gen/win64/install/lib/aerobot_interfaces__rosidl_typesupport_fastrtps_cpp.lib
[16.782s] -- Installing: C:/Users/dsai9/OneDrive/Documents/BNO055/custom/matlab_msg_gen/win64/install/bin/aerobot_interfaces__rosidl_typesupport_fastrtps_cpp.dll
[16.797s] -- Up-to-date: C:/Users/dsai9/OneDrive/Documents/BNO055/custom/matlab_msg_gen/win64/install/include/aerobot_interfaces/aerobot_interfaces
[16.797s] -- Up-to-date: C:/Users/dsai9/OneDrive/Documents/BNO055/custom/matlab_msg_gen/win64/install/include/aerobot_interfaces/aerobot_interfaces/msg
[16.797s] -- Up-to-date: C:/Users/dsai9/OneDrive/Documents/BNO055/custom/matlab_msg_gen/win64/install/include/aerobot_interfaces/aerobot_interfaces/msg/detail
[16.797s] -- Installing: C:/Users/dsai9/OneDrive/Documents/BNO055/custom/matlab_msg_gen/win64/install/include/aerobot_interfaces/aerobot_interfaces/msg/detail/esc_msg__rosidl_typesupport_introspection_cpp.hpp
[16.813s] -- Installing: C:/Users/dsai9/OneDrive/Documents/BNO055/custom/matlab_msg_gen/win64/install/include/aerobot_interfaces/aerobot_interfaces/msg/detail/esc_msg__type_support.cpp
[16.813s] -- Up-to-date: C:/Users/dsai9/OneDrive/Documents/BNO055/custom/matlab_msg_gen/win64/install/include/aerobot_interfaces/aerobot_interfaces/srv
[16.813s] -- Up-to-date: C:/Users/dsai9/OneDrive/Documents/BNO055/custom/matlab_msg_gen/win64/install/include/aerobot_interfaces/aerobot_interfaces/srv/detail
[16.828s] -- Installing: C:/Users/dsai9/OneDrive/Documents/BNO055/custom/matlab_msg_gen/win64/install/include/aerobot_interfaces/aerobot_interfaces/srv/detail/esc_srv__rosidl_typesupport_introspection_cpp.hpp
[16.844s] -- Installing: C:/Users/dsai9/OneDrive/Documents/BNO055/custom/matlab_msg_gen/win64/install/include/aerobot_interfaces/aerobot_interfaces/srv/detail/esc_srv__type_support.cpp
[16.844s] -- Up-to-date: C:/Users/dsai9/OneDrive/Documents/BNO055/custom/matlab_msg_gen/win64/install/lib/aerobot_interfaces__rosidl_typesupport_introspection_cpp.lib
[16.844s] -- Installing: C:/Users/dsai9/OneDrive/Documents/BNO055/custom/matlab_msg_gen/win64/install/bin/aerobot_interfaces__rosidl_typesupport_introspection_cpp.dll
[16.860s] -- Up-to-date: C:/Users/dsai9/OneDrive/Documents/BNO055/custom/matlab_msg_gen/win64/install/lib/aerobot_interfaces__rosidl_typesupport_cpp.lib
[16.860s] -- Installing: C:/Users/dsai9/OneDrive/Documents/BNO055/custom/matlab_msg_gen/win64/install/bin/aerobot_interfaces__rosidl_typesupport_cpp.dll
[16.860s] -- Installing: C:/Users/dsai9/OneDrive/Documents/BNO055/custom/matlab_msg_gen/win64/install/share/aerobot_interfaces/msg/EscMsg.idl
[16.875s] -- Up-to-date: C:/Users/dsai9/OneDrive/Documents/BNO055/custom/matlab_msg_gen/win64/install/share/aerobot_interfaces/srv/EscSrv.idl
[16.875s] -- Installing: C:/Users/dsai9/OneDrive/Documents/BNO055/custom/matlab_msg_gen/win64/install/share/aerobot_interfaces/msg/EscMsg.msg
[16.875s] -- Up-to-date: C:/Users/dsai9/OneDrive/Documents/BNO055/custom/matlab_msg_gen/win64/install/share/aerobot_interfaces/srv/EscSrv.srv
[16.875s] -- Up-to-date: C:/Users/dsai9/OneDrive/Documents/BNO055/custom/matlab_msg_gen/win64/install/share/aerobot_interfaces/srv/EscSrv_Request.msg
[16.875s] -- Up-to-date: C:/Users/dsai9/OneDrive/Documents/BNO055/custom/matlab_msg_gen/win64/install/share/aerobot_interfaces/srv/EscSrv_Response.msg
[16.875s] -- Up-to-date: C:/Users/dsai9/OneDrive/Documents/BNO055/custom/matlab_msg_gen/win64/install/include
[16.875s] -- Up-to-date: C:/Users/dsai9/OneDrive/Documents/BNO055/custom/matlab_msg_gen/win64/install/include/aerobot_interfaces
[16.891s] -- Up-to-date: C:/Users/dsai9/OneDrive/Documents/BNO055/custom/matlab_msg_gen/win64/install/include/aerobot_interfaces/visibility_control.h
[16.891s] -- Up-to-date: C:/Users/dsai9/OneDrive/Documents/BNO055/custom/matlab_msg_gen/win64/install/lib/aerobot_interfaces_matlab.lib
[16.891s] -- Installing: C:/Users/dsai9/OneDrive/Documents/BNO055/custom/matlab_msg_gen/win64/install/bin/aerobot_interfaces_matlab.dll
[16.891s] -- Up-to-date: C:/Users/dsai9/OneDrive/Documents/BNO055/custom/matlab_msg_gen/win64/install/m/
[16.891s] -- Up-to-date: C:/Users/dsai9/OneDrive/Documents/BNO055/custom/matlab_msg_gen/win64/install/m//+ros
[16.891s] -- Up-to-date: C:/Users/dsai9/OneDrive/Documents/BNO055/custom/matlab_msg_gen/win64/install/m//+ros/+internal
[16.907s] -- Up-to-date: C:/Users/dsai9/OneDrive/Documents/BNO055/custom/matlab_msg_gen/win64/install/m//+ros/+internal/+ros2
[16.907s] -- Up-to-date: C:/Users/dsai9/OneDrive/Documents/BNO055/custom/matlab_msg_gen/win64/install/m//+ros/+internal/+ros2/+custommessages
[16.907s] -- Up-to-date: C:/Users/dsai9/OneDrive/Documents/BNO055/custom/matlab_msg_gen/win64/install/m//+ros/+internal/+ros2/+custommessages/+aerobot_interfaces
[16.907s] -- Installing: C:/Users/dsai9/OneDrive/Documents/BNO055/custom/matlab_msg_gen/win64/install/m//+ros/+internal/+ros2/+custommessages/+aerobot_interfaces/aerobot_interfaces_msg_EscMsg_1To2_Converter.m
[16.907s] -- Installing: C:/Users/dsai9/OneDrive/Documents/BNO055/custom/matlab_msg_gen/win64/install/m//+ros/+internal/+ros2/+custommessages/+aerobot_interfaces/aerobot_interfaces_msg_EscMsg_2To1_Converter.m
[16.922s] -- Installing: C:/Users/dsai9/OneDrive/Documents/BNO055/custom/matlab_msg_gen/win64/install/m//+ros/+internal/+ros2/+custommessages/+aerobot_interfaces/escMsg.m
[16.922s] -- Up-to-date: C:/Users/dsai9/OneDrive/Documents/BNO055/custom/matlab_msg_gen/win64/install/m//+ros/+internal/+ros2/+custommessages/+aerobot_interfaces/escSrvRequest.m
[16.922s] -- Up-to-date: C:/Users/dsai9/OneDrive/Documents/BNO055/custom/matlab_msg_gen/win64/install/m//+ros/+internal/+ros2/+custommessages/+aerobot_interfaces/escSrvResponse.m
[16.922s] -- Up-to-date: C:/Users/dsai9/OneDrive/Documents/BNO055/custom/matlab_msg_gen/win64/install/share/ament_index/resource_index/package_run_dependencies/aerobot_interfaces
[16.938s] -- Installing: C:/Users/dsai9/OneDrive/Documents/BNO055/custom/matlab_msg_gen/win64/install/share/ament_index/resource_index/parent_prefix_path/aerobot_interfaces
[16.938s] -- Up-to-date: C:/Users/dsai9/OneDrive/Documents/BNO055/custom/matlab_msg_gen/win64/install/share/aerobot_interfaces/environment/ament_prefix_path.bat
[16.938s] -- Installing: C:/Users/dsai9/OneDrive/Documents/BNO055/custom/matlab_msg_gen/win64/install/share/aerobot_interfaces/environment/ament_prefix_path.dsv
[16.938s] -- Up-to-date: C:/Users/dsai9/OneDrive/Documents/BNO055/custom/matlab_msg_gen/win64/install/share/aerobot_interfaces/environment/path.bat
[16.953s] -- Installing: C:/Users/dsai9/OneDrive/Documents/BNO055/custom/matlab_msg_gen/win64/install/share/aerobot_interfaces/environment/path.dsv
[16.969s] -- Up-to-date: C:/Users/dsai9/OneDrive/Documents/BNO055/custom/matlab_msg_gen/win64/install/share/aerobot_interfaces/local_setup.bat
[16.969s] -- Installing: C:/Users/dsai9/OneDrive/Documents/BNO055/custom/matlab_msg_gen/win64/install/share/aerobot_interfaces/local_setup.dsv
[16.985s] -- Installing: C:/Users/dsai9/OneDrive/Documents/BNO055/custom/matlab_msg_gen/win64/install/share/aerobot_interfaces/package.dsv
[16.985s] -- Up-to-date: C:/Users/dsai9/OneDrive/Documents/BNO055/custom/matlab_msg_gen/win64/install/share/ament_index/resource_index/packages/aerobot_interfaces
[16.985s] -- Up-to-date: C:/Users/dsai9/OneDrive/Documents/BNO055/custom/matlab_msg_gen/win64/install/share/aerobot_interfaces/cmake/export_aerobot_interfaces__rosidl_generator_cExport.cmake
[16.985s] -- Up-to-date: C:/Users/dsai9/OneDrive/Documents/BNO055/custom/matlab_msg_gen/win64/install/share/aerobot_interfaces/cmake/export_aerobot_interfaces__rosidl_generator_cExport-release.cmake
[16.985s] -- Up-to-date: C:/Users/dsai9/OneDrive/Documents/BNO055/custom/matlab_msg_gen/win64/install/share/aerobot_interfaces/cmake/export_aerobot_interfaces__rosidl_typesupport_fastrtps_cExport.cmake
[16.985s] -- Up-to-date: C:/Users/dsai9/OneDrive/Documents/BNO055/custom/matlab_msg_gen/win64/install/share/aerobot_interfaces/cmake/export_aerobot_interfaces__rosidl_typesupport_fastrtps_cExport-release.cmake
[17.000s] -- Up-to-date: C:/Users/dsai9/OneDrive/Documents/BNO055/custom/matlab_msg_gen/win64/install/share/aerobot_interfaces/cmake/aerobot_interfaces__rosidl_typesupport_introspection_cExport.cmake
[17.032s] -- Up-to-date: C:/Users/dsai9/OneDrive/Documents/BNO055/custom/matlab_msg_gen/win64/install/share/aerobot_interfaces/cmake/aerobot_interfaces__rosidl_typesupport_introspection_cExport-release.cmake
[17.157s] -- Up-to-date: C:/Users/dsai9/OneDrive/Documents/BNO055/custom/matlab_msg_gen/win64/install/share/aerobot_interfaces/cmake/aerobot_interfaces__rosidl_typesupport_cExport.cmake
[17.157s] -- Up-to-date: C:/Users/dsai9/OneDrive/Documents/BNO055/custom/matlab_msg_gen/win64/install/share/aerobot_interfaces/cmake/aerobot_interfaces__rosidl_typesupport_cExport-release.cmake
[17.157s] -- Up-to-date: C:/Users/dsai9/OneDrive/Documents/BNO055/custom/matlab_msg_gen/win64/install/share/aerobot_interfaces/cmake/export_aerobot_interfaces__rosidl_generator_cppExport.cmake
[17.172s] -- Up-to-date: C:/Users/dsai9/OneDrive/Documents/BNO055/custom/matlab_msg_gen/win64/install/share/aerobot_interfaces/cmake/export_aerobot_interfaces__rosidl_typesupport_fastrtps_cppExport.cmake
[17.172s] -- Up-to-date: C:/Users/dsai9/OneDrive/Documents/BNO055/custom/matlab_msg_gen/win64/install/share/aerobot_interfaces/cmake/export_aerobot_interfaces__rosidl_typesupport_fastrtps_cppExport-release.cmake
[17.172s] -- Up-to-date: C:/Users/dsai9/OneDrive/Documents/BNO055/custom/matlab_msg_gen/win64/install/share/aerobot_interfaces/cmake/aerobot_interfaces__rosidl_typesupport_introspection_cppExport.cmake
[17.172s] -- Up-to-date: C:/Users/dsai9/OneDrive/Documents/BNO055/custom/matlab_msg_gen/win64/install/share/aerobot_interfaces/cmake/aerobot_interfaces__rosidl_typesupport_introspection_cppExport-release.cmake
[17.188s] -- Up-to-date: C:/Users/dsai9/OneDrive/Documents/BNO055/custom/matlab_msg_gen/win64/install/share/aerobot_interfaces/cmake/aerobot_interfaces__rosidl_typesupport_cppExport.cmake
[17.188s] -- Up-to-date: C:/Users/dsai9/OneDrive/Documents/BNO055/custom/matlab_msg_gen/win64/install/share/aerobot_interfaces/cmake/aerobot_interfaces__rosidl_typesupport_cppExport-release.cmake
[17.188s] -- Up-to-date: C:/Users/dsai9/OneDrive/Documents/BNO055/custom/matlab_msg_gen/win64/install/share/aerobot_interfaces/cmake/rosidl_cmake-extras.cmake
[17.188s] -- Up-to-date: C:/Users/dsai9/OneDrive/Documents/BNO055/custom/matlab_msg_gen/win64/install/share/aerobot_interfaces/cmake/ament_cmake_export_include_directories-extras.cmake
[17.188s] -- Up-to-date: C:/Users/dsai9/OneDrive/Documents/BNO055/custom/matlab_msg_gen/win64/install/share/aerobot_interfaces/cmake/ament_cmake_export_libraries-extras.cmake
[17.188s] -- Up-to-date: C:/Users/dsai9/OneDrive/Documents/BNO055/custom/matlab_msg_gen/win64/install/share/aerobot_interfaces/cmake/ament_cmake_export_targets-extras.cmake
[17.188s] -- Up-to-date: C:/Users/dsai9/OneDrive/Documents/BNO055/custom/matlab_msg_gen/win64/install/share/aerobot_interfaces/cmake/rosidl_cmake_export_typesupport_targets-extras.cmake
[17.188s] -- Up-to-date: C:/Users/dsai9/OneDrive/Documents/BNO055/custom/matlab_msg_gen/win64/install/share/aerobot_interfaces/cmake/ament_cmake_export_dependencies-extras.cmake
[17.188s] -- Up-to-date: C:/Users/dsai9/OneDrive/Documents/BNO055/custom/matlab_msg_gen/win64/install/share/aerobot_interfaces/cmake/rosidl_cmake_export_typesupport_libraries-extras.cmake
[17.188s] -- Up-to-date: C:/Users/dsai9/OneDrive/Documents/BNO055/custom/matlab_msg_gen/win64/install/share/aerobot_interfaces/cmake/aerobot_interfacesConfig.cmake
[17.188s] -- Up-to-date: C:/Users/dsai9/OneDrive/Documents/BNO055/custom/matlab_msg_gen/win64/install/share/aerobot_interfaces/cmake/aerobot_interfacesConfig-version.cmake
[17.188s] -- Installing: C:/Users/dsai9/OneDrive/Documents/BNO055/custom/matlab_msg_gen/win64/install/share/aerobot_interfaces/package.xml
[17.203s] Invoked command in 'C:\Users\dsai9\OneDrive\Documents\BNO055\custom\matlab_msg_gen\win64\build\aerobot_interfaces' returned '0': C:\Program Files\MATLAB\R2023b\bin\win64\cmake\bin\cmake.EXE --install C:\Users\dsai9\OneDrive\Documents\BNO055\custom\matlab_msg_gen\win64\build\aerobot_interfaces
