Performing C SOURCE FILE Test CMAKE_HAVE_LIBC_PTHREAD failed with the following output:
Change Dir: C:/Users/dsai9/OneDrive/Documents/BNO055/custom/matlab_msg_gen/win64/build/aerobot_interfaces/CMakeFiles/CMakeScratch/TryCompile-pffrfs

Run Build Command(s):C:/PROGRA~1/MATLAB/R2023b/toolbox/shared/coder/ninja/win64/ninja.exe cmTC_6c8dd && [1/2] Building C object CMakeFiles\cmTC_6c8dd.dir\src.c.obj
FAILED: CMakeFiles/cmTC_6c8dd.dir/src.c.obj 
C:\PROGRA~1\MICROS~4\2022\COMMUN~1\VC\Tools\MSVC\1440~1.338\bin\Hostx86\x64\cl.exe  /nologo -DCMAKE_HAVE_LIBC_PTHREAD  /DWIN32 /D_WINDOWS /W3  /MDd /Zi /Ob0 /Od /RTC1 /showIncludes /FoCMakeFiles\cmTC_6c8dd.dir\src.c.obj /FdCMakeFiles\cmTC_6c8dd.dir\ /FS -c C:\Users\dsai9\OneDrive\Documents\BNO055\custom\matlab_msg_gen\win64\build\aerobot_interfaces\CMakeFiles\CMakeScratch\TryCompile-pffrfs\src.c
C:\Users\dsai9\OneDrive\Documents\BNO055\custom\matlab_msg_gen\win64\build\aerobot_interfaces\CMakeFiles\CMakeScratch\TryCompile-pffrfs\src.c(1): fatal error C1083: Cannot open include file: 'pthread.h': No such file or directory
ninja: build stopped: subcommand failed.


Source file was:
#include <pthread.h>

static void* test_func(void* data)
{
  return data;
}

int main(void)
{
  pthread_t thread;
  pthread_create(&thread, NULL, test_func, NULL);
  pthread_detach(thread);
  pthread_cancel(thread);
  pthread_join(thread, NULL);
  pthread_atfork(NULL, NULL, NULL);
  pthread_exit(NULL);

  return 0;
}


Determining if the function pthread_create exists in the pthreads failed with the following output:
Change Dir: C:/Users/dsai9/OneDrive/Documents/BNO055/custom/matlab_msg_gen/win64/build/aerobot_interfaces/CMakeFiles/CMakeScratch/TryCompile-fewgq5

Run Build Command(s):C:/PROGRA~1/MATLAB/R2023b/toolbox/shared/coder/ninja/win64/ninja.exe cmTC_a87c8 && [1/2] Building C object CMakeFiles\cmTC_a87c8.dir\CheckFunctionExists.c.obj
[2/2] Linking C executable cmTC_a87c8.exe
FAILED: cmTC_a87c8.exe 
cmd.exe /C "cd . && "C:\Program Files\MATLAB\R2023b\bin\win64\cmake\bin\cmake.exe" -E vs_link_exe --intdir=CMakeFiles\cmTC_a87c8.dir --rc=C:\PROGRA~2\WI3CF2~1\10\bin\100226~1.0\x86\rc.exe --mt=C:\PROGRA~2\WI3CF2~1\10\bin\100226~1.0\x86\mt.exe --manifests  -- C:\PROGRA~1\MICROS~4\2022\COMMUN~1\VC\Tools\MSVC\1440~1.338\bin\Hostx86\x64\link.exe /nologo CMakeFiles\cmTC_a87c8.dir\CheckFunctionExists.c.obj  /out:cmTC_a87c8.exe /implib:cmTC_a87c8.lib /pdb:cmTC_a87c8.pdb /version:0.0 /machine:x64  /debug /INCREMENTAL /subsystem:console  pthreads.lib  kernel32.lib user32.lib gdi32.lib winspool.lib shell32.lib ole32.lib oleaut32.lib uuid.lib comdlg32.lib advapi32.lib && cd ."
LINK Pass 1: command "C:\PROGRA~1\MICROS~4\2022\COMMUN~1\VC\Tools\MSVC\1440~1.338\bin\Hostx86\x64\link.exe /nologo CMakeFiles\cmTC_a87c8.dir\CheckFunctionExists.c.obj /out:cmTC_a87c8.exe /implib:cmTC_a87c8.lib /pdb:cmTC_a87c8.pdb /version:0.0 /machine:x64 /debug /INCREMENTAL /subsystem:console pthreads.lib kernel32.lib user32.lib gdi32.lib winspool.lib shell32.lib ole32.lib oleaut32.lib uuid.lib comdlg32.lib advapi32.lib /MANIFEST /MANIFESTFILE:CMakeFiles\cmTC_a87c8.dir/intermediate.manifest CMakeFiles\cmTC_a87c8.dir/manifest.res" failed (exit code 1104) with the following output:
LINK : fatal error LNK1104: cannot open file 'pthreads.lib'
ninja: build stopped: subcommand failed.



Determining if the function pthread_create exists in the pthread failed with the following output:
Change Dir: C:/Users/dsai9/OneDrive/Documents/BNO055/custom/matlab_msg_gen/win64/build/aerobot_interfaces/CMakeFiles/CMakeScratch/TryCompile-9ikf1l

Run Build Command(s):C:/PROGRA~1/MATLAB/R2023b/toolbox/shared/coder/ninja/win64/ninja.exe cmTC_b9740 && [1/2] Building C object CMakeFiles\cmTC_b9740.dir\CheckFunctionExists.c.obj
[2/2] Linking C executable cmTC_b9740.exe
FAILED: cmTC_b9740.exe 
cmd.exe /C "cd . && "C:\Program Files\MATLAB\R2023b\bin\win64\cmake\bin\cmake.exe" -E vs_link_exe --intdir=CMakeFiles\cmTC_b9740.dir --rc=C:\PROGRA~2\WI3CF2~1\10\bin\100226~1.0\x86\rc.exe --mt=C:\PROGRA~2\WI3CF2~1\10\bin\100226~1.0\x86\mt.exe --manifests  -- C:\PROGRA~1\MICROS~4\2022\COMMUN~1\VC\Tools\MSVC\1440~1.338\bin\Hostx86\x64\link.exe /nologo CMakeFiles\cmTC_b9740.dir\CheckFunctionExists.c.obj  /out:cmTC_b9740.exe /implib:cmTC_b9740.lib /pdb:cmTC_b9740.pdb /version:0.0 /machine:x64  /debug /INCREMENTAL /subsystem:console  pthread.lib  kernel32.lib user32.lib gdi32.lib winspool.lib shell32.lib ole32.lib oleaut32.lib uuid.lib comdlg32.lib advapi32.lib && cd ."
LINK Pass 1: command "C:\PROGRA~1\MICROS~4\2022\COMMUN~1\VC\Tools\MSVC\1440~1.338\bin\Hostx86\x64\link.exe /nologo CMakeFiles\cmTC_b9740.dir\CheckFunctionExists.c.obj /out:cmTC_b9740.exe /implib:cmTC_b9740.lib /pdb:cmTC_b9740.pdb /version:0.0 /machine:x64 /debug /INCREMENTAL /subsystem:console pthread.lib kernel32.lib user32.lib gdi32.lib winspool.lib shell32.lib ole32.lib oleaut32.lib uuid.lib comdlg32.lib advapi32.lib /MANIFEST /MANIFESTFILE:CMakeFiles\cmTC_b9740.dir/intermediate.manifest CMakeFiles\cmTC_b9740.dir/manifest.res" failed (exit code 1104) with the following output:
LINK : fatal error LNK1104: cannot open file 'pthread.lib'
ninja: build stopped: subcommand failed.



